[ 2023-05-21T05:20:56+08:00 ][ info ] [ BEHAVIOR ] Run Closure @app_init [ RunTime:0.000319s ]
[ info ] [ LOG ] INIT File
info
[ 2023-05-21T05:20:56+08:00 ][ info ] [ CACHE ] INIT File
info
[ 2023-05-21T05:20:56+08:00 ][ error ] [8]Undefined index: HTTP_HOST[/www/wwwroot/live/addons/addonmask/Addonmask.php:61]
error
[ 2023-05-21T05:21:58+08:00 ][ info ] [ BEHAVIOR ] Run Closure @app_init [ RunTime:0.000077s ]
[ info ] [ LOG ] INIT File
info
[ 2023-05-21T05:21:58+08:00 ][ info ] [ CACHE ] INIT File
info
[ 2023-05-21T05:21:58+08:00 ][ error ] [8]Undefined index: HTTP_HOST[/www/wwwroot/live/addons/addonmask/Addonmask.php:61]
error
[ 2023-05-21T05:24:41+08:00 ][ info ] [ BEHAVIOR ] Run Closure @app_init [ RunTime:0.000119s ]
[ info ] [ LOG ] INIT File
info
[ 2023-05-21T05:24:41+08:00 ][ info ] [ CACHE ] INIT File
info
[ 2023-05-21T05:24:41+08:00 ][ error ] [8]Undefined index: HTTP_HOST[/www/wwwroot/live/addons/addonmask/Addonmask.php:61]
error
[ 2023-05-21T05:24:43+08:00 ][ info ] [ BEHAVIOR ] Run Closure @app_init [ RunTime:0.000082s ]
[ info ] [ LOG ] INIT File
info
[ 2023-05-21T05:24:43+08:00 ][ info ] [ CACHE ] INIT File
info
[ 2023-05-21T05:24:43+08:00 ][ error ] [8]Undefined index: HTTP_HOST[/www/wwwroot/live/addons/addonmask/Addonmask.php:61]
error
[ 2023-05-21T05:24:43+08:00 ][ info ] [ BEHAVIOR ] Run Closure @app_init [ RunTime:0.000083s ]
[ info ] [ LOG ] INIT File
info
[ 2023-05-21T05:24:43+08:00 ][ info ] [ CACHE ] INIT File
info
[ 2023-05-21T05:24:43+08:00 ][ error ] [8]Undefined index: HTTP_HOST[/www/wwwroot/live/addons/addonmask/Addonmask.php:61]
error
[ 2023-05-21T05:28:24+08:00 ][ info ] [ BEHAVIOR ] Run Closure @app_init [ RunTime:0.000083s ]
[ info ] [ LOG ] INIT File
info
[ 2023-05-21T05:28:24+08:00 ][ info ] [ CACHE ] INIT File
info
[ 2023-05-21T05:28:24+08:00 ][ info ] [ BEHAVIOR ] Run \addons\addonmask\Addonmask @app_init [ RunTime:0.001928s ]
info
[ 2023-05-21T05:28:24+08:00 ][ info ] [ BEHAVIOR ] Run \addons\banip\Banip @app_init [ RunTime:0.000049s ]
info
[ 2023-05-21T05:28:24+08:00 ][ info ] [ BEHAVIOR ] Run \addons\captcha\Captcha @app_init [ RunTime:0.000015s ]
info
[ 2023-05-21T05:28:24+08:00 ][ info ] [ BEHAVIOR ] Run \addons\crontab\Crontab @app_init [ RunTime:0.000016s ]
info
[ 2023-05-21T05:28:24+08:00 ][ info ] [ BEHAVIOR ] Run \addons\epay\Epay @app_init [ RunTime:0.000015s ]
info
[ 2023-05-21T05:28:24+08:00 ][ info ] [ BEHAVIOR ] Run \addons\qrcode\Qrcode @app_init [ RunTime:0.000157s ]
info
[ 2023-05-21T05:28:24+08:00 ][ info ] [ BEHAVIOR ] Run Closure @app_init [ RunTime:0.000181s ]
info
[ 2023-05-21T05:28:24+08:00 ][ info ] [ BEHAVIOR ] Run app\common\behavior\Common @app_init [ RunTime:0.000215s ]
info
[ 2023-05-21T05:28:24+08:00 ][ info ] [ DB ] INIT mysql
info
[ 2023-05-21T05:30:30+08:00 ][ info ] [ BEHAVIOR ] Run Closure @app_init [ RunTime:0.000084s ]
[ info ] [ LOG ] INIT File
info
[ 2023-05-21T05:30:30+08:00 ][ info ] [ CACHE ] INIT File
info
[ 2023-05-21T05:30:30+08:00 ][ info ] [ BEHAVIOR ] Run \addons\addonmask\Addonmask @app_init [ RunTime:0.001923s ]
info
[ 2023-05-21T05:30:30+08:00 ][ info ] [ BEHAVIOR ] Run \addons\banip\Banip @app_init [ RunTime:0.000047s ]
info
[ 2023-05-21T05:30:30+08:00 ][ info ] [ BEHAVIOR ] Run \addons\captcha\Captcha @app_init [ RunTime:0.000014s ]
info
[ 2023-05-21T05:30:30+08:00 ][ info ] [ BEHAVIOR ] Run \addons\crontab\Crontab @app_init [ RunTime:0.000016s ]
info
[ 2023-05-21T05:30:30+08:00 ][ info ] [ BEHAVIOR ] Run \addons\epay\Epay @app_init [ RunTime:0.000015s ]
info
[ 2023-05-21T05:30:30+08:00 ][ info ] [ BEHAVIOR ] Run \addons\qrcode\Qrcode @app_init [ RunTime:0.000156s ]
info
[ 2023-05-21T05:30:30+08:00 ][ info ] [ BEHAVIOR ] Run Closure @app_init [ RunTime:0.000180s ]
info
[ 2023-05-21T05:30:30+08:00 ][ info ] [ BEHAVIOR ] Run app\common\behavior\Common @app_init [ RunTime:0.000213s ]
info
[ 2023-05-21T05:30:30+08:00 ][ info ] [ DB ] INIT mysql
info
[ 2023-05-21T05:30:30+08:00 ][ info ] [ DB ] INIT mysql
info
[ 2023-05-21T05:31:19+08:00 ][ info ] [ BEHAVIOR ] Run Closure @app_init [ RunTime:0.000156s ]
[ info ] [ LOG ] INIT File
info
[ 2023-05-21T05:31:19+08:00 ][ info ] [ CACHE ] INIT File
info
[ 2023-05-21T05:31:19+08:00 ][ info ] [ BEHAVIOR ] Run \addons\addonmask\Addonmask @app_init [ RunTime:0.001878s ]
info
[ 2023-05-21T05:31:19+08:00 ][ info ] [ BEHAVIOR ] Run \addons\banip\Banip @app_init [ RunTime:0.000047s ]
info
[ 2023-05-21T05:31:19+08:00 ][ info ] [ BEHAVIOR ] Run \addons\captcha\Captcha @app_init [ RunTime:0.000016s ]
info
[ 2023-05-21T05:31:19+08:00 ][ info ] [ BEHAVIOR ] Run \addons\crontab\Crontab @app_init [ RunTime:0.000015s ]
info
[ 2023-05-21T05:31:19+08:00 ][ info ] [ BEHAVIOR ] Run \addons\epay\Epay @app_init [ RunTime:0.000014s ]
info
[ 2023-05-21T05:31:19+08:00 ][ info ] [ BEHAVIOR ] Run \addons\qrcode\Qrcode @app_init [ RunTime:0.000159s ]
info
[ 2023-05-21T05:31:19+08:00 ][ info ] [ BEHAVIOR ] Run Closure @app_init [ RunTime:0.000184s ]
info
[ 2023-05-21T05:31:19+08:00 ][ info ] [ BEHAVIOR ] Run app\common\behavior\Common @app_init [ RunTime:0.000189s ]
info
[ 2023-05-21T05:31:19+08:00 ][ info ] [ DB ] INIT mysql
info
