[2019-04-13 10:08:10][debug] begin notify
[2019-04-13 10:08:10][debug] call back:{"appid":"wxdbba8ae5cc57d71e","attach":"\u5145\u503c\u94bb\u77f3,\u4ef7\u503c\u4e3a600","bank_type":"CFT","cash_fee":"1","fee_type":"CNY","is_subscribe":"N","mch_id":"1230458202","nonce_str":"1p26fj1hell5v7a2ab7mab3opdir45yn","openid":"oT36SuPCy1HZfGoX9DvtFy68W8Gs","out_trade_no":"26115_26115_0413100755_2092","result_code":"SUCCESS","return_code":"SUCCESS","sign":"B2AAAB7180C89E60AF8E052D6E526F19","time_end":"20190413100809","total_fee":"1","trade_type":"NATIVE","transaction_id":"4200000268201904138477413763"}
[2019-04-13 10:08:10][debug] query:{"appid":"wxdbba8ae5cc57d71e","attach":"\u5145\u503c\u94bb\u77f3,\u4ef7\u503c\u4e3a600","bank_type":"CFT","cash_fee":"1","fee_type":"CNY","is_subscribe":"N","mch_id":"1230458202","nonce_str":"lgHWGXkVhq7jYKxc","openid":"oT36SuPCy1HZfGoX9DvtFy68W8Gs","out_trade_no":"26115_26115_0413100755_2092","result_code":"SUCCESS","return_code":"SUCCESS","return_msg":"OK","sign":"A09E5241199F694B14AAD1FC1B6E15D4","time_end":"20190413100809","total_fee":"1","trade_state":"SUCCESS","trade_state_desc":"\u652f\u4ed8\u6210\u529f","trade_type":"NATIVE","transaction_id":"4200000268201904138477413763"}
[2019-04-13 10:08:10][debug] 已进入
[2019-04-13 10:08:10][debug] select * from cmf_users_charge where orderno='26115_26115_0413100755_2092' and status='0' and type='2'
[2019-04-13 10:08:10][debug] 26115_26115_0413100755_2092 订单信息不存在
[2019-04-13 10:08:26][debug] begin notify
[2019-04-13 10:08:26][debug] call back:{"appid":"wxdbba8ae5cc57d71e","attach":"\u5145\u503c\u94bb\u77f3,\u4ef7\u503c\u4e3a600","bank_type":"CFT","cash_fee":"1","fee_type":"CNY","is_subscribe":"N","mch_id":"1230458202","nonce_str":"1p26fj1hell5v7a2ab7mab3opdir45yn","openid":"oT36SuPCy1HZfGoX9DvtFy68W8Gs","out_trade_no":"26115_26115_0413100755_2092","result_code":"SUCCESS","return_code":"SUCCESS","sign":"B2AAAB7180C89E60AF8E052D6E526F19","time_end":"20190413100809","total_fee":"1","trade_type":"NATIVE","transaction_id":"4200000268201904138477413763"}
[2019-04-13 10:08:26][debug] query:{"appid":"wxdbba8ae5cc57d71e","attach":"\u5145\u503c\u94bb\u77f3,\u4ef7\u503c\u4e3a600","bank_type":"CFT","cash_fee":"1","fee_type":"CNY","is_subscribe":"N","mch_id":"1230458202","nonce_str":"z7FNYWL2NHLF8leL","openid":"oT36SuPCy1HZfGoX9DvtFy68W8Gs","out_trade_no":"26115_26115_0413100755_2092","result_code":"SUCCESS","return_code":"SUCCESS","return_msg":"OK","sign":"4B89F0458B4F4B1E5EA099BF2BDC2E41","time_end":"20190413100809","total_fee":"1","trade_state":"SUCCESS","trade_state_desc":"\u652f\u4ed8\u6210\u529f","trade_type":"NATIVE","transaction_id":"4200000268201904138477413763"}
[2019-04-13 10:08:26][debug] 已进入
[2019-04-13 10:08:26][debug] select * from cmf_users_charge where orderno='26115_26115_0413100755_2092' and status='0' and type='2'
[2019-04-13 10:08:26][debug] 26115_26115_0413100755_2092 订单信息不存在
[2019-04-13 10:08:43][debug] begin notify
[2019-04-13 10:08:43][debug] call back:{"appid":"wxdbba8ae5cc57d71e","attach":"\u5145\u503c\u94bb\u77f3,\u4ef7\u503c\u4e3a600","bank_type":"CFT","cash_fee":"1","fee_type":"CNY","is_subscribe":"N","mch_id":"1230458202","nonce_str":"1p26fj1hell5v7a2ab7mab3opdir45yn","openid":"oT36SuPCy1HZfGoX9DvtFy68W8Gs","out_trade_no":"26115_26115_0413100755_2092","result_code":"SUCCESS","return_code":"SUCCESS","sign":"B2AAAB7180C89E60AF8E052D6E526F19","time_end":"20190413100809","total_fee":"1","trade_type":"NATIVE","transaction_id":"4200000268201904138477413763"}
[2019-04-13 10:08:43][debug] query:{"appid":"wxdbba8ae5cc57d71e","attach":"\u5145\u503c\u94bb\u77f3,\u4ef7\u503c\u4e3a600","bank_type":"CFT","cash_fee":"1","fee_type":"CNY","is_subscribe":"N","mch_id":"1230458202","nonce_str":"jzguLOBRsH26Wa2p","openid":"oT36SuPCy1HZfGoX9DvtFy68W8Gs","out_trade_no":"26115_26115_0413100755_2092","result_code":"SUCCESS","return_code":"SUCCESS","return_msg":"OK","sign":"02C4601F66C04C107E9F9DBBB0A04A24","time_end":"20190413100809","total_fee":"1","trade_state":"SUCCESS","trade_state_desc":"\u652f\u4ed8\u6210\u529f","trade_type":"NATIVE","transaction_id":"4200000268201904138477413763"}
[2019-04-13 10:08:43][debug] 已进入
[2019-04-13 10:08:43][debug] select * from cmf_users_charge where orderno='26115_26115_0413100755_2092' and status='0' and type='2'
[2019-04-13 10:08:43][debug] 26115_26115_0413100755_2092 订单信息不存在
[2019-04-13 10:09:13][debug] begin notify
[2019-04-13 10:09:13][debug] call back:{"appid":"wxdbba8ae5cc57d71e","attach":"\u5145\u503c\u94bb\u77f3,\u4ef7\u503c\u4e3a600","bank_type":"CFT","cash_fee":"1","fee_type":"CNY","is_subscribe":"N","mch_id":"1230458202","nonce_str":"1p26fj1hell5v7a2ab7mab3opdir45yn","openid":"oT36SuPCy1HZfGoX9DvtFy68W8Gs","out_trade_no":"26115_26115_0413100755_2092","result_code":"SUCCESS","return_code":"SUCCESS","sign":"B2AAAB7180C89E60AF8E052D6E526F19","time_end":"20190413100809","total_fee":"1","trade_type":"NATIVE","transaction_id":"4200000268201904138477413763"}
[2019-04-13 10:09:13][debug] query:{"appid":"wxdbba8ae5cc57d71e","attach":"\u5145\u503c\u94bb\u77f3,\u4ef7\u503c\u4e3a600","bank_type":"CFT","cash_fee":"1","fee_type":"CNY","is_subscribe":"N","mch_id":"1230458202","nonce_str":"okYAx2u2pck82De5","openid":"oT36SuPCy1HZfGoX9DvtFy68W8Gs","out_trade_no":"26115_26115_0413100755_2092","result_code":"SUCCESS","return_code":"SUCCESS","return_msg":"OK","sign":"A1783E47E8182437930DE7BCB7A74503","time_end":"20190413100809","total_fee":"1","trade_state":"SUCCESS","trade_state_desc":"\u652f\u4ed8\u6210\u529f","trade_type":"NATIVE","transaction_id":"4200000268201904138477413763"}
[2019-04-13 10:09:13][debug] 已进入
[2019-04-13 10:09:13][debug] select * from cmf_users_charge where orderno='26115_26115_0413100755_2092' and status='0' and type='2'
[2019-04-13 10:09:13][debug] 26115_26115_0413100755_2092 订单信息不存在
[2019-04-13 10:12:13][debug] begin notify
[2019-04-13 10:12:13][debug] call back:{"appid":"wxdbba8ae5cc57d71e","attach":"\u5145\u503c\u94bb\u77f3,\u4ef7\u503c\u4e3a600","bank_type":"CFT","cash_fee":"1","fee_type":"CNY","is_subscribe":"N","mch_id":"1230458202","nonce_str":"1p26fj1hell5v7a2ab7mab3opdir45yn","openid":"oT36SuPCy1HZfGoX9DvtFy68W8Gs","out_trade_no":"26115_26115_0413100755_2092","result_code":"SUCCESS","return_code":"SUCCESS","sign":"B2AAAB7180C89E60AF8E052D6E526F19","time_end":"20190413100809","total_fee":"1","trade_type":"NATIVE","transaction_id":"4200000268201904138477413763"}
[2019-04-13 10:12:13][debug] query:{"appid":"wxdbba8ae5cc57d71e","attach":"\u5145\u503c\u94bb\u77f3,\u4ef7\u503c\u4e3a600","bank_type":"CFT","cash_fee":"1","fee_type":"CNY","is_subscribe":"N","mch_id":"1230458202","nonce_str":"hRmJghqEstqoLBLm","openid":"oT36SuPCy1HZfGoX9DvtFy68W8Gs","out_trade_no":"26115_26115_0413100755_2092","result_code":"SUCCESS","return_code":"SUCCESS","return_msg":"OK","sign":"D07C6D0B93175685FE0180A2ECE7D791","time_end":"20190413100809","total_fee":"1","trade_state":"SUCCESS","trade_state_desc":"\u652f\u4ed8\u6210\u529f","trade_type":"NATIVE","transaction_id":"4200000268201904138477413763"}
[2019-04-13 10:12:13][debug] 已进入
[2019-04-13 10:12:13][debug] select * from cmf_users_charge where orderno='26115_26115_0413100755_2092' and status='0' and type='2'
[2019-04-13 10:12:13][debug] 26115_26115_0413100755_2092 订单信息不存在
[2019-04-13 10:22:14][debug] begin notify
[2019-04-13 10:22:14][debug] call back:{"appid":"wxdbba8ae5cc57d71e","attach":"\u5145\u503c\u94bb\u77f3,\u4ef7\u503c\u4e3a600","bank_type":"CFT","cash_fee":"1","fee_type":"CNY","is_subscribe":"N","mch_id":"1230458202","nonce_str":"1p26fj1hell5v7a2ab7mab3opdir45yn","openid":"oT36SuPCy1HZfGoX9DvtFy68W8Gs","out_trade_no":"26115_26115_0413100755_2092","result_code":"SUCCESS","return_code":"SUCCESS","sign":"B2AAAB7180C89E60AF8E052D6E526F19","time_end":"20190413100809","total_fee":"1","trade_type":"NATIVE","transaction_id":"4200000268201904138477413763"}
[2019-04-13 10:22:15][debug] query:{"appid":"wxdbba8ae5cc57d71e","attach":"\u5145\u503c\u94bb\u77f3,\u4ef7\u503c\u4e3a600","bank_type":"CFT","cash_fee":"1","fee_type":"CNY","is_subscribe":"N","mch_id":"1230458202","nonce_str":"gKAHr1h2IY0jXKJi","openid":"oT36SuPCy1HZfGoX9DvtFy68W8Gs","out_trade_no":"26115_26115_0413100755_2092","result_code":"SUCCESS","return_code":"SUCCESS","return_msg":"OK","sign":"92B45BD53696847F7A4CC83D4A349F80","time_end":"20190413100809","total_fee":"1","trade_state":"SUCCESS","trade_state_desc":"\u652f\u4ed8\u6210\u529f","trade_type":"NATIVE","transaction_id":"4200000268201904138477413763"}
[2019-04-13 10:22:15][debug] 已进入
[2019-04-13 10:22:15][debug] select * from cmf_users_charge where orderno='26115_26115_0413100755_2092' and status='0' and type='2'
[2019-04-13 10:22:15][debug] 26115_26115_0413100755_2092 订单信息不存在
[2019-04-13 10:42:16][debug] begin notify
[2019-04-13 10:42:16][debug] call back:{"appid":"wxdbba8ae5cc57d71e","attach":"\u5145\u503c\u94bb\u77f3,\u4ef7\u503c\u4e3a600","bank_type":"CFT","cash_fee":"1","fee_type":"CNY","is_subscribe":"N","mch_id":"1230458202","nonce_str":"1p26fj1hell5v7a2ab7mab3opdir45yn","openid":"oT36SuPCy1HZfGoX9DvtFy68W8Gs","out_trade_no":"26115_26115_0413100755_2092","result_code":"SUCCESS","return_code":"SUCCESS","sign":"B2AAAB7180C89E60AF8E052D6E526F19","time_end":"20190413100809","total_fee":"1","trade_type":"NATIVE","transaction_id":"4200000268201904138477413763"}
[2019-04-13 10:42:16][debug] query:{"appid":"wxdbba8ae5cc57d71e","attach":"\u5145\u503c\u94bb\u77f3,\u4ef7\u503c\u4e3a600","bank_type":"CFT","cash_fee":"1","fee_type":"CNY","is_subscribe":"N","mch_id":"1230458202","nonce_str":"XGBK7uwwWamqXZlC","openid":"oT36SuPCy1HZfGoX9DvtFy68W8Gs","out_trade_no":"26115_26115_0413100755_2092","result_code":"SUCCESS","return_code":"SUCCESS","return_msg":"OK","sign":"F5A11C1A39D60B3A27169F161F606AB4","time_end":"20190413100809","total_fee":"1","trade_state":"SUCCESS","trade_state_desc":"\u652f\u4ed8\u6210\u529f","trade_type":"NATIVE","transaction_id":"4200000268201904138477413763"}
[2019-04-13 10:42:16][debug] 已进入
[2019-04-13 10:42:16][debug] select * from cmf_users_charge where orderno='26115_26115_0413100755_2092' and status='0' and type='2'
[2019-04-13 10:42:16][debug] 26115_26115_0413100755_2092 订单信息不存在
[2019-04-13 11:12:18][debug] begin notify
[2019-04-13 11:12:18][debug] call back:{"appid":"wxdbba8ae5cc57d71e","attach":"\u5145\u503c\u94bb\u77f3,\u4ef7\u503c\u4e3a600","bank_type":"CFT","cash_fee":"1","fee_type":"CNY","is_subscribe":"N","mch_id":"1230458202","nonce_str":"1p26fj1hell5v7a2ab7mab3opdir45yn","openid":"oT36SuPCy1HZfGoX9DvtFy68W8Gs","out_trade_no":"26115_26115_0413100755_2092","result_code":"SUCCESS","return_code":"SUCCESS","sign":"B2AAAB7180C89E60AF8E052D6E526F19","time_end":"20190413100809","total_fee":"1","trade_type":"NATIVE","transaction_id":"4200000268201904138477413763"}
[2019-04-13 11:12:18][debug] query:{"appid":"wxdbba8ae5cc57d71e","attach":"\u5145\u503c\u94bb\u77f3,\u4ef7\u503c\u4e3a600","bank_type":"CFT","cash_fee":"1","fee_type":"CNY","is_subscribe":"N","mch_id":"1230458202","nonce_str":"PACRaS0idNGqLSt4","openid":"oT36SuPCy1HZfGoX9DvtFy68W8Gs","out_trade_no":"26115_26115_0413100755_2092","result_code":"SUCCESS","return_code":"SUCCESS","return_msg":"OK","sign":"432F14FF22F7344739B4F541FC4CDAD2","time_end":"20190413100809","total_fee":"1","trade_state":"SUCCESS","trade_state_desc":"\u652f\u4ed8\u6210\u529f","trade_type":"NATIVE","transaction_id":"4200000268201904138477413763"}
[2019-04-13 11:12:18][debug] 已进入
[2019-04-13 11:12:18][debug] select * from cmf_users_charge where orderno='26115_26115_0413100755_2092' and status='0' and type='2'
[2019-04-13 11:12:18][debug] 26115_26115_0413100755_2092 订单信息不存在
[2019-04-13 11:42:20][debug] begin notify
[2019-04-13 11:42:20][debug] call back:{"appid":"wxdbba8ae5cc57d71e","attach":"\u5145\u503c\u94bb\u77f3,\u4ef7\u503c\u4e3a600","bank_type":"CFT","cash_fee":"1","fee_type":"CNY","is_subscribe":"N","mch_id":"1230458202","nonce_str":"1p26fj1hell5v7a2ab7mab3opdir45yn","openid":"oT36SuPCy1HZfGoX9DvtFy68W8Gs","out_trade_no":"26115_26115_0413100755_2092","result_code":"SUCCESS","return_code":"SUCCESS","sign":"B2AAAB7180C89E60AF8E052D6E526F19","time_end":"20190413100809","total_fee":"1","trade_type":"NATIVE","transaction_id":"4200000268201904138477413763"}
[2019-04-13 11:42:20][debug] query:{"appid":"wxdbba8ae5cc57d71e","attach":"\u5145\u503c\u94bb\u77f3,\u4ef7\u503c\u4e3a600","bank_type":"CFT","cash_fee":"1","fee_type":"CNY","is_subscribe":"N","mch_id":"1230458202","nonce_str":"jiHaaUZ8ZEiB4HKU","openid":"oT36SuPCy1HZfGoX9DvtFy68W8Gs","out_trade_no":"26115_26115_0413100755_2092","result_code":"SUCCESS","return_code":"SUCCESS","return_msg":"OK","sign":"B2C454355EF1A3F3AAAD8A34B6EFEB8C","time_end":"20190413100809","total_fee":"1","trade_state":"SUCCESS","trade_state_desc":"\u652f\u4ed8\u6210\u529f","trade_type":"NATIVE","transaction_id":"4200000268201904138477413763"}
[2019-04-13 11:42:20][debug] 已进入
[2019-04-13 11:42:20][debug] select * from cmf_users_charge where orderno='26115_26115_0413100755_2092' and status='0' and type='2'
[2019-04-13 11:42:20][debug] 26115_26115_0413100755_2092 订单信息不存在
[2019-04-13 12:42:21][debug] begin notify
[2019-04-13 12:42:21][debug] call back:{"appid":"wxdbba8ae5cc57d71e","attach":"\u5145\u503c\u94bb\u77f3,\u4ef7\u503c\u4e3a600","bank_type":"CFT","cash_fee":"1","fee_type":"CNY","is_subscribe":"N","mch_id":"1230458202","nonce_str":"1p26fj1hell5v7a2ab7mab3opdir45yn","openid":"oT36SuPCy1HZfGoX9DvtFy68W8Gs","out_trade_no":"26115_26115_0413100755_2092","result_code":"SUCCESS","return_code":"SUCCESS","sign":"B2AAAB7180C89E60AF8E052D6E526F19","time_end":"20190413100809","total_fee":"1","trade_type":"NATIVE","transaction_id":"4200000268201904138477413763"}
[2019-04-13 12:42:21][debug] query:{"appid":"wxdbba8ae5cc57d71e","attach":"\u5145\u503c\u94bb\u77f3,\u4ef7\u503c\u4e3a600","bank_type":"CFT","cash_fee":"1","fee_type":"CNY","is_subscribe":"N","mch_id":"1230458202","nonce_str":"8ZgubDoAJR39E6NR","openid":"oT36SuPCy1HZfGoX9DvtFy68W8Gs","out_trade_no":"26115_26115_0413100755_2092","result_code":"SUCCESS","return_code":"SUCCESS","return_msg":"OK","sign":"018D3E19C749D86064A85B20D41DE4D1","time_end":"20190413100809","total_fee":"1","trade_state":"SUCCESS","trade_state_desc":"\u652f\u4ed8\u6210\u529f","trade_type":"NATIVE","transaction_id":"4200000268201904138477413763"}
[2019-04-13 12:42:21][debug] 已进入
[2019-04-13 12:42:21][debug] select * from cmf_users_charge where orderno='26115_26115_0413100755_2092' and status='0' and type='2'
[2019-04-13 12:42:21][debug] 26115_26115_0413100755_2092 订单信息不存在
[2019-04-13 15:42:22][debug] begin notify
[2019-04-13 15:42:22][debug] call back:{"appid":"wxdbba8ae5cc57d71e","attach":"\u5145\u503c\u94bb\u77f3,\u4ef7\u503c\u4e3a600","bank_type":"CFT","cash_fee":"1","fee_type":"CNY","is_subscribe":"N","mch_id":"1230458202","nonce_str":"1p26fj1hell5v7a2ab7mab3opdir45yn","openid":"oT36SuPCy1HZfGoX9DvtFy68W8Gs","out_trade_no":"26115_26115_0413100755_2092","result_code":"SUCCESS","return_code":"SUCCESS","sign":"B2AAAB7180C89E60AF8E052D6E526F19","time_end":"20190413100809","total_fee":"1","trade_type":"NATIVE","transaction_id":"4200000268201904138477413763"}
[2019-04-13 15:42:23][debug] query:{"appid":"wxdbba8ae5cc57d71e","attach":"\u5145\u503c\u94bb\u77f3,\u4ef7\u503c\u4e3a600","bank_type":"CFT","cash_fee":"1","fee_type":"CNY","is_subscribe":"N","mch_id":"1230458202","nonce_str":"5B1vUUr8QgFrgVLp","openid":"oT36SuPCy1HZfGoX9DvtFy68W8Gs","out_trade_no":"26115_26115_0413100755_2092","result_code":"SUCCESS","return_code":"SUCCESS","return_msg":"OK","sign":"E70C2F9172CECD71687E8DF008829BC7","time_end":"20190413100809","total_fee":"1","trade_state":"SUCCESS","trade_state_desc":"\u652f\u4ed8\u6210\u529f","trade_type":"NATIVE","transaction_id":"4200000268201904138477413763"}
[2019-04-13 15:42:23][debug] 已进入
[2019-04-13 15:42:23][debug] select * from cmf_users_charge where orderno='26115_26115_0413100755_2092' and status='0' and type='2'
[2019-04-13 15:42:23][debug] 26115_26115_0413100755_2092 订单信息不存在
[2019-04-13 18:42:24][debug] begin notify
[2019-04-13 18:42:24][debug] call back:{"appid":"wxdbba8ae5cc57d71e","attach":"\u5145\u503c\u94bb\u77f3,\u4ef7\u503c\u4e3a600","bank_type":"CFT","cash_fee":"1","fee_type":"CNY","is_subscribe":"N","mch_id":"1230458202","nonce_str":"1p26fj1hell5v7a2ab7mab3opdir45yn","openid":"oT36SuPCy1HZfGoX9DvtFy68W8Gs","out_trade_no":"26115_26115_0413100755_2092","result_code":"SUCCESS","return_code":"SUCCESS","sign":"B2AAAB7180C89E60AF8E052D6E526F19","time_end":"20190413100809","total_fee":"1","trade_type":"NATIVE","transaction_id":"4200000268201904138477413763"}
[2019-04-13 18:42:24][debug] query:{"appid":"wxdbba8ae5cc57d71e","attach":"\u5145\u503c\u94bb\u77f3,\u4ef7\u503c\u4e3a600","bank_type":"CFT","cash_fee":"1","fee_type":"CNY","is_subscribe":"N","mch_id":"1230458202","nonce_str":"24WACt1achUAfjE1","openid":"oT36SuPCy1HZfGoX9DvtFy68W8Gs","out_trade_no":"26115_26115_0413100755_2092","result_code":"SUCCESS","return_code":"SUCCESS","return_msg":"OK","sign":"A6F87695E73ACAEDB5D480AE32C055FB","time_end":"20190413100809","total_fee":"1","trade_state":"SUCCESS","trade_state_desc":"\u652f\u4ed8\u6210\u529f","trade_type":"NATIVE","transaction_id":"4200000268201904138477413763"}
[2019-04-13 18:42:24][debug] 已进入
[2019-04-13 18:42:24][debug] select * from cmf_users_charge where orderno='26115_26115_0413100755_2092' and status='0' and type='2'
[2019-04-13 18:42:24][debug] 26115_26115_0413100755_2092 订单信息不存在
[2019-04-13 21:42:25][debug] begin notify
[2019-04-13 21:42:25][debug] call back:{"appid":"wxdbba8ae5cc57d71e","attach":"\u5145\u503c\u94bb\u77f3,\u4ef7\u503c\u4e3a600","bank_type":"CFT","cash_fee":"1","fee_type":"CNY","is_subscribe":"N","mch_id":"1230458202","nonce_str":"1p26fj1hell5v7a2ab7mab3opdir45yn","openid":"oT36SuPCy1HZfGoX9DvtFy68W8Gs","out_trade_no":"26115_26115_0413100755_2092","result_code":"SUCCESS","return_code":"SUCCESS","sign":"B2AAAB7180C89E60AF8E052D6E526F19","time_end":"20190413100809","total_fee":"1","trade_type":"NATIVE","transaction_id":"4200000268201904138477413763"}
[2019-04-13 21:42:25][debug] query:{"appid":"wxdbba8ae5cc57d71e","attach":"\u5145\u503c\u94bb\u77f3,\u4ef7\u503c\u4e3a600","bank_type":"CFT","cash_fee":"1","fee_type":"CNY","is_subscribe":"N","mch_id":"1230458202","nonce_str":"tAexrGhVDtiKUPtw","openid":"oT36SuPCy1HZfGoX9DvtFy68W8Gs","out_trade_no":"26115_26115_0413100755_2092","result_code":"SUCCESS","return_code":"SUCCESS","return_msg":"OK","sign":"87A692CB1D70AFD9DAFB0014E3F3F8BB","time_end":"20190413100809","total_fee":"1","trade_state":"SUCCESS","trade_state_desc":"\u652f\u4ed8\u6210\u529f","trade_type":"NATIVE","transaction_id":"4200000268201904138477413763"}
[2019-04-13 21:42:25][debug] 已进入
[2019-04-13 21:42:25][debug] select * from cmf_users_charge where orderno='26115_26115_0413100755_2092' and status='0' and type='2'
[2019-04-13 21:42:25][debug] 26115_26115_0413100755_2092 订单信息不存在
