[2019-11-04 14:34:24][debug] begin notify
[2019-11-04 14:34:24][debug] call back:{"appid":"wxdbba8ae5cc57d71e","attach":"\u5145\u503c\u94bb\u77f3,\u4ef7\u503c\u4e3a600","bank_type":"CFT","cash_fee":"1","fee_type":"CNY","is_subscribe":"N","mch_id":"1230458202","nonce_str":"gvfyqxk4ualfe23e65b824sewj9q3cjd","openid":"oT36SuP0qj_fExF1_3hY5vTvmT0Y","out_trade_no":"34298_34298_1104143348_5515","result_code":"SUCCESS","return_code":"SUCCESS","sign":"989C722419EE4751D1A8DA4111C7950F","time_end":"20191104143423","total_fee":"1","trade_type":"NATIVE","transaction_id":"4200000429201911048244992956"}
[2019-11-04 14:34:24][debug] query:{"appid":"wxdbba8ae5cc57d71e","attach":"\u5145\u503c\u94bb\u77f3,\u4ef7\u503c\u4e3a600","bank_type":"CFT","cash_fee":"1","cash_fee_type":"CNY","fee_type":"CNY","is_subscribe":"N","mch_id":"1230458202","nonce_str":"thNYnpI6v0acnDY9","openid":"oT36SuP0qj_fExF1_3hY5vTvmT0Y","out_trade_no":"34298_34298_1104143348_5515","result_code":"SUCCESS","return_code":"SUCCESS","return_msg":"OK","sign":"461CE127ABFB6BBA6818E601A8A605E2","time_end":"20191104143423","total_fee":"1","trade_state":"SUCCESS","trade_state_desc":"\u652f\u4ed8\u6210\u529f","trade_type":"NATIVE","transaction_id":"4200000429201911048244992956"}
[2019-11-04 14:34:24][debug] 已进入
[2019-11-04 14:34:24][debug] select * from cmf_users_charge where orderno='34298_34298_1104143348_5515' and status='0' and type='2'
[2019-11-04 14:34:24][debug] 34298_34298_1104143348_5515 订单信息不存在
[2019-11-04 14:34:40][debug] begin notify
[2019-11-04 14:34:40][debug] call back:{"appid":"wxdbba8ae5cc57d71e","attach":"\u5145\u503c\u94bb\u77f3,\u4ef7\u503c\u4e3a600","bank_type":"CFT","cash_fee":"1","fee_type":"CNY","is_subscribe":"N","mch_id":"1230458202","nonce_str":"gvfyqxk4ualfe23e65b824sewj9q3cjd","openid":"oT36SuP0qj_fExF1_3hY5vTvmT0Y","out_trade_no":"34298_34298_1104143348_5515","result_code":"SUCCESS","return_code":"SUCCESS","sign":"989C722419EE4751D1A8DA4111C7950F","time_end":"20191104143423","total_fee":"1","trade_type":"NATIVE","transaction_id":"4200000429201911048244992956"}
[2019-11-04 14:34:40][debug] query:{"appid":"wxdbba8ae5cc57d71e","attach":"\u5145\u503c\u94bb\u77f3,\u4ef7\u503c\u4e3a600","bank_type":"CFT","cash_fee":"1","cash_fee_type":"CNY","fee_type":"CNY","is_subscribe":"N","mch_id":"1230458202","nonce_str":"6NdBIU5Fi8A8ENT9","openid":"oT36SuP0qj_fExF1_3hY5vTvmT0Y","out_trade_no":"34298_34298_1104143348_5515","result_code":"SUCCESS","return_code":"SUCCESS","return_msg":"OK","sign":"4871BF0544336E86C11D284FCC098F45","time_end":"20191104143423","total_fee":"1","trade_state":"SUCCESS","trade_state_desc":"\u652f\u4ed8\u6210\u529f","trade_type":"NATIVE","transaction_id":"4200000429201911048244992956"}
[2019-11-04 14:34:40][debug] 已进入
[2019-11-04 14:34:40][debug] select * from cmf_users_charge where orderno='34298_34298_1104143348_5515' and status='0' and type='2'
[2019-11-04 14:34:40][debug] 34298_34298_1104143348_5515 订单信息不存在
[2019-11-04 14:34:55][debug] begin notify
[2019-11-04 14:34:55][debug] call back:{"appid":"wxdbba8ae5cc57d71e","attach":"\u5145\u503c\u94bb\u77f3,\u4ef7\u503c\u4e3a600","bank_type":"CFT","cash_fee":"1","fee_type":"CNY","is_subscribe":"N","mch_id":"1230458202","nonce_str":"gvfyqxk4ualfe23e65b824sewj9q3cjd","openid":"oT36SuP0qj_fExF1_3hY5vTvmT0Y","out_trade_no":"34298_34298_1104143348_5515","result_code":"SUCCESS","return_code":"SUCCESS","sign":"989C722419EE4751D1A8DA4111C7950F","time_end":"20191104143423","total_fee":"1","trade_type":"NATIVE","transaction_id":"4200000429201911048244992956"}
[2019-11-04 14:34:55][debug] query:{"appid":"wxdbba8ae5cc57d71e","attach":"\u5145\u503c\u94bb\u77f3,\u4ef7\u503c\u4e3a600","bank_type":"CFT","cash_fee":"1","cash_fee_type":"CNY","fee_type":"CNY","is_subscribe":"N","mch_id":"1230458202","nonce_str":"GP3sV1gpaZD8muZF","openid":"oT36SuP0qj_fExF1_3hY5vTvmT0Y","out_trade_no":"34298_34298_1104143348_5515","result_code":"SUCCESS","return_code":"SUCCESS","return_msg":"OK","sign":"3F2AB4680C42D5F261B3B29690D57FBB","time_end":"20191104143423","total_fee":"1","trade_state":"SUCCESS","trade_state_desc":"\u652f\u4ed8\u6210\u529f","trade_type":"NATIVE","transaction_id":"4200000429201911048244992956"}
[2019-11-04 14:34:55][debug] 已进入
[2019-11-04 14:34:55][debug] select * from cmf_users_charge where orderno='34298_34298_1104143348_5515' and status='0' and type='2'
[2019-11-04 14:34:55][debug] 34298_34298_1104143348_5515 订单信息不存在
[2019-11-04 14:35:26][debug] begin notify
[2019-11-04 14:35:26][debug] call back:{"appid":"wxdbba8ae5cc57d71e","attach":"\u5145\u503c\u94bb\u77f3,\u4ef7\u503c\u4e3a600","bank_type":"CFT","cash_fee":"1","fee_type":"CNY","is_subscribe":"N","mch_id":"1230458202","nonce_str":"gvfyqxk4ualfe23e65b824sewj9q3cjd","openid":"oT36SuP0qj_fExF1_3hY5vTvmT0Y","out_trade_no":"34298_34298_1104143348_5515","result_code":"SUCCESS","return_code":"SUCCESS","sign":"989C722419EE4751D1A8DA4111C7950F","time_end":"20191104143423","total_fee":"1","trade_type":"NATIVE","transaction_id":"4200000429201911048244992956"}
[2019-11-04 14:35:26][debug] query:{"appid":"wxdbba8ae5cc57d71e","attach":"\u5145\u503c\u94bb\u77f3,\u4ef7\u503c\u4e3a600","bank_type":"CFT","cash_fee":"1","cash_fee_type":"CNY","fee_type":"CNY","is_subscribe":"N","mch_id":"1230458202","nonce_str":"eoRKDcwJ7FReHsTi","openid":"oT36SuP0qj_fExF1_3hY5vTvmT0Y","out_trade_no":"34298_34298_1104143348_5515","result_code":"SUCCESS","return_code":"SUCCESS","return_msg":"OK","sign":"D4C32B24F0346B70C96103D5F0EA4B3F","time_end":"20191104143423","total_fee":"1","trade_state":"SUCCESS","trade_state_desc":"\u652f\u4ed8\u6210\u529f","trade_type":"NATIVE","transaction_id":"4200000429201911048244992956"}
[2019-11-04 14:35:26][debug] 已进入
[2019-11-04 14:35:26][debug] select * from cmf_users_charge where orderno='34298_34298_1104143348_5515' and status='0' and type='2'
[2019-11-04 14:35:26][debug] 34298_34298_1104143348_5515 订单信息不存在
[2019-11-04 14:38:27][debug] begin notify
[2019-11-04 14:38:27][debug] call back:{"appid":"wxdbba8ae5cc57d71e","attach":"\u5145\u503c\u94bb\u77f3,\u4ef7\u503c\u4e3a600","bank_type":"CFT","cash_fee":"1","fee_type":"CNY","is_subscribe":"N","mch_id":"1230458202","nonce_str":"gvfyqxk4ualfe23e65b824sewj9q3cjd","openid":"oT36SuP0qj_fExF1_3hY5vTvmT0Y","out_trade_no":"34298_34298_1104143348_5515","result_code":"SUCCESS","return_code":"SUCCESS","sign":"989C722419EE4751D1A8DA4111C7950F","time_end":"20191104143423","total_fee":"1","trade_type":"NATIVE","transaction_id":"4200000429201911048244992956"}
[2019-11-04 14:38:27][debug] query:{"appid":"wxdbba8ae5cc57d71e","attach":"\u5145\u503c\u94bb\u77f3,\u4ef7\u503c\u4e3a600","bank_type":"CFT","cash_fee":"1","cash_fee_type":"CNY","fee_type":"CNY","is_subscribe":"N","mch_id":"1230458202","nonce_str":"OU8gbU0yfi8qYVIR","openid":"oT36SuP0qj_fExF1_3hY5vTvmT0Y","out_trade_no":"34298_34298_1104143348_5515","result_code":"SUCCESS","return_code":"SUCCESS","return_msg":"OK","sign":"4EC841BFE0C0B7A4DA8D045BE6576294","time_end":"20191104143423","total_fee":"1","trade_state":"SUCCESS","trade_state_desc":"\u652f\u4ed8\u6210\u529f","trade_type":"NATIVE","transaction_id":"4200000429201911048244992956"}
[2019-11-04 14:38:27][debug] 已进入
[2019-11-04 14:38:27][debug] select * from cmf_users_charge where orderno='34298_34298_1104143348_5515' and status='0' and type='2'
[2019-11-04 14:38:27][debug] 34298_34298_1104143348_5515 订单信息不存在
[2019-11-04 14:48:29][debug] begin notify
[2019-11-04 14:48:29][debug] call back:{"appid":"wxdbba8ae5cc57d71e","attach":"\u5145\u503c\u94bb\u77f3,\u4ef7\u503c\u4e3a600","bank_type":"CFT","cash_fee":"1","fee_type":"CNY","is_subscribe":"N","mch_id":"1230458202","nonce_str":"gvfyqxk4ualfe23e65b824sewj9q3cjd","openid":"oT36SuP0qj_fExF1_3hY5vTvmT0Y","out_trade_no":"34298_34298_1104143348_5515","result_code":"SUCCESS","return_code":"SUCCESS","sign":"989C722419EE4751D1A8DA4111C7950F","time_end":"20191104143423","total_fee":"1","trade_type":"NATIVE","transaction_id":"4200000429201911048244992956"}
[2019-11-04 14:48:29][debug] query:{"appid":"wxdbba8ae5cc57d71e","attach":"\u5145\u503c\u94bb\u77f3,\u4ef7\u503c\u4e3a600","bank_type":"CFT","cash_fee":"1","cash_fee_type":"CNY","fee_type":"CNY","is_subscribe":"N","mch_id":"1230458202","nonce_str":"FujTXlTNP9Ys7rf9","openid":"oT36SuP0qj_fExF1_3hY5vTvmT0Y","out_trade_no":"34298_34298_1104143348_5515","result_code":"SUCCESS","return_code":"SUCCESS","return_msg":"OK","sign":"18497EC14866CFC9B1BCA4F3A8CC9F34","time_end":"20191104143423","total_fee":"1","trade_state":"SUCCESS","trade_state_desc":"\u652f\u4ed8\u6210\u529f","trade_type":"NATIVE","transaction_id":"4200000429201911048244992956"}
[2019-11-04 14:48:29][debug] 已进入
[2019-11-04 14:48:29][debug] select * from cmf_users_charge where orderno='34298_34298_1104143348_5515' and status='0' and type='2'
[2019-11-04 14:48:29][debug] 34298_34298_1104143348_5515 订单信息不存在
[2019-11-04 15:08:30][debug] begin notify
[2019-11-04 15:08:30][debug] call back:{"appid":"wxdbba8ae5cc57d71e","attach":"\u5145\u503c\u94bb\u77f3,\u4ef7\u503c\u4e3a600","bank_type":"CFT","cash_fee":"1","fee_type":"CNY","is_subscribe":"N","mch_id":"1230458202","nonce_str":"gvfyqxk4ualfe23e65b824sewj9q3cjd","openid":"oT36SuP0qj_fExF1_3hY5vTvmT0Y","out_trade_no":"34298_34298_1104143348_5515","result_code":"SUCCESS","return_code":"SUCCESS","sign":"989C722419EE4751D1A8DA4111C7950F","time_end":"20191104143423","total_fee":"1","trade_type":"NATIVE","transaction_id":"4200000429201911048244992956"}
[2019-11-04 15:08:30][debug] query:{"appid":"wxdbba8ae5cc57d71e","attach":"\u5145\u503c\u94bb\u77f3,\u4ef7\u503c\u4e3a600","bank_type":"CFT","cash_fee":"1","cash_fee_type":"CNY","fee_type":"CNY","is_subscribe":"N","mch_id":"1230458202","nonce_str":"a7uPMiY7i0nbi7ML","openid":"oT36SuP0qj_fExF1_3hY5vTvmT0Y","out_trade_no":"34298_34298_1104143348_5515","result_code":"SUCCESS","return_code":"SUCCESS","return_msg":"OK","sign":"A13FD8645701EA0E187BF5BBB0CD1F50","time_end":"20191104143423","total_fee":"1","trade_state":"SUCCESS","trade_state_desc":"\u652f\u4ed8\u6210\u529f","trade_type":"NATIVE","transaction_id":"4200000429201911048244992956"}
[2019-11-04 15:08:30][debug] 已进入
[2019-11-04 15:08:30][debug] select * from cmf_users_charge where orderno='34298_34298_1104143348_5515' and status='0' and type='2'
[2019-11-04 15:08:30][debug] 34298_34298_1104143348_5515 订单信息不存在
[2019-11-04 15:38:31][debug] begin notify
[2019-11-04 15:38:31][debug] call back:{"appid":"wxdbba8ae5cc57d71e","attach":"\u5145\u503c\u94bb\u77f3,\u4ef7\u503c\u4e3a600","bank_type":"CFT","cash_fee":"1","fee_type":"CNY","is_subscribe":"N","mch_id":"1230458202","nonce_str":"gvfyqxk4ualfe23e65b824sewj9q3cjd","openid":"oT36SuP0qj_fExF1_3hY5vTvmT0Y","out_trade_no":"34298_34298_1104143348_5515","result_code":"SUCCESS","return_code":"SUCCESS","sign":"989C722419EE4751D1A8DA4111C7950F","time_end":"20191104143423","total_fee":"1","trade_type":"NATIVE","transaction_id":"4200000429201911048244992956"}
[2019-11-04 15:38:31][debug] query:{"appid":"wxdbba8ae5cc57d71e","attach":"\u5145\u503c\u94bb\u77f3,\u4ef7\u503c\u4e3a600","bank_type":"CFT","cash_fee":"1","cash_fee_type":"CNY","fee_type":"CNY","is_subscribe":"N","mch_id":"1230458202","nonce_str":"rtXJbrng9EBOFIDz","openid":"oT36SuP0qj_fExF1_3hY5vTvmT0Y","out_trade_no":"34298_34298_1104143348_5515","result_code":"SUCCESS","return_code":"SUCCESS","return_msg":"OK","sign":"E1CF29BD7AA19F00986FDCC14EC4740C","time_end":"20191104143423","total_fee":"1","trade_state":"SUCCESS","trade_state_desc":"\u652f\u4ed8\u6210\u529f","trade_type":"NATIVE","transaction_id":"4200000429201911048244992956"}
[2019-11-04 15:38:31][debug] 已进入
[2019-11-04 15:38:31][debug] select * from cmf_users_charge where orderno='34298_34298_1104143348_5515' and status='0' and type='2'
[2019-11-04 15:38:31][debug] 34298_34298_1104143348_5515 订单信息不存在
[2019-11-04 16:08:32][debug] begin notify
[2019-11-04 16:08:32][debug] call back:{"appid":"wxdbba8ae5cc57d71e","attach":"\u5145\u503c\u94bb\u77f3,\u4ef7\u503c\u4e3a600","bank_type":"CFT","cash_fee":"1","fee_type":"CNY","is_subscribe":"N","mch_id":"1230458202","nonce_str":"gvfyqxk4ualfe23e65b824sewj9q3cjd","openid":"oT36SuP0qj_fExF1_3hY5vTvmT0Y","out_trade_no":"34298_34298_1104143348_5515","result_code":"SUCCESS","return_code":"SUCCESS","sign":"989C722419EE4751D1A8DA4111C7950F","time_end":"20191104143423","total_fee":"1","trade_type":"NATIVE","transaction_id":"4200000429201911048244992956"}
[2019-11-04 16:08:33][debug] query:{"appid":"wxdbba8ae5cc57d71e","attach":"\u5145\u503c\u94bb\u77f3,\u4ef7\u503c\u4e3a600","bank_type":"CFT","cash_fee":"1","cash_fee_type":"CNY","fee_type":"CNY","is_subscribe":"N","mch_id":"1230458202","nonce_str":"aXCuiPWnjOoVdpc1","openid":"oT36SuP0qj_fExF1_3hY5vTvmT0Y","out_trade_no":"34298_34298_1104143348_5515","result_code":"SUCCESS","return_code":"SUCCESS","return_msg":"OK","sign":"93F7F450F2E32C540FE8766E9233FD5C","time_end":"20191104143423","total_fee":"1","trade_state":"SUCCESS","trade_state_desc":"\u652f\u4ed8\u6210\u529f","trade_type":"NATIVE","transaction_id":"4200000429201911048244992956"}
[2019-11-04 16:08:33][debug] 已进入
[2019-11-04 16:08:33][debug] select * from cmf_users_charge where orderno='34298_34298_1104143348_5515' and status='0' and type='2'
[2019-11-04 16:08:33][debug] 34298_34298_1104143348_5515 订单信息不存在
[2019-11-04 17:08:34][debug] begin notify
[2019-11-04 17:08:34][debug] call back:{"appid":"wxdbba8ae5cc57d71e","attach":"\u5145\u503c\u94bb\u77f3,\u4ef7\u503c\u4e3a600","bank_type":"CFT","cash_fee":"1","fee_type":"CNY","is_subscribe":"N","mch_id":"1230458202","nonce_str":"gvfyqxk4ualfe23e65b824sewj9q3cjd","openid":"oT36SuP0qj_fExF1_3hY5vTvmT0Y","out_trade_no":"34298_34298_1104143348_5515","result_code":"SUCCESS","return_code":"SUCCESS","sign":"989C722419EE4751D1A8DA4111C7950F","time_end":"20191104143423","total_fee":"1","trade_type":"NATIVE","transaction_id":"4200000429201911048244992956"}
[2019-11-04 17:08:34][debug] query:{"appid":"wxdbba8ae5cc57d71e","attach":"\u5145\u503c\u94bb\u77f3,\u4ef7\u503c\u4e3a600","bank_type":"CFT","cash_fee":"1","cash_fee_type":"CNY","fee_type":"CNY","is_subscribe":"N","mch_id":"1230458202","nonce_str":"fyOunS2Af9jjNYmk","openid":"oT36SuP0qj_fExF1_3hY5vTvmT0Y","out_trade_no":"34298_34298_1104143348_5515","result_code":"SUCCESS","return_code":"SUCCESS","return_msg":"OK","sign":"838F9D0C1B51274EACF51AEF78B94C43","time_end":"20191104143423","total_fee":"1","trade_state":"SUCCESS","trade_state_desc":"\u652f\u4ed8\u6210\u529f","trade_type":"NATIVE","transaction_id":"4200000429201911048244992956"}
[2019-11-04 17:08:34][debug] 已进入
[2019-11-04 17:08:34][debug] select * from cmf_users_charge where orderno='34298_34298_1104143348_5515' and status='0' and type='2'
[2019-11-04 17:08:34][debug] 34298_34298_1104143348_5515 订单信息不存在
[2019-11-04 20:08:35][debug] begin notify
[2019-11-04 20:08:35][debug] call back:{"appid":"wxdbba8ae5cc57d71e","attach":"\u5145\u503c\u94bb\u77f3,\u4ef7\u503c\u4e3a600","bank_type":"CFT","cash_fee":"1","fee_type":"CNY","is_subscribe":"N","mch_id":"1230458202","nonce_str":"gvfyqxk4ualfe23e65b824sewj9q3cjd","openid":"oT36SuP0qj_fExF1_3hY5vTvmT0Y","out_trade_no":"34298_34298_1104143348_5515","result_code":"SUCCESS","return_code":"SUCCESS","sign":"989C722419EE4751D1A8DA4111C7950F","time_end":"20191104143423","total_fee":"1","trade_type":"NATIVE","transaction_id":"4200000429201911048244992956"}
[2019-11-04 20:08:35][debug] query:{"appid":"wxdbba8ae5cc57d71e","attach":"\u5145\u503c\u94bb\u77f3,\u4ef7\u503c\u4e3a600","bank_type":"CFT","cash_fee":"1","cash_fee_type":"CNY","fee_type":"CNY","is_subscribe":"N","mch_id":"1230458202","nonce_str":"YJhrHgHB2iFVcMHe","openid":"oT36SuP0qj_fExF1_3hY5vTvmT0Y","out_trade_no":"34298_34298_1104143348_5515","result_code":"SUCCESS","return_code":"SUCCESS","return_msg":"OK","sign":"3A05174D570B62F576139FBB20C39F21","time_end":"20191104143423","total_fee":"1","trade_state":"SUCCESS","trade_state_desc":"\u652f\u4ed8\u6210\u529f","trade_type":"NATIVE","transaction_id":"4200000429201911048244992956"}
[2019-11-04 20:08:35][debug] 已进入
[2019-11-04 20:08:35][debug] select * from cmf_users_charge where orderno='34298_34298_1104143348_5515' and status='0' and type='2'
[2019-11-04 20:08:35][debug] 34298_34298_1104143348_5515 订单信息不存在
[2019-11-04 23:08:37][debug] begin notify
[2019-11-04 23:08:37][debug] call back:{"appid":"wxdbba8ae5cc57d71e","attach":"\u5145\u503c\u94bb\u77f3,\u4ef7\u503c\u4e3a600","bank_type":"CFT","cash_fee":"1","fee_type":"CNY","is_subscribe":"N","mch_id":"1230458202","nonce_str":"gvfyqxk4ualfe23e65b824sewj9q3cjd","openid":"oT36SuP0qj_fExF1_3hY5vTvmT0Y","out_trade_no":"34298_34298_1104143348_5515","result_code":"SUCCESS","return_code":"SUCCESS","sign":"989C722419EE4751D1A8DA4111C7950F","time_end":"20191104143423","total_fee":"1","trade_type":"NATIVE","transaction_id":"4200000429201911048244992956"}
[2019-11-04 23:08:37][debug] query:{"appid":"wxdbba8ae5cc57d71e","attach":"\u5145\u503c\u94bb\u77f3,\u4ef7\u503c\u4e3a600","bank_type":"CFT","cash_fee":"1","cash_fee_type":"CNY","fee_type":"CNY","is_subscribe":"N","mch_id":"1230458202","nonce_str":"AY2vwGPZyb6hlZtT","openid":"oT36SuP0qj_fExF1_3hY5vTvmT0Y","out_trade_no":"34298_34298_1104143348_5515","result_code":"SUCCESS","return_code":"SUCCESS","return_msg":"OK","sign":"8837A2EB299BF81CDEDE9EE5615AE978","time_end":"20191104143423","total_fee":"1","trade_state":"SUCCESS","trade_state_desc":"\u652f\u4ed8\u6210\u529f","trade_type":"NATIVE","transaction_id":"4200000429201911048244992956"}
[2019-11-04 23:08:37][debug] 已进入
[2019-11-04 23:08:37][debug] select * from cmf_users_charge where orderno='34298_34298_1104143348_5515' and status='0' and type='2'
[2019-11-04 23:08:37][debug] 34298_34298_1104143348_5515 订单信息不存在
