[2019-01-24 11:03:16][debug] begin notify
[2019-01-24 11:03:16][debug] call back:{"appid":"wxdbba8ae5cc57d71e","attach":"\u5145\u503c\u94bb\u77f3,\u4ef7\u503c\u4e3a600","bank_type":"CFT","cash_fee":"1","fee_type":"CNY","is_subscribe":"N","mch_id":"1230458202","nonce_str":"vm271mhepve2qv8vudpisdswx859by39","openid":"oT36SuKX-9VJAO0C5Xp6cD_O5xSw","out_trade_no":"23399_23399_0124110246_7743","result_code":"SUCCESS","return_code":"SUCCESS","sign":"6C661E73F0AC5923B5B0BB0E018BCC1F","time_end":"20190124110315","total_fee":"1","trade_type":"NATIVE","transaction_id":"4200000283201901245930407460"}
[2019-01-24 11:03:16][debug] query:{"appid":"wxdbba8ae5cc57d71e","attach":"\u5145\u503c\u94bb\u77f3,\u4ef7\u503c\u4e3a600","bank_type":"CFT","cash_fee":"1","fee_type":"CNY","is_subscribe":"N","mch_id":"1230458202","nonce_str":"Xhihb9NgjYDc17RQ","openid":"oT36SuKX-9VJAO0C5Xp6cD_O5xSw","out_trade_no":"23399_23399_0124110246_7743","result_code":"SUCCESS","return_code":"SUCCESS","return_msg":"OK","sign":"A7F373A7BCC6BDF554E346710C7CB7A1","time_end":"20190124110315","total_fee":"1","trade_state":"SUCCESS","trade_state_desc":"\u652f\u4ed8\u6210\u529f","trade_type":"NATIVE","transaction_id":"4200000283201901245930407460"}
[2019-01-24 11:03:16][debug] 已进入
[2019-01-24 11:03:16][debug] select * from cmf_users_charge where orderno='23399_23399_0124110246_7743' and status='0' and type='2'
[2019-01-24 11:03:16][debug] 23399_23399_0124110246_7743 订单信息不存在
[2019-01-24 11:03:34][debug] begin notify
[2019-01-24 11:03:34][debug] call back:{"appid":"wxdbba8ae5cc57d71e","attach":"\u5145\u503c\u94bb\u77f3,\u4ef7\u503c\u4e3a600","bank_type":"CFT","cash_fee":"1","fee_type":"CNY","is_subscribe":"N","mch_id":"1230458202","nonce_str":"vm271mhepve2qv8vudpisdswx859by39","openid":"oT36SuKX-9VJAO0C5Xp6cD_O5xSw","out_trade_no":"23399_23399_0124110246_7743","result_code":"SUCCESS","return_code":"SUCCESS","sign":"6C661E73F0AC5923B5B0BB0E018BCC1F","time_end":"20190124110315","total_fee":"1","trade_type":"NATIVE","transaction_id":"4200000283201901245930407460"}
[2019-01-24 11:03:34][debug] query:{"appid":"wxdbba8ae5cc57d71e","attach":"\u5145\u503c\u94bb\u77f3,\u4ef7\u503c\u4e3a600","bank_type":"CFT","cash_fee":"1","fee_type":"CNY","is_subscribe":"N","mch_id":"1230458202","nonce_str":"rv8anBtztUbzm40q","openid":"oT36SuKX-9VJAO0C5Xp6cD_O5xSw","out_trade_no":"23399_23399_0124110246_7743","result_code":"SUCCESS","return_code":"SUCCESS","return_msg":"OK","sign":"FE160DD7D5745D54578A68F1349B926A","time_end":"20190124110315","total_fee":"1","trade_state":"SUCCESS","trade_state_desc":"\u652f\u4ed8\u6210\u529f","trade_type":"NATIVE","transaction_id":"4200000283201901245930407460"}
[2019-01-24 11:03:34][debug] 已进入
[2019-01-24 11:03:34][debug] select * from cmf_users_charge where orderno='23399_23399_0124110246_7743' and status='0' and type='2'
[2019-01-24 11:03:34][debug] 23399_23399_0124110246_7743 订单信息不存在
[2019-01-24 11:03:50][debug] begin notify
[2019-01-24 11:03:50][debug] call back:{"appid":"wxdbba8ae5cc57d71e","attach":"\u5145\u503c\u94bb\u77f3,\u4ef7\u503c\u4e3a600","bank_type":"CFT","cash_fee":"1","fee_type":"CNY","is_subscribe":"N","mch_id":"1230458202","nonce_str":"vm271mhepve2qv8vudpisdswx859by39","openid":"oT36SuKX-9VJAO0C5Xp6cD_O5xSw","out_trade_no":"23399_23399_0124110246_7743","result_code":"SUCCESS","return_code":"SUCCESS","sign":"6C661E73F0AC5923B5B0BB0E018BCC1F","time_end":"20190124110315","total_fee":"1","trade_type":"NATIVE","transaction_id":"4200000283201901245930407460"}
[2019-01-24 11:03:50][debug] query:{"appid":"wxdbba8ae5cc57d71e","attach":"\u5145\u503c\u94bb\u77f3,\u4ef7\u503c\u4e3a600","bank_type":"CFT","cash_fee":"1","fee_type":"CNY","is_subscribe":"N","mch_id":"1230458202","nonce_str":"CYfiaMYLo0niHHnC","openid":"oT36SuKX-9VJAO0C5Xp6cD_O5xSw","out_trade_no":"23399_23399_0124110246_7743","result_code":"SUCCESS","return_code":"SUCCESS","return_msg":"OK","sign":"FE0814E5D8F4E88B43901E9D132A58E8","time_end":"20190124110315","total_fee":"1","trade_state":"SUCCESS","trade_state_desc":"\u652f\u4ed8\u6210\u529f","trade_type":"NATIVE","transaction_id":"4200000283201901245930407460"}
[2019-01-24 11:03:50][debug] 已进入
[2019-01-24 11:03:50][debug] select * from cmf_users_charge where orderno='23399_23399_0124110246_7743' and status='0' and type='2'
[2019-01-24 11:03:50][debug] 23399_23399_0124110246_7743 订单信息不存在
[2019-01-24 11:04:21][debug] begin notify
[2019-01-24 11:04:21][debug] call back:{"appid":"wxdbba8ae5cc57d71e","attach":"\u5145\u503c\u94bb\u77f3,\u4ef7\u503c\u4e3a600","bank_type":"CFT","cash_fee":"1","fee_type":"CNY","is_subscribe":"N","mch_id":"1230458202","nonce_str":"vm271mhepve2qv8vudpisdswx859by39","openid":"oT36SuKX-9VJAO0C5Xp6cD_O5xSw","out_trade_no":"23399_23399_0124110246_7743","result_code":"SUCCESS","return_code":"SUCCESS","sign":"6C661E73F0AC5923B5B0BB0E018BCC1F","time_end":"20190124110315","total_fee":"1","trade_type":"NATIVE","transaction_id":"4200000283201901245930407460"}
[2019-01-24 11:04:21][debug] query:{"appid":"wxdbba8ae5cc57d71e","attach":"\u5145\u503c\u94bb\u77f3,\u4ef7\u503c\u4e3a600","bank_type":"CFT","cash_fee":"1","fee_type":"CNY","is_subscribe":"N","mch_id":"1230458202","nonce_str":"4NU8yWeCpf8de4lP","openid":"oT36SuKX-9VJAO0C5Xp6cD_O5xSw","out_trade_no":"23399_23399_0124110246_7743","result_code":"SUCCESS","return_code":"SUCCESS","return_msg":"OK","sign":"70D35E50C71AE9AD58B83029948C67DD","time_end":"20190124110315","total_fee":"1","trade_state":"SUCCESS","trade_state_desc":"\u652f\u4ed8\u6210\u529f","trade_type":"NATIVE","transaction_id":"4200000283201901245930407460"}
[2019-01-24 11:04:21][debug] 已进入
[2019-01-24 11:04:21][debug] select * from cmf_users_charge where orderno='23399_23399_0124110246_7743' and status='0' and type='2'
[2019-01-24 11:04:21][debug] 23399_23399_0124110246_7743 订单信息不存在
[2019-01-24 11:07:22][debug] begin notify
[2019-01-24 11:07:22][debug] call back:{"appid":"wxdbba8ae5cc57d71e","attach":"\u5145\u503c\u94bb\u77f3,\u4ef7\u503c\u4e3a600","bank_type":"CFT","cash_fee":"1","fee_type":"CNY","is_subscribe":"N","mch_id":"1230458202","nonce_str":"vm271mhepve2qv8vudpisdswx859by39","openid":"oT36SuKX-9VJAO0C5Xp6cD_O5xSw","out_trade_no":"23399_23399_0124110246_7743","result_code":"SUCCESS","return_code":"SUCCESS","sign":"6C661E73F0AC5923B5B0BB0E018BCC1F","time_end":"20190124110315","total_fee":"1","trade_type":"NATIVE","transaction_id":"4200000283201901245930407460"}
[2019-01-24 11:07:22][debug] query:{"appid":"wxdbba8ae5cc57d71e","attach":"\u5145\u503c\u94bb\u77f3,\u4ef7\u503c\u4e3a600","bank_type":"CFT","cash_fee":"1","fee_type":"CNY","is_subscribe":"N","mch_id":"1230458202","nonce_str":"A5LihtHRHZd2vBot","openid":"oT36SuKX-9VJAO0C5Xp6cD_O5xSw","out_trade_no":"23399_23399_0124110246_7743","result_code":"SUCCESS","return_code":"SUCCESS","return_msg":"OK","sign":"260937245FDF3F974B999A28AE22BADA","time_end":"20190124110315","total_fee":"1","trade_state":"SUCCESS","trade_state_desc":"\u652f\u4ed8\u6210\u529f","trade_type":"NATIVE","transaction_id":"4200000283201901245930407460"}
[2019-01-24 11:07:22][debug] 已进入
[2019-01-24 11:07:22][debug] select * from cmf_users_charge where orderno='23399_23399_0124110246_7743' and status='0' and type='2'
[2019-01-24 11:07:22][debug] 23399_23399_0124110246_7743 订单信息不存在
[2019-01-24 11:37:24][debug] begin notify
[2019-01-24 11:37:24][debug] call back:{"appid":"wxdbba8ae5cc57d71e","attach":"\u5145\u503c\u94bb\u77f3,\u4ef7\u503c\u4e3a600","bank_type":"CFT","cash_fee":"1","fee_type":"CNY","is_subscribe":"N","mch_id":"1230458202","nonce_str":"vm271mhepve2qv8vudpisdswx859by39","openid":"oT36SuKX-9VJAO0C5Xp6cD_O5xSw","out_trade_no":"23399_23399_0124110246_7743","result_code":"SUCCESS","return_code":"SUCCESS","sign":"6C661E73F0AC5923B5B0BB0E018BCC1F","time_end":"20190124110315","total_fee":"1","trade_type":"NATIVE","transaction_id":"4200000283201901245930407460"}
[2019-01-24 11:37:25][debug] query:{"appid":"wxdbba8ae5cc57d71e","attach":"\u5145\u503c\u94bb\u77f3,\u4ef7\u503c\u4e3a600","bank_type":"CFT","cash_fee":"1","fee_type":"CNY","is_subscribe":"N","mch_id":"1230458202","nonce_str":"ZluEz8flRdKPWuOF","openid":"oT36SuKX-9VJAO0C5Xp6cD_O5xSw","out_trade_no":"23399_23399_0124110246_7743","result_code":"SUCCESS","return_code":"SUCCESS","return_msg":"OK","sign":"19233F45AE02D71F6D5DE378A7235BAA","time_end":"20190124110315","total_fee":"1","trade_state":"SUCCESS","trade_state_desc":"\u652f\u4ed8\u6210\u529f","trade_type":"NATIVE","transaction_id":"4200000283201901245930407460"}
[2019-01-24 11:37:25][debug] 已进入
[2019-01-24 11:37:25][debug] select * from cmf_users_charge where orderno='23399_23399_0124110246_7743' and status='0' and type='2'
[2019-01-24 11:37:25][debug] 23399_23399_0124110246_7743 订单信息不存在
[2019-01-24 12:07:26][debug] begin notify
[2019-01-24 12:07:26][debug] call back:{"appid":"wxdbba8ae5cc57d71e","attach":"\u5145\u503c\u94bb\u77f3,\u4ef7\u503c\u4e3a600","bank_type":"CFT","cash_fee":"1","fee_type":"CNY","is_subscribe":"N","mch_id":"1230458202","nonce_str":"vm271mhepve2qv8vudpisdswx859by39","openid":"oT36SuKX-9VJAO0C5Xp6cD_O5xSw","out_trade_no":"23399_23399_0124110246_7743","result_code":"SUCCESS","return_code":"SUCCESS","sign":"6C661E73F0AC5923B5B0BB0E018BCC1F","time_end":"20190124110315","total_fee":"1","trade_type":"NATIVE","transaction_id":"4200000283201901245930407460"}
[2019-01-24 12:07:26][debug] query:{"appid":"wxdbba8ae5cc57d71e","attach":"\u5145\u503c\u94bb\u77f3,\u4ef7\u503c\u4e3a600","bank_type":"CFT","cash_fee":"1","fee_type":"CNY","is_subscribe":"N","mch_id":"1230458202","nonce_str":"yLPAtnqqcQGvZUQG","openid":"oT36SuKX-9VJAO0C5Xp6cD_O5xSw","out_trade_no":"23399_23399_0124110246_7743","result_code":"SUCCESS","return_code":"SUCCESS","return_msg":"OK","sign":"EB9785C27168C807132FFE0681C074F4","time_end":"20190124110315","total_fee":"1","trade_state":"SUCCESS","trade_state_desc":"\u652f\u4ed8\u6210\u529f","trade_type":"NATIVE","transaction_id":"4200000283201901245930407460"}
[2019-01-24 12:07:26][debug] 已进入
[2019-01-24 12:07:26][debug] select * from cmf_users_charge where orderno='23399_23399_0124110246_7743' and status='0' and type='2'
[2019-01-24 12:07:26][debug] 23399_23399_0124110246_7743 订单信息不存在
[2019-01-24 12:37:28][debug] begin notify
[2019-01-24 12:37:28][debug] call back:{"appid":"wxdbba8ae5cc57d71e","attach":"\u5145\u503c\u94bb\u77f3,\u4ef7\u503c\u4e3a600","bank_type":"CFT","cash_fee":"1","fee_type":"CNY","is_subscribe":"N","mch_id":"1230458202","nonce_str":"vm271mhepve2qv8vudpisdswx859by39","openid":"oT36SuKX-9VJAO0C5Xp6cD_O5xSw","out_trade_no":"23399_23399_0124110246_7743","result_code":"SUCCESS","return_code":"SUCCESS","sign":"6C661E73F0AC5923B5B0BB0E018BCC1F","time_end":"20190124110315","total_fee":"1","trade_type":"NATIVE","transaction_id":"4200000283201901245930407460"}
[2019-01-24 12:37:28][debug] query:{"appid":"wxdbba8ae5cc57d71e","attach":"\u5145\u503c\u94bb\u77f3,\u4ef7\u503c\u4e3a600","bank_type":"CFT","cash_fee":"1","fee_type":"CNY","is_subscribe":"N","mch_id":"1230458202","nonce_str":"yWcEp73AtM9qWvSC","openid":"oT36SuKX-9VJAO0C5Xp6cD_O5xSw","out_trade_no":"23399_23399_0124110246_7743","result_code":"SUCCESS","return_code":"SUCCESS","return_msg":"OK","sign":"57A948912B31E8FC07534C79DD157EA0","time_end":"20190124110315","total_fee":"1","trade_state":"SUCCESS","trade_state_desc":"\u652f\u4ed8\u6210\u529f","trade_type":"NATIVE","transaction_id":"4200000283201901245930407460"}
[2019-01-24 12:37:28][debug] 已进入
[2019-01-24 12:37:28][debug] select * from cmf_users_charge where orderno='23399_23399_0124110246_7743' and status='0' and type='2'
[2019-01-24 12:37:28][debug] 23399_23399_0124110246_7743 订单信息不存在
[2019-01-24 13:07:30][debug] begin notify
[2019-01-24 13:07:30][debug] call back:{"appid":"wxdbba8ae5cc57d71e","attach":"\u5145\u503c\u94bb\u77f3,\u4ef7\u503c\u4e3a600","bank_type":"CFT","cash_fee":"1","fee_type":"CNY","is_subscribe":"N","mch_id":"1230458202","nonce_str":"vm271mhepve2qv8vudpisdswx859by39","openid":"oT36SuKX-9VJAO0C5Xp6cD_O5xSw","out_trade_no":"23399_23399_0124110246_7743","result_code":"SUCCESS","return_code":"SUCCESS","sign":"6C661E73F0AC5923B5B0BB0E018BCC1F","time_end":"20190124110315","total_fee":"1","trade_type":"NATIVE","transaction_id":"4200000283201901245930407460"}
[2019-01-24 13:07:30][debug] query:{"appid":"wxdbba8ae5cc57d71e","attach":"\u5145\u503c\u94bb\u77f3,\u4ef7\u503c\u4e3a600","bank_type":"CFT","cash_fee":"1","fee_type":"CNY","is_subscribe":"N","mch_id":"1230458202","nonce_str":"0wKWKUjmeBMUgVXc","openid":"oT36SuKX-9VJAO0C5Xp6cD_O5xSw","out_trade_no":"23399_23399_0124110246_7743","result_code":"SUCCESS","return_code":"SUCCESS","return_msg":"OK","sign":"8C9D1758A85EB9C50F2F21667184E99A","time_end":"20190124110315","total_fee":"1","trade_state":"SUCCESS","trade_state_desc":"\u652f\u4ed8\u6210\u529f","trade_type":"NATIVE","transaction_id":"4200000283201901245930407460"}
[2019-01-24 13:07:30][debug] 已进入
[2019-01-24 13:07:30][debug] select * from cmf_users_charge where orderno='23399_23399_0124110246_7743' and status='0' and type='2'
[2019-01-24 13:07:30][debug] 23399_23399_0124110246_7743 订单信息不存在
[2019-01-24 14:07:31][debug] begin notify
[2019-01-24 14:07:31][debug] call back:{"appid":"wxdbba8ae5cc57d71e","attach":"\u5145\u503c\u94bb\u77f3,\u4ef7\u503c\u4e3a600","bank_type":"CFT","cash_fee":"1","fee_type":"CNY","is_subscribe":"N","mch_id":"1230458202","nonce_str":"vm271mhepve2qv8vudpisdswx859by39","openid":"oT36SuKX-9VJAO0C5Xp6cD_O5xSw","out_trade_no":"23399_23399_0124110246_7743","result_code":"SUCCESS","return_code":"SUCCESS","sign":"6C661E73F0AC5923B5B0BB0E018BCC1F","time_end":"20190124110315","total_fee":"1","trade_type":"NATIVE","transaction_id":"4200000283201901245930407460"}
[2019-01-24 14:07:32][debug] query:{"appid":"wxdbba8ae5cc57d71e","attach":"\u5145\u503c\u94bb\u77f3,\u4ef7\u503c\u4e3a600","bank_type":"CFT","cash_fee":"1","fee_type":"CNY","is_subscribe":"N","mch_id":"1230458202","nonce_str":"l3lSvfX3yYCrD22V","openid":"oT36SuKX-9VJAO0C5Xp6cD_O5xSw","out_trade_no":"23399_23399_0124110246_7743","result_code":"SUCCESS","return_code":"SUCCESS","return_msg":"OK","sign":"16022410FF736A03BE411E34DF7D353D","time_end":"20190124110315","total_fee":"1","trade_state":"SUCCESS","trade_state_desc":"\u652f\u4ed8\u6210\u529f","trade_type":"NATIVE","transaction_id":"4200000283201901245930407460"}
[2019-01-24 14:07:32][debug] 已进入
[2019-01-24 14:07:32][debug] select * from cmf_users_charge where orderno='23399_23399_0124110246_7743' and status='0' and type='2'
[2019-01-24 14:07:32][debug] 23399_23399_0124110246_7743 订单信息不存在
