[2019-09-26 16:57:27][debug] begin notify
[2019-09-26 16:57:27][debug] call back:{"appid":"wxdbba8ae5cc57d71e","attach":"\u5145\u503c\u94bb\u77f3,\u4ef7\u503c\u4e3a600","bank_type":"CFT","cash_fee":"1","fee_type":"CNY","is_subscribe":"N","mch_id":"1230458202","nonce_str":"a3x4w54j20jgb9sff9s12iskrjoa8sw6","openid":"oT36SuLGML6h4SccLOEGna0ulFKY","out_trade_no":"33196_33196_0926165643_1693","result_code":"SUCCESS","return_code":"SUCCESS","sign":"678C500B6D56723C8617721D95F6B757","time_end":"20190926165726","total_fee":"1","trade_type":"NATIVE","transaction_id":"4200000386201909269621747958"}
[2019-09-26 16:57:28][debug] query:{"appid":"wxdbba8ae5cc57d71e","attach":"\u5145\u503c\u94bb\u77f3,\u4ef7\u503c\u4e3a600","bank_type":"CFT","cash_fee":"1","cash_fee_type":"CNY","fee_type":"CNY","is_subscribe":"N","mch_id":"1230458202","nonce_str":"s8tB1Iml47q8ka3q","openid":"oT36SuLGML6h4SccLOEGna0ulFKY","out_trade_no":"33196_33196_0926165643_1693","result_code":"SUCCESS","return_code":"SUCCESS","return_msg":"OK","sign":"6D2BF23CA2125CD2B10E33626A0F9735","time_end":"20190926165727","total_fee":"1","trade_state":"SUCCESS","trade_state_desc":"\u652f\u4ed8\u6210\u529f","trade_type":"NATIVE","transaction_id":"4200000386201909269621747958"}
[2019-09-26 16:57:28][debug] 已进入
[2019-09-26 16:57:28][debug] select * from cmf_users_charge where orderno='33196_33196_0926165643_1693' and status='0' and type='2'
[2019-09-26 16:57:28][debug] 33196_33196_0926165643_1693 订单信息不存在
[2019-09-26 16:57:43][debug] begin notify
[2019-09-26 16:57:43][debug] call back:{"appid":"wxdbba8ae5cc57d71e","attach":"\u5145\u503c\u94bb\u77f3,\u4ef7\u503c\u4e3a600","bank_type":"CFT","cash_fee":"1","fee_type":"CNY","is_subscribe":"N","mch_id":"1230458202","nonce_str":"a3x4w54j20jgb9sff9s12iskrjoa8sw6","openid":"oT36SuLGML6h4SccLOEGna0ulFKY","out_trade_no":"33196_33196_0926165643_1693","result_code":"SUCCESS","return_code":"SUCCESS","sign":"678C500B6D56723C8617721D95F6B757","time_end":"20190926165726","total_fee":"1","trade_type":"NATIVE","transaction_id":"4200000386201909269621747958"}
[2019-09-26 16:57:44][debug] query:{"appid":"wxdbba8ae5cc57d71e","attach":"\u5145\u503c\u94bb\u77f3,\u4ef7\u503c\u4e3a600","bank_type":"CFT","cash_fee":"1","cash_fee_type":"CNY","fee_type":"CNY","is_subscribe":"Y","mch_id":"1230458202","nonce_str":"zj19jroNVL55J2Sa","openid":"oT36SuLGML6h4SccLOEGna0ulFKY","out_trade_no":"33196_33196_0926165643_1693","result_code":"SUCCESS","return_code":"SUCCESS","return_msg":"OK","sign":"7216911739EBF1922F7F9E89EA582F55","time_end":"20190926165727","total_fee":"1","trade_state":"SUCCESS","trade_state_desc":"\u652f\u4ed8\u6210\u529f","trade_type":"NATIVE","transaction_id":"4200000386201909269621747958"}
[2019-09-26 16:57:44][debug] 已进入
[2019-09-26 16:57:44][debug] select * from cmf_users_charge where orderno='33196_33196_0926165643_1693' and status='0' and type='2'
[2019-09-26 16:57:44][debug] 33196_33196_0926165643_1693 订单信息不存在
[2019-09-26 16:57:59][debug] begin notify
[2019-09-26 16:57:59][debug] call back:{"appid":"wxdbba8ae5cc57d71e","attach":"\u5145\u503c\u94bb\u77f3,\u4ef7\u503c\u4e3a600","bank_type":"CFT","cash_fee":"1","fee_type":"CNY","is_subscribe":"N","mch_id":"1230458202","nonce_str":"a3x4w54j20jgb9sff9s12iskrjoa8sw6","openid":"oT36SuLGML6h4SccLOEGna0ulFKY","out_trade_no":"33196_33196_0926165643_1693","result_code":"SUCCESS","return_code":"SUCCESS","sign":"678C500B6D56723C8617721D95F6B757","time_end":"20190926165726","total_fee":"1","trade_type":"NATIVE","transaction_id":"4200000386201909269621747958"}
[2019-09-26 16:57:59][debug] query:{"appid":"wxdbba8ae5cc57d71e","attach":"\u5145\u503c\u94bb\u77f3,\u4ef7\u503c\u4e3a600","bank_type":"CFT","cash_fee":"1","cash_fee_type":"CNY","fee_type":"CNY","is_subscribe":"Y","mch_id":"1230458202","nonce_str":"h5nmNyWKl0WfYUwJ","openid":"oT36SuLGML6h4SccLOEGna0ulFKY","out_trade_no":"33196_33196_0926165643_1693","result_code":"SUCCESS","return_code":"SUCCESS","return_msg":"OK","sign":"2256F17E44F9B328FD586F8CF829DE1D","time_end":"20190926165727","total_fee":"1","trade_state":"SUCCESS","trade_state_desc":"\u652f\u4ed8\u6210\u529f","trade_type":"NATIVE","transaction_id":"4200000386201909269621747958"}
[2019-09-26 16:57:59][debug] 已进入
[2019-09-26 16:57:59][debug] select * from cmf_users_charge where orderno='33196_33196_0926165643_1693' and status='0' and type='2'
[2019-09-26 16:57:59][debug] 33196_33196_0926165643_1693 订单信息不存在
[2019-09-26 16:58:29][debug] begin notify
[2019-09-26 16:58:29][debug] call back:{"appid":"wxdbba8ae5cc57d71e","attach":"\u5145\u503c\u94bb\u77f3,\u4ef7\u503c\u4e3a600","bank_type":"CFT","cash_fee":"1","fee_type":"CNY","is_subscribe":"N","mch_id":"1230458202","nonce_str":"a3x4w54j20jgb9sff9s12iskrjoa8sw6","openid":"oT36SuLGML6h4SccLOEGna0ulFKY","out_trade_no":"33196_33196_0926165643_1693","result_code":"SUCCESS","return_code":"SUCCESS","sign":"678C500B6D56723C8617721D95F6B757","time_end":"20190926165726","total_fee":"1","trade_type":"NATIVE","transaction_id":"4200000386201909269621747958"}
[2019-09-26 16:58:30][debug] query:{"appid":"wxdbba8ae5cc57d71e","attach":"\u5145\u503c\u94bb\u77f3,\u4ef7\u503c\u4e3a600","bank_type":"CFT","cash_fee":"1","cash_fee_type":"CNY","fee_type":"CNY","is_subscribe":"Y","mch_id":"1230458202","nonce_str":"fNWkVOKyb6Rs8kp9","openid":"oT36SuLGML6h4SccLOEGna0ulFKY","out_trade_no":"33196_33196_0926165643_1693","result_code":"SUCCESS","return_code":"SUCCESS","return_msg":"OK","sign":"D40E2FDCBF68CBA135E49A02295BD07D","time_end":"20190926165727","total_fee":"1","trade_state":"SUCCESS","trade_state_desc":"\u652f\u4ed8\u6210\u529f","trade_type":"NATIVE","transaction_id":"4200000386201909269621747958"}
[2019-09-26 16:58:30][debug] 已进入
[2019-09-26 16:58:30][debug] select * from cmf_users_charge where orderno='33196_33196_0926165643_1693' and status='0' and type='2'
[2019-09-26 16:58:30][debug] 33196_33196_0926165643_1693 订单信息不存在
[2019-09-26 17:01:30][debug] begin notify
[2019-09-26 17:01:30][debug] call back:{"appid":"wxdbba8ae5cc57d71e","attach":"\u5145\u503c\u94bb\u77f3,\u4ef7\u503c\u4e3a600","bank_type":"CFT","cash_fee":"1","fee_type":"CNY","is_subscribe":"N","mch_id":"1230458202","nonce_str":"a3x4w54j20jgb9sff9s12iskrjoa8sw6","openid":"oT36SuLGML6h4SccLOEGna0ulFKY","out_trade_no":"33196_33196_0926165643_1693","result_code":"SUCCESS","return_code":"SUCCESS","sign":"678C500B6D56723C8617721D95F6B757","time_end":"20190926165726","total_fee":"1","trade_type":"NATIVE","transaction_id":"4200000386201909269621747958"}
[2019-09-26 17:01:30][debug] query:{"appid":"wxdbba8ae5cc57d71e","attach":"\u5145\u503c\u94bb\u77f3,\u4ef7\u503c\u4e3a600","bank_type":"CFT","cash_fee":"1","cash_fee_type":"CNY","fee_type":"CNY","is_subscribe":"Y","mch_id":"1230458202","nonce_str":"PaiUt3rMIv0iRW41","openid":"oT36SuLGML6h4SccLOEGna0ulFKY","out_trade_no":"33196_33196_0926165643_1693","result_code":"SUCCESS","return_code":"SUCCESS","return_msg":"OK","sign":"7CE0C9AB59B85730CD78FCEABDA3BE6D","time_end":"20190926165727","total_fee":"1","trade_state":"SUCCESS","trade_state_desc":"\u652f\u4ed8\u6210\u529f","trade_type":"NATIVE","transaction_id":"4200000386201909269621747958"}
[2019-09-26 17:01:30][debug] 已进入
[2019-09-26 17:01:30][debug] select * from cmf_users_charge where orderno='33196_33196_0926165643_1693' and status='0' and type='2'
[2019-09-26 17:01:30][debug] 33196_33196_0926165643_1693 订单信息不存在
[2019-09-26 17:11:31][debug] begin notify
[2019-09-26 17:11:31][debug] call back:{"appid":"wxdbba8ae5cc57d71e","attach":"\u5145\u503c\u94bb\u77f3,\u4ef7\u503c\u4e3a600","bank_type":"CFT","cash_fee":"1","fee_type":"CNY","is_subscribe":"N","mch_id":"1230458202","nonce_str":"a3x4w54j20jgb9sff9s12iskrjoa8sw6","openid":"oT36SuLGML6h4SccLOEGna0ulFKY","out_trade_no":"33196_33196_0926165643_1693","result_code":"SUCCESS","return_code":"SUCCESS","sign":"678C500B6D56723C8617721D95F6B757","time_end":"20190926165726","total_fee":"1","trade_type":"NATIVE","transaction_id":"4200000386201909269621747958"}
[2019-09-26 17:11:31][debug] query:{"appid":"wxdbba8ae5cc57d71e","attach":"\u5145\u503c\u94bb\u77f3,\u4ef7\u503c\u4e3a600","bank_type":"CFT","cash_fee":"1","cash_fee_type":"CNY","fee_type":"CNY","is_subscribe":"Y","mch_id":"1230458202","nonce_str":"GPfCRGW8cecyH0lj","openid":"oT36SuLGML6h4SccLOEGna0ulFKY","out_trade_no":"33196_33196_0926165643_1693","result_code":"SUCCESS","return_code":"SUCCESS","return_msg":"OK","sign":"3D68DA041F3F0C41C8F7DEA399D5C6CA","time_end":"20190926165727","total_fee":"1","trade_state":"SUCCESS","trade_state_desc":"\u652f\u4ed8\u6210\u529f","trade_type":"NATIVE","transaction_id":"4200000386201909269621747958"}
[2019-09-26 17:11:31][debug] 已进入
[2019-09-26 17:11:31][debug] select * from cmf_users_charge where orderno='33196_33196_0926165643_1693' and status='0' and type='2'
[2019-09-26 17:11:31][debug] 33196_33196_0926165643_1693 订单信息不存在
[2019-09-26 17:31:32][debug] begin notify
[2019-09-26 17:31:32][debug] call back:{"appid":"wxdbba8ae5cc57d71e","attach":"\u5145\u503c\u94bb\u77f3,\u4ef7\u503c\u4e3a600","bank_type":"CFT","cash_fee":"1","fee_type":"CNY","is_subscribe":"N","mch_id":"1230458202","nonce_str":"a3x4w54j20jgb9sff9s12iskrjoa8sw6","openid":"oT36SuLGML6h4SccLOEGna0ulFKY","out_trade_no":"33196_33196_0926165643_1693","result_code":"SUCCESS","return_code":"SUCCESS","sign":"678C500B6D56723C8617721D95F6B757","time_end":"20190926165726","total_fee":"1","trade_type":"NATIVE","transaction_id":"4200000386201909269621747958"}
[2019-09-26 17:31:32][debug] query:{"appid":"wxdbba8ae5cc57d71e","attach":"\u5145\u503c\u94bb\u77f3,\u4ef7\u503c\u4e3a600","bank_type":"CFT","cash_fee":"1","cash_fee_type":"CNY","fee_type":"CNY","is_subscribe":"Y","mch_id":"1230458202","nonce_str":"5HJUx7WZpfkzIXBN","openid":"oT36SuLGML6h4SccLOEGna0ulFKY","out_trade_no":"33196_33196_0926165643_1693","result_code":"SUCCESS","return_code":"SUCCESS","return_msg":"OK","sign":"5A131B4D734970D0AEBC901842EF979D","time_end":"20190926165727","total_fee":"1","trade_state":"SUCCESS","trade_state_desc":"\u652f\u4ed8\u6210\u529f","trade_type":"NATIVE","transaction_id":"4200000386201909269621747958"}
[2019-09-26 17:31:32][debug] 已进入
[2019-09-26 17:31:32][debug] select * from cmf_users_charge where orderno='33196_33196_0926165643_1693' and status='0' and type='2'
[2019-09-26 17:31:32][debug] 33196_33196_0926165643_1693 订单信息不存在
[2019-09-26 18:01:33][debug] begin notify
[2019-09-26 18:01:33][debug] call back:{"appid":"wxdbba8ae5cc57d71e","attach":"\u5145\u503c\u94bb\u77f3,\u4ef7\u503c\u4e3a600","bank_type":"CFT","cash_fee":"1","fee_type":"CNY","is_subscribe":"N","mch_id":"1230458202","nonce_str":"a3x4w54j20jgb9sff9s12iskrjoa8sw6","openid":"oT36SuLGML6h4SccLOEGna0ulFKY","out_trade_no":"33196_33196_0926165643_1693","result_code":"SUCCESS","return_code":"SUCCESS","sign":"678C500B6D56723C8617721D95F6B757","time_end":"20190926165726","total_fee":"1","trade_type":"NATIVE","transaction_id":"4200000386201909269621747958"}
[2019-09-26 18:01:33][debug] query:{"appid":"wxdbba8ae5cc57d71e","attach":"\u5145\u503c\u94bb\u77f3,\u4ef7\u503c\u4e3a600","bank_type":"CFT","cash_fee":"1","cash_fee_type":"CNY","fee_type":"CNY","is_subscribe":"Y","mch_id":"1230458202","nonce_str":"RbmmwG7oySmyual9","openid":"oT36SuLGML6h4SccLOEGna0ulFKY","out_trade_no":"33196_33196_0926165643_1693","result_code":"SUCCESS","return_code":"SUCCESS","return_msg":"OK","sign":"9F55B0F4FDF839C2D3A78612E51F3DEA","time_end":"20190926165727","total_fee":"1","trade_state":"SUCCESS","trade_state_desc":"\u652f\u4ed8\u6210\u529f","trade_type":"NATIVE","transaction_id":"4200000386201909269621747958"}
[2019-09-26 18:01:33][debug] 已进入
[2019-09-26 18:01:33][debug] select * from cmf_users_charge where orderno='33196_33196_0926165643_1693' and status='0' and type='2'
[2019-09-26 18:01:33][debug] 33196_33196_0926165643_1693 订单信息不存在
[2019-09-26 18:31:34][debug] begin notify
[2019-09-26 18:31:34][debug] call back:{"appid":"wxdbba8ae5cc57d71e","attach":"\u5145\u503c\u94bb\u77f3,\u4ef7\u503c\u4e3a600","bank_type":"CFT","cash_fee":"1","fee_type":"CNY","is_subscribe":"N","mch_id":"1230458202","nonce_str":"a3x4w54j20jgb9sff9s12iskrjoa8sw6","openid":"oT36SuLGML6h4SccLOEGna0ulFKY","out_trade_no":"33196_33196_0926165643_1693","result_code":"SUCCESS","return_code":"SUCCESS","sign":"678C500B6D56723C8617721D95F6B757","time_end":"20190926165726","total_fee":"1","trade_type":"NATIVE","transaction_id":"4200000386201909269621747958"}
[2019-09-26 18:31:35][debug] query:{"appid":"wxdbba8ae5cc57d71e","attach":"\u5145\u503c\u94bb\u77f3,\u4ef7\u503c\u4e3a600","bank_type":"CFT","cash_fee":"1","cash_fee_type":"CNY","fee_type":"CNY","is_subscribe":"Y","mch_id":"1230458202","nonce_str":"dsp4l38vg7xpS6zb","openid":"oT36SuLGML6h4SccLOEGna0ulFKY","out_trade_no":"33196_33196_0926165643_1693","result_code":"SUCCESS","return_code":"SUCCESS","return_msg":"OK","sign":"1F392E89C9A1989A083767DB0C57E501","time_end":"20190926165727","total_fee":"1","trade_state":"SUCCESS","trade_state_desc":"\u652f\u4ed8\u6210\u529f","trade_type":"NATIVE","transaction_id":"4200000386201909269621747958"}
[2019-09-26 18:31:35][debug] 已进入
[2019-09-26 18:31:35][debug] select * from cmf_users_charge where orderno='33196_33196_0926165643_1693' and status='0' and type='2'
[2019-09-26 18:31:35][debug] 33196_33196_0926165643_1693 订单信息不存在
[2019-09-26 19:31:35][debug] begin notify
[2019-09-26 19:31:35][debug] call back:{"appid":"wxdbba8ae5cc57d71e","attach":"\u5145\u503c\u94bb\u77f3,\u4ef7\u503c\u4e3a600","bank_type":"CFT","cash_fee":"1","fee_type":"CNY","is_subscribe":"N","mch_id":"1230458202","nonce_str":"a3x4w54j20jgb9sff9s12iskrjoa8sw6","openid":"oT36SuLGML6h4SccLOEGna0ulFKY","out_trade_no":"33196_33196_0926165643_1693","result_code":"SUCCESS","return_code":"SUCCESS","sign":"678C500B6D56723C8617721D95F6B757","time_end":"20190926165726","total_fee":"1","trade_type":"NATIVE","transaction_id":"4200000386201909269621747958"}
[2019-09-26 19:31:35][debug] query:{"appid":"wxdbba8ae5cc57d71e","attach":"\u5145\u503c\u94bb\u77f3,\u4ef7\u503c\u4e3a600","bank_type":"CFT","cash_fee":"1","cash_fee_type":"CNY","fee_type":"CNY","is_subscribe":"Y","mch_id":"1230458202","nonce_str":"suQiPR4AjHfMWP8u","openid":"oT36SuLGML6h4SccLOEGna0ulFKY","out_trade_no":"33196_33196_0926165643_1693","result_code":"SUCCESS","return_code":"SUCCESS","return_msg":"OK","sign":"7FF9C283515ACA98A9F4A76455AB1FEC","time_end":"20190926165727","total_fee":"1","trade_state":"SUCCESS","trade_state_desc":"\u652f\u4ed8\u6210\u529f","trade_type":"NATIVE","transaction_id":"4200000386201909269621747958"}
[2019-09-26 19:31:35][debug] 已进入
[2019-09-26 19:31:35][debug] select * from cmf_users_charge where orderno='33196_33196_0926165643_1693' and status='0' and type='2'
[2019-09-26 19:31:35][debug] 33196_33196_0926165643_1693 订单信息不存在
[2019-09-26 22:31:36][debug] begin notify
[2019-09-26 22:31:36][debug] call back:{"appid":"wxdbba8ae5cc57d71e","attach":"\u5145\u503c\u94bb\u77f3,\u4ef7\u503c\u4e3a600","bank_type":"CFT","cash_fee":"1","fee_type":"CNY","is_subscribe":"N","mch_id":"1230458202","nonce_str":"a3x4w54j20jgb9sff9s12iskrjoa8sw6","openid":"oT36SuLGML6h4SccLOEGna0ulFKY","out_trade_no":"33196_33196_0926165643_1693","result_code":"SUCCESS","return_code":"SUCCESS","sign":"678C500B6D56723C8617721D95F6B757","time_end":"20190926165726","total_fee":"1","trade_type":"NATIVE","transaction_id":"4200000386201909269621747958"}
[2019-09-26 22:31:36][debug] query:{"appid":"wxdbba8ae5cc57d71e","attach":"\u5145\u503c\u94bb\u77f3,\u4ef7\u503c\u4e3a600","bank_type":"CFT","cash_fee":"1","cash_fee_type":"CNY","fee_type":"CNY","is_subscribe":"Y","mch_id":"1230458202","nonce_str":"ipC6TtILhOHQWlr7","openid":"oT36SuLGML6h4SccLOEGna0ulFKY","out_trade_no":"33196_33196_0926165643_1693","result_code":"SUCCESS","return_code":"SUCCESS","return_msg":"OK","sign":"96965BD18780336022D28BD9844E5699","time_end":"20190926165727","total_fee":"1","trade_state":"SUCCESS","trade_state_desc":"\u652f\u4ed8\u6210\u529f","trade_type":"NATIVE","transaction_id":"4200000386201909269621747958"}
[2019-09-26 22:31:36][debug] 已进入
[2019-09-26 22:31:36][debug] select * from cmf_users_charge where orderno='33196_33196_0926165643_1693' and status='0' and type='2'
[2019-09-26 22:31:36][debug] 33196_33196_0926165643_1693 订单信息不存在
