[2019-07-05 00:07:15][debug] begin notify
[2019-07-05 00:07:15][debug] call back:{"appid":"wxdbba8ae5cc57d71e","attach":"\u5145\u503c\u94bb\u77f3,\u4ef7\u503c\u4e3a600","bank_type":"CFT","cash_fee":"1","fee_type":"CNY","is_subscribe":"N","mch_id":"1230458202","nonce_str":"n8wzok9h9nqrhcz723h9aamp1pcsek53","openid":"oT36SuALHzAHPSpL7WvS5AYqPxEs","out_trade_no":"29788_29788_0704153219_3286","result_code":"SUCCESS","return_code":"SUCCESS","sign":"993502C24CDCC8CF90AF2F95937D3002","time_end":"20190704153304","total_fee":"1","trade_type":"NATIVE","transaction_id":"4200000332201907041594544014"}
[2019-07-05 00:07:16][debug] query:{"appid":"wxdbba8ae5cc57d71e","attach":"\u5145\u503c\u94bb\u77f3,\u4ef7\u503c\u4e3a600","bank_type":"CFT","cash_fee":"1","fee_type":"CNY","is_subscribe":"N","mch_id":"1230458202","nonce_str":"O2Vh08LOOuqH8FUH","openid":"oT36SuALHzAHPSpL7WvS5AYqPxEs","out_trade_no":"29788_29788_0704153219_3286","result_code":"SUCCESS","return_code":"SUCCESS","return_msg":"OK","sign":"E1C46CC1AFE206C07B5BE53A43ED11AC","time_end":"20190704153304","total_fee":"1","trade_state":"SUCCESS","trade_state_desc":"\u652f\u4ed8\u6210\u529f","trade_type":"NATIVE","transaction_id":"4200000332201907041594544014"}
[2019-07-05 00:07:16][debug] 已进入
[2019-07-05 00:07:16][debug] select * from cmf_users_charge where orderno='29788_29788_0704153219_3286' and status='0' and type='2'
[2019-07-05 00:07:16][debug] 29788_29788_0704153219_3286 订单信息不存在
[2019-07-05 03:07:16][debug] begin notify
[2019-07-05 03:07:16][debug] call back:{"appid":"wxdbba8ae5cc57d71e","attach":"\u5145\u503c\u94bb\u77f3,\u4ef7\u503c\u4e3a600","bank_type":"CFT","cash_fee":"1","fee_type":"CNY","is_subscribe":"N","mch_id":"1230458202","nonce_str":"n8wzok9h9nqrhcz723h9aamp1pcsek53","openid":"oT36SuALHzAHPSpL7WvS5AYqPxEs","out_trade_no":"29788_29788_0704153219_3286","result_code":"SUCCESS","return_code":"SUCCESS","sign":"993502C24CDCC8CF90AF2F95937D3002","time_end":"20190704153304","total_fee":"1","trade_type":"NATIVE","transaction_id":"4200000332201907041594544014"}
[2019-07-05 03:07:17][debug] query:{"appid":"wxdbba8ae5cc57d71e","attach":"\u5145\u503c\u94bb\u77f3,\u4ef7\u503c\u4e3a600","bank_type":"CFT","cash_fee":"1","fee_type":"CNY","is_subscribe":"N","mch_id":"1230458202","nonce_str":"tllhDmX3SAdtpZNx","openid":"oT36SuALHzAHPSpL7WvS5AYqPxEs","out_trade_no":"29788_29788_0704153219_3286","result_code":"SUCCESS","return_code":"SUCCESS","return_msg":"OK","sign":"3EC612F9BD257858626609CA48E4C0BF","time_end":"20190704153304","total_fee":"1","trade_state":"SUCCESS","trade_state_desc":"\u652f\u4ed8\u6210\u529f","trade_type":"NATIVE","transaction_id":"4200000332201907041594544014"}
[2019-07-05 03:07:17][debug] 已进入
[2019-07-05 03:07:17][debug] select * from cmf_users_charge where orderno='29788_29788_0704153219_3286' and status='0' and type='2'
[2019-07-05 03:07:17][debug] 29788_29788_0704153219_3286 订单信息不存在
[2019-07-05 09:07:18][debug] begin notify
[2019-07-05 09:07:19][debug] call back:{"appid":"wxdbba8ae5cc57d71e","attach":"\u5145\u503c\u94bb\u77f3,\u4ef7\u503c\u4e3a600","bank_type":"CFT","cash_fee":"1","fee_type":"CNY","is_subscribe":"N","mch_id":"1230458202","nonce_str":"n8wzok9h9nqrhcz723h9aamp1pcsek53","openid":"oT36SuALHzAHPSpL7WvS5AYqPxEs","out_trade_no":"29788_29788_0704153219_3286","result_code":"SUCCESS","return_code":"SUCCESS","sign":"993502C24CDCC8CF90AF2F95937D3002","time_end":"20190704153304","total_fee":"1","trade_type":"NATIVE","transaction_id":"4200000332201907041594544014"}
[2019-07-05 09:07:20][debug] query:{"appid":"wxdbba8ae5cc57d71e","attach":"\u5145\u503c\u94bb\u77f3,\u4ef7\u503c\u4e3a600","bank_type":"CFT","cash_fee":"1","fee_type":"CNY","is_subscribe":"N","mch_id":"1230458202","nonce_str":"PASJQ4Q4x1utFMdQ","openid":"oT36SuALHzAHPSpL7WvS5AYqPxEs","out_trade_no":"29788_29788_0704153219_3286","result_code":"SUCCESS","return_code":"SUCCESS","return_msg":"OK","sign":"C73B1A809012D11769EA78B6B8715849","time_end":"20190704153304","total_fee":"1","trade_state":"SUCCESS","trade_state_desc":"\u652f\u4ed8\u6210\u529f","trade_type":"NATIVE","transaction_id":"4200000332201907041594544014"}
[2019-07-05 09:07:20][debug] 已进入
[2019-07-05 09:07:20][debug] select * from cmf_users_charge where orderno='29788_29788_0704153219_3286' and status='0' and type='2'
[2019-07-05 09:07:20][debug] 29788_29788_0704153219_3286 订单信息不存在
[2019-07-05 15:07:19][debug] begin notify
[2019-07-05 15:07:19][debug] call back:{"appid":"wxdbba8ae5cc57d71e","attach":"\u5145\u503c\u94bb\u77f3,\u4ef7\u503c\u4e3a600","bank_type":"CFT","cash_fee":"1","fee_type":"CNY","is_subscribe":"N","mch_id":"1230458202","nonce_str":"n8wzok9h9nqrhcz723h9aamp1pcsek53","openid":"oT36SuALHzAHPSpL7WvS5AYqPxEs","out_trade_no":"29788_29788_0704153219_3286","result_code":"SUCCESS","return_code":"SUCCESS","sign":"993502C24CDCC8CF90AF2F95937D3002","time_end":"20190704153304","total_fee":"1","trade_type":"NATIVE","transaction_id":"4200000332201907041594544014"}
[2019-07-05 15:07:20][debug] query:{"appid":"wxdbba8ae5cc57d71e","attach":"\u5145\u503c\u94bb\u77f3,\u4ef7\u503c\u4e3a600","bank_type":"CFT","cash_fee":"1","fee_type":"CNY","is_subscribe":"N","mch_id":"1230458202","nonce_str":"8RQsTMl5uWr5hl95","openid":"oT36SuALHzAHPSpL7WvS5AYqPxEs","out_trade_no":"29788_29788_0704153219_3286","result_code":"SUCCESS","return_code":"SUCCESS","return_msg":"OK","sign":"6E692D3B0965F590D1856332572297FA","time_end":"20190704153304","total_fee":"1","trade_state":"SUCCESS","trade_state_desc":"\u652f\u4ed8\u6210\u529f","trade_type":"NATIVE","transaction_id":"4200000332201907041594544014"}
[2019-07-05 15:07:20][debug] 已进入
[2019-07-05 15:07:20][debug] select * from cmf_users_charge where orderno='29788_29788_0704153219_3286' and status='0' and type='2'
[2019-07-05 15:07:20][debug] 29788_29788_0704153219_3286 订单信息不存在
