[2019-09-27 01:31:38][debug] begin notify
[2019-09-27 01:31:38][debug] call back:{"appid":"wxdbba8ae5cc57d71e","attach":"\u5145\u503c\u94bb\u77f3,\u4ef7\u503c\u4e3a600","bank_type":"CFT","cash_fee":"1","fee_type":"CNY","is_subscribe":"N","mch_id":"1230458202","nonce_str":"a3x4w54j20jgb9sff9s12iskrjoa8sw6","openid":"oT36SuLGML6h4SccLOEGna0ulFKY","out_trade_no":"33196_33196_0926165643_1693","result_code":"SUCCESS","return_code":"SUCCESS","sign":"678C500B6D56723C8617721D95F6B757","time_end":"20190926165726","total_fee":"1","trade_type":"NATIVE","transaction_id":"4200000386201909269621747958"}
[2019-09-27 01:31:38][debug] query:{"appid":"wxdbba8ae5cc57d71e","attach":"\u5145\u503c\u94bb\u77f3,\u4ef7\u503c\u4e3a600","bank_type":"CFT","cash_fee":"1","cash_fee_type":"CNY","fee_type":"CNY","is_subscribe":"Y","mch_id":"1230458202","nonce_str":"stTotkaq9dQ9An8U","openid":"oT36SuLGML6h4SccLOEGna0ulFKY","out_trade_no":"33196_33196_0926165643_1693","result_code":"SUCCESS","return_code":"SUCCESS","return_msg":"OK","sign":"56F91687227506FA762DE338633C0251","time_end":"20190926165727","total_fee":"1","trade_state":"SUCCESS","trade_state_desc":"\u652f\u4ed8\u6210\u529f","trade_type":"NATIVE","transaction_id":"4200000386201909269621747958"}
[2019-09-27 01:31:38][debug] 已进入
[2019-09-27 01:31:38][debug] select * from cmf_users_charge where orderno='33196_33196_0926165643_1693' and status='0' and type='2'
[2019-09-27 01:31:38][debug] 33196_33196_0926165643_1693 订单信息不存在
[2019-09-27 04:31:39][debug] begin notify
[2019-09-27 04:31:39][debug] call back:{"appid":"wxdbba8ae5cc57d71e","attach":"\u5145\u503c\u94bb\u77f3,\u4ef7\u503c\u4e3a600","bank_type":"CFT","cash_fee":"1","fee_type":"CNY","is_subscribe":"N","mch_id":"1230458202","nonce_str":"a3x4w54j20jgb9sff9s12iskrjoa8sw6","openid":"oT36SuLGML6h4SccLOEGna0ulFKY","out_trade_no":"33196_33196_0926165643_1693","result_code":"SUCCESS","return_code":"SUCCESS","sign":"678C500B6D56723C8617721D95F6B757","time_end":"20190926165726","total_fee":"1","trade_type":"NATIVE","transaction_id":"4200000386201909269621747958"}
[2019-09-27 04:31:39][debug] query:{"appid":"wxdbba8ae5cc57d71e","attach":"\u5145\u503c\u94bb\u77f3,\u4ef7\u503c\u4e3a600","bank_type":"CFT","cash_fee":"1","cash_fee_type":"CNY","fee_type":"CNY","is_subscribe":"Y","mch_id":"1230458202","nonce_str":"arVpHUWvIJfmHEOZ","openid":"oT36SuLGML6h4SccLOEGna0ulFKY","out_trade_no":"33196_33196_0926165643_1693","result_code":"SUCCESS","return_code":"SUCCESS","return_msg":"OK","sign":"C246E052B5D8135A3AF53C2B75E1058A","time_end":"20190926165727","total_fee":"1","trade_state":"SUCCESS","trade_state_desc":"\u652f\u4ed8\u6210\u529f","trade_type":"NATIVE","transaction_id":"4200000386201909269621747958"}
[2019-09-27 04:31:39][debug] 已进入
[2019-09-27 04:31:39][debug] select * from cmf_users_charge where orderno='33196_33196_0926165643_1693' and status='0' and type='2'
[2019-09-27 04:31:39][debug] 33196_33196_0926165643_1693 订单信息不存在
[2019-09-27 10:31:40][debug] begin notify
[2019-09-27 10:31:40][debug] call back:{"appid":"wxdbba8ae5cc57d71e","attach":"\u5145\u503c\u94bb\u77f3,\u4ef7\u503c\u4e3a600","bank_type":"CFT","cash_fee":"1","fee_type":"CNY","is_subscribe":"N","mch_id":"1230458202","nonce_str":"a3x4w54j20jgb9sff9s12iskrjoa8sw6","openid":"oT36SuLGML6h4SccLOEGna0ulFKY","out_trade_no":"33196_33196_0926165643_1693","result_code":"SUCCESS","return_code":"SUCCESS","sign":"678C500B6D56723C8617721D95F6B757","time_end":"20190926165726","total_fee":"1","trade_type":"NATIVE","transaction_id":"4200000386201909269621747958"}
[2019-09-27 10:31:40][debug] query:{"appid":"wxdbba8ae5cc57d71e","attach":"\u5145\u503c\u94bb\u77f3,\u4ef7\u503c\u4e3a600","bank_type":"CFT","cash_fee":"1","cash_fee_type":"CNY","fee_type":"CNY","is_subscribe":"Y","mch_id":"1230458202","nonce_str":"DwbqppaxZ4F3F9OQ","openid":"oT36SuLGML6h4SccLOEGna0ulFKY","out_trade_no":"33196_33196_0926165643_1693","result_code":"SUCCESS","return_code":"SUCCESS","return_msg":"OK","sign":"1F9475F93C46A4A058D2F65456F32D6F","time_end":"20190926165727","total_fee":"1","trade_state":"SUCCESS","trade_state_desc":"\u652f\u4ed8\u6210\u529f","trade_type":"NATIVE","transaction_id":"4200000386201909269621747958"}
[2019-09-27 10:31:40][debug] 已进入
[2019-09-27 10:31:40][debug] select * from cmf_users_charge where orderno='33196_33196_0926165643_1693' and status='0' and type='2'
[2019-09-27 10:31:40][debug] 33196_33196_0926165643_1693 订单信息不存在
[2019-09-27 16:31:41][debug] begin notify
[2019-09-27 16:31:41][debug] call back:{"appid":"wxdbba8ae5cc57d71e","attach":"\u5145\u503c\u94bb\u77f3,\u4ef7\u503c\u4e3a600","bank_type":"CFT","cash_fee":"1","fee_type":"CNY","is_subscribe":"N","mch_id":"1230458202","nonce_str":"a3x4w54j20jgb9sff9s12iskrjoa8sw6","openid":"oT36SuLGML6h4SccLOEGna0ulFKY","out_trade_no":"33196_33196_0926165643_1693","result_code":"SUCCESS","return_code":"SUCCESS","sign":"678C500B6D56723C8617721D95F6B757","time_end":"20190926165726","total_fee":"1","trade_type":"NATIVE","transaction_id":"4200000386201909269621747958"}
[2019-09-27 16:31:41][debug] query:{"appid":"wxdbba8ae5cc57d71e","attach":"\u5145\u503c\u94bb\u77f3,\u4ef7\u503c\u4e3a600","bank_type":"CFT","cash_fee":"1","cash_fee_type":"CNY","fee_type":"CNY","is_subscribe":"Y","mch_id":"1230458202","nonce_str":"7PdaLdBuizcQYt6e","openid":"oT36SuLGML6h4SccLOEGna0ulFKY","out_trade_no":"33196_33196_0926165643_1693","result_code":"SUCCESS","return_code":"SUCCESS","return_msg":"OK","sign":"C89AFC8F81B9B2E593F8EC0BE01D0F79","time_end":"20190926165727","total_fee":"1","trade_state":"SUCCESS","trade_state_desc":"\u652f\u4ed8\u6210\u529f","trade_type":"NATIVE","transaction_id":"4200000386201909269621747958"}
[2019-09-27 16:31:41][debug] 已进入
[2019-09-27 16:31:41][debug] select * from cmf_users_charge where orderno='33196_33196_0926165643_1693' and status='0' and type='2'
[2019-09-27 16:31:41][debug] 33196_33196_0926165643_1693 订单信息不存在
