[2019-05-14 02:41:57][debug] begin notify
[2019-05-14 02:41:57][debug] call back:{"appid":"wxdbba8ae5cc57d71e","attach":"\u5145\u503c\u94bb\u77f3,\u4ef7\u503c\u4e3a600","bank_type":"CFT","cash_fee":"600","fee_type":"CNY","is_subscribe":"N","mch_id":"1230458202","nonce_str":"l795n3rzvltomzf4or75s2e2ol67o1b4","openid":"oT36SuMf3ERvo2L9eNLpQdm1ZIDA","out_trade_no":"27401_27401_0513180726_1332","result_code":"SUCCESS","return_code":"SUCCESS","sign":"B13683EE6EB5661BF239610CFD3A80D0","time_end":"20190513180745","total_fee":"600","trade_type":"NATIVE","transaction_id":"4200000311201905136337147571"}
[2019-05-14 02:41:58][debug] query:{"appid":"wxdbba8ae5cc57d71e","attach":"\u5145\u503c\u94bb\u77f3,\u4ef7\u503c\u4e3a600","bank_type":"CFT","cash_fee":"600","fee_type":"CNY","is_subscribe":"Y","mch_id":"1230458202","nonce_str":"y0vqshcUx8asJ5oR","openid":"oT36SuMf3ERvo2L9eNLpQdm1ZIDA","out_trade_no":"27401_27401_0513180726_1332","result_code":"SUCCESS","return_code":"SUCCESS","return_msg":"OK","sign":"B0974C2D1D750F76CDBF56C604418D12","time_end":"20190513180745","total_fee":"600","trade_state":"SUCCESS","trade_state_desc":"\u652f\u4ed8\u6210\u529f","trade_type":"NATIVE","transaction_id":"4200000311201905136337147571"}
[2019-05-14 02:41:58][debug] 已进入
[2019-05-14 02:41:58][debug] select * from cmf_users_charge where orderno='27401_27401_0513180726_1332' and status='0' and type='2'
[2019-05-14 02:41:58][debug] 27401_27401_0513180726_1332 订单信息不存在
[2019-05-14 05:41:59][debug] begin notify
[2019-05-14 05:41:59][debug] call back:{"appid":"wxdbba8ae5cc57d71e","attach":"\u5145\u503c\u94bb\u77f3,\u4ef7\u503c\u4e3a600","bank_type":"CFT","cash_fee":"600","fee_type":"CNY","is_subscribe":"N","mch_id":"1230458202","nonce_str":"l795n3rzvltomzf4or75s2e2ol67o1b4","openid":"oT36SuMf3ERvo2L9eNLpQdm1ZIDA","out_trade_no":"27401_27401_0513180726_1332","result_code":"SUCCESS","return_code":"SUCCESS","sign":"B13683EE6EB5661BF239610CFD3A80D0","time_end":"20190513180745","total_fee":"600","trade_type":"NATIVE","transaction_id":"4200000311201905136337147571"}
[2019-05-14 05:42:00][debug] query:{"appid":"wxdbba8ae5cc57d71e","attach":"\u5145\u503c\u94bb\u77f3,\u4ef7\u503c\u4e3a600","bank_type":"CFT","cash_fee":"600","fee_type":"CNY","is_subscribe":"Y","mch_id":"1230458202","nonce_str":"FP9wgSaSPEInOqFP","openid":"oT36SuMf3ERvo2L9eNLpQdm1ZIDA","out_trade_no":"27401_27401_0513180726_1332","result_code":"SUCCESS","return_code":"SUCCESS","return_msg":"OK","sign":"504E95A5EBD687FCBC8BC45B905DC81D","time_end":"20190513180745","total_fee":"600","trade_state":"SUCCESS","trade_state_desc":"\u652f\u4ed8\u6210\u529f","trade_type":"NATIVE","transaction_id":"4200000311201905136337147571"}
[2019-05-14 05:42:00][debug] 已进入
[2019-05-14 05:42:00][debug] select * from cmf_users_charge where orderno='27401_27401_0513180726_1332' and status='0' and type='2'
[2019-05-14 05:42:00][debug] 27401_27401_0513180726_1332 订单信息不存在
[2019-05-14 11:42:01][debug] begin notify
[2019-05-14 11:42:01][debug] call back:{"appid":"wxdbba8ae5cc57d71e","attach":"\u5145\u503c\u94bb\u77f3,\u4ef7\u503c\u4e3a600","bank_type":"CFT","cash_fee":"600","fee_type":"CNY","is_subscribe":"N","mch_id":"1230458202","nonce_str":"l795n3rzvltomzf4or75s2e2ol67o1b4","openid":"oT36SuMf3ERvo2L9eNLpQdm1ZIDA","out_trade_no":"27401_27401_0513180726_1332","result_code":"SUCCESS","return_code":"SUCCESS","sign":"B13683EE6EB5661BF239610CFD3A80D0","time_end":"20190513180745","total_fee":"600","trade_type":"NATIVE","transaction_id":"4200000311201905136337147571"}
[2019-05-14 11:42:01][debug] query:{"appid":"wxdbba8ae5cc57d71e","attach":"\u5145\u503c\u94bb\u77f3,\u4ef7\u503c\u4e3a600","bank_type":"CFT","cash_fee":"600","fee_type":"CNY","is_subscribe":"Y","mch_id":"1230458202","nonce_str":"Sz67Aw0q106pWHxH","openid":"oT36SuMf3ERvo2L9eNLpQdm1ZIDA","out_trade_no":"27401_27401_0513180726_1332","result_code":"SUCCESS","return_code":"SUCCESS","return_msg":"OK","sign":"6563C3DAC857FD56306FFAE0FA70CAFF","time_end":"20190513180745","total_fee":"600","trade_state":"SUCCESS","trade_state_desc":"\u652f\u4ed8\u6210\u529f","trade_type":"NATIVE","transaction_id":"4200000311201905136337147571"}
[2019-05-14 11:42:01][debug] 已进入
[2019-05-14 11:42:01][debug] select * from cmf_users_charge where orderno='27401_27401_0513180726_1332' and status='0' and type='2'
[2019-05-14 11:42:01][debug] 27401_27401_0513180726_1332 订单信息不存在
[2019-05-14 17:42:01][debug] begin notify
[2019-05-14 17:42:01][debug] call back:{"appid":"wxdbba8ae5cc57d71e","attach":"\u5145\u503c\u94bb\u77f3,\u4ef7\u503c\u4e3a600","bank_type":"CFT","cash_fee":"600","fee_type":"CNY","is_subscribe":"N","mch_id":"1230458202","nonce_str":"l795n3rzvltomzf4or75s2e2ol67o1b4","openid":"oT36SuMf3ERvo2L9eNLpQdm1ZIDA","out_trade_no":"27401_27401_0513180726_1332","result_code":"SUCCESS","return_code":"SUCCESS","sign":"B13683EE6EB5661BF239610CFD3A80D0","time_end":"20190513180745","total_fee":"600","trade_type":"NATIVE","transaction_id":"4200000311201905136337147571"}
[2019-05-14 17:42:01][debug] query:{"appid":"wxdbba8ae5cc57d71e","attach":"\u5145\u503c\u94bb\u77f3,\u4ef7\u503c\u4e3a600","bank_type":"CFT","cash_fee":"600","fee_type":"CNY","is_subscribe":"Y","mch_id":"1230458202","nonce_str":"nLCgQsr9Bt0gZIms","openid":"oT36SuMf3ERvo2L9eNLpQdm1ZIDA","out_trade_no":"27401_27401_0513180726_1332","result_code":"SUCCESS","return_code":"SUCCESS","return_msg":"OK","sign":"3673CBE4263F771BB1A7F261AF236FA2","time_end":"20190513180745","total_fee":"600","trade_state":"SUCCESS","trade_state_desc":"\u652f\u4ed8\u6210\u529f","trade_type":"NATIVE","transaction_id":"4200000311201905136337147571"}
[2019-05-14 17:42:01][debug] 已进入
[2019-05-14 17:42:01][debug] select * from cmf_users_charge where orderno='27401_27401_0513180726_1332' and status='0' and type='2'
[2019-05-14 17:42:01][debug] 27401_27401_0513180726_1332 订单信息不存在
