[2019-07-04 15:33:06][debug] begin notify
[2019-07-04 15:33:06][debug] call back:{"appid":"wxdbba8ae5cc57d71e","attach":"\u5145\u503c\u94bb\u77f3,\u4ef7\u503c\u4e3a600","bank_type":"CFT","cash_fee":"1","fee_type":"CNY","is_subscribe":"N","mch_id":"1230458202","nonce_str":"n8wzok9h9nqrhcz723h9aamp1pcsek53","openid":"oT36SuALHzAHPSpL7WvS5AYqPxEs","out_trade_no":"29788_29788_0704153219_3286","result_code":"SUCCESS","return_code":"SUCCESS","sign":"993502C24CDCC8CF90AF2F95937D3002","time_end":"20190704153304","total_fee":"1","trade_type":"NATIVE","transaction_id":"4200000332201907041594544014"}
[2019-07-04 15:33:06][debug] query:{"appid":"wxdbba8ae5cc57d71e","attach":"\u5145\u503c\u94bb\u77f3,\u4ef7\u503c\u4e3a600","bank_type":"CFT","cash_fee":"1","fee_type":"CNY","is_subscribe":"N","mch_id":"1230458202","nonce_str":"AiyTqrP5p2gtTROq","openid":"oT36SuALHzAHPSpL7WvS5AYqPxEs","out_trade_no":"29788_29788_0704153219_3286","result_code":"SUCCESS","return_code":"SUCCESS","return_msg":"OK","sign":"2B029CFAD8C1C058AB46FB5F1519015F","time_end":"20190704153304","total_fee":"1","trade_state":"SUCCESS","trade_state_desc":"\u652f\u4ed8\u6210\u529f","trade_type":"NATIVE","transaction_id":"4200000332201907041594544014"}
[2019-07-04 15:33:06][debug] 已进入
[2019-07-04 15:33:06][debug] select * from cmf_users_charge where orderno='29788_29788_0704153219_3286' and status='0' and type='2'
[2019-07-04 15:33:06][debug] 29788_29788_0704153219_3286 订单信息不存在
[2019-07-04 15:33:22][debug] begin notify
[2019-07-04 15:33:22][debug] call back:{"appid":"wxdbba8ae5cc57d71e","attach":"\u5145\u503c\u94bb\u77f3,\u4ef7\u503c\u4e3a600","bank_type":"CFT","cash_fee":"1","fee_type":"CNY","is_subscribe":"N","mch_id":"1230458202","nonce_str":"n8wzok9h9nqrhcz723h9aamp1pcsek53","openid":"oT36SuALHzAHPSpL7WvS5AYqPxEs","out_trade_no":"29788_29788_0704153219_3286","result_code":"SUCCESS","return_code":"SUCCESS","sign":"993502C24CDCC8CF90AF2F95937D3002","time_end":"20190704153304","total_fee":"1","trade_type":"NATIVE","transaction_id":"4200000332201907041594544014"}
[2019-07-04 15:33:22][debug] query:{"appid":"wxdbba8ae5cc57d71e","attach":"\u5145\u503c\u94bb\u77f3,\u4ef7\u503c\u4e3a600","bank_type":"CFT","cash_fee":"1","fee_type":"CNY","is_subscribe":"N","mch_id":"1230458202","nonce_str":"uZzeLgVSr2NGWKRy","openid":"oT36SuALHzAHPSpL7WvS5AYqPxEs","out_trade_no":"29788_29788_0704153219_3286","result_code":"SUCCESS","return_code":"SUCCESS","return_msg":"OK","sign":"3A8F71700044E16A805D625837386148","time_end":"20190704153304","total_fee":"1","trade_state":"SUCCESS","trade_state_desc":"\u652f\u4ed8\u6210\u529f","trade_type":"NATIVE","transaction_id":"4200000332201907041594544014"}
[2019-07-04 15:33:22][debug] 已进入
[2019-07-04 15:33:22][debug] select * from cmf_users_charge where orderno='29788_29788_0704153219_3286' and status='0' and type='2'
[2019-07-04 15:33:22][debug] 29788_29788_0704153219_3286 订单信息不存在
[2019-07-04 15:33:37][debug] begin notify
[2019-07-04 15:33:37][debug] call back:{"appid":"wxdbba8ae5cc57d71e","attach":"\u5145\u503c\u94bb\u77f3,\u4ef7\u503c\u4e3a600","bank_type":"CFT","cash_fee":"1","fee_type":"CNY","is_subscribe":"N","mch_id":"1230458202","nonce_str":"n8wzok9h9nqrhcz723h9aamp1pcsek53","openid":"oT36SuALHzAHPSpL7WvS5AYqPxEs","out_trade_no":"29788_29788_0704153219_3286","result_code":"SUCCESS","return_code":"SUCCESS","sign":"993502C24CDCC8CF90AF2F95937D3002","time_end":"20190704153304","total_fee":"1","trade_type":"NATIVE","transaction_id":"4200000332201907041594544014"}
[2019-07-04 15:33:37][debug] query:{"appid":"wxdbba8ae5cc57d71e","attach":"\u5145\u503c\u94bb\u77f3,\u4ef7\u503c\u4e3a600","bank_type":"CFT","cash_fee":"1","fee_type":"CNY","is_subscribe":"N","mch_id":"1230458202","nonce_str":"7cI5MiSsf3Z0VGYz","openid":"oT36SuALHzAHPSpL7WvS5AYqPxEs","out_trade_no":"29788_29788_0704153219_3286","result_code":"SUCCESS","return_code":"SUCCESS","return_msg":"OK","sign":"248DE092A04B448D4AD33780017311E7","time_end":"20190704153304","total_fee":"1","trade_state":"SUCCESS","trade_state_desc":"\u652f\u4ed8\u6210\u529f","trade_type":"NATIVE","transaction_id":"4200000332201907041594544014"}
[2019-07-04 15:33:37][debug] 已进入
[2019-07-04 15:33:37][debug] select * from cmf_users_charge where orderno='29788_29788_0704153219_3286' and status='0' and type='2'
[2019-07-04 15:33:37][debug] 29788_29788_0704153219_3286 订单信息不存在
[2019-07-04 15:34:08][debug] begin notify
[2019-07-04 15:34:08][debug] call back:{"appid":"wxdbba8ae5cc57d71e","attach":"\u5145\u503c\u94bb\u77f3,\u4ef7\u503c\u4e3a600","bank_type":"CFT","cash_fee":"1","fee_type":"CNY","is_subscribe":"N","mch_id":"1230458202","nonce_str":"n8wzok9h9nqrhcz723h9aamp1pcsek53","openid":"oT36SuALHzAHPSpL7WvS5AYqPxEs","out_trade_no":"29788_29788_0704153219_3286","result_code":"SUCCESS","return_code":"SUCCESS","sign":"993502C24CDCC8CF90AF2F95937D3002","time_end":"20190704153304","total_fee":"1","trade_type":"NATIVE","transaction_id":"4200000332201907041594544014"}
[2019-07-04 15:34:08][debug] query:{"appid":"wxdbba8ae5cc57d71e","attach":"\u5145\u503c\u94bb\u77f3,\u4ef7\u503c\u4e3a600","bank_type":"CFT","cash_fee":"1","fee_type":"CNY","is_subscribe":"N","mch_id":"1230458202","nonce_str":"hZT4SCc4Dx8ZL6kU","openid":"oT36SuALHzAHPSpL7WvS5AYqPxEs","out_trade_no":"29788_29788_0704153219_3286","result_code":"SUCCESS","return_code":"SUCCESS","return_msg":"OK","sign":"3BC47995D43FB641D45CCAD6F2B62D5C","time_end":"20190704153304","total_fee":"1","trade_state":"SUCCESS","trade_state_desc":"\u652f\u4ed8\u6210\u529f","trade_type":"NATIVE","transaction_id":"4200000332201907041594544014"}
[2019-07-04 15:34:08][debug] 已进入
[2019-07-04 15:34:08][debug] select * from cmf_users_charge where orderno='29788_29788_0704153219_3286' and status='0' and type='2'
[2019-07-04 15:34:08][debug] 29788_29788_0704153219_3286 订单信息不存在
[2019-07-04 15:37:08][debug] begin notify
[2019-07-04 15:37:08][debug] call back:{"appid":"wxdbba8ae5cc57d71e","attach":"\u5145\u503c\u94bb\u77f3,\u4ef7\u503c\u4e3a600","bank_type":"CFT","cash_fee":"1","fee_type":"CNY","is_subscribe":"N","mch_id":"1230458202","nonce_str":"n8wzok9h9nqrhcz723h9aamp1pcsek53","openid":"oT36SuALHzAHPSpL7WvS5AYqPxEs","out_trade_no":"29788_29788_0704153219_3286","result_code":"SUCCESS","return_code":"SUCCESS","sign":"993502C24CDCC8CF90AF2F95937D3002","time_end":"20190704153304","total_fee":"1","trade_type":"NATIVE","transaction_id":"4200000332201907041594544014"}
[2019-07-04 15:37:08][debug] query:{"appid":"wxdbba8ae5cc57d71e","attach":"\u5145\u503c\u94bb\u77f3,\u4ef7\u503c\u4e3a600","bank_type":"CFT","cash_fee":"1","fee_type":"CNY","is_subscribe":"N","mch_id":"1230458202","nonce_str":"yYcLVgzPGkGuWrni","openid":"oT36SuALHzAHPSpL7WvS5AYqPxEs","out_trade_no":"29788_29788_0704153219_3286","result_code":"SUCCESS","return_code":"SUCCESS","return_msg":"OK","sign":"B56088EC5835ED308C2D8292F561C918","time_end":"20190704153304","total_fee":"1","trade_state":"SUCCESS","trade_state_desc":"\u652f\u4ed8\u6210\u529f","trade_type":"NATIVE","transaction_id":"4200000332201907041594544014"}
[2019-07-04 15:37:08][debug] 已进入
[2019-07-04 15:37:08][debug] select * from cmf_users_charge where orderno='29788_29788_0704153219_3286' and status='0' and type='2'
[2019-07-04 15:37:08][debug] 29788_29788_0704153219_3286 订单信息不存在
[2019-07-04 15:47:09][debug] begin notify
[2019-07-04 15:47:09][debug] call back:{"appid":"wxdbba8ae5cc57d71e","attach":"\u5145\u503c\u94bb\u77f3,\u4ef7\u503c\u4e3a600","bank_type":"CFT","cash_fee":"1","fee_type":"CNY","is_subscribe":"N","mch_id":"1230458202","nonce_str":"n8wzok9h9nqrhcz723h9aamp1pcsek53","openid":"oT36SuALHzAHPSpL7WvS5AYqPxEs","out_trade_no":"29788_29788_0704153219_3286","result_code":"SUCCESS","return_code":"SUCCESS","sign":"993502C24CDCC8CF90AF2F95937D3002","time_end":"20190704153304","total_fee":"1","trade_type":"NATIVE","transaction_id":"4200000332201907041594544014"}
[2019-07-04 15:47:09][debug] query:{"appid":"wxdbba8ae5cc57d71e","attach":"\u5145\u503c\u94bb\u77f3,\u4ef7\u503c\u4e3a600","bank_type":"CFT","cash_fee":"1","fee_type":"CNY","is_subscribe":"N","mch_id":"1230458202","nonce_str":"yiTu3ctyLOpvuomx","openid":"oT36SuALHzAHPSpL7WvS5AYqPxEs","out_trade_no":"29788_29788_0704153219_3286","result_code":"SUCCESS","return_code":"SUCCESS","return_msg":"OK","sign":"A84AE58E886E2A87C0FD978E9AD7C0AD","time_end":"20190704153304","total_fee":"1","trade_state":"SUCCESS","trade_state_desc":"\u652f\u4ed8\u6210\u529f","trade_type":"NATIVE","transaction_id":"4200000332201907041594544014"}
[2019-07-04 15:47:09][debug] 已进入
[2019-07-04 15:47:09][debug] select * from cmf_users_charge where orderno='29788_29788_0704153219_3286' and status='0' and type='2'
[2019-07-04 15:47:09][debug] 29788_29788_0704153219_3286 订单信息不存在
[2019-07-04 16:07:09][debug] begin notify
[2019-07-04 16:07:09][debug] call back:{"appid":"wxdbba8ae5cc57d71e","attach":"\u5145\u503c\u94bb\u77f3,\u4ef7\u503c\u4e3a600","bank_type":"CFT","cash_fee":"1","fee_type":"CNY","is_subscribe":"N","mch_id":"1230458202","nonce_str":"n8wzok9h9nqrhcz723h9aamp1pcsek53","openid":"oT36SuALHzAHPSpL7WvS5AYqPxEs","out_trade_no":"29788_29788_0704153219_3286","result_code":"SUCCESS","return_code":"SUCCESS","sign":"993502C24CDCC8CF90AF2F95937D3002","time_end":"20190704153304","total_fee":"1","trade_type":"NATIVE","transaction_id":"4200000332201907041594544014"}
[2019-07-04 16:07:09][debug] query:{"appid":"wxdbba8ae5cc57d71e","attach":"\u5145\u503c\u94bb\u77f3,\u4ef7\u503c\u4e3a600","bank_type":"CFT","cash_fee":"1","fee_type":"CNY","is_subscribe":"N","mch_id":"1230458202","nonce_str":"6GVB3ABRNrbP8tzz","openid":"oT36SuALHzAHPSpL7WvS5AYqPxEs","out_trade_no":"29788_29788_0704153219_3286","result_code":"SUCCESS","return_code":"SUCCESS","return_msg":"OK","sign":"962859FA61E225DBE60D52038899A1A4","time_end":"20190704153304","total_fee":"1","trade_state":"SUCCESS","trade_state_desc":"\u652f\u4ed8\u6210\u529f","trade_type":"NATIVE","transaction_id":"4200000332201907041594544014"}
[2019-07-04 16:07:09][debug] 已进入
[2019-07-04 16:07:09][debug] select * from cmf_users_charge where orderno='29788_29788_0704153219_3286' and status='0' and type='2'
[2019-07-04 16:07:09][debug] 29788_29788_0704153219_3286 订单信息不存在
[2019-07-04 16:37:10][debug] begin notify
[2019-07-04 16:37:10][debug] call back:{"appid":"wxdbba8ae5cc57d71e","attach":"\u5145\u503c\u94bb\u77f3,\u4ef7\u503c\u4e3a600","bank_type":"CFT","cash_fee":"1","fee_type":"CNY","is_subscribe":"N","mch_id":"1230458202","nonce_str":"n8wzok9h9nqrhcz723h9aamp1pcsek53","openid":"oT36SuALHzAHPSpL7WvS5AYqPxEs","out_trade_no":"29788_29788_0704153219_3286","result_code":"SUCCESS","return_code":"SUCCESS","sign":"993502C24CDCC8CF90AF2F95937D3002","time_end":"20190704153304","total_fee":"1","trade_type":"NATIVE","transaction_id":"4200000332201907041594544014"}
[2019-07-04 16:37:11][debug] query:{"appid":"wxdbba8ae5cc57d71e","attach":"\u5145\u503c\u94bb\u77f3,\u4ef7\u503c\u4e3a600","bank_type":"CFT","cash_fee":"1","fee_type":"CNY","is_subscribe":"N","mch_id":"1230458202","nonce_str":"F7S5Ij2HbJSo0ONW","openid":"oT36SuALHzAHPSpL7WvS5AYqPxEs","out_trade_no":"29788_29788_0704153219_3286","result_code":"SUCCESS","return_code":"SUCCESS","return_msg":"OK","sign":"2AD8651F9ACE2C9AB83AD133639BE0A6","time_end":"20190704153304","total_fee":"1","trade_state":"SUCCESS","trade_state_desc":"\u652f\u4ed8\u6210\u529f","trade_type":"NATIVE","transaction_id":"4200000332201907041594544014"}
[2019-07-04 16:37:11][debug] 已进入
[2019-07-04 16:37:11][debug] select * from cmf_users_charge where orderno='29788_29788_0704153219_3286' and status='0' and type='2'
[2019-07-04 16:37:11][debug] 29788_29788_0704153219_3286 订单信息不存在
[2019-07-04 17:07:11][debug] begin notify
[2019-07-04 17:07:11][debug] call back:{"appid":"wxdbba8ae5cc57d71e","attach":"\u5145\u503c\u94bb\u77f3,\u4ef7\u503c\u4e3a600","bank_type":"CFT","cash_fee":"1","fee_type":"CNY","is_subscribe":"N","mch_id":"1230458202","nonce_str":"n8wzok9h9nqrhcz723h9aamp1pcsek53","openid":"oT36SuALHzAHPSpL7WvS5AYqPxEs","out_trade_no":"29788_29788_0704153219_3286","result_code":"SUCCESS","return_code":"SUCCESS","sign":"993502C24CDCC8CF90AF2F95937D3002","time_end":"20190704153304","total_fee":"1","trade_type":"NATIVE","transaction_id":"4200000332201907041594544014"}
[2019-07-04 17:07:12][debug] query:{"appid":"wxdbba8ae5cc57d71e","attach":"\u5145\u503c\u94bb\u77f3,\u4ef7\u503c\u4e3a600","bank_type":"CFT","cash_fee":"1","fee_type":"CNY","is_subscribe":"N","mch_id":"1230458202","nonce_str":"shz6xBapXWlvoLf4","openid":"oT36SuALHzAHPSpL7WvS5AYqPxEs","out_trade_no":"29788_29788_0704153219_3286","result_code":"SUCCESS","return_code":"SUCCESS","return_msg":"OK","sign":"1B36582F2278A516E1A230AA776896EA","time_end":"20190704153304","total_fee":"1","trade_state":"SUCCESS","trade_state_desc":"\u652f\u4ed8\u6210\u529f","trade_type":"NATIVE","transaction_id":"4200000332201907041594544014"}
[2019-07-04 17:07:12][debug] 已进入
[2019-07-04 17:07:12][debug] select * from cmf_users_charge where orderno='29788_29788_0704153219_3286' and status='0' and type='2'
[2019-07-04 17:07:12][debug] 29788_29788_0704153219_3286 订单信息不存在
[2019-07-04 18:07:13][debug] begin notify
[2019-07-04 18:07:13][debug] call back:{"appid":"wxdbba8ae5cc57d71e","attach":"\u5145\u503c\u94bb\u77f3,\u4ef7\u503c\u4e3a600","bank_type":"CFT","cash_fee":"1","fee_type":"CNY","is_subscribe":"N","mch_id":"1230458202","nonce_str":"n8wzok9h9nqrhcz723h9aamp1pcsek53","openid":"oT36SuALHzAHPSpL7WvS5AYqPxEs","out_trade_no":"29788_29788_0704153219_3286","result_code":"SUCCESS","return_code":"SUCCESS","sign":"993502C24CDCC8CF90AF2F95937D3002","time_end":"20190704153304","total_fee":"1","trade_type":"NATIVE","transaction_id":"4200000332201907041594544014"}
[2019-07-04 18:07:13][debug] query:{"appid":"wxdbba8ae5cc57d71e","attach":"\u5145\u503c\u94bb\u77f3,\u4ef7\u503c\u4e3a600","bank_type":"CFT","cash_fee":"1","fee_type":"CNY","is_subscribe":"N","mch_id":"1230458202","nonce_str":"litMl6nz5keHu30F","openid":"oT36SuALHzAHPSpL7WvS5AYqPxEs","out_trade_no":"29788_29788_0704153219_3286","result_code":"SUCCESS","return_code":"SUCCESS","return_msg":"OK","sign":"CE10102A7C2FBE1CE02F0595DECA55D5","time_end":"20190704153304","total_fee":"1","trade_state":"SUCCESS","trade_state_desc":"\u652f\u4ed8\u6210\u529f","trade_type":"NATIVE","transaction_id":"4200000332201907041594544014"}
[2019-07-04 18:07:13][debug] 已进入
[2019-07-04 18:07:13][debug] select * from cmf_users_charge where orderno='29788_29788_0704153219_3286' and status='0' and type='2'
[2019-07-04 18:07:13][debug] 29788_29788_0704153219_3286 订单信息不存在
[2019-07-04 21:07:14][debug] begin notify
[2019-07-04 21:07:14][debug] call back:{"appid":"wxdbba8ae5cc57d71e","attach":"\u5145\u503c\u94bb\u77f3,\u4ef7\u503c\u4e3a600","bank_type":"CFT","cash_fee":"1","fee_type":"CNY","is_subscribe":"N","mch_id":"1230458202","nonce_str":"n8wzok9h9nqrhcz723h9aamp1pcsek53","openid":"oT36SuALHzAHPSpL7WvS5AYqPxEs","out_trade_no":"29788_29788_0704153219_3286","result_code":"SUCCESS","return_code":"SUCCESS","sign":"993502C24CDCC8CF90AF2F95937D3002","time_end":"20190704153304","total_fee":"1","trade_type":"NATIVE","transaction_id":"4200000332201907041594544014"}
[2019-07-04 21:07:14][debug] query:{"appid":"wxdbba8ae5cc57d71e","attach":"\u5145\u503c\u94bb\u77f3,\u4ef7\u503c\u4e3a600","bank_type":"CFT","cash_fee":"1","fee_type":"CNY","is_subscribe":"N","mch_id":"1230458202","nonce_str":"MRPNi28ZBYbhoCEm","openid":"oT36SuALHzAHPSpL7WvS5AYqPxEs","out_trade_no":"29788_29788_0704153219_3286","result_code":"SUCCESS","return_code":"SUCCESS","return_msg":"OK","sign":"716F48E895C650C8EE58D7CDFFE32338","time_end":"20190704153304","total_fee":"1","trade_state":"SUCCESS","trade_state_desc":"\u652f\u4ed8\u6210\u529f","trade_type":"NATIVE","transaction_id":"4200000332201907041594544014"}
[2019-07-04 21:07:14][debug] 已进入
[2019-07-04 21:07:14][debug] select * from cmf_users_charge where orderno='29788_29788_0704153219_3286' and status='0' and type='2'
[2019-07-04 21:07:14][debug] 29788_29788_0704153219_3286 订单信息不存在
