[2019-11-07 17:40:51][debug] begin notify
[2019-11-07 17:40:51][debug] call back:{"appid":"wxdbba8ae5cc57d71e","attach":"\u5145\u503c\u94bb\u77f3,\u4ef7\u503c\u4e3a600","bank_type":"CFT","cash_fee":"1","fee_type":"CNY","is_subscribe":"N","mch_id":"1230458202","nonce_str":"n9qh9miq2w4ejhs6gxxcrvzqxt1sq2q6","openid":"oT36SuKUBJkD32VWrhlNiyKAzP3o","out_trade_no":"34578_34578_1107174027_8491","result_code":"SUCCESS","return_code":"SUCCESS","sign":"059796E84CEBAECA9863BB1018EF03CA","time_end":"20191107174051","total_fee":"1","trade_type":"NATIVE","transaction_id":"4200000441201911077834121122"}
[2019-11-07 17:40:51][debug] query:{"appid":"wxdbba8ae5cc57d71e","attach":"\u5145\u503c\u94bb\u77f3,\u4ef7\u503c\u4e3a600","bank_type":"CFT","cash_fee":"1","cash_fee_type":"CNY","fee_type":"CNY","is_subscribe":"N","mch_id":"1230458202","nonce_str":"REHf6vAujydDxppR","openid":"oT36SuKUBJkD32VWrhlNiyKAzP3o","out_trade_no":"34578_34578_1107174027_8491","result_code":"SUCCESS","return_code":"SUCCESS","return_msg":"OK","sign":"AF667EFF803C4A21A7DDF429795C7513","time_end":"20191107174051","total_fee":"1","trade_state":"SUCCESS","trade_state_desc":"\u652f\u4ed8\u6210\u529f","trade_type":"NATIVE","transaction_id":"4200000441201911077834121122"}
[2019-11-07 17:40:51][debug] 已进入
[2019-11-07 17:40:51][debug] select * from cmf_users_charge where orderno='34578_34578_1107174027_8491' and status='0' and type='2'
[2019-11-07 17:40:51][debug] 34578_34578_1107174027_8491 订单信息不存在
[2019-11-07 17:41:07][debug] begin notify
[2019-11-07 17:41:07][debug] call back:{"appid":"wxdbba8ae5cc57d71e","attach":"\u5145\u503c\u94bb\u77f3,\u4ef7\u503c\u4e3a600","bank_type":"CFT","cash_fee":"1","fee_type":"CNY","is_subscribe":"N","mch_id":"1230458202","nonce_str":"n9qh9miq2w4ejhs6gxxcrvzqxt1sq2q6","openid":"oT36SuKUBJkD32VWrhlNiyKAzP3o","out_trade_no":"34578_34578_1107174027_8491","result_code":"SUCCESS","return_code":"SUCCESS","sign":"059796E84CEBAECA9863BB1018EF03CA","time_end":"20191107174051","total_fee":"1","trade_type":"NATIVE","transaction_id":"4200000441201911077834121122"}
[2019-11-07 17:41:07][debug] query:{"appid":"wxdbba8ae5cc57d71e","attach":"\u5145\u503c\u94bb\u77f3,\u4ef7\u503c\u4e3a600","bank_type":"CFT","cash_fee":"1","cash_fee_type":"CNY","fee_type":"CNY","is_subscribe":"N","mch_id":"1230458202","nonce_str":"IMNsau4wqpdaSOMo","openid":"oT36SuKUBJkD32VWrhlNiyKAzP3o","out_trade_no":"34578_34578_1107174027_8491","result_code":"SUCCESS","return_code":"SUCCESS","return_msg":"OK","sign":"DD05A3DC3AA35682EB989DD6A6BA845B","time_end":"20191107174051","total_fee":"1","trade_state":"SUCCESS","trade_state_desc":"\u652f\u4ed8\u6210\u529f","trade_type":"NATIVE","transaction_id":"4200000441201911077834121122"}
[2019-11-07 17:41:07][debug] 已进入
[2019-11-07 17:41:07][debug] select * from cmf_users_charge where orderno='34578_34578_1107174027_8491' and status='0' and type='2'
[2019-11-07 17:41:07][debug] 34578_34578_1107174027_8491 订单信息不存在
[2019-11-07 17:41:23][debug] begin notify
[2019-11-07 17:41:23][debug] call back:{"appid":"wxdbba8ae5cc57d71e","attach":"\u5145\u503c\u94bb\u77f3,\u4ef7\u503c\u4e3a600","bank_type":"CFT","cash_fee":"1","fee_type":"CNY","is_subscribe":"N","mch_id":"1230458202","nonce_str":"n9qh9miq2w4ejhs6gxxcrvzqxt1sq2q6","openid":"oT36SuKUBJkD32VWrhlNiyKAzP3o","out_trade_no":"34578_34578_1107174027_8491","result_code":"SUCCESS","return_code":"SUCCESS","sign":"059796E84CEBAECA9863BB1018EF03CA","time_end":"20191107174051","total_fee":"1","trade_type":"NATIVE","transaction_id":"4200000441201911077834121122"}
[2019-11-07 17:41:23][debug] query:{"appid":"wxdbba8ae5cc57d71e","attach":"\u5145\u503c\u94bb\u77f3,\u4ef7\u503c\u4e3a600","bank_type":"CFT","cash_fee":"1","cash_fee_type":"CNY","fee_type":"CNY","is_subscribe":"N","mch_id":"1230458202","nonce_str":"oxpYzGoNS3hnpnNX","openid":"oT36SuKUBJkD32VWrhlNiyKAzP3o","out_trade_no":"34578_34578_1107174027_8491","result_code":"SUCCESS","return_code":"SUCCESS","return_msg":"OK","sign":"64FF67A865522F4B066B0FFAE463EE47","time_end":"20191107174051","total_fee":"1","trade_state":"SUCCESS","trade_state_desc":"\u652f\u4ed8\u6210\u529f","trade_type":"NATIVE","transaction_id":"4200000441201911077834121122"}
[2019-11-07 17:41:23][debug] 已进入
[2019-11-07 17:41:23][debug] select * from cmf_users_charge where orderno='34578_34578_1107174027_8491' and status='0' and type='2'
[2019-11-07 17:41:23][debug] 34578_34578_1107174027_8491 订单信息不存在
[2019-11-07 17:41:53][debug] begin notify
[2019-11-07 17:41:53][debug] call back:{"appid":"wxdbba8ae5cc57d71e","attach":"\u5145\u503c\u94bb\u77f3,\u4ef7\u503c\u4e3a600","bank_type":"CFT","cash_fee":"1","fee_type":"CNY","is_subscribe":"N","mch_id":"1230458202","nonce_str":"n9qh9miq2w4ejhs6gxxcrvzqxt1sq2q6","openid":"oT36SuKUBJkD32VWrhlNiyKAzP3o","out_trade_no":"34578_34578_1107174027_8491","result_code":"SUCCESS","return_code":"SUCCESS","sign":"059796E84CEBAECA9863BB1018EF03CA","time_end":"20191107174051","total_fee":"1","trade_type":"NATIVE","transaction_id":"4200000441201911077834121122"}
[2019-11-07 17:41:53][debug] query:{"appid":"wxdbba8ae5cc57d71e","attach":"\u5145\u503c\u94bb\u77f3,\u4ef7\u503c\u4e3a600","bank_type":"CFT","cash_fee":"1","cash_fee_type":"CNY","fee_type":"CNY","is_subscribe":"N","mch_id":"1230458202","nonce_str":"vOFvNfBCU9ym7GTp","openid":"oT36SuKUBJkD32VWrhlNiyKAzP3o","out_trade_no":"34578_34578_1107174027_8491","result_code":"SUCCESS","return_code":"SUCCESS","return_msg":"OK","sign":"A411C45CF92A550C09CA8583CA7AF900","time_end":"20191107174051","total_fee":"1","trade_state":"SUCCESS","trade_state_desc":"\u652f\u4ed8\u6210\u529f","trade_type":"NATIVE","transaction_id":"4200000441201911077834121122"}
[2019-11-07 17:41:53][debug] 已进入
[2019-11-07 17:41:53][debug] select * from cmf_users_charge where orderno='34578_34578_1107174027_8491' and status='0' and type='2'
[2019-11-07 17:41:53][debug] 34578_34578_1107174027_8491 订单信息不存在
[2019-11-07 17:44:54][debug] begin notify
[2019-11-07 17:44:54][debug] call back:{"appid":"wxdbba8ae5cc57d71e","attach":"\u5145\u503c\u94bb\u77f3,\u4ef7\u503c\u4e3a600","bank_type":"CFT","cash_fee":"1","fee_type":"CNY","is_subscribe":"N","mch_id":"1230458202","nonce_str":"n9qh9miq2w4ejhs6gxxcrvzqxt1sq2q6","openid":"oT36SuKUBJkD32VWrhlNiyKAzP3o","out_trade_no":"34578_34578_1107174027_8491","result_code":"SUCCESS","return_code":"SUCCESS","sign":"059796E84CEBAECA9863BB1018EF03CA","time_end":"20191107174051","total_fee":"1","trade_type":"NATIVE","transaction_id":"4200000441201911077834121122"}
[2019-11-07 17:44:54][debug] query:{"appid":"wxdbba8ae5cc57d71e","attach":"\u5145\u503c\u94bb\u77f3,\u4ef7\u503c\u4e3a600","bank_type":"CFT","cash_fee":"1","cash_fee_type":"CNY","fee_type":"CNY","is_subscribe":"N","mch_id":"1230458202","nonce_str":"ChhhscByT0eeHKLA","openid":"oT36SuKUBJkD32VWrhlNiyKAzP3o","out_trade_no":"34578_34578_1107174027_8491","result_code":"SUCCESS","return_code":"SUCCESS","return_msg":"OK","sign":"E6BEF4FCB1B8189E3FDAA7113C241ECC","time_end":"20191107174051","total_fee":"1","trade_state":"SUCCESS","trade_state_desc":"\u652f\u4ed8\u6210\u529f","trade_type":"NATIVE","transaction_id":"4200000441201911077834121122"}
[2019-11-07 17:44:54][debug] 已进入
[2019-11-07 17:44:54][debug] select * from cmf_users_charge where orderno='34578_34578_1107174027_8491' and status='0' and type='2'
[2019-11-07 17:44:54][debug] 34578_34578_1107174027_8491 订单信息不存在
[2019-11-07 17:54:55][debug] begin notify
[2019-11-07 17:54:55][debug] call back:{"appid":"wxdbba8ae5cc57d71e","attach":"\u5145\u503c\u94bb\u77f3,\u4ef7\u503c\u4e3a600","bank_type":"CFT","cash_fee":"1","fee_type":"CNY","is_subscribe":"N","mch_id":"1230458202","nonce_str":"n9qh9miq2w4ejhs6gxxcrvzqxt1sq2q6","openid":"oT36SuKUBJkD32VWrhlNiyKAzP3o","out_trade_no":"34578_34578_1107174027_8491","result_code":"SUCCESS","return_code":"SUCCESS","sign":"059796E84CEBAECA9863BB1018EF03CA","time_end":"20191107174051","total_fee":"1","trade_type":"NATIVE","transaction_id":"4200000441201911077834121122"}
[2019-11-07 17:54:55][debug] query:{"appid":"wxdbba8ae5cc57d71e","attach":"\u5145\u503c\u94bb\u77f3,\u4ef7\u503c\u4e3a600","bank_type":"CFT","cash_fee":"1","cash_fee_type":"CNY","fee_type":"CNY","is_subscribe":"N","mch_id":"1230458202","nonce_str":"wVHno9l1dR7gpHTj","openid":"oT36SuKUBJkD32VWrhlNiyKAzP3o","out_trade_no":"34578_34578_1107174027_8491","result_code":"SUCCESS","return_code":"SUCCESS","return_msg":"OK","sign":"DEC2321ACC6DBAABD3978F3D42BD9F5F","time_end":"20191107174051","total_fee":"1","trade_state":"SUCCESS","trade_state_desc":"\u652f\u4ed8\u6210\u529f","trade_type":"NATIVE","transaction_id":"4200000441201911077834121122"}
[2019-11-07 17:54:55][debug] 已进入
[2019-11-07 17:54:55][debug] select * from cmf_users_charge where orderno='34578_34578_1107174027_8491' and status='0' and type='2'
[2019-11-07 17:54:55][debug] 34578_34578_1107174027_8491 订单信息不存在
[2019-11-07 18:14:56][debug] begin notify
[2019-11-07 18:14:56][debug] call back:{"appid":"wxdbba8ae5cc57d71e","attach":"\u5145\u503c\u94bb\u77f3,\u4ef7\u503c\u4e3a600","bank_type":"CFT","cash_fee":"1","fee_type":"CNY","is_subscribe":"N","mch_id":"1230458202","nonce_str":"n9qh9miq2w4ejhs6gxxcrvzqxt1sq2q6","openid":"oT36SuKUBJkD32VWrhlNiyKAzP3o","out_trade_no":"34578_34578_1107174027_8491","result_code":"SUCCESS","return_code":"SUCCESS","sign":"059796E84CEBAECA9863BB1018EF03CA","time_end":"20191107174051","total_fee":"1","trade_type":"NATIVE","transaction_id":"4200000441201911077834121122"}
[2019-11-07 18:14:56][debug] query:{"appid":"wxdbba8ae5cc57d71e","attach":"\u5145\u503c\u94bb\u77f3,\u4ef7\u503c\u4e3a600","bank_type":"CFT","cash_fee":"1","cash_fee_type":"CNY","fee_type":"CNY","is_subscribe":"N","mch_id":"1230458202","nonce_str":"oUYIX8H4SlsYDKEV","openid":"oT36SuKUBJkD32VWrhlNiyKAzP3o","out_trade_no":"34578_34578_1107174027_8491","result_code":"SUCCESS","return_code":"SUCCESS","return_msg":"OK","sign":"3A9C0FCB3EB3C9FFDBF0D7A7C1C1E772","time_end":"20191107174051","total_fee":"1","trade_state":"SUCCESS","trade_state_desc":"\u652f\u4ed8\u6210\u529f","trade_type":"NATIVE","transaction_id":"4200000441201911077834121122"}
[2019-11-07 18:14:56][debug] 已进入
[2019-11-07 18:14:56][debug] select * from cmf_users_charge where orderno='34578_34578_1107174027_8491' and status='0' and type='2'
[2019-11-07 18:14:56][debug] 34578_34578_1107174027_8491 订单信息不存在
[2019-11-07 18:44:57][debug] begin notify
[2019-11-07 18:44:57][debug] call back:{"appid":"wxdbba8ae5cc57d71e","attach":"\u5145\u503c\u94bb\u77f3,\u4ef7\u503c\u4e3a600","bank_type":"CFT","cash_fee":"1","fee_type":"CNY","is_subscribe":"N","mch_id":"1230458202","nonce_str":"n9qh9miq2w4ejhs6gxxcrvzqxt1sq2q6","openid":"oT36SuKUBJkD32VWrhlNiyKAzP3o","out_trade_no":"34578_34578_1107174027_8491","result_code":"SUCCESS","return_code":"SUCCESS","sign":"059796E84CEBAECA9863BB1018EF03CA","time_end":"20191107174051","total_fee":"1","trade_type":"NATIVE","transaction_id":"4200000441201911077834121122"}
[2019-11-07 18:44:58][debug] query:{"appid":"wxdbba8ae5cc57d71e","attach":"\u5145\u503c\u94bb\u77f3,\u4ef7\u503c\u4e3a600","bank_type":"CFT","cash_fee":"1","cash_fee_type":"CNY","fee_type":"CNY","is_subscribe":"N","mch_id":"1230458202","nonce_str":"fXugPKgsxGldWtFr","openid":"oT36SuKUBJkD32VWrhlNiyKAzP3o","out_trade_no":"34578_34578_1107174027_8491","result_code":"SUCCESS","return_code":"SUCCESS","return_msg":"OK","sign":"114D1DDA2B73B1F1480A43B53960586E","time_end":"20191107174051","total_fee":"1","trade_state":"SUCCESS","trade_state_desc":"\u652f\u4ed8\u6210\u529f","trade_type":"NATIVE","transaction_id":"4200000441201911077834121122"}
[2019-11-07 18:44:58][debug] 已进入
[2019-11-07 18:44:58][debug] select * from cmf_users_charge where orderno='34578_34578_1107174027_8491' and status='0' and type='2'
[2019-11-07 18:44:58][debug] 34578_34578_1107174027_8491 订单信息不存在
[2019-11-07 19:14:58][debug] begin notify
[2019-11-07 19:14:58][debug] call back:{"appid":"wxdbba8ae5cc57d71e","attach":"\u5145\u503c\u94bb\u77f3,\u4ef7\u503c\u4e3a600","bank_type":"CFT","cash_fee":"1","fee_type":"CNY","is_subscribe":"N","mch_id":"1230458202","nonce_str":"n9qh9miq2w4ejhs6gxxcrvzqxt1sq2q6","openid":"oT36SuKUBJkD32VWrhlNiyKAzP3o","out_trade_no":"34578_34578_1107174027_8491","result_code":"SUCCESS","return_code":"SUCCESS","sign":"059796E84CEBAECA9863BB1018EF03CA","time_end":"20191107174051","total_fee":"1","trade_type":"NATIVE","transaction_id":"4200000441201911077834121122"}
[2019-11-07 19:14:58][debug] query:{"appid":"wxdbba8ae5cc57d71e","attach":"\u5145\u503c\u94bb\u77f3,\u4ef7\u503c\u4e3a600","bank_type":"CFT","cash_fee":"1","cash_fee_type":"CNY","fee_type":"CNY","is_subscribe":"N","mch_id":"1230458202","nonce_str":"Tda4BBPZrS7ACyMA","openid":"oT36SuKUBJkD32VWrhlNiyKAzP3o","out_trade_no":"34578_34578_1107174027_8491","result_code":"SUCCESS","return_code":"SUCCESS","return_msg":"OK","sign":"BC2BB8A23E9051511FBADE727E6F4249","time_end":"20191107174051","total_fee":"1","trade_state":"SUCCESS","trade_state_desc":"\u652f\u4ed8\u6210\u529f","trade_type":"NATIVE","transaction_id":"4200000441201911077834121122"}
[2019-11-07 19:14:58][debug] 已进入
[2019-11-07 19:14:58][debug] select * from cmf_users_charge where orderno='34578_34578_1107174027_8491' and status='0' and type='2'
[2019-11-07 19:14:58][debug] 34578_34578_1107174027_8491 订单信息不存在
[2019-11-07 20:15:00][debug] begin notify
[2019-11-07 20:15:00][debug] call back:{"appid":"wxdbba8ae5cc57d71e","attach":"\u5145\u503c\u94bb\u77f3,\u4ef7\u503c\u4e3a600","bank_type":"CFT","cash_fee":"1","fee_type":"CNY","is_subscribe":"N","mch_id":"1230458202","nonce_str":"n9qh9miq2w4ejhs6gxxcrvzqxt1sq2q6","openid":"oT36SuKUBJkD32VWrhlNiyKAzP3o","out_trade_no":"34578_34578_1107174027_8491","result_code":"SUCCESS","return_code":"SUCCESS","sign":"059796E84CEBAECA9863BB1018EF03CA","time_end":"20191107174051","total_fee":"1","trade_type":"NATIVE","transaction_id":"4200000441201911077834121122"}
[2019-11-07 20:15:00][debug] query:{"appid":"wxdbba8ae5cc57d71e","attach":"\u5145\u503c\u94bb\u77f3,\u4ef7\u503c\u4e3a600","bank_type":"CFT","cash_fee":"1","cash_fee_type":"CNY","fee_type":"CNY","is_subscribe":"N","mch_id":"1230458202","nonce_str":"Ogg3SAMYVlj4xelB","openid":"oT36SuKUBJkD32VWrhlNiyKAzP3o","out_trade_no":"34578_34578_1107174027_8491","result_code":"SUCCESS","return_code":"SUCCESS","return_msg":"OK","sign":"37F6B4CFA88452B815D455516B930419","time_end":"20191107174051","total_fee":"1","trade_state":"SUCCESS","trade_state_desc":"\u652f\u4ed8\u6210\u529f","trade_type":"NATIVE","transaction_id":"4200000441201911077834121122"}
[2019-11-07 20:15:00][debug] 已进入
[2019-11-07 20:15:00][debug] select * from cmf_users_charge where orderno='34578_34578_1107174027_8491' and status='0' and type='2'
[2019-11-07 20:15:00][debug] 34578_34578_1107174027_8491 订单信息不存在
[2019-11-07 23:15:01][debug] begin notify
[2019-11-07 23:15:01][debug] call back:{"appid":"wxdbba8ae5cc57d71e","attach":"\u5145\u503c\u94bb\u77f3,\u4ef7\u503c\u4e3a600","bank_type":"CFT","cash_fee":"1","fee_type":"CNY","is_subscribe":"N","mch_id":"1230458202","nonce_str":"n9qh9miq2w4ejhs6gxxcrvzqxt1sq2q6","openid":"oT36SuKUBJkD32VWrhlNiyKAzP3o","out_trade_no":"34578_34578_1107174027_8491","result_code":"SUCCESS","return_code":"SUCCESS","sign":"059796E84CEBAECA9863BB1018EF03CA","time_end":"20191107174051","total_fee":"1","trade_type":"NATIVE","transaction_id":"4200000441201911077834121122"}
[2019-11-07 23:15:01][debug] query:{"appid":"wxdbba8ae5cc57d71e","attach":"\u5145\u503c\u94bb\u77f3,\u4ef7\u503c\u4e3a600","bank_type":"CFT","cash_fee":"1","cash_fee_type":"CNY","fee_type":"CNY","is_subscribe":"N","mch_id":"1230458202","nonce_str":"T2Zt9pIeLGbiKdmO","openid":"oT36SuKUBJkD32VWrhlNiyKAzP3o","out_trade_no":"34578_34578_1107174027_8491","result_code":"SUCCESS","return_code":"SUCCESS","return_msg":"OK","sign":"4DE5F6554B2D154B7DB0BBBB0D6C3D2C","time_end":"20191107174051","total_fee":"1","trade_state":"SUCCESS","trade_state_desc":"\u652f\u4ed8\u6210\u529f","trade_type":"NATIVE","transaction_id":"4200000441201911077834121122"}
[2019-11-07 23:15:01][debug] 已进入
[2019-11-07 23:15:01][debug] select * from cmf_users_charge where orderno='34578_34578_1107174027_8491' and status='0' and type='2'
[2019-11-07 23:15:01][debug] 34578_34578_1107174027_8491 订单信息不存在
