[GIN-VUE-ADMIN]2021/04/20 - 17:41:25.131	[34minfo[0m	register table success
[GIN-VUE-ADMIN]2021/04/20 - 17:41:25.132	[34minfo[0m	use middleware logger
[GIN-VUE-ADMIN]2021/04/20 - 17:41:25.133	[34minfo[0m	use middleware cors
[GIN-VUE-ADMIN]2021/04/20 - 17:41:25.133	[34minfo[0m	register swagger handler
[GIN-VUE-ADMIN]2021/04/20 - 17:41:25.133	[34minfo[0m	router register success
[GIN-VUE-ADMIN]2021/04/20 - 17:41:25.134	[34minfo[0m	server run success on 	{"address": ":8888"}
[GIN-VUE-ADMIN]2021/04/20 - 17:42:25.772	[34minfo[0m	æ•°æ®åº“æ— éœ€åˆå§‹åŒ–
[GIN-VUE-ADMIN]2021/04/20 - 17:45:33.946	[34minfo[0m	æ•°æ®åº“æ— éœ€åˆå§‹åŒ–
[GIN-VUE-ADMIN]2021/04/20 - 17:45:34.286	[34minfo[0m	æ•°æ®åº“æ— éœ€åˆå§‹åŒ–
[GIN-VUE-ADMIN]2021/04/20 - 17:46:06.463	[34minfo[0m	æ•°æ®åº“æ— éœ€åˆå§‹åŒ–
[GIN-VUE-ADMIN]2021/04/20 - 17:46:11.971	[34minfo[0m	æ•°æ®åº“æ— éœ€åˆå§‹åŒ–
[GIN-VUE-ADMIN]2021/04/20 - 17:46:15.703	[34minfo[0m	æ•°æ®åº“æ— éœ€åˆå§‹åŒ–
[GIN-VUE-ADMIN]2021/04/20 - 17:46:28.761	[31merror[0m	ç™»é™†å¤±è´¥! ç”¨æˆ·åä¸å­˜åœ¨æˆ–è€…å¯†ç é”™è¯¯	{"err": "Error 1049: Unknown database 'gva'"}
[GIN-VUE-ADMIN]2021/04/20 - 17:46:32.491	[34minfo[0m	æ•°æ®åº“æ— éœ€åˆå§‹åŒ–
[GIN-VUE-ADMIN]2021/04/20 - 17:46:58.818	[34minfo[0m	use middleware logger
[GIN-VUE-ADMIN]2021/04/20 - 17:46:58.819	[34minfo[0m	use middleware cors
[GIN-VUE-ADMIN]2021/04/20 - 17:46:58.819	[34minfo[0m	register swagger handler
[GIN-VUE-ADMIN]2021/04/20 - 17:46:58.819	[34minfo[0m	router register success
[GIN-VUE-ADMIN]2021/04/20 - 17:46:58.820	[34minfo[0m	server run success on 	{"address": ":8888"}
[GIN-VUE-ADMIN]2021/04/20 - 17:47:02.005	[34minfo[0m	å‰å¾€åˆå§‹åŒ–æ•°æ®åº“
[GIN-VUE-ADMIN]2021/04/20 - 17:47:17.842	[34minfo[0m	å‰å¾€åˆå§‹åŒ–æ•°æ®åº“
[GIN-VUE-ADMIN]2021/04/20 - 17:47:23.001	[34minfo[0m	å‰å¾€åˆå§‹åŒ–æ•°æ®åº“
[GIN-VUE-ADMIN]2021/04/20 - 17:49:33.378	[34minfo[0m	å‰å¾€åˆå§‹åŒ–æ•°æ®åº“
[GIN-VUE-ADMIN]2021/04/20 - 17:53:41.815	[34minfo[0m	å‰å¾€åˆå§‹åŒ–æ•°æ®åº“
[GIN-VUE-ADMIN]2021/04/20 - 17:59:37.558	[31merror[0m	è‡ªåŠ¨åˆ›å»ºæ•°æ®åº“å¤±è´¥	{"err": "Error 1045: Access denied for user 'root'@'172.18.0.1' (using password: NO)"}
[GIN-VUE-ADMIN]2021/04/20 - 18:00:28.354	[31merror[0m	è‡ªåŠ¨åˆ›å»ºæ•°æ®åº“å¤±è´¥	{"err": "Error 1045: Access denied for user 'root'@'172.18.0.1' (using password: NO)"}
[GIN-VUE-ADMIN]2021/04/20 - 18:03:13.482	[34minfo[0m	use middleware logger
[GIN-VUE-ADMIN]2021/04/20 - 18:03:13.493	[34minfo[0m	use middleware cors
[GIN-VUE-ADMIN]2021/04/20 - 18:03:13.493	[34minfo[0m	register swagger handler
[GIN-VUE-ADMIN]2021/04/20 - 18:03:13.493	[34minfo[0m	router register success
[GIN-VUE-ADMIN]2021/04/20 - 18:03:13.494	[34minfo[0m	server run success on 	{"address": ":8888"}
[GIN-VUE-ADMIN]2021/04/20 - 18:07:44.112	[34minfo[0m	use middleware logger
[GIN-VUE-ADMIN]2021/04/20 - 18:07:44.119	[34minfo[0m	use middleware cors
[GIN-VUE-ADMIN]2021/04/20 - 18:07:44.119	[34minfo[0m	register swagger handler
[GIN-VUE-ADMIN]2021/04/20 - 18:07:44.119	[34minfo[0m	router register success
[GIN-VUE-ADMIN]2021/04/20 - 18:07:44.120	[34minfo[0m	server run success on 	{"address": ":8888"}
[GIN-VUE-ADMIN]2021/04/20 - 18:07:51.516	[34minfo[0m	å‰å¾€åˆå§‹åŒ–æ•°æ®åº“
[GIN-VUE-ADMIN]2021/04/20 - 18:07:56.849	[31merror[0m	è‡ªåŠ¨åˆ›å»ºæ•°æ®åº“å¤±è´¥	{"err": "Error 1045: Access denied for user 'root'@'172.18.0.1' (using password: NO)"}
[GIN-VUE-ADMIN]2021/04/20 - 18:08:08.686	[31merror[0m	è‡ªåŠ¨åˆ›å»ºæ•°æ®åº“å¤±è´¥	{"err": "Error 1045: Access denied for user 'root'@'172.18.0.1' (using password: YES)"}
[GIN-VUE-ADMIN]2021/04/20 - 18:09:06.254	[34minfo[0m	use middleware logger
[GIN-VUE-ADMIN]2021/04/20 - 18:09:06.255	[34minfo[0m	use middleware cors
[GIN-VUE-ADMIN]2021/04/20 - 18:09:06.255	[34minfo[0m	register swagger handler
[GIN-VUE-ADMIN]2021/04/20 - 18:09:06.256	[34minfo[0m	router register success
[GIN-VUE-ADMIN]2021/04/20 - 18:09:06.256	[34minfo[0m	server run success on 	{"address": ":8888"}
[GIN-VUE-ADMIN]2021/04/20 - 18:09:08.915	[34minfo[0m	å‰å¾€åˆå§‹åŒ–æ•°æ®åº“
[GIN-VUE-ADMIN]2021/04/20 - 18:09:13.332	[31merror[0m	è‡ªåŠ¨åˆ›å»ºæ•°æ®åº“å¤±è´¥	{"err": "Error 1045: Access denied for user 'root'@'172.18.0.1' (using password: NO)"}
