[GIN-VUE-ADMIN]2021/04/21 - 09:44:26.715	[34minfo[0m	use middleware logger
[GIN-VUE-ADMIN]2021/04/21 - 09:44:26.716	[34minfo[0m	use middleware cors
[GIN-VUE-ADMIN]2021/04/21 - 09:44:26.717	[34minfo[0m	register swagger handler
[GIN-VUE-ADMIN]2021/04/21 - 09:44:26.717	[34minfo[0m	router register success
[GIN-VUE-ADMIN]2021/04/21 - 09:44:26.718	[34minfo[0m	server run success on 	{"address": ":8888"}
[GIN-VUE-ADMIN]2021/04/21 - 09:44:33.534	[31merror[0m	å‚æ•°æ ¡éªŒä¸é€šè¿‡	{"err": "Key: 'InitDB.Lincese' Error:Field validation for 'Lincese' failed on the 'required' tag"}
[GIN-VUE-ADMIN]2021/04/21 - 10:32:25.822	[34minfo[0m	use middleware logger
[GIN-VUE-ADMIN]2021/04/21 - 10:32:25.823	[34minfo[0m	use middleware cors
[GIN-VUE-ADMIN]2021/04/21 - 10:32:25.823	[34minfo[0m	register swagger handler
[GIN-VUE-ADMIN]2021/04/21 - 10:32:25.824	[34minfo[0m	router register success
[GIN-VUE-ADMIN]2021/04/21 - 10:32:25.825	[34minfo[0m	server run success on 	{"address": ":8888"}
[GIN-VUE-ADMIN]2021/04/21 - 10:32:40.736	[31merror[0m	è‡ªåŠ¨åˆ›å»ºæ•°æ®åº“å¤±è´¥	{"err": "dial tcp 127.0.0.1:3306: connectex: No connection could be made because the target machine actively refused it."}
[GIN-VUE-ADMIN]2021/04/21 - 10:37:16.580	[34minfo[0m	use middleware logger
[GIN-VUE-ADMIN]2021/04/21 - 10:37:16.583	[34minfo[0m	use middleware cors
[GIN-VUE-ADMIN]2021/04/21 - 10:37:16.584	[34minfo[0m	register swagger handler
[GIN-VUE-ADMIN]2021/04/21 - 10:37:16.585	[34minfo[0m	router register success
[GIN-VUE-ADMIN]2021/04/21 - 10:37:16.586	[34minfo[0m	server run success on 	{"address": ":8888"}
[GIN-VUE-ADMIN]2021/04/21 - 10:37:21.673	[31merror[0m	è‡ªåŠ¨åˆ›å»ºæ•°æ®åº“å¤±è´¥	{"err": "dial tcp 127.0.0.1:3306: connectex: No connection could be made because the target machine actively refused it."}
[GIN-VUE-ADMIN]2021/04/21 - 10:37:33.208	[31merror[0m	è‡ªåŠ¨åˆ›å»ºæ•°æ®åº“å¤±è´¥	{"err": "dial tcp 127.0.0.1:3306: connectex: No connection could be made because the target machine actively refused it."}
[GIN-VUE-ADMIN]2021/04/21 - 10:42:38.522	[31merror[0m	è‡ªåŠ¨åˆ›å»ºæ•°æ®åº“å¤±è´¥	{"err": "driver: bad connection"}
[GIN-VUE-ADMIN]2021/04/21 - 10:43:25.026	[34minfo[0m	æ•°æ®åº“æ— éœ€åˆå§‹åŒ–
[GIN-VUE-ADMIN]2021/04/21 - 10:43:53.028	[34minfo[0m	use middleware logger
[GIN-VUE-ADMIN]2021/04/21 - 10:43:53.028	[34minfo[0m	use middleware cors
[GIN-VUE-ADMIN]2021/04/21 - 10:43:53.029	[34minfo[0m	register swagger handler
[GIN-VUE-ADMIN]2021/04/21 - 10:43:53.029	[34minfo[0m	router register success
[GIN-VUE-ADMIN]2021/04/21 - 10:43:53.030	[34minfo[0m	server run success on 	{"address": ":8888"}
[GIN-VUE-ADMIN]2021/04/21 - 10:43:59.451	[34minfo[0m	å‰å¾€åˆå§‹åŒ–æ•°æ®åº“
[GIN-VUE-ADMIN]2021/04/21 - 10:44:02.465	[31merror[0m	å‚æ•°æ ¡éªŒä¸é€šè¿‡	{"err": "Key: 'InitDB.Lincese' Error:Field validation for 'Lincese' failed on the 'required' tag"}
[GIN-VUE-ADMIN]2021/04/21 - 10:44:09.568	[31merror[0m	å‚æ•°æ ¡éªŒä¸é€šè¿‡	{"err": "Key: 'InitDB.Lincese' Error:Field validation for 'Lincese' failed on the 'required' tag"}
[GIN-VUE-ADMIN]2021/04/21 - 10:44:11.303	[31merror[0m	å‚æ•°æ ¡éªŒä¸é€šè¿‡	{"err": "Key: 'InitDB.Lincese' Error:Field validation for 'Lincese' failed on the 'required' tag"}
[GIN-VUE-ADMIN]2021/04/21 - 10:46:09.446	[34minfo[0m	use middleware logger
[GIN-VUE-ADMIN]2021/04/21 - 10:46:09.447	[34minfo[0m	use middleware cors
[GIN-VUE-ADMIN]2021/04/21 - 10:46:09.447	[34minfo[0m	register swagger handler
[GIN-VUE-ADMIN]2021/04/21 - 10:46:09.447	[34minfo[0m	router register success
[GIN-VUE-ADMIN]2021/04/21 - 10:46:09.448	[34minfo[0m	server run success on 	{"address": ":8888"}
[GIN-VUE-ADMIN]2021/04/21 - 10:46:13.674	[34minfo[0m	å‰å¾€åˆå§‹åŒ–æ•°æ®åº“
[GIN-VUE-ADMIN]2021/04/21 - 10:47:55.401	[34minfo[0m	æ•°æ®åº“æ— éœ€åˆå§‹åŒ–
[GIN-VUE-ADMIN]2021/04/21 - 10:47:57.796	[34minfo[0m	æ•°æ®åº“æ— éœ€åˆå§‹åŒ–
[GIN-VUE-ADMIN]2021/04/21 - 10:48:07.459	[34minfo[0m	use middleware logger
[GIN-VUE-ADMIN]2021/04/21 - 10:48:07.460	[34minfo[0m	use middleware cors
[GIN-VUE-ADMIN]2021/04/21 - 10:48:07.460	[34minfo[0m	register swagger handler
[GIN-VUE-ADMIN]2021/04/21 - 10:48:07.461	[34minfo[0m	router register success
[GIN-VUE-ADMIN]2021/04/21 - 10:48:07.462	[34minfo[0m	server run success on 	{"address": ":8888"}
[GIN-VUE-ADMIN]2021/04/21 - 10:48:13.291	[34minfo[0m	å‰å¾€åˆå§‹åŒ–æ•°æ®åº“
[GIN-VUE-ADMIN]2021/04/21 - 10:50:44.763	[34minfo[0m	use middleware logger
[GIN-VUE-ADMIN]2021/04/21 - 10:50:44.764	[34minfo[0m	use middleware cors
[GIN-VUE-ADMIN]2021/04/21 - 10:50:44.764	[34minfo[0m	register swagger handler
[GIN-VUE-ADMIN]2021/04/21 - 10:50:44.765	[34minfo[0m	router register success
[GIN-VUE-ADMIN]2021/04/21 - 10:50:44.766	[34minfo[0m	server run success on 	{"address": ":8888"}
[GIN-VUE-ADMIN]2021/04/21 - 10:52:28.868	[34minfo[0m	use middleware logger
[GIN-VUE-ADMIN]2021/04/21 - 10:52:28.869	[34minfo[0m	use middleware cors
[GIN-VUE-ADMIN]2021/04/21 - 10:52:28.869	[34minfo[0m	register swagger handler
[GIN-VUE-ADMIN]2021/04/21 - 10:52:28.869	[34minfo[0m	router register success
[GIN-VUE-ADMIN]2021/04/21 - 10:52:28.870	[34minfo[0m	server run success on 	{"address": ":8888"}
[GIN-VUE-ADMIN]2021/04/21 - 11:09:42.441	[34minfo[0m	use middleware logger
[GIN-VUE-ADMIN]2021/04/21 - 11:09:42.442	[34minfo[0m	use middleware cors
[GIN-VUE-ADMIN]2021/04/21 - 11:09:42.442	[34minfo[0m	register swagger handler
[GIN-VUE-ADMIN]2021/04/21 - 11:09:42.442	[34minfo[0m	router register success
[GIN-VUE-ADMIN]2021/04/21 - 11:09:42.443	[34minfo[0m	server run success on 	{"address": ":8888"}
[GIN-VUE-ADMIN]2021/04/21 - 11:09:49.966	[31merror[0m	è‡ªåŠ¨åˆ›å»ºæ•°æ®åº“å¤±è´¥	{"err": "æˆæƒå¤±è´¥ï¼Œè¯·é‡æ–°è·å–å¯†é’¥"}
[GIN-VUE-ADMIN]2021/04/21 - 11:14:14.291	[31merror[0m	è‡ªåŠ¨åˆ›å»ºæ•°æ®åº“å¤±è´¥	{"err": "æˆæƒå¤±è´¥ï¼Œè¯·é‡æ–°è·å–å¯†é’¥"}
[GIN-VUE-ADMIN]2021/04/21 - 11:14:29.008	[31merror[0m	è‡ªåŠ¨åˆ›å»ºæ•°æ®åº“å¤±è´¥	{"err": "æˆæƒå¤±è´¥ï¼Œè¯·é‡æ–°è·å–å¯†é’¥"}
[GIN-VUE-ADMIN]2021/04/21 - 11:18:32.056	[31merror[0m	è‡ªåŠ¨åˆ›å»ºæ•°æ®åº“å¤±è´¥	{"err": "æˆæƒå¤±è´¥ï¼Œè¯·é‡æ–°è·å–å¯†é’¥"}
[GIN-VUE-ADMIN]2021/04/21 - 11:19:08.137	[34minfo[0m	æ•°æ®åº“æ— éœ€åˆå§‹åŒ–
[GIN-VUE-ADMIN]2021/04/21 - 11:19:22.568	[34minfo[0m	æ•°æ®åº“æ— éœ€åˆå§‹åŒ–
[GIN-VUE-ADMIN]2021/04/21 - 11:21:42.740	[34minfo[0m	æ•°æ®åº“æ— éœ€åˆå§‹åŒ–
[GIN-VUE-ADMIN]2021/04/21 - 11:22:45.989	[34minfo[0m	æ•°æ®åº“æ— éœ€åˆå§‹åŒ–
[GIN-VUE-ADMIN]2021/04/21 - 11:28:47.193	[34minfo[0m	æ•°æ®åº“æ— éœ€åˆå§‹åŒ–
[GIN-VUE-ADMIN]2021/04/21 - 11:29:08.769	[34minfo[0m	æ•°æ®åº“æ— éœ€åˆå§‹åŒ–
[GIN-VUE-ADMIN]2021/04/21 - 11:29:11.061	[34minfo[0m	æ•°æ®åº“æ— éœ€åˆå§‹åŒ–
[GIN-VUE-ADMIN]2021/04/21 - 11:29:31.379	[34minfo[0m	æ•°æ®åº“æ— éœ€åˆå§‹åŒ–
[GIN-VUE-ADMIN]2021/04/21 - 11:29:45.521	[34minfo[0m	æ•°æ®åº“æ— éœ€åˆå§‹åŒ–
[GIN-VUE-ADMIN]2021/04/21 - 11:29:47.801	[34minfo[0m	æ•°æ®åº“æ— éœ€åˆå§‹åŒ–
[GIN-VUE-ADMIN]2021/04/21 - 11:30:22.158	[34minfo[0m	æ•°æ®åº“æ— éœ€åˆå§‹åŒ–
[GIN-VUE-ADMIN]2021/04/21 - 11:30:54.240	[34minfo[0m	æ•°æ®åº“æ— éœ€åˆå§‹åŒ–
[GIN-VUE-ADMIN]2021/04/21 - 11:34:09.880	[34minfo[0m	æ•°æ®åº“æ— éœ€åˆå§‹åŒ–
