[GIN-VUE-ADMIN]2021/04/19 - 09:24:51.961	[34minfo[0m	E:/BaiduNetdiskDownload/gin-vue-admin/server/initialize/router.go:21	use middleware logger
[GIN-VUE-ADMIN]2021/04/19 - 09:24:51.962	[34minfo[0m	E:/BaiduNetdiskDownload/gin-vue-admin/server/initialize/router.go:24	use middleware cors
[GIN-VUE-ADMIN]2021/04/19 - 09:24:51.962	[34minfo[0m	E:/BaiduNetdiskDownload/gin-vue-admin/server/initialize/router.go:26	register swagger handler
[GIN-VUE-ADMIN]2021/04/19 - 09:24:51.962	[34minfo[0m	E:/BaiduNetdiskDownload/gin-vue-admin/server/initialize/router.go:56	router register success
[GIN-VUE-ADMIN]2021/04/19 - 09:24:51.963	[34minfo[0m	E:/BaiduNetdiskDownload/gin-vue-admin/server/core/server.go:28	server run success on 	{"address": ":8888"}
[GIN-VUE-ADMIN]2021/04/19 - 09:30:04.933	[34minfo[0m	E:/BaiduNetdiskDownload/gin-vue-admin/server/api/v1/sys_initdb.go:52	å‰å¾€åˆå§‹åŒ–æ•°æ®åº“
[GIN-VUE-ADMIN]2021/04/19 - 09:30:05.566	[34minfo[0m	E:/BaiduNetdiskDownload/gin-vue-admin/server/api/v1/sys_initdb.go:52	å‰å¾€åˆå§‹åŒ–æ•°æ®åº“
[GIN-VUE-ADMIN]2021/04/19 - 09:30:12.914	[31merror[0m	E:/BaiduNetdiskDownload/gin-vue-admin/server/api/v1/sys_initdb.go:32	è‡ªåŠ¨åˆ›å»ºæ•°æ®åº“å¤±è´¥	{"err": "Error 1062: Duplicate entry '1-888' for key 'PRIMARY'"}
[GIN-VUE-ADMIN]2021/04/19 - 09:31:38.116	[34minfo[0m	E:/BaiduNetdiskDownload/gin-vue-admin/server/api/v1/sys_initdb.go:46	æ•°æ®åº“æ— éœ€åˆå§‹åŒ–
[GIN-VUE-ADMIN]2021/04/19 - 09:31:43.438	[31merror[0m	E:/BaiduNetdiskDownload/gin-vue-admin/server/api/v1/sys_initdb.go:21	éæ³•è®¿é—®
[GIN-VUE-ADMIN]2021/04/19 - 09:31:45.714	[34minfo[0m	E:/BaiduNetdiskDownload/gin-vue-admin/server/api/v1/sys_initdb.go:46	æ•°æ®åº“æ— éœ€åˆå§‹åŒ–
[GIN-VUE-ADMIN]2021/04/19 - 09:32:16.470	[34minfo[0m	E:/BaiduNetdiskDownload/gin-vue-admin/server/api/v1/sys_initdb.go:46	æ•°æ®åº“æ— éœ€åˆå§‹åŒ–
[GIN-VUE-ADMIN]2021/04/19 - 09:32:21.575	[31merror[0m	E:/BaiduNetdiskDownload/gin-vue-admin/server/api/v1/sys_initdb.go:21	éæ³•è®¿é—®
[GIN-VUE-ADMIN]2021/04/19 - 09:32:28.023	[34minfo[0m	E:/BaiduNetdiskDownload/gin-vue-admin/server/api/v1/sys_initdb.go:46	æ•°æ®åº“æ— éœ€åˆå§‹åŒ–
[GIN-VUE-ADMIN]2021/04/19 - 09:32:33.527	[31merror[0m	E:/BaiduNetdiskDownload/gin-vue-admin/server/api/v1/sys_initdb.go:21	éæ³•è®¿é—®
[GIN-VUE-ADMIN]2021/04/19 - 09:32:52.203	[34minfo[0m	E:/BaiduNetdiskDownload/gin-vue-admin/server/api/v1/sys_initdb.go:46	æ•°æ®åº“æ— éœ€åˆå§‹åŒ–
[GIN-VUE-ADMIN]2021/04/19 - 09:33:01.355	[31merror[0m	E:/BaiduNetdiskDownload/gin-vue-admin/server/api/v1/sys_initdb.go:21	éæ³•è®¿é—®
[GIN-VUE-ADMIN]2021/04/19 - 09:33:37.431	[34minfo[0m	E:/BaiduNetdiskDownload/gin-vue-admin/server/api/v1/sys_initdb.go:46	æ•°æ®åº“æ— éœ€åˆå§‹åŒ–
[GIN-VUE-ADMIN]2021/04/19 - 09:33:42.562	[31merror[0m	E:/BaiduNetdiskDownload/gin-vue-admin/server/api/v1/sys_initdb.go:21	éæ³•è®¿é—®
[GIN-VUE-ADMIN]2021/04/19 - 09:34:21.154	[34minfo[0m	E:/BaiduNetdiskDownload/gin-vue-admin/server/api/v1/sys_initdb.go:46	æ•°æ®åº“æ— éœ€åˆå§‹åŒ–
[GIN-VUE-ADMIN]2021/04/19 - 09:35:10.467	[34minfo[0m	E:/BaiduNetdiskDownload/gin-vue-admin/server/api/v1/sys_initdb.go:46	æ•°æ®åº“æ— éœ€åˆå§‹åŒ–
[GIN-VUE-ADMIN]2021/04/19 - 09:35:20.318	[31merror[0m	E:/BaiduNetdiskDownload/gin-vue-admin/server/api/v1/sys_initdb.go:21	éæ³•è®¿é—®
[GIN-VUE-ADMIN]2021/04/19 - 09:36:20.323	[34minfo[0m	E:/BaiduNetdiskDownload/gin-vue-admin/server/api/v1/sys_initdb.go:46	æ•°æ®åº“æ— éœ€åˆå§‹åŒ–
[GIN-VUE-ADMIN]2021/04/19 - 09:37:42.394	[34minfo[0m	E:/BaiduNetdiskDownload/gin-vue-admin/server/initialize/router.go:21	use middleware logger
[GIN-VUE-ADMIN]2021/04/19 - 09:37:42.396	[34minfo[0m	E:/BaiduNetdiskDownload/gin-vue-admin/server/initialize/router.go:24	use middleware cors
[GIN-VUE-ADMIN]2021/04/19 - 09:37:42.397	[34minfo[0m	E:/BaiduNetdiskDownload/gin-vue-admin/server/initialize/router.go:26	register swagger handler
[GIN-VUE-ADMIN]2021/04/19 - 09:37:42.435	[34minfo[0m	E:/BaiduNetdiskDownload/gin-vue-admin/server/initialize/router.go:56	router register success
[GIN-VUE-ADMIN]2021/04/19 - 09:37:42.437	[34minfo[0m	E:/BaiduNetdiskDownload/gin-vue-admin/server/core/server.go:28	server run success on 	{"address": ":8888"}
[GIN-VUE-ADMIN]2021/04/19 - 09:37:42.439	[31merror[0m	E:/BaiduNetdiskDownload/gin-vue-admin/server/core/server.go:38	listen tcp :8888: bind: Only one usage of each socket address (protocol/network address/port) is normally permitted.
[GIN-VUE-ADMIN]2021/04/19 - 09:37:42.658	[34minfo[0m	E:/BaiduNetdiskDownload/gin-vue-admin/server/api/v1/sys_initdb.go:46	æ•°æ®åº“æ— éœ€åˆå§‹åŒ–
[GIN-VUE-ADMIN]2021/04/19 - 09:38:20.337	[34minfo[0m	E:/BaiduNetdiskDownload/gin-vue-admin/server/initialize/router.go:21	use middleware logger
[GIN-VUE-ADMIN]2021/04/19 - 09:38:20.339	[34minfo[0m	E:/BaiduNetdiskDownload/gin-vue-admin/server/initialize/router.go:24	use middleware cors
[GIN-VUE-ADMIN]2021/04/19 - 09:38:20.340	[34minfo[0m	E:/BaiduNetdiskDownload/gin-vue-admin/server/initialize/router.go:26	register swagger handler
[GIN-VUE-ADMIN]2021/04/19 - 09:38:20.384	[34minfo[0m	E:/BaiduNetdiskDownload/gin-vue-admin/server/initialize/router.go:56	router register success
[GIN-VUE-ADMIN]2021/04/19 - 09:38:20.386	[34minfo[0m	E:/BaiduNetdiskDownload/gin-vue-admin/server/core/server.go:28	server run success on 	{"address": ":8888"}
[GIN-VUE-ADMIN]2021/04/19 - 09:38:20.388	[31merror[0m	E:/BaiduNetdiskDownload/gin-vue-admin/server/core/server.go:38	listen tcp :8888: bind: Only one usage of each socket address (protocol/network address/port) is normally permitted.
[GIN-VUE-ADMIN]2021/04/19 - 14:21:07.115	[34minfo[0m	E:/BaiduNetdiskDownload/gin-vue-admin/server/initialize/router.go:21	use middleware logger
[GIN-VUE-ADMIN]2021/04/19 - 14:21:07.181	[34minfo[0m	E:/BaiduNetdiskDownload/gin-vue-admin/server/initialize/router.go:24	use middleware cors
[GIN-VUE-ADMIN]2021/04/19 - 14:21:07.184	[34minfo[0m	E:/BaiduNetdiskDownload/gin-vue-admin/server/initialize/router.go:26	register swagger handler
[GIN-VUE-ADMIN]2021/04/19 - 14:21:07.227	[34minfo[0m	E:/BaiduNetdiskDownload/gin-vue-admin/server/initialize/router.go:56	router register success
[GIN-VUE-ADMIN]2021/04/19 - 14:21:07.229	[34minfo[0m	E:/BaiduNetdiskDownload/gin-vue-admin/server/core/server.go:28	server run success on 	{"address": ":8888"}
[GIN-VUE-ADMIN]2021/04/19 - 14:22:03.480	[34minfo[0m	E:/BaiduNetdiskDownload/gin-vue-admin/server/api/v1/sys_initdb.go:52	å‰å¾€åˆå§‹åŒ–æ•°æ®åº“
[GIN-VUE-ADMIN]2021/04/19 - 15:36:28.769	[34minfo[0m	E:/BaiduNetdiskDownload/gin-vue-admin/server/api/v1/sys_initdb.go:46	æ•°æ®åº“æ— éœ€åˆå§‹åŒ–
[GIN-VUE-ADMIN]2021/04/19 - 15:36:43.226	[34minfo[0m	E:/BaiduNetdiskDownload/gin-vue-admin/server/api/v1/sys_initdb.go:46	æ•°æ®åº“æ— éœ€åˆå§‹åŒ–
[GIN-VUE-ADMIN]2021/04/19 - 15:37:04.357	[34minfo[0m	E:/BaiduNetdiskDownload/gin-vue-admin/server/api/v1/sys_initdb.go:46	æ•°æ®åº“æ— éœ€åˆå§‹åŒ–
[GIN-VUE-ADMIN]2021/04/19 - 15:37:07.972	[34minfo[0m	E:/BaiduNetdiskDownload/gin-vue-admin/server/api/v1/sys_initdb.go:46	æ•°æ®åº“æ— éœ€åˆå§‹åŒ–
[GIN-VUE-ADMIN]2021/04/19 - 15:37:10.825	[34minfo[0m	E:/BaiduNetdiskDownload/gin-vue-admin/server/api/v1/sys_initdb.go:46	æ•°æ®åº“æ— éœ€åˆå§‹åŒ–
[GIN-VUE-ADMIN]2021/04/19 - 15:37:15.190	[34minfo[0m	E:/BaiduNetdiskDownload/gin-vue-admin/server/api/v1/sys_initdb.go:46	æ•°æ®åº“æ— éœ€åˆå§‹åŒ–
[GIN-VUE-ADMIN]2021/04/19 - 15:37:36.177	[34minfo[0m	E:/BaiduNetdiskDownload/gin-vue-admin/server/api/v1/sys_initdb.go:46	æ•°æ®åº“æ— éœ€åˆå§‹åŒ–
[GIN-VUE-ADMIN]2021/04/19 - 15:37:36.697	[34minfo[0m	E:/BaiduNetdiskDownload/gin-vue-admin/server/api/v1/sys_initdb.go:46	æ•°æ®åº“æ— éœ€åˆå§‹åŒ–
[GIN-VUE-ADMIN]2021/04/19 - 15:37:43.189	[34minfo[0m	E:/BaiduNetdiskDownload/gin-vue-admin/server/api/v1/sys_initdb.go:46	æ•°æ®åº“æ— éœ€åˆå§‹åŒ–
[GIN-VUE-ADMIN]2021/04/19 - 15:38:53.038	[34minfo[0m	register table success
[GIN-VUE-ADMIN]2021/04/19 - 15:38:53.040	[34minfo[0m	use middleware logger
[GIN-VUE-ADMIN]2021/04/19 - 15:38:53.040	[34minfo[0m	use middleware cors
[GIN-VUE-ADMIN]2021/04/19 - 15:38:53.041	[34minfo[0m	register swagger handler
[GIN-VUE-ADMIN]2021/04/19 - 15:38:53.078	[34minfo[0m	router register success
[GIN-VUE-ADMIN]2021/04/19 - 15:38:53.080	[34minfo[0m	server run success on 	{"address": ":8888"}
[GIN-VUE-ADMIN]2021/04/19 - 15:38:56.435	[34minfo[0m	æ•°æ®åº“æ— éœ€åˆå§‹åŒ–
[GIN-VUE-ADMIN]2021/04/19 - 15:41:47.850	[34minfo[0m	æ•°æ®åº“æ— éœ€åˆå§‹åŒ–
[GIN-VUE-ADMIN]2021/04/19 - 15:41:51.126	[34minfo[0m	æ•°æ®åº“æ— éœ€åˆå§‹åŒ–
[GIN-VUE-ADMIN]2021/04/19 - 15:41:53.338	[34minfo[0m	æ•°æ®åº“æ— éœ€åˆå§‹åŒ–
[GIN-VUE-ADMIN]2021/04/19 - 15:41:55.776	[34minfo[0m	æ•°æ®åº“æ— éœ€åˆå§‹åŒ–
[GIN-VUE-ADMIN]2021/04/19 - 15:42:00.083	[34minfo[0m	æ•°æ®åº“æ— éœ€åˆå§‹åŒ–
[GIN-VUE-ADMIN]2021/04/19 - 15:51:05.061	[34minfo[0m	æ•°æ®åº“æ— éœ€åˆå§‹åŒ–
[GIN-VUE-ADMIN]2021/04/19 - 15:52:40.708	[34minfo[0m	æ•°æ®åº“æ— éœ€åˆå§‹åŒ–
[GIN-VUE-ADMIN]2021/04/19 - 15:54:10.890	[34minfo[0m	æ•°æ®åº“æ— éœ€åˆå§‹åŒ–
[GIN-VUE-ADMIN]2021/04/19 - 15:54:50.171	[34minfo[0m	æ•°æ®åº“æ— éœ€åˆå§‹åŒ–
[GIN-VUE-ADMIN]2021/04/19 - 15:55:01.597	[34minfo[0m	æ•°æ®åº“æ— éœ€åˆå§‹åŒ–
[GIN-VUE-ADMIN]2021/04/19 - 15:57:57.097	[34minfo[0m	æ•°æ®åº“æ— éœ€åˆå§‹åŒ–
[GIN-VUE-ADMIN]2021/04/19 - 15:58:53.327	[34minfo[0m	æ•°æ®åº“æ— éœ€åˆå§‹åŒ–
[GIN-VUE-ADMIN]2021/04/19 - 15:59:48.115	[34minfo[0m	æ•°æ®åº“æ— éœ€åˆå§‹åŒ–
[GIN-VUE-ADMIN]2021/04/19 - 16:21:11.434	[34minfo[0m	æ•°æ®åº“æ— éœ€åˆå§‹åŒ–
[GIN-VUE-ADMIN]2021/04/19 - 16:22:10.382	[34minfo[0m	æ•°æ®åº“æ— éœ€åˆå§‹åŒ–
[GIN-VUE-ADMIN]2021/04/19 - 16:23:21.117	[34minfo[0m	æ•°æ®åº“æ— éœ€åˆå§‹åŒ–
[GIN-VUE-ADMIN]2021/04/19 - 16:26:39.402	[34minfo[0m	register table success
[GIN-VUE-ADMIN]2021/04/19 - 16:26:40.300	[34minfo[0m	use middleware logger
[GIN-VUE-ADMIN]2021/04/19 - 16:26:40.302	[34minfo[0m	use middleware cors
[GIN-VUE-ADMIN]2021/04/19 - 16:26:40.311	[34minfo[0m	register swagger handler
[GIN-VUE-ADMIN]2021/04/19 - 16:26:40.394	[34minfo[0m	router register success
[GIN-VUE-ADMIN]2021/04/19 - 16:26:40.463	[34minfo[0m	server run success on 	{"address": ":8888"}
[GIN-VUE-ADMIN]2021/04/19 - 16:33:57.149	[34minfo[0m	æ•°æ®åº“æ— éœ€åˆå§‹åŒ–
[GIN-VUE-ADMIN]2021/04/19 - 16:37:02.918	[34minfo[0m	æ•°æ®åº“æ— éœ€åˆå§‹åŒ–
[GIN-VUE-ADMIN]2021/04/19 - 16:42:51.706	[34minfo[0m	æ•°æ®åº“æ— éœ€åˆå§‹åŒ–
[GIN-VUE-ADMIN]2021/04/19 - 16:53:36.456	[34minfo[0m	register table success
[GIN-VUE-ADMIN]2021/04/19 - 16:53:36.471	[34minfo[0m	use middleware logger
[GIN-VUE-ADMIN]2021/04/19 - 16:53:36.484	[34minfo[0m	use middleware cors
[GIN-VUE-ADMIN]2021/04/19 - 16:53:36.485	[34minfo[0m	register swagger handler
[GIN-VUE-ADMIN]2021/04/19 - 16:53:36.555	[34minfo[0m	router register success
[GIN-VUE-ADMIN]2021/04/19 - 16:53:36.556	[34minfo[0m	server run success on 	{"address": ":8888"}
[GIN-VUE-ADMIN]2021/04/19 - 16:54:30.925	[34minfo[0m	æ•°æ®åº“æ— éœ€åˆå§‹åŒ–
[GIN-VUE-ADMIN]2021/04/19 - 16:57:11.345	[34minfo[0m	æ•°æ®åº“æ— éœ€åˆå§‹åŒ–
[GIN-VUE-ADMIN]2021/04/19 - 17:08:59.251	[34minfo[0m	æ•°æ®åº“æ— éœ€åˆå§‹åŒ–
[GIN-VUE-ADMIN]2021/04/19 - 17:10:45.773	[34minfo[0m	æ•°æ®åº“æ— éœ€åˆå§‹åŒ–
[GIN-VUE-ADMIN]2021/04/19 - 17:30:32.855	[34minfo[0m	æ•°æ®åº“æ— éœ€åˆå§‹åŒ–
[GIN-VUE-ADMIN]2021/04/19 - 17:32:43.359	[34minfo[0m	æ•°æ®åº“æ— éœ€åˆå§‹åŒ–
[GIN-VUE-ADMIN]2021/04/19 - 17:32:58.019	[34minfo[0m	æ•°æ®åº“æ— éœ€åˆå§‹åŒ–
[GIN-VUE-ADMIN]2021/04/19 - 17:37:50.850	[34minfo[0m	æ•°æ®åº“æ— éœ€åˆå§‹åŒ–
[GIN-VUE-ADMIN]2021/04/19 - 17:39:14.357	[34minfo[0m	æ•°æ®åº“æ— éœ€åˆå§‹åŒ–
[GIN-VUE-ADMIN]2021/04/19 - 17:40:12.811	[34minfo[0m	æ•°æ®åº“æ— éœ€åˆå§‹åŒ–
[GIN-VUE-ADMIN]2021/04/19 - 17:41:02.146	[34minfo[0m	æ•°æ®åº“æ— éœ€åˆå§‹åŒ–
[GIN-VUE-ADMIN]2021/04/19 - 17:50:02.833	[34minfo[0m	æ•°æ®åº“æ— éœ€åˆå§‹åŒ–
[GIN-VUE-ADMIN]2021/04/19 - 17:59:52.639	[34minfo[0m	æ•°æ®åº“æ— éœ€åˆå§‹åŒ–
