[ 2019-08-16T06:35:35+08:00 ] 182.35.97.10 /wxshare/index.php/Share/show?roomnum=21777&from=groupmessage
INFO: [ app_init ] --START--
INFO: Run Behavior\BuildLiteBehavior [ RunTime:0.000012s ]
INFO: [ app_init ] --END-- [ RunTime:0.000051s ]
INFO: [ app_begin ] --START--
INFO: Run Behavior\ReadHtmlCacheBehavior [ RunTime:0.001859s ]
INFO: [ app_begin ] --END-- [ RunTime:0.001909s ]
NOTIC: [2] Declaration of Home\Controller\ShareController::show() should be compatible with Think\Controller::show($content, $charset = '', $contentType = '', $prefix = '') /data/wwwroot/livenew.yunbaozhibo.com/wxshare/Application/Home/Controller/ShareController.class.php 第 900 行.
SQL: SHOW COLUMNS FROM `cmf_users_live` [ RunTime:0.0007s ]
SQL: SHOW COLUMNS FROM `cmf_users` [ RunTime:0.0006s ]
SQL: SELECT `id`,`user_nicename`,`avatar`,`avatar_thumb`,`sex`,`signature`,`consumption`,`votestotal`,`province`,`city`,`birthday`,`issuper` FROM `cmf_users` WHERE ( id='21777' ) LIMIT 1   [ RunTime:0.0003s ]
NOTIC: [8] Undefined variable: level_a /data/wwwroot/livenew.yunbaozhibo.com/wxshare/Application/Common/Common/function.php 第 219 行.
SQL: SHOW COLUMNS FROM `cmf_users_vip` [ RunTime:0.0004s ]
SQL: SELECT * FROM `cmf_users_vip` WHERE ( uid=21777 ) LIMIT 1   [ RunTime:0.0004s ]
SQL: SHOW COLUMNS FROM `cmf_liang` [ RunTime:0.0004s ]
SQL: SELECT * FROM `cmf_liang` WHERE ( uid=21777 and status=1 and state=1 ) LIMIT 1   [ RunTime:0.0001s ]
SQL: SELECT `uid`,`islive`,`stream`,`pull`,`isvideo`,`type`,`goodnum`,`wy_cid` FROM `cmf_users_live` WHERE ( uid='21777' and islive='1' ) LIMIT 1   [ RunTime:0.0002s ]
NOTIC: [8] Undefined variable: userinfo /data/wwwroot/livenew.yunbaozhibo.com/wxshare/Application/Home/Controller/ShareController.class.php 第 102 行.
NOTIC: [8] Undefined variable: userinfo /data/wwwroot/livenew.yunbaozhibo.com/wxshare/Application/Home/Controller/ShareController.class.php 第 103 行.
INFO: [ view_parse ] --START--
INFO: [ template_filter ] --START--
INFO: Run Behavior\ContentReplaceBehavior [ RunTime:0.000154s ]
INFO: [ template_filter ] --END-- [ RunTime:0.000189s ]
INFO: Run Behavior\ParseTemplateBehavior [ RunTime:0.047357s ]
INFO: [ view_parse ] --END-- [ RunTime:0.047386s ]
INFO: [ view_filter ] --START--
INFO: Run Behavior\WriteHtmlCacheBehavior [ RunTime:0.009475s ]
INFO: [ view_filter ] --END-- [ RunTime:0.009497s ]
INFO: [ app_end ] --START--
INFO: Run Behavior\ShowPageTraceBehavior [ RunTime:0.008350s ]
INFO: [ app_end ] --END-- [ RunTime:0.008373s ]

[ 2019-08-16T06:35:36+08:00 ] 182.35.97.10 /wxshare/index.php/Share/wxLogin?roomnum=21777
INFO: [ app_init ] --START--
INFO: Run Behavior\BuildLiteBehavior [ RunTime:0.000006s ]
INFO: [ app_init ] --END-- [ RunTime:0.000032s ]
INFO: [ app_begin ] --START--
INFO: Run Behavior\ReadHtmlCacheBehavior [ RunTime:0.000263s ]
INFO: [ app_begin ] --END-- [ RunTime:0.000283s ]
NOTIC: [2] Declaration of Home\Controller\ShareController::show() should be compatible with Think\Controller::show($content, $charset = '', $contentType = '', $prefix = '') /data/wwwroot/livenew.yunbaozhibo.com/wxshare/Application/Home/Controller/ShareController.class.php 第 900 行.
NOTIC: [8] A session had already been started - ignoring session_start() /data/wwwroot/livenew.yunbaozhibo.com/wxshare/Application/Home/Controller/ShareController.class.php 第 133 行.
INFO: [ app_end ] --START--
INFO: Run Behavior\ShowPageTraceBehavior [ RunTime:0.000311s ]
INFO: [ app_end ] --END-- [ RunTime:0.000329s ]

[ 2019-08-16T06:35:41+08:00 ] 182.35.97.10 /wxshare/index.php/Share/wxLoginCallback?roomnum=21777&code=071kfiXM1N5Sa71H9XXM1S1aXM1kfiX2&state=f3360789b54605651a7b72e6971018a6
INFO: [ app_init ] --START--
INFO: Run Behavior\BuildLiteBehavior [ RunTime:0.000007s ]
INFO: [ app_init ] --END-- [ RunTime:0.000031s ]
INFO: [ app_begin ] --START--
INFO: Run Behavior\ReadHtmlCacheBehavior [ RunTime:0.000235s ]
INFO: [ app_begin ] --END-- [ RunTime:0.000251s ]
NOTIC: [2] Declaration of Home\Controller\ShareController::show() should be compatible with Think\Controller::show($content, $charset = '', $contentType = '', $prefix = '') /data/wwwroot/livenew.yunbaozhibo.com/wxshare/Application/Home/Controller/ShareController.class.php 第 900 行.
SQL: SHOW COLUMNS FROM `cmf_users` [ RunTime:0.0008s ]
SQL: SELECT `id`,`user_login`,`user_nicename`,`avatar`,`avatar_thumb`,`sex`,`signature`,`consumption`,`votestotal`,`province`,`city`,`coin`,`votes`,`birthday`,`issuper` FROM `cmf_users` WHERE ( openid!='' and openid='oAPK4we_H-wTIY452BiKZ_SpZLjE' ) LIMIT 1   [ RunTime:0.0362s ]
SQL: INSERT INTO `cmf_users` (`openid`,`user_login`,`user_pass`,`user_nicename`,`sex`,`avatar`,`avatar_thumb`,`login_type`,`last_login_ip`,`create_time`,`last_login_time`,`user_status`,`user_type`,`signature`) VALUES ('oAPK4we_H-wTIY452BiKZ_SpZLjE','wx_1565908541ZLjE','###73b13b8b4d767f6c3c2953f123d1a721','z','0','http://thirdwx.qlogo.cn/mmopen/vi_32/PiajxSqBRaELAqgZoe2VHiaHptic6CwVt0u3BaASSqhWFe6Pdw1icz0Muj43A68qrlJicZOOU6rP11T4KKkeXWyKScg/132','http://thirdwx.qlogo.cn/mmopen/vi_32/PiajxSqBRaELAqgZoe2VHiaHptic6CwVt0u3BaASSqhWFe6Pdw1icz0Muj43A68qrlJicZOOU6rP11T4KKkeXWyKScg/132','wx','182.35.97.10','2019-08-16 06:35:41','2019-08-16 06:35:41','1','2','这家伙很懒，什么都没留下') [ RunTime:0.0851s ]
SQL: SELECT `id`,`user_login`,`user_nicename`,`avatar`,`avatar_thumb`,`sex`,`signature`,`consumption`,`votestotal`,`province`,`city`,`coin`,`votes`,`birthday`,`issuper` FROM `cmf_users` WHERE ( id='31620' ) LIMIT 1   [ RunTime:0.0005s ]
NOTIC: [8] Undefined variable: level_a /data/wwwroot/livenew.yunbaozhibo.com/wxshare/Application/Common/Common/function.php 第 219 行.
SQL: UPDATE `cmf_users` SET `token`='586b3b88998d185ba927e9345b137c78',`expiretime`='1591828541' WHERE ( id='31620' ) [ RunTime:0.1051s ]
INFO: [ app_end ] --START--
INFO: Run Behavior\ShowPageTraceBehavior [ RunTime:0.000422s ]
INFO: [ app_end ] --END-- [ RunTime:0.000447s ]

[ 2019-08-16T06:35:41+08:00 ] 182.35.97.10 /wxshare/index.php/Share/show?roomnum=21777
INFO: [ app_init ] --START--
INFO: Run Behavior\BuildLiteBehavior [ RunTime:0.000007s ]
INFO: [ app_init ] --END-- [ RunTime:0.000031s ]
INFO: [ app_begin ] --START--
INFO: Run Behavior\ReadHtmlCacheBehavior [ RunTime:0.000283s ]
INFO: [ app_begin ] --END-- [ RunTime:0.000300s ]
NOTIC: [2] Declaration of Home\Controller\ShareController::show() should be compatible with Think\Controller::show($content, $charset = '', $contentType = '', $prefix = '') /data/wwwroot/livenew.yunbaozhibo.com/wxshare/Application/Home/Controller/ShareController.class.php 第 900 行.
SQL: SHOW COLUMNS FROM `cmf_users_live` [ RunTime:0.0006s ]
SQL: SHOW COLUMNS FROM `cmf_users` [ RunTime:0.0006s ]
SQL: SELECT `id`,`user_nicename`,`avatar`,`avatar_thumb`,`sex`,`signature`,`consumption`,`votestotal`,`province`,`city`,`birthday`,`issuper` FROM `cmf_users` WHERE ( id='21777' ) LIMIT 1   [ RunTime:0.0004s ]
NOTIC: [8] Undefined variable: level_a /data/wwwroot/livenew.yunbaozhibo.com/wxshare/Application/Common/Common/function.php 第 219 行.
SQL: SHOW COLUMNS FROM `cmf_users_vip` [ RunTime:0.0003s ]
SQL: SELECT * FROM `cmf_users_vip` WHERE ( uid=21777 ) LIMIT 1   [ RunTime:0.0001s ]
SQL: SHOW COLUMNS FROM `cmf_liang` [ RunTime:0.0003s ]
SQL: SELECT * FROM `cmf_liang` WHERE ( uid=21777 and status=1 and state=1 ) LIMIT 1   [ RunTime:0.0001s ]
SQL: SELECT `uid`,`islive`,`stream`,`pull`,`isvideo`,`type`,`goodnum`,`wy_cid` FROM `cmf_users_live` WHERE ( uid='21777' and islive='1' ) LIMIT 1   [ RunTime:0.0001s ]
SQL: SELECT `id`,`user_login`,`user_nicename`,`avatar`,`avatar_thumb`,`sex`,`signature`,`consumption`,`votestotal`,`province`,`city`,`coin`,`votes`,`token`,`birthday`,`issuper` FROM `cmf_users` WHERE ( id='31620' ) LIMIT 1   [ RunTime:0.0003s ]
NOTIC: [8] Undefined variable: level_a /data/wwwroot/livenew.yunbaozhibo.com/wxshare/Application/Common/Common/function.php 第 219 行.
NOTIC: [8] Undefined variable: level_a /data/wwwroot/livenew.yunbaozhibo.com/wxshare/Application/Common/Common/function.php 第 250 行.
SQL: SELECT * FROM `cmf_users_vip` WHERE ( uid=31620 ) LIMIT 1   [ RunTime:0.0003s ]
SQL: SELECT * FROM `cmf_liang` WHERE ( uid=31620 and status=1 and state=1 ) LIMIT 1   [ RunTime:0.0004s ]
SQL: SHOW COLUMNS FROM `cmf_users_attention` [ RunTime:0.0004s ]
SQL: SELECT * FROM `cmf_users_attention` WHERE ( uid='31620' and touid='21777' ) LIMIT 1   [ RunTime:0.0002s ]
INFO: [ view_parse ] --START--
INFO: [ template_filter ] --START--
INFO: Run Behavior\ContentReplaceBehavior [ RunTime:0.000143s ]
INFO: [ template_filter ] --END-- [ RunTime:0.000211s ]
INFO: Run Behavior\ParseTemplateBehavior [ RunTime:0.005727s ]
INFO: [ view_parse ] --END-- [ RunTime:0.005760s ]
INFO: [ view_filter ] --START--
INFO: Run Behavior\WriteHtmlCacheBehavior [ RunTime:0.000113s ]
INFO: [ view_filter ] --END-- [ RunTime:0.000126s ]
INFO: [ app_end ] --START--
INFO: Run Behavior\ShowPageTraceBehavior [ RunTime:0.000301s ]
INFO: [ app_end ] --END-- [ RunTime:0.000320s ]

[ 2019-08-16T06:35:42+08:00 ] 182.35.97.10 /wxshare/index.php/Share/getGift
INFO: [ app_init ] --START--
INFO: Run Behavior\BuildLiteBehavior [ RunTime:0.000007s ]
INFO: [ app_init ] --END-- [ RunTime:0.000029s ]
INFO: [ app_begin ] --START--
INFO: Run Behavior\ReadHtmlCacheBehavior [ RunTime:0.000224s ]
INFO: [ app_begin ] --END-- [ RunTime:0.000240s ]
NOTIC: [2] Declaration of Home\Controller\ShareController::show() should be compatible with Think\Controller::show($content, $charset = '', $contentType = '', $prefix = '') /data/wwwroot/livenew.yunbaozhibo.com/wxshare/Application/Home/Controller/ShareController.class.php 第 900 行.
SQL: SHOW COLUMNS FROM `cmf_gift` [ RunTime:0.0007s ]
SQL: SELECT `id`,`type`,`giftname`,`needcoin`,`gifticon` FROM `cmf_gift` ORDER BY orderno asc  [ RunTime:0.0002s ]

[ 2019-08-16T06:35:42+08:00 ] 182.35.97.10 /wxshare/index.php/Share/show?roomnum=21777
INFO: [ app_init ] --START--
INFO: Run Behavior\BuildLiteBehavior [ RunTime:0.000007s ]
INFO: [ app_init ] --END-- [ RunTime:0.000033s ]
INFO: [ app_begin ] --START--
INFO: Run Behavior\ReadHtmlCacheBehavior [ RunTime:0.000273s ]
INFO: [ app_begin ] --END-- [ RunTime:0.000291s ]
NOTIC: [2] Declaration of Home\Controller\ShareController::show() should be compatible with Think\Controller::show($content, $charset = '', $contentType = '', $prefix = '') /data/wwwroot/livenew.yunbaozhibo.com/wxshare/Application/Home/Controller/ShareController.class.php 第 900 行.
SQL: SHOW COLUMNS FROM `cmf_users_live` [ RunTime:0.0007s ]
SQL: SHOW COLUMNS FROM `cmf_users` [ RunTime:0.0006s ]
SQL: SELECT `id`,`user_nicename`,`avatar`,`avatar_thumb`,`sex`,`signature`,`consumption`,`votestotal`,`province`,`city`,`birthday`,`issuper` FROM `cmf_users` WHERE ( id='21777' ) LIMIT 1   [ RunTime:0.0001s ]
NOTIC: [8] Undefined variable: level_a /data/wwwroot/livenew.yunbaozhibo.com/wxshare/Application/Common/Common/function.php 第 219 行.
SQL: SHOW COLUMNS FROM `cmf_users_vip` [ RunTime:0.0003s ]
SQL: SELECT * FROM `cmf_users_vip` WHERE ( uid=21777 ) LIMIT 1   [ RunTime:0.0001s ]
SQL: SHOW COLUMNS FROM `cmf_liang` [ RunTime:0.0003s ]
SQL: SELECT * FROM `cmf_liang` WHERE ( uid=21777 and status=1 and state=1 ) LIMIT 1   [ RunTime:0.0001s ]
SQL: SELECT `uid`,`islive`,`stream`,`pull`,`isvideo`,`type`,`goodnum`,`wy_cid` FROM `cmf_users_live` WHERE ( uid='21777' and islive='1' ) LIMIT 1   [ RunTime:0.0001s ]
SQL: SELECT `id`,`user_login`,`user_nicename`,`avatar`,`avatar_thumb`,`sex`,`signature`,`consumption`,`votestotal`,`province`,`city`,`coin`,`votes`,`token`,`birthday`,`issuper` FROM `cmf_users` WHERE ( id='31620' ) LIMIT 1   [ RunTime:0.0001s ]
NOTIC: [8] Undefined variable: level_a /data/wwwroot/livenew.yunbaozhibo.com/wxshare/Application/Common/Common/function.php 第 219 行.
NOTIC: [8] Undefined variable: level_a /data/wwwroot/livenew.yunbaozhibo.com/wxshare/Application/Common/Common/function.php 第 250 行.
SQL: SELECT * FROM `cmf_users_vip` WHERE ( uid=31620 ) LIMIT 1   [ RunTime:0.0001s ]
SQL: SELECT * FROM `cmf_liang` WHERE ( uid=31620 and status=1 and state=1 ) LIMIT 1   [ RunTime:0.0001s ]
SQL: SHOW COLUMNS FROM `cmf_users_attention` [ RunTime:0.0003s ]
SQL: SELECT * FROM `cmf_users_attention` WHERE ( uid='31620' and touid='21777' ) LIMIT 1   [ RunTime:0.0001s ]
INFO: [ view_parse ] --START--
INFO: [ template_filter ] --START--
INFO: Run Behavior\ContentReplaceBehavior [ RunTime:0.000142s ]
INFO: [ template_filter ] --END-- [ RunTime:0.000162s ]
INFO: Run Behavior\ParseTemplateBehavior [ RunTime:0.005396s ]
INFO: [ view_parse ] --END-- [ RunTime:0.005418s ]
INFO: [ view_filter ] --START--
INFO: Run Behavior\WriteHtmlCacheBehavior [ RunTime:0.000127s ]
INFO: [ view_filter ] --END-- [ RunTime:0.000138s ]
INFO: [ app_end ] --START--
INFO: Run Behavior\ShowPageTraceBehavior [ RunTime:0.000309s ]
INFO: [ app_end ] --END-- [ RunTime:0.000324s ]

[ 2019-08-16T06:35:48+08:00 ] 182.35.97.10 /wxshare/index.php/Share/wxLogin?roomnum=21777
INFO: [ app_init ] --START--
INFO: Run Behavior\BuildLiteBehavior [ RunTime:0.000007s ]
INFO: [ app_init ] --END-- [ RunTime:0.000033s ]
INFO: [ app_begin ] --START--
INFO: Run Behavior\ReadHtmlCacheBehavior [ RunTime:0.000240s ]
INFO: [ app_begin ] --END-- [ RunTime:0.000257s ]
NOTIC: [2] Declaration of Home\Controller\ShareController::show() should be compatible with Think\Controller::show($content, $charset = '', $contentType = '', $prefix = '') /data/wwwroot/livenew.yunbaozhibo.com/wxshare/Application/Home/Controller/ShareController.class.php 第 900 行.
NOTIC: [8] A session had already been started - ignoring session_start() /data/wwwroot/livenew.yunbaozhibo.com/wxshare/Application/Home/Controller/ShareController.class.php 第 133 行.
INFO: [ app_end ] --START--
INFO: Run Behavior\ShowPageTraceBehavior [ RunTime:0.000291s ]
INFO: [ app_end ] --END-- [ RunTime:0.000313s ]

[ 2019-08-16T06:35:50+08:00 ] 182.35.97.10 /wxshare/index.php/Share/wxLoginCallback?roomnum=21777&code=061k12AG15xRt104M4BG1W40AG1k12AG&state=8b24cbee9042524702988d83b552f8a7
INFO: [ app_init ] --START--
INFO: Run Behavior\BuildLiteBehavior [ RunTime:0.000008s ]
INFO: [ app_init ] --END-- [ RunTime:0.000031s ]
INFO: [ app_begin ] --START--
INFO: Run Behavior\ReadHtmlCacheBehavior [ RunTime:0.000231s ]
INFO: [ app_begin ] --END-- [ RunTime:0.000248s ]
NOTIC: [2] Declaration of Home\Controller\ShareController::show() should be compatible with Think\Controller::show($content, $charset = '', $contentType = '', $prefix = '') /data/wwwroot/livenew.yunbaozhibo.com/wxshare/Application/Home/Controller/ShareController.class.php 第 900 行.
SQL: SHOW COLUMNS FROM `cmf_users` [ RunTime:0.0009s ]
SQL: SELECT `id`,`user_login`,`user_nicename`,`avatar`,`avatar_thumb`,`sex`,`signature`,`consumption`,`votestotal`,`province`,`city`,`coin`,`votes`,`birthday`,`issuper` FROM `cmf_users` WHERE ( openid!='' and openid='oAPK4we_H-wTIY452BiKZ_SpZLjE' ) LIMIT 1   [ RunTime:0.0090s ]
NOTIC: [8] Undefined variable: level_a /data/wwwroot/livenew.yunbaozhibo.com/wxshare/Application/Common/Common/function.php 第 219 行.
SQL: UPDATE `cmf_users` SET `token`='def029fac3ddc6d8369c4699de584ffd',`expiretime`='1591828550' WHERE ( id='31620' ) [ RunTime:0.0029s ]
INFO: [ app_end ] --START--
INFO: Run Behavior\ShowPageTraceBehavior [ RunTime:0.000495s ]
INFO: [ app_end ] --END-- [ RunTime:0.000524s ]

[ 2019-08-16T06:35:50+08:00 ] 182.35.97.10 /wxshare/index.php/Share/show?roomnum=21777
INFO: [ app_init ] --START--
INFO: Run Behavior\BuildLiteBehavior [ RunTime:0.000007s ]
INFO: [ app_init ] --END-- [ RunTime:0.000029s ]
INFO: [ app_begin ] --START--
INFO: Run Behavior\ReadHtmlCacheBehavior [ RunTime:0.000280s ]
INFO: [ app_begin ] --END-- [ RunTime:0.000300s ]
NOTIC: [2] Declaration of Home\Controller\ShareController::show() should be compatible with Think\Controller::show($content, $charset = '', $contentType = '', $prefix = '') /data/wwwroot/livenew.yunbaozhibo.com/wxshare/Application/Home/Controller/ShareController.class.php 第 900 行.
SQL: SHOW COLUMNS FROM `cmf_users_live` [ RunTime:0.0007s ]
SQL: SHOW COLUMNS FROM `cmf_users` [ RunTime:0.0006s ]
SQL: SELECT `id`,`user_nicename`,`avatar`,`avatar_thumb`,`sex`,`signature`,`consumption`,`votestotal`,`province`,`city`,`birthday`,`issuper` FROM `cmf_users` WHERE ( id='21777' ) LIMIT 1   [ RunTime:0.0004s ]
NOTIC: [8] Undefined variable: level_a /data/wwwroot/livenew.yunbaozhibo.com/wxshare/Application/Common/Common/function.php 第 219 行.
SQL: SHOW COLUMNS FROM `cmf_users_vip` [ RunTime:0.0003s ]
SQL: SELECT * FROM `cmf_users_vip` WHERE ( uid=21777 ) LIMIT 1   [ RunTime:0.0001s ]
SQL: SHOW COLUMNS FROM `cmf_liang` [ RunTime:0.0004s ]
SQL: SELECT * FROM `cmf_liang` WHERE ( uid=21777 and status=1 and state=1 ) LIMIT 1   [ RunTime:0.0001s ]
SQL: SELECT `uid`,`islive`,`stream`,`pull`,`isvideo`,`type`,`goodnum`,`wy_cid` FROM `cmf_users_live` WHERE ( uid='21777' and islive='1' ) LIMIT 1   [ RunTime:0.0001s ]
SQL: SELECT `id`,`user_login`,`user_nicename`,`avatar`,`avatar_thumb`,`sex`,`signature`,`consumption`,`votestotal`,`province`,`city`,`coin`,`votes`,`token`,`birthday`,`issuper` FROM `cmf_users` WHERE ( id='31620' ) LIMIT 1   [ RunTime:0.0003s ]
NOTIC: [8] Undefined variable: level_a /data/wwwroot/livenew.yunbaozhibo.com/wxshare/Application/Common/Common/function.php 第 219 行.
NOTIC: [8] Undefined variable: level_a /data/wwwroot/livenew.yunbaozhibo.com/wxshare/Application/Common/Common/function.php 第 250 行.
SQL: SELECT * FROM `cmf_users_vip` WHERE ( uid=31620 ) LIMIT 1   [ RunTime:0.0001s ]
SQL: SELECT * FROM `cmf_liang` WHERE ( uid=31620 and status=1 and state=1 ) LIMIT 1   [ RunTime:0.0001s ]
SQL: SHOW COLUMNS FROM `cmf_users_attention` [ RunTime:0.0003s ]
SQL: SELECT * FROM `cmf_users_attention` WHERE ( uid='31620' and touid='21777' ) LIMIT 1   [ RunTime:0.0001s ]
INFO: [ view_parse ] --START--
INFO: [ template_filter ] --START--
INFO: Run Behavior\ContentReplaceBehavior [ RunTime:0.000161s ]
INFO: [ template_filter ] --END-- [ RunTime:0.000200s ]
INFO: Run Behavior\ParseTemplateBehavior [ RunTime:0.040997s ]
INFO: [ view_parse ] --END-- [ RunTime:0.041034s ]
INFO: [ view_filter ] --START--
INFO: Run Behavior\WriteHtmlCacheBehavior [ RunTime:0.000116s ]
INFO: [ view_filter ] --END-- [ RunTime:0.000127s ]
INFO: [ app_end ] --START--
INFO: Run Behavior\ShowPageTraceBehavior [ RunTime:0.000374s ]
INFO: [ app_end ] --END-- [ RunTime:0.000395s ]

[ 2019-08-16T06:35:50+08:00 ] 182.35.97.10 /wxshare/index.php/Share/getGift
INFO: [ app_init ] --START--
INFO: Run Behavior\BuildLiteBehavior [ RunTime:0.000006s ]
INFO: [ app_init ] --END-- [ RunTime:0.000031s ]
INFO: [ app_begin ] --START--
INFO: Run Behavior\ReadHtmlCacheBehavior [ RunTime:0.000236s ]
INFO: [ app_begin ] --END-- [ RunTime:0.000252s ]
NOTIC: [2] Declaration of Home\Controller\ShareController::show() should be compatible with Think\Controller::show($content, $charset = '', $contentType = '', $prefix = '') /data/wwwroot/livenew.yunbaozhibo.com/wxshare/Application/Home/Controller/ShareController.class.php 第 900 行.
SQL: SHOW COLUMNS FROM `cmf_gift` [ RunTime:0.0006s ]
SQL: SELECT `id`,`type`,`giftname`,`needcoin`,`gifticon` FROM `cmf_gift` ORDER BY orderno asc  [ RunTime:0.0002s ]

[ 2019-08-16T13:08:35+08:00 ] 112.64.68.82 /wxshare/index.php/Share/show?roomnum=21777&from=groupmessage&isappinstalled=0
INFO: [ app_init ] --START--
INFO: Run Behavior\BuildLiteBehavior [ RunTime:0.000009s ]
INFO: [ app_init ] --END-- [ RunTime:0.000043s ]
INFO: [ app_begin ] --START--
INFO: Run Behavior\ReadHtmlCacheBehavior [ RunTime:0.000966s ]
INFO: [ app_begin ] --END-- [ RunTime:0.001001s ]
NOTIC: [2] Declaration of Home\Controller\ShareController::show() should be compatible with Think\Controller::show($content, $charset = '', $contentType = '', $prefix = '') /data/wwwroot/livenew.yunbaozhibo.com/wxshare/Application/Home/Controller/ShareController.class.php 第 900 行.
SQL: SHOW COLUMNS FROM `cmf_users_live` [ RunTime:0.0007s ]
SQL: SHOW COLUMNS FROM `cmf_users` [ RunTime:0.0005s ]
SQL: SELECT `id`,`user_nicename`,`avatar`,`avatar_thumb`,`sex`,`signature`,`consumption`,`votestotal`,`province`,`city`,`birthday`,`issuper` FROM `cmf_users` WHERE ( id='21777' ) LIMIT 1   [ RunTime:0.0003s ]
NOTIC: [8] Undefined variable: level_a /data/wwwroot/livenew.yunbaozhibo.com/wxshare/Application/Common/Common/function.php 第 219 行.
SQL: SHOW COLUMNS FROM `cmf_users_vip` [ RunTime:0.0003s ]
SQL: SELECT * FROM `cmf_users_vip` WHERE ( uid=21777 ) LIMIT 1   [ RunTime:0.0005s ]
SQL: SHOW COLUMNS FROM `cmf_liang` [ RunTime:0.0003s ]
SQL: SELECT * FROM `cmf_liang` WHERE ( uid=21777 and status=1 and state=1 ) LIMIT 1   [ RunTime:0.0003s ]
SQL: SELECT `uid`,`islive`,`stream`,`pull`,`isvideo`,`type`,`goodnum`,`wy_cid` FROM `cmf_users_live` WHERE ( uid='21777' and islive='1' ) LIMIT 1   [ RunTime:0.0002s ]
NOTIC: [8] Undefined variable: userinfo /data/wwwroot/livenew.yunbaozhibo.com/wxshare/Application/Home/Controller/ShareController.class.php 第 102 行.
NOTIC: [8] Undefined variable: userinfo /data/wwwroot/livenew.yunbaozhibo.com/wxshare/Application/Home/Controller/ShareController.class.php 第 103 行.
INFO: [ view_parse ] --START--
INFO: [ template_filter ] --START--
INFO: Run Behavior\ContentReplaceBehavior [ RunTime:0.000161s ]
INFO: [ template_filter ] --END-- [ RunTime:0.000196s ]
INFO: Run Behavior\ParseTemplateBehavior [ RunTime:0.051339s ]
INFO: [ view_parse ] --END-- [ RunTime:0.051383s ]
INFO: [ view_filter ] --START--
INFO: Run Behavior\WriteHtmlCacheBehavior [ RunTime:0.003178s ]
INFO: [ view_filter ] --END-- [ RunTime:0.003217s ]
INFO: [ app_end ] --START--
INFO: Run Behavior\ShowPageTraceBehavior [ RunTime:0.001223s ]
INFO: [ app_end ] --END-- [ RunTime:0.001243s ]

[ 2019-08-16T14:27:41+08:00 ] 112.64.68.82 /wxshare/index.php/Share/index?scene=126
INFO: [ app_init ] --START--
INFO: Run Behavior\BuildLiteBehavior [ RunTime:0.000006s ]
INFO: [ app_init ] --END-- [ RunTime:0.000031s ]
INFO: [ app_begin ] --START--
INFO: Run Behavior\ReadHtmlCacheBehavior [ RunTime:0.000254s ]
INFO: [ app_begin ] --END-- [ RunTime:0.000274s ]
NOTIC: [2] Declaration of Home\Controller\ShareController::show() should be compatible with Think\Controller::show($content, $charset = '', $contentType = '', $prefix = '') /data/wwwroot/livenew.yunbaozhibo.com/wxshare/Application/Home/Controller/ShareController.class.php 第 900 行.
SQL: select uid,title,city,stream,pull,thumb from cmf_users_live  where islive= '1'  order by isrecommend desc,starttime desc limit 0,20 [ RunTime:0.0006s ]
SQL: SHOW COLUMNS FROM `cmf_users` [ RunTime:0.0007s ]
SQL: SELECT `id`,`user_nicename`,`avatar`,`avatar_thumb`,`sex`,`signature`,`consumption`,`votestotal`,`province`,`city`,`birthday`,`issuper` FROM `cmf_users` WHERE ( id='21800' ) LIMIT 1   [ RunTime:0.0003s ]
NOTIC: [8] Undefined variable: level_a /data/wwwroot/livenew.yunbaozhibo.com/wxshare/Application/Common/Common/function.php 第 219 行.
NOTIC: [8] Undefined variable: level_a /data/wwwroot/livenew.yunbaozhibo.com/wxshare/Application/Common/Common/function.php 第 250 行.
SQL: SHOW COLUMNS FROM `cmf_users_vip` [ RunTime:0.0003s ]
SQL: SELECT * FROM `cmf_users_vip` WHERE ( uid=21800 ) LIMIT 1   [ RunTime:0.0003s ]
SQL: SHOW COLUMNS FROM `cmf_liang` [ RunTime:0.0003s ]
SQL: SELECT * FROM `cmf_liang` WHERE ( uid=21800 and status=1 and state=1 ) LIMIT 1   [ RunTime:0.0002s ]
SQL: SELECT `id`,`user_nicename`,`avatar`,`avatar_thumb`,`sex`,`signature`,`consumption`,`votestotal`,`province`,`city`,`birthday`,`issuper` FROM `cmf_users` WHERE ( id='21801' ) LIMIT 1   [ RunTime:0.0002s ]
SQL: SELECT * FROM `cmf_users_vip` WHERE ( uid=21801 ) LIMIT 1   [ RunTime:0.0003s ]
SQL: SELECT * FROM `cmf_liang` WHERE ( uid=21801 and status=1 and state=1 ) LIMIT 1   [ RunTime:0.0004s ]
SQL: SELECT `id`,`user_nicename`,`avatar`,`avatar_thumb`,`sex`,`signature`,`consumption`,`votestotal`,`province`,`city`,`birthday`,`issuper` FROM `cmf_users` WHERE ( id='21802' ) LIMIT 1   [ RunTime:0.0002s ]
NOTIC: [8] Undefined variable: level_a /data/wwwroot/livenew.yunbaozhibo.com/wxshare/Application/Common/Common/function.php 第 219 行.
NOTIC: [8] Undefined variable: level_a /data/wwwroot/livenew.yunbaozhibo.com/wxshare/Application/Common/Common/function.php 第 250 行.
SQL: SELECT * FROM `cmf_users_vip` WHERE ( uid=21802 ) LIMIT 1   [ RunTime:0.0003s ]
SQL: SELECT * FROM `cmf_liang` WHERE ( uid=21802 and status=1 and state=1 ) LIMIT 1   [ RunTime:0.0002s ]
SQL: SELECT `id`,`user_nicename`,`avatar`,`avatar_thumb`,`sex`,`signature`,`consumption`,`votestotal`,`province`,`city`,`birthday`,`issuper` FROM `cmf_users` WHERE ( id='21803' ) LIMIT 1   [ RunTime:0.0003s ]
NOTIC: [8] Undefined variable: level_a /data/wwwroot/livenew.yunbaozhibo.com/wxshare/Application/Common/Common/function.php 第 219 行.
SQL: SELECT * FROM `cmf_users_vip` WHERE ( uid=21803 ) LIMIT 1   [ RunTime:0.0004s ]
SQL: SELECT * FROM `cmf_liang` WHERE ( uid=21803 and status=1 and state=1 ) LIMIT 1   [ RunTime:0.0003s ]
SQL: SELECT `id`,`user_nicename`,`avatar`,`avatar_thumb`,`sex`,`signature`,`consumption`,`votestotal`,`province`,`city`,`birthday`,`issuper` FROM `cmf_users` WHERE ( id='21804' ) LIMIT 1   [ RunTime:0.0002s ]
NOTIC: [8] Undefined variable: level_a /data/wwwroot/livenew.yunbaozhibo.com/wxshare/Application/Common/Common/function.php 第 250 行.
SQL: SELECT * FROM `cmf_users_vip` WHERE ( uid=21804 ) LIMIT 1   [ RunTime:0.0003s ]
SQL: SELECT * FROM `cmf_liang` WHERE ( uid=21804 and status=1 and state=1 ) LIMIT 1   [ RunTime:0.0002s ]
SQL: SELECT `id`,`user_nicename`,`avatar`,`avatar_thumb`,`sex`,`signature`,`consumption`,`votestotal`,`province`,`city`,`birthday`,`issuper` FROM `cmf_users` WHERE ( id='21805' ) LIMIT 1   [ RunTime:0.0002s ]
NOTIC: [8] Undefined variable: level_a /data/wwwroot/livenew.yunbaozhibo.com/wxshare/Application/Common/Common/function.php 第 219 行.
NOTIC: [8] Undefined variable: level_a /data/wwwroot/livenew.yunbaozhibo.com/wxshare/Application/Common/Common/function.php 第 250 行.
SQL: SELECT * FROM `cmf_users_vip` WHERE ( uid=21805 ) LIMIT 1   [ RunTime:0.0003s ]
SQL: SELECT * FROM `cmf_liang` WHERE ( uid=21805 and status=1 and state=1 ) LIMIT 1   [ RunTime:0.0002s ]
SQL: SELECT `id`,`user_nicename`,`avatar`,`avatar_thumb`,`sex`,`signature`,`consumption`,`votestotal`,`province`,`city`,`birthday`,`issuper` FROM `cmf_users` WHERE ( id='21806' ) LIMIT 1   [ RunTime:0.0002s ]
SQL: SELECT * FROM `cmf_users_vip` WHERE ( uid=21806 ) LIMIT 1   [ RunTime:0.0003s ]
SQL: SELECT * FROM `cmf_liang` WHERE ( uid=21806 and status=1 and state=1 ) LIMIT 1   [ RunTime:0.0002s ]
SQL: SELECT `id`,`user_nicename`,`avatar`,`avatar_thumb`,`sex`,`signature`,`consumption`,`votestotal`,`province`,`city`,`birthday`,`issuper` FROM `cmf_users` WHERE ( id='21807' ) LIMIT 1   [ RunTime:0.0002s ]
NOTIC: [8] Undefined variable: level_a /data/wwwroot/livenew.yunbaozhibo.com/wxshare/Application/Common/Common/function.php 第 219 行.
NOTIC: [8] Undefined variable: level_a /data/wwwroot/livenew.yunbaozhibo.com/wxshare/Application/Common/Common/function.php 第 250 行.
SQL: SELECT * FROM `cmf_users_vip` WHERE ( uid=21807 ) LIMIT 1   [ RunTime:0.0003s ]
SQL: SELECT * FROM `cmf_liang` WHERE ( uid=21807 and status=1 and state=1 ) LIMIT 1   [ RunTime:0.0002s ]
SQL: SELECT `id`,`user_nicename`,`avatar`,`avatar_thumb`,`sex`,`signature`,`consumption`,`votestotal`,`province`,`city`,`birthday`,`issuper` FROM `cmf_users` WHERE ( id='21808' ) LIMIT 1   [ RunTime:0.0002s ]
SQL: SELECT * FROM `cmf_users_vip` WHERE ( uid=21808 ) LIMIT 1   [ RunTime:0.0003s ]
SQL: SELECT * FROM `cmf_liang` WHERE ( uid=21808 and status=1 and state=1 ) LIMIT 1   [ RunTime:0.0003s ]
SQL: SELECT `id`,`user_nicename`,`avatar`,`avatar_thumb`,`sex`,`signature`,`consumption`,`votestotal`,`province`,`city`,`birthday`,`issuper` FROM `cmf_users` WHERE ( id='21809' ) LIMIT 1   [ RunTime:0.0002s ]
NOTIC: [8] Undefined variable: level_a /data/wwwroot/livenew.yunbaozhibo.com/wxshare/Application/Common/Common/function.php 第 219 行.
NOTIC: [8] Undefined variable: level_a /data/wwwroot/livenew.yunbaozhibo.com/wxshare/Application/Common/Common/function.php 第 250 行.
SQL: SELECT * FROM `cmf_users_vip` WHERE ( uid=21809 ) LIMIT 1   [ RunTime:0.0003s ]
SQL: SELECT * FROM `cmf_liang` WHERE ( uid=21809 and status=1 and state=1 ) LIMIT 1   [ RunTime:0.0002s ]
SQL: SELECT `id`,`user_nicename`,`avatar`,`avatar_thumb`,`sex`,`signature`,`consumption`,`votestotal`,`province`,`city`,`birthday`,`issuper` FROM `cmf_users` WHERE ( id='21810' ) LIMIT 1   [ RunTime:0.0003s ]
NOTIC: [8] Undefined variable: level_a /data/wwwroot/livenew.yunbaozhibo.com/wxshare/Application/Common/Common/function.php 第 219 行.
NOTIC: [8] Undefined variable: level_a /data/wwwroot/livenew.yunbaozhibo.com/wxshare/Application/Common/Common/function.php 第 250 行.
SQL: SELECT * FROM `cmf_users_vip` WHERE ( uid=21810 ) LIMIT 1   [ RunTime:0.0003s ]
SQL: SELECT * FROM `cmf_liang` WHERE ( uid=21810 and status=1 and state=1 ) LIMIT 1   [ RunTime:0.0003s ]
SQL: SELECT `id`,`user_nicename`,`avatar`,`avatar_thumb`,`sex`,`signature`,`consumption`,`votestotal`,`province`,`city`,`birthday`,`issuper` FROM `cmf_users` WHERE ( id='21811' ) LIMIT 1   [ RunTime:0.0002s ]
NOTIC: [8] Undefined variable: level_a /data/wwwroot/livenew.yunbaozhibo.com/wxshare/Application/Common/Common/function.php 第 219 行.
NOTIC: [8] Undefined variable: level_a /data/wwwroot/livenew.yunbaozhibo.com/wxshare/Application/Common/Common/function.php 第 250 行.
SQL: SELECT * FROM `cmf_users_vip` WHERE ( uid=21811 ) LIMIT 1   [ RunTime:0.0002s ]
SQL: SELECT * FROM `cmf_liang` WHERE ( uid=21811 and status=1 and state=1 ) LIMIT 1   [ RunTime:0.0002s ]
SQL: SELECT `id`,`user_nicename`,`avatar`,`avatar_thumb`,`sex`,`signature`,`consumption`,`votestotal`,`province`,`city`,`birthday`,`issuper` FROM `cmf_users` WHERE ( id='21812' ) LIMIT 1   [ RunTime:0.0002s ]
NOTIC: [8] Undefined variable: level_a /data/wwwroot/livenew.yunbaozhibo.com/wxshare/Application/Common/Common/function.php 第 250 行.
SQL: SELECT * FROM `cmf_users_vip` WHERE ( uid=21812 ) LIMIT 1   [ RunTime:0.0003s ]
SQL: SELECT * FROM `cmf_liang` WHERE ( uid=21812 and status=1 and state=1 ) LIMIT 1   [ RunTime:0.0002s ]
SQL: SELECT `id`,`user_nicename`,`avatar`,`avatar_thumb`,`sex`,`signature`,`consumption`,`votestotal`,`province`,`city`,`birthday`,`issuper` FROM `cmf_users` WHERE ( id='21813' ) LIMIT 1   [ RunTime:0.0002s ]
NOTIC: [8] Undefined variable: level_a /data/wwwroot/livenew.yunbaozhibo.com/wxshare/Application/Common/Common/function.php 第 250 行.
SQL: SELECT * FROM `cmf_users_vip` WHERE ( uid=21813 ) LIMIT 1   [ RunTime:0.0003s ]
SQL: SELECT * FROM `cmf_liang` WHERE ( uid=21813 and status=1 and state=1 ) LIMIT 1   [ RunTime:0.0003s ]
SQL: SELECT `id`,`user_nicename`,`avatar`,`avatar_thumb`,`sex`,`signature`,`consumption`,`votestotal`,`province`,`city`,`birthday`,`issuper` FROM `cmf_users` WHERE ( id='21814' ) LIMIT 1   [ RunTime:0.0002s ]
NOTIC: [8] Undefined variable: level_a /data/wwwroot/livenew.yunbaozhibo.com/wxshare/Application/Common/Common/function.php 第 250 行.
SQL: SELECT * FROM `cmf_users_vip` WHERE ( uid=21814 ) LIMIT 1   [ RunTime:0.0003s ]
SQL: SELECT * FROM `cmf_liang` WHERE ( uid=21814 and status=1 and state=1 ) LIMIT 1   [ RunTime:0.0002s ]
SQL: SELECT `id`,`user_nicename`,`avatar`,`avatar_thumb`,`sex`,`signature`,`consumption`,`votestotal`,`province`,`city`,`birthday`,`issuper` FROM `cmf_users` WHERE ( id='21815' ) LIMIT 1   [ RunTime:0.0002s ]
SQL: SELECT * FROM `cmf_users_vip` WHERE ( uid=21815 ) LIMIT 1   [ RunTime:0.0003s ]
SQL: SELECT * FROM `cmf_liang` WHERE ( uid=21815 and status=1 and state=1 ) LIMIT 1   [ RunTime:0.0002s ]
SQL: SELECT `id`,`user_nicename`,`avatar`,`avatar_thumb`,`sex`,`signature`,`consumption`,`votestotal`,`province`,`city`,`birthday`,`issuper` FROM `cmf_users` WHERE ( id='21816' ) LIMIT 1   [ RunTime:0.0002s ]
SQL: SELECT * FROM `cmf_users_vip` WHERE ( uid=21816 ) LIMIT 1   [ RunTime:0.0003s ]
SQL: SELECT * FROM `cmf_liang` WHERE ( uid=21816 and status=1 and state=1 ) LIMIT 1   [ RunTime:0.0002s ]
SQL: SELECT `id`,`user_nicename`,`avatar`,`avatar_thumb`,`sex`,`signature`,`consumption`,`votestotal`,`province`,`city`,`birthday`,`issuper` FROM `cmf_users` WHERE ( id='21817' ) LIMIT 1   [ RunTime:0.0002s ]
NOTIC: [8] Undefined variable: level_a /data/wwwroot/livenew.yunbaozhibo.com/wxshare/Application/Common/Common/function.php 第 219 行.
NOTIC: [8] Undefined variable: level_a /data/wwwroot/livenew.yunbaozhibo.com/wxshare/Application/Common/Common/function.php 第 250 行.
SQL: SELECT * FROM `cmf_users_vip` WHERE ( uid=21817 ) LIMIT 1   [ RunTime:0.0003s ]
SQL: SELECT * FROM `cmf_liang` WHERE ( uid=21817 and status=1 and state=1 ) LIMIT 1   [ RunTime:0.0002s ]
SQL: SELECT `id`,`user_nicename`,`avatar`,`avatar_thumb`,`sex`,`signature`,`consumption`,`votestotal`,`province`,`city`,`birthday`,`issuper` FROM `cmf_users` WHERE ( id='21818' ) LIMIT 1   [ RunTime:0.0002s ]
NOTIC: [8] Undefined variable: level_a /data/wwwroot/livenew.yunbaozhibo.com/wxshare/Application/Common/Common/function.php 第 250 行.
SQL: SELECT * FROM `cmf_users_vip` WHERE ( uid=21818 ) LIMIT 1   [ RunTime:0.0003s ]
SQL: SELECT * FROM `cmf_liang` WHERE ( uid=21818 and status=1 and state=1 ) LIMIT 1   [ RunTime:0.0003s ]
SQL: SELECT `id`,`user_nicename`,`avatar`,`avatar_thumb`,`sex`,`signature`,`consumption`,`votestotal`,`province`,`city`,`birthday`,`issuper` FROM `cmf_users` WHERE ( id='21819' ) LIMIT 1   [ RunTime:0.0002s ]
SQL: SELECT * FROM `cmf_liang` WHERE ( uid=21819 and status=1 and state=1 ) LIMIT 1   [ RunTime:0.0002s ]
INFO: [ view_parse ] --START--
INFO: [ template_filter ] --START--
INFO: Run Behavior\ContentReplaceBehavior [ RunTime:0.000040s ]
INFO: [ template_filter ] --END-- [ RunTime:0.000073s ]
INFO: Run Behavior\ParseTemplateBehavior [ RunTime:0.059325s ]
INFO: [ view_parse ] --END-- [ RunTime:0.059358s ]
INFO: [ view_filter ] --START--
INFO: Run Behavior\WriteHtmlCacheBehavior [ RunTime:0.000097s ]
INFO: [ view_filter ] --END-- [ RunTime:0.000109s ]
INFO: [ app_end ] --START--
INFO: Run Behavior\ShowPageTraceBehavior [ RunTime:0.000320s ]
INFO: [ app_end ] --END-- [ RunTime:0.000334s ]

[ 2019-08-16T14:27:44+08:00 ] 112.64.68.82 /wxshare/index.php/Share/show?roomnum=21800
INFO: [ app_init ] --START--
INFO: Run Behavior\BuildLiteBehavior [ RunTime:0.000007s ]
INFO: [ app_init ] --END-- [ RunTime:0.000030s ]
INFO: [ app_begin ] --START--
INFO: Run Behavior\ReadHtmlCacheBehavior [ RunTime:0.000232s ]
INFO: [ app_begin ] --END-- [ RunTime:0.000247s ]
NOTIC: [2] Declaration of Home\Controller\ShareController::show() should be compatible with Think\Controller::show($content, $charset = '', $contentType = '', $prefix = '') /data/wwwroot/livenew.yunbaozhibo.com/wxshare/Application/Home/Controller/ShareController.class.php 第 900 行.
SQL: SHOW COLUMNS FROM `cmf_users_live` [ RunTime:0.0006s ]
SQL: SHOW COLUMNS FROM `cmf_users` [ RunTime:0.0005s ]
SQL: SELECT `id`,`user_nicename`,`avatar`,`avatar_thumb`,`sex`,`signature`,`consumption`,`votestotal`,`province`,`city`,`birthday`,`issuper` FROM `cmf_users` WHERE ( id='21800' ) LIMIT 1   [ RunTime:0.0001s ]
NOTIC: [8] Undefined variable: level_a /data/wwwroot/livenew.yunbaozhibo.com/wxshare/Application/Common/Common/function.php 第 219 行.
NOTIC: [8] Undefined variable: level_a /data/wwwroot/livenew.yunbaozhibo.com/wxshare/Application/Common/Common/function.php 第 250 行.
SQL: SHOW COLUMNS FROM `cmf_users_vip` [ RunTime:0.0003s ]
SQL: SELECT * FROM `cmf_users_vip` WHERE ( uid=21800 ) LIMIT 1   [ RunTime:0.0001s ]
SQL: SHOW COLUMNS FROM `cmf_liang` [ RunTime:0.0003s ]
SQL: SELECT * FROM `cmf_liang` WHERE ( uid=21800 and status=1 and state=1 ) LIMIT 1   [ RunTime:0.0001s ]
SQL: SELECT `uid`,`islive`,`stream`,`pull`,`isvideo`,`type`,`goodnum`,`wy_cid` FROM `cmf_users_live` WHERE ( uid='21800' and islive='1' ) LIMIT 1   [ RunTime:0.0003s ]
NOTIC: [8] Undefined variable: userinfo /data/wwwroot/livenew.yunbaozhibo.com/wxshare/Application/Home/Controller/ShareController.class.php 第 102 行.
NOTIC: [8] Undefined variable: userinfo /data/wwwroot/livenew.yunbaozhibo.com/wxshare/Application/Home/Controller/ShareController.class.php 第 103 行.
INFO: [ view_parse ] --START--
INFO: [ template_filter ] --START--
INFO: Run Behavior\ContentReplaceBehavior [ RunTime:0.000141s ]
INFO: [ template_filter ] --END-- [ RunTime:0.000160s ]
INFO: Run Behavior\ParseTemplateBehavior [ RunTime:0.006025s ]
INFO: [ view_parse ] --END-- [ RunTime:0.006057s ]
INFO: [ view_filter ] --START--
INFO: Run Behavior\WriteHtmlCacheBehavior [ RunTime:0.000092s ]
INFO: [ view_filter ] --END-- [ RunTime:0.000101s ]
INFO: [ app_end ] --START--
INFO: Run Behavior\ShowPageTraceBehavior [ RunTime:0.000286s ]
INFO: [ app_end ] --END-- [ RunTime:0.000300s ]

[ 2019-08-16T14:27:45+08:00 ] 112.64.68.82 /wxshare/index.php/Share/wxLogin?roomnum=21800
INFO: [ app_init ] --START--
INFO: Run Behavior\BuildLiteBehavior [ RunTime:0.000006s ]
INFO: [ app_init ] --END-- [ RunTime:0.000028s ]
INFO: [ app_begin ] --START--
INFO: Run Behavior\ReadHtmlCacheBehavior [ RunTime:0.000237s ]
INFO: [ app_begin ] --END-- [ RunTime:0.000256s ]
NOTIC: [2] Declaration of Home\Controller\ShareController::show() should be compatible with Think\Controller::show($content, $charset = '', $contentType = '', $prefix = '') /data/wwwroot/livenew.yunbaozhibo.com/wxshare/Application/Home/Controller/ShareController.class.php 第 900 行.
NOTIC: [8] A session had already been started - ignoring session_start() /data/wwwroot/livenew.yunbaozhibo.com/wxshare/Application/Home/Controller/ShareController.class.php 第 133 行.
INFO: [ app_end ] --START--
INFO: Run Behavior\ShowPageTraceBehavior [ RunTime:0.000294s ]
INFO: [ app_end ] --END-- [ RunTime:0.000315s ]

[ 2019-08-16T14:27:47+08:00 ] 112.64.68.82 /wxshare/index.php/Share/wxLoginCallback?roomnum=21800&code=081iT2J81Gq6xO1ImgJ81arZI81iT2JJ&state=06e899a6d8a945c3a088365b0b861e85
INFO: [ app_init ] --START--
INFO: Run Behavior\BuildLiteBehavior [ RunTime:0.000007s ]
INFO: [ app_init ] --END-- [ RunTime:0.000029s ]
INFO: [ app_begin ] --START--
INFO: Run Behavior\ReadHtmlCacheBehavior [ RunTime:0.000276s ]
INFO: [ app_begin ] --END-- [ RunTime:0.000295s ]
NOTIC: [2] Declaration of Home\Controller\ShareController::show() should be compatible with Think\Controller::show($content, $charset = '', $contentType = '', $prefix = '') /data/wwwroot/livenew.yunbaozhibo.com/wxshare/Application/Home/Controller/ShareController.class.php 第 900 行.
SQL: SHOW COLUMNS FROM `cmf_users` [ RunTime:0.0007s ]
SQL: SELECT `id`,`user_login`,`user_nicename`,`avatar`,`avatar_thumb`,`sex`,`signature`,`consumption`,`votestotal`,`province`,`city`,`coin`,`votes`,`birthday`,`issuper` FROM `cmf_users` WHERE ( openid!='' and openid='oAPK4wfPrcECt5-nWM95pKU4h1GI' ) LIMIT 1   [ RunTime:0.0046s ]
SQL: UPDATE `cmf_users` SET `token`='c55066efd84c5c23150722e0150a58d9',`expiretime`='1591856867' WHERE ( id='26665' ) [ RunTime:0.0027s ]
INFO: [ app_end ] --START--
INFO: Run Behavior\ShowPageTraceBehavior [ RunTime:0.000395s ]
INFO: [ app_end ] --END-- [ RunTime:0.000419s ]

[ 2019-08-16T14:27:47+08:00 ] 112.64.68.82 /wxshare/index.php/Share/show?roomnum=21800
INFO: [ app_init ] --START--
INFO: Run Behavior\BuildLiteBehavior [ RunTime:0.000006s ]
INFO: [ app_init ] --END-- [ RunTime:0.000029s ]
INFO: [ app_begin ] --START--
INFO: Run Behavior\ReadHtmlCacheBehavior [ RunTime:0.000225s ]
INFO: [ app_begin ] --END-- [ RunTime:0.000241s ]
NOTIC: [2] Declaration of Home\Controller\ShareController::show() should be compatible with Think\Controller::show($content, $charset = '', $contentType = '', $prefix = '') /data/wwwroot/livenew.yunbaozhibo.com/wxshare/Application/Home/Controller/ShareController.class.php 第 900 行.
SQL: SHOW COLUMNS FROM `cmf_users_live` [ RunTime:0.0006s ]
SQL: SHOW COLUMNS FROM `cmf_users` [ RunTime:0.0005s ]
SQL: SELECT `id`,`user_nicename`,`avatar`,`avatar_thumb`,`sex`,`signature`,`consumption`,`votestotal`,`province`,`city`,`birthday`,`issuper` FROM `cmf_users` WHERE ( id='21800' ) LIMIT 1   [ RunTime:0.0006s ]
NOTIC: [8] Undefined variable: level_a /data/wwwroot/livenew.yunbaozhibo.com/wxshare/Application/Common/Common/function.php 第 219 行.
NOTIC: [8] Undefined variable: level_a /data/wwwroot/livenew.yunbaozhibo.com/wxshare/Application/Common/Common/function.php 第 250 行.
SQL: SHOW COLUMNS FROM `cmf_users_vip` [ RunTime:0.0003s ]
SQL: SELECT * FROM `cmf_users_vip` WHERE ( uid=21800 ) LIMIT 1   [ RunTime:0.0001s ]
SQL: SHOW COLUMNS FROM `cmf_liang` [ RunTime:0.0003s ]
SQL: SELECT * FROM `cmf_liang` WHERE ( uid=21800 and status=1 and state=1 ) LIMIT 1   [ RunTime:0.0001s ]
SQL: SELECT `uid`,`islive`,`stream`,`pull`,`isvideo`,`type`,`goodnum`,`wy_cid` FROM `cmf_users_live` WHERE ( uid='21800' and islive='1' ) LIMIT 1   [ RunTime:0.0001s ]
SQL: SELECT `id`,`user_login`,`user_nicename`,`avatar`,`avatar_thumb`,`sex`,`signature`,`consumption`,`votestotal`,`province`,`city`,`coin`,`votes`,`token`,`birthday`,`issuper` FROM `cmf_users` WHERE ( id='26665' ) LIMIT 1   [ RunTime:0.0002s ]
NOTIC: [8] Undefined variable: level_a /data/wwwroot/livenew.yunbaozhibo.com/wxshare/Application/Common/Common/function.php 第 250 行.
SQL: SELECT * FROM `cmf_liang` WHERE ( uid=26665 and status=1 and state=1 ) LIMIT 1   [ RunTime:0.0004s ]
SQL: SHOW COLUMNS FROM `cmf_users_attention` [ RunTime:0.0003s ]
SQL: SELECT * FROM `cmf_users_attention` WHERE ( uid='26665' and touid='21800' ) LIMIT 1   [ RunTime:0.0003s ]
INFO: [ view_parse ] --START--
INFO: [ template_filter ] --START--
INFO: Run Behavior\ContentReplaceBehavior [ RunTime:0.000140s ]
INFO: [ template_filter ] --END-- [ RunTime:0.000162s ]
INFO: Run Behavior\ParseTemplateBehavior [ RunTime:0.005622s ]
INFO: [ view_parse ] --END-- [ RunTime:0.005650s ]
INFO: [ view_filter ] --START--
INFO: Run Behavior\WriteHtmlCacheBehavior [ RunTime:0.000089s ]
INFO: [ view_filter ] --END-- [ RunTime:0.000100s ]
INFO: [ app_end ] --START--
INFO: Run Behavior\ShowPageTraceBehavior [ RunTime:0.000276s ]
INFO: [ app_end ] --END-- [ RunTime:0.000290s ]

[ 2019-08-16T14:27:48+08:00 ] 112.64.68.82 /wxshare/index.php/Share/getGift
INFO: [ app_init ] --START--
INFO: Run Behavior\BuildLiteBehavior [ RunTime:0.000007s ]
INFO: [ app_init ] --END-- [ RunTime:0.000036s ]
INFO: [ app_begin ] --START--
INFO: Run Behavior\ReadHtmlCacheBehavior [ RunTime:0.000239s ]
INFO: [ app_begin ] --END-- [ RunTime:0.000256s ]
NOTIC: [2] Declaration of Home\Controller\ShareController::show() should be compatible with Think\Controller::show($content, $charset = '', $contentType = '', $prefix = '') /data/wwwroot/livenew.yunbaozhibo.com/wxshare/Application/Home/Controller/ShareController.class.php 第 900 行.
SQL: SHOW COLUMNS FROM `cmf_gift` [ RunTime:0.0007s ]
SQL: SELECT `id`,`type`,`giftname`,`needcoin`,`gifticon` FROM `cmf_gift` ORDER BY orderno asc  [ RunTime:0.0005s ]

[ 2019-08-16T14:27:51+08:00 ] 112.64.68.82 /wxshare/index.php/Share/setNodeInfo?liveuid=21800
INFO: [ app_init ] --START--
INFO: Run Behavior\BuildLiteBehavior [ RunTime:0.000006s ]
INFO: [ app_init ] --END-- [ RunTime:0.000030s ]
INFO: [ app_begin ] --START--
INFO: Run Behavior\ReadHtmlCacheBehavior [ RunTime:0.000232s ]
INFO: [ app_begin ] --END-- [ RunTime:0.000247s ]
NOTIC: [2] Declaration of Home\Controller\ShareController::show() should be compatible with Think\Controller::show($content, $charset = '', $contentType = '', $prefix = '') /data/wwwroot/livenew.yunbaozhibo.com/wxshare/Application/Home/Controller/ShareController.class.php 第 900 行.
SQL: SHOW COLUMNS FROM `cmf_users` [ RunTime:0.0008s ]
SQL: SELECT `id`,`user_nicename`,`avatar`,`avatar_thumb`,`sex`,`signature`,`consumption`,`votestotal`,`province`,`city`,`birthday`,`issuper` FROM `cmf_users` WHERE ( id='26665' ) LIMIT 1   [ RunTime:0.0003s ]
NOTIC: [8] Undefined variable: level_a /data/wwwroot/livenew.yunbaozhibo.com/wxshare/Application/Common/Common/function.php 第 250 行.
SQL: SHOW COLUMNS FROM `cmf_liang` [ RunTime:0.0004s ]
SQL: SELECT * FROM `cmf_liang` WHERE ( uid=26665 and status=1 and state=1 ) LIMIT 1   [ RunTime:0.0001s ]
SQL: SHOW COLUMNS FROM `cmf_users_super` [ RunTime:0.0005s ]
SQL: SELECT * FROM `cmf_users_super` WHERE ( uid='26665' ) LIMIT 1   [ RunTime:0.0003s ]
SQL: SHOW COLUMNS FROM `cmf_users_livemanager` [ RunTime:0.0004s ]
SQL: SELECT * FROM `cmf_users_livemanager` WHERE ( uid = '26665' and liveuid = '21800' ) LIMIT 1   [ RunTime:0.0002s ]
SQL: SHOW COLUMNS FROM `cmf_guard_users` [ RunTime:0.0003s ]
SQL: SELECT `type`,`endtime` FROM `cmf_guard_users` WHERE ( uid = 26665 and liveuid=21800 ) LIMIT 1   [ RunTime:0.0002s ]
INFO: [ app_end ] --START--
INFO: Run Behavior\ShowPageTraceBehavior [ RunTime:0.000432s ]
INFO: [ app_end ] --END-- [ RunTime:0.000455s ]

[ 2019-08-16T14:28:03+08:00 ] 112.64.68.82 /wxshare/index.php/Share/sendGift
INFO: [ app_init ] --START--
INFO: Run Behavior\BuildLiteBehavior [ RunTime:0.000006s ]
INFO: [ app_init ] --END-- [ RunTime:0.000030s ]
INFO: [ app_begin ] --START--
INFO: Run Behavior\ReadHtmlCacheBehavior [ RunTime:0.000254s ]
INFO: [ app_begin ] --END-- [ RunTime:0.000272s ]
NOTIC: [2] Declaration of Home\Controller\ShareController::show() should be compatible with Think\Controller::show($content, $charset = '', $contentType = '', $prefix = '') /data/wwwroot/livenew.yunbaozhibo.com/wxshare/Application/Home/Controller/ShareController.class.php 第 900 行.
SQL: SHOW COLUMNS FROM `cmf_users` [ RunTime:0.0007s ]
SQL: SHOW COLUMNS FROM `cmf_gift` [ RunTime:0.0004s ]
SQL: SELECT `giftname`,`gifticon`,`needcoin`,`type`,`mark`,`swftype`,`swf`,`swftime` FROM `cmf_gift` WHERE ( id='91' ) LIMIT 1   [ RunTime:0.0003s ]
SQL: update cmf_users set coin=coin-20,consumption=consumption+20 where id='26665' and coin >= 20 [ RunTime:0.0031s ]
SQL: SHOW COLUMNS FROM `cmf_users_agent` [ RunTime:0.0004s ]
SQL: SELECT * FROM `cmf_users_agent` WHERE ( uid=26665 ) LIMIT 1   [ RunTime:0.0003s ]
SQL: SHOW COLUMNS FROM `cmf_users_family` [ RunTime:0.0004s ]
SQL: SELECT `familyid`,`divide_family` FROM `cmf_users_family` WHERE ( uid=21800 and state=2 ) LIMIT 1   [ RunTime:0.0002s ]
SQL: update cmf_users set votes=votes+20,votestotal=votestotal+20 where id='21800' [ RunTime:0.0019s ]
SQL: SHOW COLUMNS FROM `cmf_users_voterecord` [ RunTime:0.0004s ]
SQL: INSERT INTO `cmf_users_voterecord` (`type`,`action`,`uid`,`votes`,`addtime`) VALUES ('income','sendgift','21800','20','1565936883') [ RunTime:0.0018s ]
SQL: SHOW COLUMNS FROM `cmf_users_coinrecord` [ RunTime:0.0004s ]
SQL: INSERT INTO `cmf_users_coinrecord` (`type`,`action`,`uid`,`touid`,`giftid`,`giftcount`,`totalcoin`,`showid`,`mark`,`addtime`) VALUES ('expend','sendgift','26665','21800','91','1','20','1565923009','1','1565936883') [ RunTime:0.0019s ]
SQL: update cmf_users_live set hotvotes=hotvotes+20 where uid='21800' [ RunTime:0.0022s ]
SQL: SELECT `votestotal` FROM `cmf_users` WHERE ( id=21800 ) LIMIT 1   [ RunTime:0.0006s ]
SQL: SELECT `consumption`,`coin`,`votestotal` FROM `cmf_users` WHERE ( id='26665' ) LIMIT 1   [ RunTime:0.0003s ]

[ 2019-08-16T16:32:42+08:00 ] 27.200.94.164 /wxshare/index.php/Share/show?roomnum=21778&from=singlemessage&isappinstalled=0
INFO: [ app_init ] --START--
INFO: Run Behavior\BuildLiteBehavior [ RunTime:0.000016s ]
INFO: [ app_init ] --END-- [ RunTime:0.000054s ]
INFO: [ app_begin ] --START--
INFO: Run Behavior\ReadHtmlCacheBehavior [ RunTime:0.000919s ]
INFO: [ app_begin ] --END-- [ RunTime:0.000945s ]
NOTIC: [2] Declaration of Home\Controller\ShareController::show() should be compatible with Think\Controller::show($content, $charset = '', $contentType = '', $prefix = '') /data/wwwroot/livenew.yunbaozhibo.com/wxshare/Application/Home/Controller/ShareController.class.php 第 900 行.
SQL: SHOW COLUMNS FROM `cmf_users_live` [ RunTime:0.0007s ]
SQL: SHOW COLUMNS FROM `cmf_users` [ RunTime:0.0005s ]
SQL: SELECT `id`,`user_nicename`,`avatar`,`avatar_thumb`,`sex`,`signature`,`consumption`,`votestotal`,`province`,`city`,`birthday`,`issuper` FROM `cmf_users` WHERE ( id='21778' ) LIMIT 1   [ RunTime:0.0003s ]
NOTIC: [8] Undefined variable: level_a /data/wwwroot/livenew.yunbaozhibo.com/wxshare/Application/Common/Common/function.php 第 219 行.
SQL: SHOW COLUMNS FROM `cmf_users_vip` [ RunTime:0.0003s ]
SQL: SELECT * FROM `cmf_users_vip` WHERE ( uid=21778 ) LIMIT 1   [ RunTime:0.0003s ]
SQL: SHOW COLUMNS FROM `cmf_liang` [ RunTime:0.0003s ]
SQL: SELECT * FROM `cmf_liang` WHERE ( uid=21778 and status=1 and state=1 ) LIMIT 1   [ RunTime:0.0003s ]
SQL: SELECT `uid`,`islive`,`stream`,`pull`,`isvideo`,`type`,`goodnum`,`wy_cid` FROM `cmf_users_live` WHERE ( uid='21778' and islive='1' ) LIMIT 1   [ RunTime:0.0002s ]
NOTIC: [8] Undefined variable: userinfo /data/wwwroot/livenew.yunbaozhibo.com/wxshare/Application/Home/Controller/ShareController.class.php 第 102 行.
NOTIC: [8] Undefined variable: userinfo /data/wwwroot/livenew.yunbaozhibo.com/wxshare/Application/Home/Controller/ShareController.class.php 第 103 行.
INFO: [ view_parse ] --START--
INFO: [ template_filter ] --START--
INFO: Run Behavior\ContentReplaceBehavior [ RunTime:0.000143s ]
INFO: [ template_filter ] --END-- [ RunTime:0.000172s ]
INFO: Run Behavior\ParseTemplateBehavior [ RunTime:0.027294s ]
INFO: [ view_parse ] --END-- [ RunTime:0.027316s ]
INFO: [ view_filter ] --START--
INFO: Run Behavior\WriteHtmlCacheBehavior [ RunTime:0.000599s ]
INFO: [ view_filter ] --END-- [ RunTime:0.000617s ]
INFO: [ app_end ] --START--
INFO: Run Behavior\ShowPageTraceBehavior [ RunTime:0.000800s ]
INFO: [ app_end ] --END-- [ RunTime:0.000819s ]

[ 2019-08-16T16:32:43+08:00 ] 27.200.94.164 /wxshare/index.php/Share/wxLogin?roomnum=21778
INFO: [ app_init ] --START--
INFO: Run Behavior\BuildLiteBehavior [ RunTime:0.000007s ]
INFO: [ app_init ] --END-- [ RunTime:0.000039s ]
INFO: [ app_begin ] --START--
INFO: Run Behavior\ReadHtmlCacheBehavior [ RunTime:0.000274s ]
INFO: [ app_begin ] --END-- [ RunTime:0.000300s ]
NOTIC: [2] Declaration of Home\Controller\ShareController::show() should be compatible with Think\Controller::show($content, $charset = '', $contentType = '', $prefix = '') /data/wwwroot/livenew.yunbaozhibo.com/wxshare/Application/Home/Controller/ShareController.class.php 第 900 行.
NOTIC: [8] A session had already been started - ignoring session_start() /data/wwwroot/livenew.yunbaozhibo.com/wxshare/Application/Home/Controller/ShareController.class.php 第 133 行.
INFO: [ app_end ] --START--
INFO: Run Behavior\ShowPageTraceBehavior [ RunTime:0.000304s ]
INFO: [ app_end ] --END-- [ RunTime:0.000325s ]

[ 2019-08-16T16:32:53+08:00 ] 27.200.94.164 /wxshare/index.php/Share/wxLoginCallback?roomnum=21778&code=0812Z3jq0QATzm1AhNiq0pY6jq02Z3js&state=0e5c251cf91108f8a8890b99e615ecd0
INFO: [ app_init ] --START--
INFO: Run Behavior\BuildLiteBehavior [ RunTime:0.000008s ]
INFO: [ app_init ] --END-- [ RunTime:0.000036s ]
INFO: [ app_begin ] --START--
INFO: Run Behavior\ReadHtmlCacheBehavior [ RunTime:0.000268s ]
INFO: [ app_begin ] --END-- [ RunTime:0.000289s ]
NOTIC: [2] Declaration of Home\Controller\ShareController::show() should be compatible with Think\Controller::show($content, $charset = '', $contentType = '', $prefix = '') /data/wwwroot/livenew.yunbaozhibo.com/wxshare/Application/Home/Controller/ShareController.class.php 第 900 行.
SQL: SHOW COLUMNS FROM `cmf_users` [ RunTime:0.0007s ]
SQL: SELECT `id`,`user_login`,`user_nicename`,`avatar`,`avatar_thumb`,`sex`,`signature`,`consumption`,`votestotal`,`province`,`city`,`coin`,`votes`,`birthday`,`issuper` FROM `cmf_users` WHERE ( openid!='' and openid='oAPK4wQc_gZMYbB8m9eOtF23i9J8' ) LIMIT 1   [ RunTime:0.0053s ]
SQL: UPDATE `cmf_users` SET `token`='631929d883f8fc9e2f977fc99c36a9e3',`expiretime`='1591864373' WHERE ( id='27887' ) [ RunTime:0.0028s ]
INFO: [ app_end ] --START--
INFO: Run Behavior\ShowPageTraceBehavior [ RunTime:0.000344s ]
INFO: [ app_end ] --END-- [ RunTime:0.000367s ]

[ 2019-08-16T16:32:53+08:00 ] 27.200.94.164 /wxshare/index.php/Share/show?roomnum=21778
INFO: [ app_init ] --START--
INFO: Run Behavior\BuildLiteBehavior [ RunTime:0.000007s ]
INFO: [ app_init ] --END-- [ RunTime:0.000033s ]
INFO: [ app_begin ] --START--
INFO: Run Behavior\ReadHtmlCacheBehavior [ RunTime:0.000227s ]
INFO: [ app_begin ] --END-- [ RunTime:0.000242s ]
NOTIC: [2] Declaration of Home\Controller\ShareController::show() should be compatible with Think\Controller::show($content, $charset = '', $contentType = '', $prefix = '') /data/wwwroot/livenew.yunbaozhibo.com/wxshare/Application/Home/Controller/ShareController.class.php 第 900 行.
SQL: SHOW COLUMNS FROM `cmf_users_live` [ RunTime:0.0006s ]
SQL: SHOW COLUMNS FROM `cmf_users` [ RunTime:0.0005s ]
SQL: SELECT `id`,`user_nicename`,`avatar`,`avatar_thumb`,`sex`,`signature`,`consumption`,`votestotal`,`province`,`city`,`birthday`,`issuper` FROM `cmf_users` WHERE ( id='21778' ) LIMIT 1   [ RunTime:0.0004s ]
NOTIC: [8] Undefined variable: level_a /data/wwwroot/livenew.yunbaozhibo.com/wxshare/Application/Common/Common/function.php 第 219 行.
SQL: SHOW COLUMNS FROM `cmf_users_vip` [ RunTime:0.0003s ]
SQL: SELECT * FROM `cmf_users_vip` WHERE ( uid=21778 ) LIMIT 1   [ RunTime:0.0001s ]
SQL: SHOW COLUMNS FROM `cmf_liang` [ RunTime:0.0003s ]
SQL: SELECT * FROM `cmf_liang` WHERE ( uid=21778 and status=1 and state=1 ) LIMIT 1   [ RunTime:0.0001s ]
SQL: SELECT `uid`,`islive`,`stream`,`pull`,`isvideo`,`type`,`goodnum`,`wy_cid` FROM `cmf_users_live` WHERE ( uid='21778' and islive='1' ) LIMIT 1   [ RunTime:0.0001s ]
SQL: SELECT `id`,`user_login`,`user_nicename`,`avatar`,`avatar_thumb`,`sex`,`signature`,`consumption`,`votestotal`,`province`,`city`,`coin`,`votes`,`token`,`birthday`,`issuper` FROM `cmf_users` WHERE ( id='27887' ) LIMIT 1   [ RunTime:0.0003s ]
NOTIC: [8] Undefined variable: level_a /data/wwwroot/livenew.yunbaozhibo.com/wxshare/Application/Common/Common/function.php 第 250 行.
SQL: SELECT * FROM `cmf_users_vip` WHERE ( uid=27887 ) LIMIT 1   [ RunTime:0.0004s ]
SQL: SELECT * FROM `cmf_liang` WHERE ( uid=27887 and status=1 and state=1 ) LIMIT 1   [ RunTime:0.0003s ]
SQL: SHOW COLUMNS FROM `cmf_users_attention` [ RunTime:0.0003s ]
SQL: SELECT * FROM `cmf_users_attention` WHERE ( uid='27887' and touid='21778' ) LIMIT 1   [ RunTime:0.0002s ]
INFO: [ view_parse ] --START--
INFO: [ template_filter ] --START--
INFO: Run Behavior\ContentReplaceBehavior [ RunTime:0.000143s ]
INFO: [ template_filter ] --END-- [ RunTime:0.000162s ]
INFO: Run Behavior\ParseTemplateBehavior [ RunTime:0.005761s ]
INFO: [ view_parse ] --END-- [ RunTime:0.005790s ]
INFO: [ view_filter ] --START--
INFO: Run Behavior\WriteHtmlCacheBehavior [ RunTime:0.000090s ]
INFO: [ view_filter ] --END-- [ RunTime:0.000100s ]
INFO: [ app_end ] --START--
INFO: Run Behavior\ShowPageTraceBehavior [ RunTime:0.000283s ]
INFO: [ app_end ] --END-- [ RunTime:0.000297s ]

[ 2019-08-16T16:32:54+08:00 ] 27.200.94.164 /wxshare/index.php/Share/getGift
INFO: [ app_init ] --START--
INFO: Run Behavior\BuildLiteBehavior [ RunTime:0.000006s ]
INFO: [ app_init ] --END-- [ RunTime:0.000032s ]
INFO: [ app_begin ] --START--
INFO: Run Behavior\ReadHtmlCacheBehavior [ RunTime:0.000236s ]
INFO: [ app_begin ] --END-- [ RunTime:0.000252s ]
NOTIC: [2] Declaration of Home\Controller\ShareController::show() should be compatible with Think\Controller::show($content, $charset = '', $contentType = '', $prefix = '') /data/wwwroot/livenew.yunbaozhibo.com/wxshare/Application/Home/Controller/ShareController.class.php 第 900 行.
SQL: SHOW COLUMNS FROM `cmf_gift` [ RunTime:0.0006s ]
SQL: SELECT `id`,`type`,`giftname`,`needcoin`,`gifticon` FROM `cmf_gift` ORDER BY orderno asc  [ RunTime:0.0004s ]

[ 2019-08-16T16:33:01+08:00 ] 27.200.94.164 /wxshare/index.php/Share/setNodeInfo?liveuid=21778
INFO: [ app_init ] --START--
INFO: Run Behavior\BuildLiteBehavior [ RunTime:0.000008s ]
INFO: [ app_init ] --END-- [ RunTime:0.000034s ]
INFO: [ app_begin ] --START--
INFO: Run Behavior\ReadHtmlCacheBehavior [ RunTime:0.000255s ]
INFO: [ app_begin ] --END-- [ RunTime:0.000273s ]
NOTIC: [2] Declaration of Home\Controller\ShareController::show() should be compatible with Think\Controller::show($content, $charset = '', $contentType = '', $prefix = '') /data/wwwroot/livenew.yunbaozhibo.com/wxshare/Application/Home/Controller/ShareController.class.php 第 900 行.
SQL: SHOW COLUMNS FROM `cmf_users` [ RunTime:0.0007s ]
SQL: SELECT `id`,`user_nicename`,`avatar`,`avatar_thumb`,`sex`,`signature`,`consumption`,`votestotal`,`province`,`city`,`birthday`,`issuper` FROM `cmf_users` WHERE ( id='27887' ) LIMIT 1   [ RunTime:0.0003s ]
NOTIC: [8] Undefined variable: level_a /data/wwwroot/livenew.yunbaozhibo.com/wxshare/Application/Common/Common/function.php 第 250 行.
SQL: SHOW COLUMNS FROM `cmf_users_vip` [ RunTime:0.0003s ]
SQL: SELECT * FROM `cmf_users_vip` WHERE ( uid=27887 ) LIMIT 1   [ RunTime:0.0001s ]
SQL: SHOW COLUMNS FROM `cmf_liang` [ RunTime:0.0003s ]
SQL: SELECT * FROM `cmf_liang` WHERE ( uid=27887 and status=1 and state=1 ) LIMIT 1   [ RunTime:0.0001s ]
SQL: SHOW COLUMNS FROM `cmf_users_car` [ RunTime:0.0004s ]
SQL: SELECT * FROM `cmf_users_car` WHERE ( uid=27887 and status=1 ) LIMIT 1   [ RunTime:0.0004s ]
SQL: SHOW COLUMNS FROM `cmf_users_super` [ RunTime:0.0003s ]
SQL: SELECT * FROM `cmf_users_super` WHERE ( uid='27887' ) LIMIT 1   [ RunTime:0.0001s ]
SQL: SHOW COLUMNS FROM `cmf_users_livemanager` [ RunTime:0.0003s ]
SQL: SELECT * FROM `cmf_users_livemanager` WHERE ( uid = '27887' and liveuid = '21778' ) LIMIT 1   [ RunTime:0.0002s ]
SQL: SHOW COLUMNS FROM `cmf_guard_users` [ RunTime:0.0003s ]
SQL: SELECT `type`,`endtime` FROM `cmf_guard_users` WHERE ( uid = 27887 and liveuid=21778 ) LIMIT 1   [ RunTime:0.0005s ]
INFO: [ app_end ] --START--
INFO: Run Behavior\ShowPageTraceBehavior [ RunTime:0.000371s ]
INFO: [ app_end ] --END-- [ RunTime:0.000391s ]

[ 2019-08-16T17:05:54+08:00 ] 112.253.173.13 /wxshare/index.php/Share/index
INFO: [ app_init ] --START--
INFO: Run Behavior\BuildLiteBehavior [ RunTime:0.000005s ]
INFO: [ app_init ] --END-- [ RunTime:0.000028s ]
INFO: [ app_begin ] --START--
INFO: Run Behavior\ReadHtmlCacheBehavior [ RunTime:0.000223s ]
INFO: [ app_begin ] --END-- [ RunTime:0.000239s ]
NOTIC: [2] Declaration of Home\Controller\ShareController::show() should be compatible with Think\Controller::show($content, $charset = '', $contentType = '', $prefix = '') /data/wwwroot/livenew.yunbaozhibo.com/wxshare/Application/Home/Controller/ShareController.class.php 第 900 行.
SQL: select uid,title,city,stream,pull,thumb from cmf_users_live  where islive= '1'  order by isrecommend desc,starttime desc limit 0,20 [ RunTime:0.0007s ]
SQL: SHOW COLUMNS FROM `cmf_users` [ RunTime:0.0006s ]
SQL: SELECT `id`,`user_nicename`,`avatar`,`avatar_thumb`,`sex`,`signature`,`consumption`,`votestotal`,`province`,`city`,`birthday`,`issuper` FROM `cmf_users` WHERE ( id='21800' ) LIMIT 1   [ RunTime:0.0003s ]
NOTIC: [8] Undefined variable: level_a /data/wwwroot/livenew.yunbaozhibo.com/wxshare/Application/Common/Common/function.php 第 219 行.
SQL: SHOW COLUMNS FROM `cmf_users_vip` [ RunTime:0.0003s ]
SQL: SELECT * FROM `cmf_users_vip` WHERE ( uid=21800 ) LIMIT 1   [ RunTime:0.0003s ]
SQL: SHOW COLUMNS FROM `cmf_liang` [ RunTime:0.0003s ]
SQL: SELECT * FROM `cmf_liang` WHERE ( uid=21800 and status=1 and state=1 ) LIMIT 1   [ RunTime:0.0002s ]
SQL: SELECT `id`,`user_nicename`,`avatar`,`avatar_thumb`,`sex`,`signature`,`consumption`,`votestotal`,`province`,`city`,`birthday`,`issuper` FROM `cmf_users` WHERE ( id='21801' ) LIMIT 1   [ RunTime:0.0002s ]
SQL: SELECT * FROM `cmf_users_vip` WHERE ( uid=21801 ) LIMIT 1   [ RunTime:0.0003s ]
SQL: SELECT * FROM `cmf_liang` WHERE ( uid=21801 and status=1 and state=1 ) LIMIT 1   [ RunTime:0.0002s ]
SQL: SELECT `id`,`user_nicename`,`avatar`,`avatar_thumb`,`sex`,`signature`,`consumption`,`votestotal`,`province`,`city`,`birthday`,`issuper` FROM `cmf_users` WHERE ( id='21802' ) LIMIT 1   [ RunTime:0.0002s ]
NOTIC: [8] Undefined variable: level_a /data/wwwroot/livenew.yunbaozhibo.com/wxshare/Application/Common/Common/function.php 第 219 行.
NOTIC: [8] Undefined variable: level_a /data/wwwroot/livenew.yunbaozhibo.com/wxshare/Application/Common/Common/function.php 第 250 行.
SQL: SELECT * FROM `cmf_users_vip` WHERE ( uid=21802 ) LIMIT 1   [ RunTime:0.0003s ]
SQL: SELECT * FROM `cmf_liang` WHERE ( uid=21802 and status=1 and state=1 ) LIMIT 1   [ RunTime:0.0002s ]
SQL: SELECT `id`,`user_nicename`,`avatar`,`avatar_thumb`,`sex`,`signature`,`consumption`,`votestotal`,`province`,`city`,`birthday`,`issuper` FROM `cmf_users` WHERE ( id='21803' ) LIMIT 1   [ RunTime:0.0002s ]
NOTIC: [8] Undefined variable: level_a /data/wwwroot/livenew.yunbaozhibo.com/wxshare/Application/Common/Common/function.php 第 219 行.
SQL: SELECT * FROM `cmf_users_vip` WHERE ( uid=21803 ) LIMIT 1   [ RunTime:0.0003s ]
SQL: SELECT * FROM `cmf_liang` WHERE ( uid=21803 and status=1 and state=1 ) LIMIT 1   [ RunTime:0.0002s ]
SQL: SELECT `id`,`user_nicename`,`avatar`,`avatar_thumb`,`sex`,`signature`,`consumption`,`votestotal`,`province`,`city`,`birthday`,`issuper` FROM `cmf_users` WHERE ( id='21804' ) LIMIT 1   [ RunTime:0.0002s ]
NOTIC: [8] Undefined variable: level_a /data/wwwroot/livenew.yunbaozhibo.com/wxshare/Application/Common/Common/function.php 第 250 行.
SQL: SELECT * FROM `cmf_users_vip` WHERE ( uid=21804 ) LIMIT 1   [ RunTime:0.0003s ]
SQL: SELECT * FROM `cmf_liang` WHERE ( uid=21804 and status=1 and state=1 ) LIMIT 1   [ RunTime:0.0002s ]
SQL: SELECT `id`,`user_nicename`,`avatar`,`avatar_thumb`,`sex`,`signature`,`consumption`,`votestotal`,`province`,`city`,`birthday`,`issuper` FROM `cmf_users` WHERE ( id='21805' ) LIMIT 1   [ RunTime:0.0002s ]
NOTIC: [8] Undefined variable: level_a /data/wwwroot/livenew.yunbaozhibo.com/wxshare/Application/Common/Common/function.php 第 219 行.
NOTIC: [8] Undefined variable: level_a /data/wwwroot/livenew.yunbaozhibo.com/wxshare/Application/Common/Common/function.php 第 250 行.
SQL: SELECT * FROM `cmf_users_vip` WHERE ( uid=21805 ) LIMIT 1   [ RunTime:0.0002s ]
SQL: SELECT * FROM `cmf_liang` WHERE ( uid=21805 and status=1 and state=1 ) LIMIT 1   [ RunTime:0.0002s ]
SQL: SELECT `id`,`user_nicename`,`avatar`,`avatar_thumb`,`sex`,`signature`,`consumption`,`votestotal`,`province`,`city`,`birthday`,`issuper` FROM `cmf_users` WHERE ( id='21806' ) LIMIT 1   [ RunTime:0.0002s ]
SQL: SELECT * FROM `cmf_users_vip` WHERE ( uid=21806 ) LIMIT 1   [ RunTime:0.0003s ]
SQL: SELECT * FROM `cmf_liang` WHERE ( uid=21806 and status=1 and state=1 ) LIMIT 1   [ RunTime:0.0002s ]
SQL: SELECT `id`,`user_nicename`,`avatar`,`avatar_thumb`,`sex`,`signature`,`consumption`,`votestotal`,`province`,`city`,`birthday`,`issuper` FROM `cmf_users` WHERE ( id='21807' ) LIMIT 1   [ RunTime:0.0002s ]
NOTIC: [8] Undefined variable: level_a /data/wwwroot/livenew.yunbaozhibo.com/wxshare/Application/Common/Common/function.php 第 219 行.
NOTIC: [8] Undefined variable: level_a /data/wwwroot/livenew.yunbaozhibo.com/wxshare/Application/Common/Common/function.php 第 250 行.
SQL: SELECT * FROM `cmf_users_vip` WHERE ( uid=21807 ) LIMIT 1   [ RunTime:0.0003s ]
SQL: SELECT * FROM `cmf_liang` WHERE ( uid=21807 and status=1 and state=1 ) LIMIT 1   [ RunTime:0.0002s ]
SQL: SELECT `id`,`user_nicename`,`avatar`,`avatar_thumb`,`sex`,`signature`,`consumption`,`votestotal`,`province`,`city`,`birthday`,`issuper` FROM `cmf_users` WHERE ( id='21808' ) LIMIT 1   [ RunTime:0.0002s ]
SQL: SELECT * FROM `cmf_users_vip` WHERE ( uid=21808 ) LIMIT 1   [ RunTime:0.0002s ]
SQL: SELECT * FROM `cmf_liang` WHERE ( uid=21808 and status=1 and state=1 ) LIMIT 1   [ RunTime:0.0002s ]
SQL: SELECT `id`,`user_nicename`,`avatar`,`avatar_thumb`,`sex`,`signature`,`consumption`,`votestotal`,`province`,`city`,`birthday`,`issuper` FROM `cmf_users` WHERE ( id='21809' ) LIMIT 1   [ RunTime:0.0002s ]
NOTIC: [8] Undefined variable: level_a /data/wwwroot/livenew.yunbaozhibo.com/wxshare/Application/Common/Common/function.php 第 219 行.
NOTIC: [8] Undefined variable: level_a /data/wwwroot/livenew.yunbaozhibo.com/wxshare/Application/Common/Common/function.php 第 250 行.
SQL: SELECT * FROM `cmf_users_vip` WHERE ( uid=21809 ) LIMIT 1   [ RunTime:0.0003s ]
SQL: SELECT * FROM `cmf_liang` WHERE ( uid=21809 and status=1 and state=1 ) LIMIT 1   [ RunTime:0.0002s ]
SQL: SELECT `id`,`user_nicename`,`avatar`,`avatar_thumb`,`sex`,`signature`,`consumption`,`votestotal`,`province`,`city`,`birthday`,`issuper` FROM `cmf_users` WHERE ( id='21810' ) LIMIT 1   [ RunTime:0.0002s ]
NOTIC: [8] Undefined variable: level_a /data/wwwroot/livenew.yunbaozhibo.com/wxshare/Application/Common/Common/function.php 第 219 行.
NOTIC: [8] Undefined variable: level_a /data/wwwroot/livenew.yunbaozhibo.com/wxshare/Application/Common/Common/function.php 第 250 行.
SQL: SELECT * FROM `cmf_users_vip` WHERE ( uid=21810 ) LIMIT 1   [ RunTime:0.0003s ]
SQL: SELECT * FROM `cmf_liang` WHERE ( uid=21810 and status=1 and state=1 ) LIMIT 1   [ RunTime:0.0002s ]
SQL: SELECT `id`,`user_nicename`,`avatar`,`avatar_thumb`,`sex`,`signature`,`consumption`,`votestotal`,`province`,`city`,`birthday`,`issuper` FROM `cmf_users` WHERE ( id='21811' ) LIMIT 1   [ RunTime:0.0002s ]
NOTIC: [8] Undefined variable: level_a /data/wwwroot/livenew.yunbaozhibo.com/wxshare/Application/Common/Common/function.php 第 219 行.
NOTIC: [8] Undefined variable: level_a /data/wwwroot/livenew.yunbaozhibo.com/wxshare/Application/Common/Common/function.php 第 250 行.
SQL: SELECT * FROM `cmf_users_vip` WHERE ( uid=21811 ) LIMIT 1   [ RunTime:0.0003s ]
SQL: SELECT * FROM `cmf_liang` WHERE ( uid=21811 and status=1 and state=1 ) LIMIT 1   [ RunTime:0.0003s ]
SQL: SELECT `id`,`user_nicename`,`avatar`,`avatar_thumb`,`sex`,`signature`,`consumption`,`votestotal`,`province`,`city`,`birthday`,`issuper` FROM `cmf_users` WHERE ( id='21812' ) LIMIT 1   [ RunTime:0.0002s ]
NOTIC: [8] Undefined variable: level_a /data/wwwroot/livenew.yunbaozhibo.com/wxshare/Application/Common/Common/function.php 第 250 行.
SQL: SELECT * FROM `cmf_users_vip` WHERE ( uid=21812 ) LIMIT 1   [ RunTime:0.0003s ]
SQL: SELECT * FROM `cmf_liang` WHERE ( uid=21812 and status=1 and state=1 ) LIMIT 1   [ RunTime:0.0002s ]
SQL: SELECT `id`,`user_nicename`,`avatar`,`avatar_thumb`,`sex`,`signature`,`consumption`,`votestotal`,`province`,`city`,`birthday`,`issuper` FROM `cmf_users` WHERE ( id='21813' ) LIMIT 1   [ RunTime:0.0002s ]
NOTIC: [8] Undefined variable: level_a /data/wwwroot/livenew.yunbaozhibo.com/wxshare/Application/Common/Common/function.php 第 250 行.
SQL: SELECT * FROM `cmf_users_vip` WHERE ( uid=21813 ) LIMIT 1   [ RunTime:0.0003s ]
SQL: SELECT * FROM `cmf_liang` WHERE ( uid=21813 and status=1 and state=1 ) LIMIT 1   [ RunTime:0.0002s ]
SQL: SELECT `id`,`user_nicename`,`avatar`,`avatar_thumb`,`sex`,`signature`,`consumption`,`votestotal`,`province`,`city`,`birthday`,`issuper` FROM `cmf_users` WHERE ( id='21814' ) LIMIT 1   [ RunTime:0.0002s ]
NOTIC: [8] Undefined variable: level_a /data/wwwroot/livenew.yunbaozhibo.com/wxshare/Application/Common/Common/function.php 第 250 行.
SQL: SELECT * FROM `cmf_users_vip` WHERE ( uid=21814 ) LIMIT 1   [ RunTime:0.0003s ]
SQL: SELECT * FROM `cmf_liang` WHERE ( uid=21814 and status=1 and state=1 ) LIMIT 1   [ RunTime:0.0002s ]
SQL: SELECT `id`,`user_nicename`,`avatar`,`avatar_thumb`,`sex`,`signature`,`consumption`,`votestotal`,`province`,`city`,`birthday`,`issuper` FROM `cmf_users` WHERE ( id='21815' ) LIMIT 1   [ RunTime:0.0002s ]
SQL: SELECT * FROM `cmf_users_vip` WHERE ( uid=21815 ) LIMIT 1   [ RunTime:0.0002s ]
SQL: SELECT * FROM `cmf_liang` WHERE ( uid=21815 and status=1 and state=1 ) LIMIT 1   [ RunTime:0.0002s ]
SQL: SELECT `id`,`user_nicename`,`avatar`,`avatar_thumb`,`sex`,`signature`,`consumption`,`votestotal`,`province`,`city`,`birthday`,`issuper` FROM `cmf_users` WHERE ( id='21816' ) LIMIT 1   [ RunTime:0.0002s ]
SQL: SELECT * FROM `cmf_users_vip` WHERE ( uid=21816 ) LIMIT 1   [ RunTime:0.0003s ]
SQL: SELECT * FROM `cmf_liang` WHERE ( uid=21816 and status=1 and state=1 ) LIMIT 1   [ RunTime:0.0007s ]
SQL: SELECT `id`,`user_nicename`,`avatar`,`avatar_thumb`,`sex`,`signature`,`consumption`,`votestotal`,`province`,`city`,`birthday`,`issuper` FROM `cmf_users` WHERE ( id='21817' ) LIMIT 1   [ RunTime:0.0002s ]
NOTIC: [8] Undefined variable: level_a /data/wwwroot/livenew.yunbaozhibo.com/wxshare/Application/Common/Common/function.php 第 219 行.
NOTIC: [8] Undefined variable: level_a /data/wwwroot/livenew.yunbaozhibo.com/wxshare/Application/Common/Common/function.php 第 250 行.
SQL: SELECT * FROM `cmf_users_vip` WHERE ( uid=21817 ) LIMIT 1   [ RunTime:0.0003s ]
SQL: SELECT * FROM `cmf_liang` WHERE ( uid=21817 and status=1 and state=1 ) LIMIT 1   [ RunTime:0.0002s ]
SQL: SELECT `id`,`user_nicename`,`avatar`,`avatar_thumb`,`sex`,`signature`,`consumption`,`votestotal`,`province`,`city`,`birthday`,`issuper` FROM `cmf_users` WHERE ( id='21818' ) LIMIT 1   [ RunTime:0.0002s ]
NOTIC: [8] Undefined variable: level_a /data/wwwroot/livenew.yunbaozhibo.com/wxshare/Application/Common/Common/function.php 第 250 行.
SQL: SELECT * FROM `cmf_users_vip` WHERE ( uid=21818 ) LIMIT 1   [ RunTime:0.0003s ]
SQL: SELECT * FROM `cmf_liang` WHERE ( uid=21818 and status=1 and state=1 ) LIMIT 1   [ RunTime:0.0002s ]
SQL: SELECT `id`,`user_nicename`,`avatar`,`avatar_thumb`,`sex`,`signature`,`consumption`,`votestotal`,`province`,`city`,`birthday`,`issuper` FROM `cmf_users` WHERE ( id='21821' ) LIMIT 1   [ RunTime:0.0002s ]
NOTIC: [8] Undefined variable: level_a /data/wwwroot/livenew.yunbaozhibo.com/wxshare/Application/Common/Common/function.php 第 250 行.
SQL: SELECT * FROM `cmf_users_vip` WHERE ( uid=21821 ) LIMIT 1   [ RunTime:0.0003s ]
SQL: SELECT * FROM `cmf_liang` WHERE ( uid=21821 and status=1 and state=1 ) LIMIT 1   [ RunTime:0.0002s ]
INFO: [ view_parse ] --START--
INFO: [ template_filter ] --START--
INFO: Run Behavior\ContentReplaceBehavior [ RunTime:0.000033s ]
INFO: [ template_filter ] --END-- [ RunTime:0.000060s ]
INFO: Run Behavior\ParseTemplateBehavior [ RunTime:0.003362s ]
INFO: [ view_parse ] --END-- [ RunTime:0.003399s ]
INFO: [ view_filter ] --START--
INFO: Run Behavior\WriteHtmlCacheBehavior [ RunTime:0.000093s ]
INFO: [ view_filter ] --END-- [ RunTime:0.000104s ]
INFO: [ app_end ] --START--
INFO: Run Behavior\ShowPageTraceBehavior [ RunTime:0.000272s ]
INFO: [ app_end ] --END-- [ RunTime:0.000285s ]

