[ 2019-02-19T02:01:20+08:00 ] 112.96.170.126 /wxshare/index.php/Share/show?roomnum=23377&from=singlemessage
INFO: [ app_init ] --START--
INFO: Run Behavior\BuildLiteBehavior [ RunTime:0.000008s ]
INFO: [ app_init ] --END-- [ RunTime:0.000039s ]
INFO: [ app_begin ] --START--
INFO: Run Behavior\ReadHtmlCacheBehavior [ RunTime:0.000327s ]
INFO: [ app_begin ] --END-- [ RunTime:0.000352s ]
NOTIC: [2] Declaration of Home\Controller\ShareController::show() should be compatible with Think\Controller::show($content, $charset = '', $contentType = '', $prefix = '') /data/wwwroot/livenew.yunbaozhibo.com/wxshare/Application/Home/Controller/ShareController.class.php 第 611 行.
SQL: SHOW COLUMNS FROM `cmf_users` [ RunTime:0.0009s ]
SQL: SHOW COLUMNS FROM `cmf_users_live` [ RunTime:0.0006s ]
SQL: SHOW COLUMNS FROM `cmf_config_private` [ RunTime:0.0015s ]
SQL: SELECT * FROM `cmf_config_private` WHERE ( id='1' ) LIMIT 1   [ RunTime:0.0007s ]
NOTIC: [2] Missing argument 3 for setcaches(), called in /data/wwwroot/livenew.yunbaozhibo.com/wxshare/Application/Common/Common/function.php on line 146 and defined /data/wwwroot/livenew.yunbaozhibo.com/wxshare/Application/Common/Common/function.php 第 30 行.
NOTIC: [8] Undefined variable: time /data/wwwroot/livenew.yunbaozhibo.com/wxshare/Application/Common/Common/function.php 第 34 行.
SQL: SELECT `uid`,`user_nicename`,`avatar`,`avatar_thumb`,`islive`,`stream`,`pull`,`isvideo`,`type`,`goodnum`,`wy_cid` FROM `cmf_users_live` WHERE ( uid='23377' and islive='1' ) LIMIT 1   [ RunTime:0.0002s ]
SQL: SELECT `id`,`user_nicename`,`avatar`,`avatar_thumb` FROM `cmf_users` WHERE ( id='23377' ) LIMIT 1   [ RunTime:0.0002s ]
SQL: SHOW COLUMNS FROM `cmf_liang` [ RunTime:0.0003s ]
SQL: SELECT * FROM `cmf_liang` WHERE ( uid=23377 and status=1 and state=1 ) LIMIT 1   [ RunTime:0.0003s ]
NOTIC: [8] Undefined index: isvideo /data/wwwroot/livenew.yunbaozhibo.com/wxshare/Application/Home/Controller/ShareController.class.php 第 61 行.
NOTIC: [8] Undefined index: type /data/wwwroot/livenew.yunbaozhibo.com/wxshare/Application/Home/Controller/ShareController.class.php 第 76 行.
NOTIC: [8] Undefined variable: userinfo /data/wwwroot/livenew.yunbaozhibo.com/wxshare/Application/Home/Controller/ShareController.class.php 第 95 行.
NOTIC: [8] Undefined variable: userinfo /data/wwwroot/livenew.yunbaozhibo.com/wxshare/Application/Home/Controller/ShareController.class.php 第 96 行.
INFO: [ view_parse ] --START--
INFO: [ template_filter ] --START--
INFO: Run Behavior\ContentReplaceBehavior [ RunTime:0.000139s ]
INFO: [ template_filter ] --END-- [ RunTime:0.000158s ]
NOTIC: [8] Undefined index: stream /data/wwwroot/livenew.yunbaozhibo.com/wxshare/Application/Runtime/Cache/Home/fc1b44603069baeed8bb5c39d030251e.php 第 24 行.
NOTIC: [8] Undefined index: type /data/wwwroot/livenew.yunbaozhibo.com/wxshare/Application/Runtime/Cache/Home/fc1b44603069baeed8bb5c39d030251e.php 第 123 行.
NOTIC: [8] Undefined index: type /data/wwwroot/livenew.yunbaozhibo.com/wxshare/Application/Runtime/Cache/Home/fc1b44603069baeed8bb5c39d030251e.php 第 124 行.
INFO: Run Behavior\ParseTemplateBehavior [ RunTime:0.005678s ]
INFO: [ view_parse ] --END-- [ RunTime:0.005693s ]
INFO: [ view_filter ] --START--
INFO: Run Behavior\WriteHtmlCacheBehavior [ RunTime:0.000117s ]
INFO: [ view_filter ] --END-- [ RunTime:0.000130s ]
INFO: [ app_end ] --START--
INFO: Run Behavior\ShowPageTraceBehavior [ RunTime:0.000293s ]
INFO: [ app_end ] --END-- [ RunTime:0.000309s ]

[ 2019-02-19T02:01:21+08:00 ] 112.96.170.126 /wxshare/index.php/Share/wxLogin?roomnum=23377
INFO: [ app_init ] --START--
INFO: Run Behavior\BuildLiteBehavior [ RunTime:0.000007s ]
INFO: [ app_init ] --END-- [ RunTime:0.000030s ]
INFO: [ app_begin ] --START--
INFO: Run Behavior\ReadHtmlCacheBehavior [ RunTime:0.000223s ]
INFO: [ app_begin ] --END-- [ RunTime:0.000242s ]
NOTIC: [2] Declaration of Home\Controller\ShareController::show() should be compatible with Think\Controller::show($content, $charset = '', $contentType = '', $prefix = '') /data/wwwroot/livenew.yunbaozhibo.com/wxshare/Application/Home/Controller/ShareController.class.php 第 611 行.
SQL: SHOW COLUMNS FROM `cmf_config_private` [ RunTime:0.0011s ]
SQL: SELECT * FROM `cmf_config_private` WHERE ( id='1' ) LIMIT 1   [ RunTime:0.0002s ]
NOTIC: [2] Missing argument 3 for setcaches(), called in /data/wwwroot/livenew.yunbaozhibo.com/wxshare/Application/Common/Common/function.php on line 146 and defined /data/wwwroot/livenew.yunbaozhibo.com/wxshare/Application/Common/Common/function.php 第 30 行.
NOTIC: [8] Undefined variable: time /data/wwwroot/livenew.yunbaozhibo.com/wxshare/Application/Common/Common/function.php 第 34 行.
NOTIC: [8] A session had already been started - ignoring session_start() /data/wwwroot/livenew.yunbaozhibo.com/wxshare/Application/Home/Controller/ShareController.class.php 第 108 行.
INFO: [ app_end ] --START--
INFO: Run Behavior\ShowPageTraceBehavior [ RunTime:0.000347s ]
INFO: [ app_end ] --END-- [ RunTime:0.000369s ]

[ 2019-02-19T02:01:26+08:00 ] 112.96.170.126 /wxshare/index.php/Share/wxLoginCallback?roomnum=23377&code=0612TAKg0W4bRv1juQKg06zMKg02TAKs&state=18fcd4c0c0ac43468e8572c059e12582
INFO: [ app_init ] --START--
INFO: Run Behavior\BuildLiteBehavior [ RunTime:0.000006s ]
INFO: [ app_init ] --END-- [ RunTime:0.000032s ]
INFO: [ app_begin ] --START--
INFO: Run Behavior\ReadHtmlCacheBehavior [ RunTime:0.000208s ]
INFO: [ app_begin ] --END-- [ RunTime:0.000226s ]
NOTIC: [2] Declaration of Home\Controller\ShareController::show() should be compatible with Think\Controller::show($content, $charset = '', $contentType = '', $prefix = '') /data/wwwroot/livenew.yunbaozhibo.com/wxshare/Application/Home/Controller/ShareController.class.php 第 611 行.
SQL: SHOW COLUMNS FROM `cmf_config_private` [ RunTime:0.0011s ]
SQL: SELECT * FROM `cmf_config_private` WHERE ( id='1' ) LIMIT 1   [ RunTime:0.0002s ]
NOTIC: [2] Missing argument 3 for setcaches(), called in /data/wwwroot/livenew.yunbaozhibo.com/wxshare/Application/Common/Common/function.php on line 146 and defined /data/wwwroot/livenew.yunbaozhibo.com/wxshare/Application/Common/Common/function.php 第 30 行.
NOTIC: [8] Undefined variable: time /data/wwwroot/livenew.yunbaozhibo.com/wxshare/Application/Common/Common/function.php 第 34 行.
SQL: SHOW COLUMNS FROM `cmf_users` [ RunTime:0.0008s ]
SQL: SELECT `id`,`user_login`,`user_nicename`,`avatar`,`avatar_thumb`,`sex`,`signature`,`consumption`,`votestotal`,`province`,`city`,`coin`,`votes`,`birthday`,`issuper` FROM `cmf_users` WHERE ( openid!='' and openid='oAPK4we1gdvlPHmnHELllE7MxZuk' ) LIMIT 1   [ RunTime:0.0025s ]
SQL: UPDATE `cmf_users` SET `token`='c205514bbfc14a99947a4e93844b59f8',`expiretime`='1576432886' WHERE ( id='23686' ) [ RunTime:0.0032s ]
INFO: [ app_end ] --START--
INFO: Run Behavior\ShowPageTraceBehavior [ RunTime:0.000417s ]
INFO: [ app_end ] --END-- [ RunTime:0.000441s ]

[ 2019-02-19T02:01:26+08:00 ] 112.96.170.126 /wxshare/index.php/Share/show?roomnum=23377
INFO: [ app_init ] --START--
INFO: Run Behavior\BuildLiteBehavior [ RunTime:0.000008s ]
INFO: [ app_init ] --END-- [ RunTime:0.000035s ]
INFO: [ app_begin ] --START--
INFO: Run Behavior\ReadHtmlCacheBehavior [ RunTime:0.000210s ]
INFO: [ app_begin ] --END-- [ RunTime:0.000229s ]
NOTIC: [2] Declaration of Home\Controller\ShareController::show() should be compatible with Think\Controller::show($content, $charset = '', $contentType = '', $prefix = '') /data/wwwroot/livenew.yunbaozhibo.com/wxshare/Application/Home/Controller/ShareController.class.php 第 611 行.
SQL: SHOW COLUMNS FROM `cmf_users` [ RunTime:0.0006s ]
SQL: SHOW COLUMNS FROM `cmf_users_live` [ RunTime:0.0004s ]
SQL: SHOW COLUMNS FROM `cmf_config_private` [ RunTime:0.0009s ]
SQL: SELECT * FROM `cmf_config_private` WHERE ( id='1' ) LIMIT 1   [ RunTime:0.0002s ]
NOTIC: [2] Missing argument 3 for setcaches(), called in /data/wwwroot/livenew.yunbaozhibo.com/wxshare/Application/Common/Common/function.php on line 146 and defined /data/wwwroot/livenew.yunbaozhibo.com/wxshare/Application/Common/Common/function.php 第 30 行.
NOTIC: [8] Undefined variable: time /data/wwwroot/livenew.yunbaozhibo.com/wxshare/Application/Common/Common/function.php 第 34 行.
SQL: SELECT `uid`,`user_nicename`,`avatar`,`avatar_thumb`,`islive`,`stream`,`pull`,`isvideo`,`type`,`goodnum`,`wy_cid` FROM `cmf_users_live` WHERE ( uid='23377' and islive='1' ) LIMIT 1   [ RunTime:0.0001s ]
SQL: SELECT `id`,`user_nicename`,`avatar`,`avatar_thumb` FROM `cmf_users` WHERE ( id='23377' ) LIMIT 1   [ RunTime:0.0003s ]
SQL: SHOW COLUMNS FROM `cmf_liang` [ RunTime:0.0003s ]
SQL: SELECT * FROM `cmf_liang` WHERE ( uid=23377 and status=1 and state=1 ) LIMIT 1   [ RunTime:0.0001s ]
NOTIC: [8] Undefined index: isvideo /data/wwwroot/livenew.yunbaozhibo.com/wxshare/Application/Home/Controller/ShareController.class.php 第 61 行.
NOTIC: [8] Undefined index: type /data/wwwroot/livenew.yunbaozhibo.com/wxshare/Application/Home/Controller/ShareController.class.php 第 76 行.
SQL: SELECT `id`,`user_login`,`user_nicename`,`avatar`,`avatar_thumb`,`sex`,`signature`,`consumption`,`votestotal`,`province`,`city`,`coin`,`votes`,`token`,`birthday`,`issuper` FROM `cmf_users` WHERE ( id='23686' ) LIMIT 1   [ RunTime:0.0002s ]
NOTIC: [8] Undefined variable: level_a /data/wwwroot/livenew.yunbaozhibo.com/wxshare/Application/Common/Common/function.php 第 221 行.
SQL: SHOW COLUMNS FROM `cmf_users_vip` [ RunTime:0.0003s ]
SQL: SELECT * FROM `cmf_users_vip` WHERE ( uid=23686 and endtime>1550512886 ) LIMIT 1   [ RunTime:0.0002s ]
SQL: SELECT * FROM `cmf_liang` WHERE ( uid=23686 and status=1 and state=1 ) LIMIT 1   [ RunTime:0.0002s ]
SQL: SHOW COLUMNS FROM `cmf_users_attention` [ RunTime:0.0003s ]
SQL: SELECT * FROM `cmf_users_attention` WHERE ( uid='23686' and touid='23377' ) LIMIT 1   [ RunTime:0.0002s ]
INFO: [ view_parse ] --START--
INFO: [ template_filter ] --START--
INFO: Run Behavior\ContentReplaceBehavior [ RunTime:0.000132s ]
INFO: [ template_filter ] --END-- [ RunTime:0.000151s ]
NOTIC: [8] Undefined index: stream /data/wwwroot/livenew.yunbaozhibo.com/wxshare/Application/Runtime/Cache/Home/fc1b44603069baeed8bb5c39d030251e.php 第 24 行.
NOTIC: [8] Undefined index: type /data/wwwroot/livenew.yunbaozhibo.com/wxshare/Application/Runtime/Cache/Home/fc1b44603069baeed8bb5c39d030251e.php 第 123 行.
NOTIC: [8] Undefined index: type /data/wwwroot/livenew.yunbaozhibo.com/wxshare/Application/Runtime/Cache/Home/fc1b44603069baeed8bb5c39d030251e.php 第 124 行.
INFO: Run Behavior\ParseTemplateBehavior [ RunTime:0.005131s ]
INFO: [ view_parse ] --END-- [ RunTime:0.005147s ]
INFO: [ view_filter ] --START--
INFO: Run Behavior\WriteHtmlCacheBehavior [ RunTime:0.000081s ]
INFO: [ view_filter ] --END-- [ RunTime:0.000093s ]
INFO: [ app_end ] --START--
INFO: Run Behavior\ShowPageTraceBehavior [ RunTime:0.000255s ]
INFO: [ app_end ] --END-- [ RunTime:0.000271s ]

[ 2019-02-19T02:02:21+08:00 ] 101.227.139.194 /wxshare/index.php/Share/wxLogin?roomnum=23377
INFO: [ app_init ] --START--
INFO: Run Behavior\BuildLiteBehavior [ RunTime:0.000005s ]
INFO: [ app_init ] --END-- [ RunTime:0.000028s ]
INFO: [ app_begin ] --START--
INFO: Run Behavior\ReadHtmlCacheBehavior [ RunTime:0.000203s ]
INFO: [ app_begin ] --END-- [ RunTime:0.000221s ]
NOTIC: [2] Declaration of Home\Controller\ShareController::show() should be compatible with Think\Controller::show($content, $charset = '', $contentType = '', $prefix = '') /data/wwwroot/livenew.yunbaozhibo.com/wxshare/Application/Home/Controller/ShareController.class.php 第 611 行.
SQL: SHOW COLUMNS FROM `cmf_config_private` [ RunTime:0.0011s ]
SQL: SELECT * FROM `cmf_config_private` WHERE ( id='1' ) LIMIT 1   [ RunTime:0.0003s ]
NOTIC: [2] Missing argument 3 for setcaches(), called in /data/wwwroot/livenew.yunbaozhibo.com/wxshare/Application/Common/Common/function.php on line 146 and defined /data/wwwroot/livenew.yunbaozhibo.com/wxshare/Application/Common/Common/function.php 第 30 行.
NOTIC: [8] Undefined variable: time /data/wwwroot/livenew.yunbaozhibo.com/wxshare/Application/Common/Common/function.php 第 34 行.
NOTIC: [8] A session had already been started - ignoring session_start() /data/wwwroot/livenew.yunbaozhibo.com/wxshare/Application/Home/Controller/ShareController.class.php 第 108 行.
INFO: [ app_end ] --START--
INFO: Run Behavior\ShowPageTraceBehavior [ RunTime:0.000289s ]
INFO: [ app_end ] --END-- [ RunTime:0.000307s ]

[ 2019-02-19T04:28:15+08:00 ] 106.38.241.183 /wxshare/index.php/Share/show?roomnum=22233
INFO: [ app_init ] --START--
INFO: Run Behavior\BuildLiteBehavior [ RunTime:0.000006s ]
INFO: [ app_init ] --END-- [ RunTime:0.000029s ]
INFO: [ app_begin ] --START--
INFO: Run Behavior\ReadHtmlCacheBehavior [ RunTime:0.000206s ]
INFO: [ app_begin ] --END-- [ RunTime:0.000224s ]
NOTIC: [2] Declaration of Home\Controller\ShareController::show() should be compatible with Think\Controller::show($content, $charset = '', $contentType = '', $prefix = '') /data/wwwroot/livenew.yunbaozhibo.com/wxshare/Application/Home/Controller/ShareController.class.php 第 611 行.
SQL: SHOW COLUMNS FROM `cmf_users` [ RunTime:0.0007s ]
SQL: SHOW COLUMNS FROM `cmf_users_live` [ RunTime:0.0004s ]
SQL: SHOW COLUMNS FROM `cmf_config_private` [ RunTime:0.0010s ]
SQL: SELECT * FROM `cmf_config_private` WHERE ( id='1' ) LIMIT 1   [ RunTime:0.0002s ]
NOTIC: [2] Missing argument 3 for setcaches(), called in /data/wwwroot/livenew.yunbaozhibo.com/wxshare/Application/Common/Common/function.php on line 146 and defined /data/wwwroot/livenew.yunbaozhibo.com/wxshare/Application/Common/Common/function.php 第 30 行.
NOTIC: [8] Undefined variable: time /data/wwwroot/livenew.yunbaozhibo.com/wxshare/Application/Common/Common/function.php 第 34 行.
SQL: SELECT `uid`,`user_nicename`,`avatar`,`avatar_thumb`,`islive`,`stream`,`pull`,`isvideo`,`type`,`goodnum`,`wy_cid` FROM `cmf_users_live` WHERE ( uid='22233' and islive='1' ) LIMIT 1   [ RunTime:0.0002s ]
SQL: SELECT `id`,`user_nicename`,`avatar`,`avatar_thumb` FROM `cmf_users` WHERE ( id='22233' ) LIMIT 1   [ RunTime:0.0002s ]
SQL: SHOW COLUMNS FROM `cmf_liang` [ RunTime:0.0003s ]
SQL: SELECT * FROM `cmf_liang` WHERE ( uid=22233 and status=1 and state=1 ) LIMIT 1   [ RunTime:0.0002s ]
NOTIC: [8] Undefined index: isvideo /data/wwwroot/livenew.yunbaozhibo.com/wxshare/Application/Home/Controller/ShareController.class.php 第 61 行.
NOTIC: [8] Undefined index: type /data/wwwroot/livenew.yunbaozhibo.com/wxshare/Application/Home/Controller/ShareController.class.php 第 76 行.
NOTIC: [8] Undefined variable: userinfo /data/wwwroot/livenew.yunbaozhibo.com/wxshare/Application/Home/Controller/ShareController.class.php 第 95 行.
NOTIC: [8] Undefined variable: userinfo /data/wwwroot/livenew.yunbaozhibo.com/wxshare/Application/Home/Controller/ShareController.class.php 第 96 行.
INFO: [ view_parse ] --START--
INFO: [ template_filter ] --START--
INFO: Run Behavior\ContentReplaceBehavior [ RunTime:0.000129s ]
INFO: [ template_filter ] --END-- [ RunTime:0.000147s ]
NOTIC: [8] Undefined index: stream /data/wwwroot/livenew.yunbaozhibo.com/wxshare/Application/Runtime/Cache/Home/fc1b44603069baeed8bb5c39d030251e.php 第 24 行.
NOTIC: [8] Undefined index: type /data/wwwroot/livenew.yunbaozhibo.com/wxshare/Application/Runtime/Cache/Home/fc1b44603069baeed8bb5c39d030251e.php 第 123 行.
NOTIC: [8] Undefined index: type /data/wwwroot/livenew.yunbaozhibo.com/wxshare/Application/Runtime/Cache/Home/fc1b44603069baeed8bb5c39d030251e.php 第 124 行.
INFO: Run Behavior\ParseTemplateBehavior [ RunTime:0.004968s ]
INFO: [ view_parse ] --END-- [ RunTime:0.004983s ]
INFO: [ view_filter ] --START--
INFO: Run Behavior\WriteHtmlCacheBehavior [ RunTime:0.000096s ]
INFO: [ view_filter ] --END-- [ RunTime:0.000108s ]
INFO: [ app_end ] --START--
INFO: Run Behavior\ShowPageTraceBehavior [ RunTime:0.000254s ]
INFO: [ app_end ] --END-- [ RunTime:0.000270s ]

[ 2019-02-19T09:23:57+08:00 ] 27.200.94.75 /wxshare/index.php/Share/index
INFO: [ app_init ] --START--
INFO: Run Behavior\BuildLiteBehavior [ RunTime:0.000008s ]
INFO: [ app_init ] --END-- [ RunTime:0.000041s ]
INFO: [ app_begin ] --START--
INFO: Run Behavior\ReadHtmlCacheBehavior [ RunTime:0.000217s ]
INFO: [ app_begin ] --END-- [ RunTime:0.000238s ]
NOTIC: [2] Declaration of Home\Controller\ShareController::show() should be compatible with Think\Controller::show($content, $charset = '', $contentType = '', $prefix = '') /data/wwwroot/livenew.yunbaozhibo.com/wxshare/Application/Home/Controller/ShareController.class.php 第 611 行.
SQL: select l.uid,l.avatar,l.avatar_thumb,l.user_nicename,l.title,l.city,l.stream,l.pull,l.thumb from cmf_users_live l left join cmf_users u on l.uid=u.id where l.islive= '1'  order by u.isrecommend desc,l.starttime desc limit 0,20 [ RunTime:0.0007s ]
INFO: [ view_parse ] --START--
INFO: [ template_filter ] --START--
INFO: Run Behavior\ContentReplaceBehavior [ RunTime:0.000030s ]
INFO: [ template_filter ] --END-- [ RunTime:0.000048s ]
INFO: Run Behavior\ParseTemplateBehavior [ RunTime:0.003879s ]
INFO: [ view_parse ] --END-- [ RunTime:0.003912s ]
INFO: [ view_filter ] --START--
INFO: Run Behavior\WriteHtmlCacheBehavior [ RunTime:0.000099s ]
INFO: [ view_filter ] --END-- [ RunTime:0.000113s ]
INFO: [ app_end ] --START--
INFO: Run Behavior\ShowPageTraceBehavior [ RunTime:0.000308s ]
INFO: [ app_end ] --END-- [ RunTime:0.000329s ]

[ 2019-02-19T09:23:58+08:00 ] 27.200.94.75 /wxshare/index.php/Share/show?roomnum=21784
INFO: [ app_init ] --START--
INFO: Run Behavior\BuildLiteBehavior [ RunTime:0.000006s ]
INFO: [ app_init ] --END-- [ RunTime:0.000047s ]
INFO: [ app_begin ] --START--
INFO: Run Behavior\ReadHtmlCacheBehavior [ RunTime:0.000215s ]
INFO: [ app_begin ] --END-- [ RunTime:0.000233s ]
NOTIC: [2] Declaration of Home\Controller\ShareController::show() should be compatible with Think\Controller::show($content, $charset = '', $contentType = '', $prefix = '') /data/wwwroot/livenew.yunbaozhibo.com/wxshare/Application/Home/Controller/ShareController.class.php 第 611 行.
SQL: SHOW COLUMNS FROM `cmf_users` [ RunTime:0.0007s ]
SQL: SHOW COLUMNS FROM `cmf_users_live` [ RunTime:0.0004s ]
SQL: SHOW COLUMNS FROM `cmf_config_private` [ RunTime:0.0010s ]
SQL: SELECT * FROM `cmf_config_private` WHERE ( id='1' ) LIMIT 1   [ RunTime:0.0002s ]
NOTIC: [2] Missing argument 3 for setcaches(), called in /data/wwwroot/livenew.yunbaozhibo.com/wxshare/Application/Common/Common/function.php on line 146 and defined /data/wwwroot/livenew.yunbaozhibo.com/wxshare/Application/Common/Common/function.php 第 30 行.
NOTIC: [8] Undefined variable: time /data/wwwroot/livenew.yunbaozhibo.com/wxshare/Application/Common/Common/function.php 第 34 行.
SQL: SELECT `uid`,`user_nicename`,`avatar`,`avatar_thumb`,`islive`,`stream`,`pull`,`isvideo`,`type`,`goodnum`,`wy_cid` FROM `cmf_users_live` WHERE ( uid='21784' and islive='1' ) LIMIT 1   [ RunTime:0.0004s ]
SQL: SELECT * FROM `cmf_config_private` WHERE ( id='1' ) LIMIT 1   [ RunTime:0.0001s ]
NOTIC: [2] Missing argument 3 for setcaches(), called in /data/wwwroot/livenew.yunbaozhibo.com/wxshare/Application/Common/Common/function.php on line 146 and defined /data/wwwroot/livenew.yunbaozhibo.com/wxshare/Application/Common/Common/function.php 第 30 行.
NOTIC: [8] Undefined variable: time /data/wwwroot/livenew.yunbaozhibo.com/wxshare/Application/Common/Common/function.php 第 34 行.
SQL: SELECT * FROM `cmf_config_private` WHERE ( id='1' ) LIMIT 1   [ RunTime:0.0001s ]
NOTIC: [2] Missing argument 3 for setcaches(), called in /data/wwwroot/livenew.yunbaozhibo.com/wxshare/Application/Common/Common/function.php on line 146 and defined /data/wwwroot/livenew.yunbaozhibo.com/wxshare/Application/Common/Common/function.php 第 30 行.
NOTIC: [8] Undefined variable: time /data/wwwroot/livenew.yunbaozhibo.com/wxshare/Application/Common/Common/function.php 第 34 行.
NOTIC: [8] Undefined variable: userinfo /data/wwwroot/livenew.yunbaozhibo.com/wxshare/Application/Home/Controller/ShareController.class.php 第 95 行.
NOTIC: [8] Undefined variable: userinfo /data/wwwroot/livenew.yunbaozhibo.com/wxshare/Application/Home/Controller/ShareController.class.php 第 96 行.
INFO: [ view_parse ] --START--
INFO: [ template_filter ] --START--
INFO: Run Behavior\ContentReplaceBehavior [ RunTime:0.000143s ]
INFO: [ template_filter ] --END-- [ RunTime:0.000164s ]
INFO: Run Behavior\ParseTemplateBehavior [ RunTime:0.005056s ]
INFO: [ view_parse ] --END-- [ RunTime:0.005079s ]
INFO: [ view_filter ] --START--
INFO: Run Behavior\WriteHtmlCacheBehavior [ RunTime:0.000082s ]
INFO: [ view_filter ] --END-- [ RunTime:0.000095s ]
INFO: [ app_end ] --START--
INFO: Run Behavior\ShowPageTraceBehavior [ RunTime:0.000318s ]
INFO: [ app_end ] --END-- [ RunTime:0.000337s ]

[ 2019-02-19T09:23:59+08:00 ] 27.200.94.75 /wxshare/index.php/Share/wxLogin?roomnum=21784
INFO: [ app_init ] --START--
INFO: Run Behavior\BuildLiteBehavior [ RunTime:0.000006s ]
INFO: [ app_init ] --END-- [ RunTime:0.000032s ]
INFO: [ app_begin ] --START--
INFO: Run Behavior\ReadHtmlCacheBehavior [ RunTime:0.000247s ]
INFO: [ app_begin ] --END-- [ RunTime:0.000267s ]
NOTIC: [2] Declaration of Home\Controller\ShareController::show() should be compatible with Think\Controller::show($content, $charset = '', $contentType = '', $prefix = '') /data/wwwroot/livenew.yunbaozhibo.com/wxshare/Application/Home/Controller/ShareController.class.php 第 611 行.
SQL: SHOW COLUMNS FROM `cmf_config_private` [ RunTime:0.0014s ]
SQL: SELECT * FROM `cmf_config_private` WHERE ( id='1' ) LIMIT 1   [ RunTime:0.0002s ]
NOTIC: [2] Missing argument 3 for setcaches(), called in /data/wwwroot/livenew.yunbaozhibo.com/wxshare/Application/Common/Common/function.php on line 146 and defined /data/wwwroot/livenew.yunbaozhibo.com/wxshare/Application/Common/Common/function.php 第 30 行.
NOTIC: [8] Undefined variable: time /data/wwwroot/livenew.yunbaozhibo.com/wxshare/Application/Common/Common/function.php 第 34 行.
NOTIC: [8] A session had already been started - ignoring session_start() /data/wwwroot/livenew.yunbaozhibo.com/wxshare/Application/Home/Controller/ShareController.class.php 第 108 行.
INFO: [ app_end ] --START--
INFO: Run Behavior\ShowPageTraceBehavior [ RunTime:0.000344s ]
INFO: [ app_end ] --END-- [ RunTime:0.000369s ]

[ 2019-02-19T09:23:59+08:00 ] 27.200.94.75 /wxshare/index.php/Share/wxLoginCallback?roomnum=21784&code=071jHf4H1UNo010ifu4H1Om94H1jHf4A&state=f3f6d70b7cbbe58a38ae6c15d860b5f2
INFO: [ app_init ] --START--
INFO: Run Behavior\BuildLiteBehavior [ RunTime:0.000006s ]
INFO: [ app_init ] --END-- [ RunTime:0.000028s ]
INFO: [ app_begin ] --START--
INFO: Run Behavior\ReadHtmlCacheBehavior [ RunTime:0.000294s ]
INFO: [ app_begin ] --END-- [ RunTime:0.000318s ]
NOTIC: [2] Declaration of Home\Controller\ShareController::show() should be compatible with Think\Controller::show($content, $charset = '', $contentType = '', $prefix = '') /data/wwwroot/livenew.yunbaozhibo.com/wxshare/Application/Home/Controller/ShareController.class.php 第 611 行.
SQL: SHOW COLUMNS FROM `cmf_config_private` [ RunTime:0.0012s ]
SQL: SELECT * FROM `cmf_config_private` WHERE ( id='1' ) LIMIT 1   [ RunTime:0.0002s ]
NOTIC: [2] Missing argument 3 for setcaches(), called in /data/wwwroot/livenew.yunbaozhibo.com/wxshare/Application/Common/Common/function.php on line 146 and defined /data/wwwroot/livenew.yunbaozhibo.com/wxshare/Application/Common/Common/function.php 第 30 行.
NOTIC: [8] Undefined variable: time /data/wwwroot/livenew.yunbaozhibo.com/wxshare/Application/Common/Common/function.php 第 34 行.
SQL: SHOW COLUMNS FROM `cmf_users` [ RunTime:0.0007s ]
SQL: SELECT `id`,`user_login`,`user_nicename`,`avatar`,`avatar_thumb`,`sex`,`signature`,`consumption`,`votestotal`,`province`,`city`,`coin`,`votes`,`birthday`,`issuper` FROM `cmf_users` WHERE ( openid!='' and openid='oAPK4wbJBfRNffl4BbM8Bmm52a5I' ) LIMIT 1   [ RunTime:0.0004s ]
SQL: UPDATE `cmf_users` SET `token`='adb22327125c5238a93adc52be2648ab',`expiretime`='1576459439' WHERE ( id='21783' ) [ RunTime:0.0033s ]
INFO: [ app_end ] --START--
INFO: Run Behavior\ShowPageTraceBehavior [ RunTime:0.000419s ]
INFO: [ app_end ] --END-- [ RunTime:0.000443s ]

[ 2019-02-19T09:23:59+08:00 ] 27.200.94.75 /wxshare/index.php/Share/show?roomnum=21784
INFO: [ app_init ] --START--
INFO: Run Behavior\BuildLiteBehavior [ RunTime:0.000005s ]
INFO: [ app_init ] --END-- [ RunTime:0.000027s ]
INFO: [ app_begin ] --START--
INFO: Run Behavior\ReadHtmlCacheBehavior [ RunTime:0.000226s ]
INFO: [ app_begin ] --END-- [ RunTime:0.000251s ]
NOTIC: [2] Declaration of Home\Controller\ShareController::show() should be compatible with Think\Controller::show($content, $charset = '', $contentType = '', $prefix = '') /data/wwwroot/livenew.yunbaozhibo.com/wxshare/Application/Home/Controller/ShareController.class.php 第 611 行.
SQL: SHOW COLUMNS FROM `cmf_users` [ RunTime:0.0007s ]
SQL: SHOW COLUMNS FROM `cmf_users_live` [ RunTime:0.0004s ]
SQL: SHOW COLUMNS FROM `cmf_config_private` [ RunTime:0.0010s ]
SQL: SELECT * FROM `cmf_config_private` WHERE ( id='1' ) LIMIT 1   [ RunTime:0.0003s ]
NOTIC: [2] Missing argument 3 for setcaches(), called in /data/wwwroot/livenew.yunbaozhibo.com/wxshare/Application/Common/Common/function.php on line 146 and defined /data/wwwroot/livenew.yunbaozhibo.com/wxshare/Application/Common/Common/function.php 第 30 行.
NOTIC: [8] Undefined variable: time /data/wwwroot/livenew.yunbaozhibo.com/wxshare/Application/Common/Common/function.php 第 34 行.
SQL: SELECT `uid`,`user_nicename`,`avatar`,`avatar_thumb`,`islive`,`stream`,`pull`,`isvideo`,`type`,`goodnum`,`wy_cid` FROM `cmf_users_live` WHERE ( uid='21784' and islive='1' ) LIMIT 1   [ RunTime:0.0001s ]
SQL: SELECT * FROM `cmf_config_private` WHERE ( id='1' ) LIMIT 1   [ RunTime:0.0001s ]
NOTIC: [2] Missing argument 3 for setcaches(), called in /data/wwwroot/livenew.yunbaozhibo.com/wxshare/Application/Common/Common/function.php on line 146 and defined /data/wwwroot/livenew.yunbaozhibo.com/wxshare/Application/Common/Common/function.php 第 30 行.
NOTIC: [8] Undefined variable: time /data/wwwroot/livenew.yunbaozhibo.com/wxshare/Application/Common/Common/function.php 第 34 行.
SQL: SELECT * FROM `cmf_config_private` WHERE ( id='1' ) LIMIT 1   [ RunTime:0.0001s ]
NOTIC: [2] Missing argument 3 for setcaches(), called in /data/wwwroot/livenew.yunbaozhibo.com/wxshare/Application/Common/Common/function.php on line 146 and defined /data/wwwroot/livenew.yunbaozhibo.com/wxshare/Application/Common/Common/function.php 第 30 行.
NOTIC: [8] Undefined variable: time /data/wwwroot/livenew.yunbaozhibo.com/wxshare/Application/Common/Common/function.php 第 34 行.
SQL: SELECT `id`,`user_login`,`user_nicename`,`avatar`,`avatar_thumb`,`sex`,`signature`,`consumption`,`votestotal`,`province`,`city`,`coin`,`votes`,`token`,`birthday`,`issuper` FROM `cmf_users` WHERE ( id='21783' ) LIMIT 1   [ RunTime:0.0003s ]
SQL: SHOW COLUMNS FROM `cmf_users_vip` [ RunTime:0.0004s ]
SQL: SELECT * FROM `cmf_users_vip` WHERE ( uid=21783 and endtime>1550539439 ) LIMIT 1   [ RunTime:0.0002s ]
SQL: SHOW COLUMNS FROM `cmf_liang` [ RunTime:0.0004s ]
SQL: SELECT * FROM `cmf_liang` WHERE ( uid=21783 and status=1 and state=1 ) LIMIT 1   [ RunTime:0.0003s ]
SQL: SHOW COLUMNS FROM `cmf_users_attention` [ RunTime:0.0003s ]
SQL: SELECT * FROM `cmf_users_attention` WHERE ( uid='21783' and touid='21784' ) LIMIT 1   [ RunTime:0.0002s ]
INFO: [ view_parse ] --START--
INFO: [ template_filter ] --START--
INFO: Run Behavior\ContentReplaceBehavior [ RunTime:0.000133s ]
INFO: [ template_filter ] --END-- [ RunTime:0.000152s ]
INFO: Run Behavior\ParseTemplateBehavior [ RunTime:0.005257s ]
INFO: [ view_parse ] --END-- [ RunTime:0.005281s ]
INFO: [ view_filter ] --START--
INFO: Run Behavior\WriteHtmlCacheBehavior [ RunTime:0.000086s ]
INFO: [ view_filter ] --END-- [ RunTime:0.000103s ]
INFO: [ app_end ] --START--
INFO: Run Behavior\ShowPageTraceBehavior [ RunTime:0.000290s ]
INFO: [ app_end ] --END-- [ RunTime:0.000311s ]

[ 2019-02-19T09:24:00+08:00 ] 27.200.94.75 /wxshare/index.php/Share/getGift
INFO: [ app_init ] --START--
INFO: Run Behavior\BuildLiteBehavior [ RunTime:0.000008s ]
INFO: [ app_init ] --END-- [ RunTime:0.000033s ]
INFO: [ app_begin ] --START--
INFO: Run Behavior\ReadHtmlCacheBehavior [ RunTime:0.000211s ]
INFO: [ app_begin ] --END-- [ RunTime:0.000234s ]
NOTIC: [2] Declaration of Home\Controller\ShareController::show() should be compatible with Think\Controller::show($content, $charset = '', $contentType = '', $prefix = '') /data/wwwroot/livenew.yunbaozhibo.com/wxshare/Application/Home/Controller/ShareController.class.php 第 611 行.
SQL: SHOW COLUMNS FROM `cmf_gift` [ RunTime:0.0007s ]
SQL: SELECT `id`,`type`,`giftname`,`needcoin`,`gifticon` FROM `cmf_gift` ORDER BY orderno asc  [ RunTime:0.0004s ]

[ 2019-02-19T09:24:01+08:00 ] 27.200.94.75 /wxshare/index.php/Share/setNodeInfo?liveuid=21784
INFO: [ app_init ] --START--
INFO: Run Behavior\BuildLiteBehavior [ RunTime:0.000011s ]
INFO: [ app_init ] --END-- [ RunTime:0.000048s ]
INFO: [ app_begin ] --START--
INFO: Run Behavior\ReadHtmlCacheBehavior [ RunTime:0.000338s ]
INFO: [ app_begin ] --END-- [ RunTime:0.000363s ]
NOTIC: [2] Declaration of Home\Controller\ShareController::show() should be compatible with Think\Controller::show($content, $charset = '', $contentType = '', $prefix = '') /data/wwwroot/livenew.yunbaozhibo.com/wxshare/Application/Home/Controller/ShareController.class.php 第 611 行.
SQL: SHOW COLUMNS FROM `cmf_users` [ RunTime:0.0010s ]
SQL: SELECT `id`,`user_nicename`,`avatar`,`avatar_thumb`,`sex`,`signature`,`consumption`,`votestotal`,`province`,`city`,`birthday`,`issuper` FROM `cmf_users` WHERE ( id='21783' ) LIMIT 1   [ RunTime:0.0004s ]
SQL: SHOW COLUMNS FROM `cmf_users_vip` [ RunTime:0.0005s ]
SQL: SELECT * FROM `cmf_users_vip` WHERE ( uid=21783 and endtime>1550539441 ) LIMIT 1   [ RunTime:0.0004s ]
SQL: SHOW COLUMNS FROM `cmf_liang` [ RunTime:0.0003s ]
SQL: SELECT * FROM `cmf_liang` WHERE ( uid=21783 and status=1 and state=1 ) LIMIT 1   [ RunTime:0.0001s ]
SQL: SHOW COLUMNS FROM `cmf_users_car` [ RunTime:0.0003s ]
SQL: SELECT * FROM `cmf_users_car` WHERE ( uid=21783 and endtime>1550539441 and status=1 ) LIMIT 1   [ RunTime:0.0002s ]
SQL: SHOW COLUMNS FROM `cmf_users_super` [ RunTime:0.0003s ]
SQL: SELECT * FROM `cmf_users_super` WHERE ( uid='21783' ) LIMIT 1   [ RunTime:0.0002s ]
SQL: SHOW COLUMNS FROM `cmf_users_livemanager` [ RunTime:0.0003s ]
SQL: SELECT * FROM `cmf_users_livemanager` WHERE ( uid = '21783' and liveuid = '21784' ) LIMIT 1   [ RunTime:0.0003s ]
SQL: SHOW COLUMNS FROM `cmf_guard_users` [ RunTime:0.0003s ]
SQL: SELECT `type`,`endtime` FROM `cmf_guard_users` WHERE ( uid = 21783 and liveuid=21784 ) LIMIT 1   [ RunTime:0.0002s ]
NOTIC: [2] Missing argument 3 for setcaches(), called in /data/wwwroot/livenew.yunbaozhibo.com/wxshare/Application/Common/Common/function.php on line 1202 and defined /data/wwwroot/livenew.yunbaozhibo.com/wxshare/Application/Common/Common/function.php 第 30 行.
NOTIC: [8] Undefined variable: time /data/wwwroot/livenew.yunbaozhibo.com/wxshare/Application/Common/Common/function.php 第 34 行.
INFO: [ app_end ] --START--
INFO: Run Behavior\ShowPageTraceBehavior [ RunTime:0.000411s ]
INFO: [ app_end ] --END-- [ RunTime:0.000435s ]

[ 2019-02-19T09:24:02+08:00 ] 27.200.94.75 /wxshare/index.php/Share/index
INFO: [ app_init ] --START--
INFO: Run Behavior\BuildLiteBehavior [ RunTime:0.000006s ]
INFO: [ app_init ] --END-- [ RunTime:0.000032s ]
INFO: [ app_begin ] --START--
INFO: Run Behavior\ReadHtmlCacheBehavior [ RunTime:0.000276s ]
INFO: [ app_begin ] --END-- [ RunTime:0.000296s ]
NOTIC: [2] Declaration of Home\Controller\ShareController::show() should be compatible with Think\Controller::show($content, $charset = '', $contentType = '', $prefix = '') /data/wwwroot/livenew.yunbaozhibo.com/wxshare/Application/Home/Controller/ShareController.class.php 第 611 行.
SQL: select l.uid,l.avatar,l.avatar_thumb,l.user_nicename,l.title,l.city,l.stream,l.pull,l.thumb from cmf_users_live l left join cmf_users u on l.uid=u.id where l.islive= '1'  order by u.isrecommend desc,l.starttime desc limit 0,20 [ RunTime:0.0007s ]
INFO: [ view_parse ] --START--
INFO: [ template_filter ] --START--
INFO: Run Behavior\ContentReplaceBehavior [ RunTime:0.000035s ]
INFO: [ template_filter ] --END-- [ RunTime:0.000060s ]
INFO: Run Behavior\ParseTemplateBehavior [ RunTime:0.003321s ]
INFO: [ view_parse ] --END-- [ RunTime:0.003347s ]
INFO: [ view_filter ] --START--
INFO: Run Behavior\WriteHtmlCacheBehavior [ RunTime:0.000083s ]
INFO: [ view_filter ] --END-- [ RunTime:0.000096s ]
INFO: [ app_end ] --START--
INFO: Run Behavior\ShowPageTraceBehavior [ RunTime:0.000309s ]
INFO: [ app_end ] --END-- [ RunTime:0.000344s ]

[ 2019-02-19T09:24:57+08:00 ] 61.129.6.251 /wxshare/index.php/Share/index
INFO: [ app_init ] --START--
INFO: Run Behavior\BuildLiteBehavior [ RunTime:0.000006s ]
INFO: [ app_init ] --END-- [ RunTime:0.000028s ]
INFO: [ app_begin ] --START--
INFO: Run Behavior\ReadHtmlCacheBehavior [ RunTime:0.000234s ]
INFO: [ app_begin ] --END-- [ RunTime:0.000253s ]
NOTIC: [2] Declaration of Home\Controller\ShareController::show() should be compatible with Think\Controller::show($content, $charset = '', $contentType = '', $prefix = '') /data/wwwroot/livenew.yunbaozhibo.com/wxshare/Application/Home/Controller/ShareController.class.php 第 611 行.
SQL: select l.uid,l.avatar,l.avatar_thumb,l.user_nicename,l.title,l.city,l.stream,l.pull,l.thumb from cmf_users_live l left join cmf_users u on l.uid=u.id where l.islive= '1'  order by u.isrecommend desc,l.starttime desc limit 0,20 [ RunTime:0.0007s ]
INFO: [ view_parse ] --START--
INFO: [ template_filter ] --START--
INFO: Run Behavior\ContentReplaceBehavior [ RunTime:0.000028s ]
INFO: [ template_filter ] --END-- [ RunTime:0.000045s ]
INFO: Run Behavior\ParseTemplateBehavior [ RunTime:0.002883s ]
INFO: [ view_parse ] --END-- [ RunTime:0.002905s ]
INFO: [ view_filter ] --START--
INFO: Run Behavior\WriteHtmlCacheBehavior [ RunTime:0.000089s ]
INFO: [ view_filter ] --END-- [ RunTime:0.000102s ]
INFO: [ app_end ] --START--
INFO: Run Behavior\ShowPageTraceBehavior [ RunTime:0.000277s ]
INFO: [ app_end ] --END-- [ RunTime:0.000296s ]

[ 2019-02-19T09:24:58+08:00 ] 61.129.6.227 /wxshare/index.php/Share/show?roomnum=21784
INFO: [ app_init ] --START--
INFO: Run Behavior\BuildLiteBehavior [ RunTime:0.000006s ]
INFO: [ app_init ] --END-- [ RunTime:0.000030s ]
INFO: [ app_begin ] --START--
INFO: Run Behavior\ReadHtmlCacheBehavior [ RunTime:0.000308s ]
INFO: [ app_begin ] --END-- [ RunTime:0.000332s ]
NOTIC: [2] Declaration of Home\Controller\ShareController::show() should be compatible with Think\Controller::show($content, $charset = '', $contentType = '', $prefix = '') /data/wwwroot/livenew.yunbaozhibo.com/wxshare/Application/Home/Controller/ShareController.class.php 第 611 行.
SQL: SHOW COLUMNS FROM `cmf_users` [ RunTime:0.0007s ]
SQL: SHOW COLUMNS FROM `cmf_users_live` [ RunTime:0.0004s ]
SQL: SHOW COLUMNS FROM `cmf_config_private` [ RunTime:0.0008s ]
SQL: SELECT * FROM `cmf_config_private` WHERE ( id='1' ) LIMIT 1   [ RunTime:0.0002s ]
NOTIC: [2] Missing argument 3 for setcaches(), called in /data/wwwroot/livenew.yunbaozhibo.com/wxshare/Application/Common/Common/function.php on line 146 and defined /data/wwwroot/livenew.yunbaozhibo.com/wxshare/Application/Common/Common/function.php 第 30 行.
NOTIC: [8] Undefined variable: time /data/wwwroot/livenew.yunbaozhibo.com/wxshare/Application/Common/Common/function.php 第 34 行.
SQL: SELECT `uid`,`user_nicename`,`avatar`,`avatar_thumb`,`islive`,`stream`,`pull`,`isvideo`,`type`,`goodnum`,`wy_cid` FROM `cmf_users_live` WHERE ( uid='21784' and islive='1' ) LIMIT 1   [ RunTime:0.0003s ]
SQL: SELECT * FROM `cmf_config_private` WHERE ( id='1' ) LIMIT 1   [ RunTime:0.0001s ]
NOTIC: [2] Missing argument 3 for setcaches(), called in /data/wwwroot/livenew.yunbaozhibo.com/wxshare/Application/Common/Common/function.php on line 146 and defined /data/wwwroot/livenew.yunbaozhibo.com/wxshare/Application/Common/Common/function.php 第 30 行.
NOTIC: [8] Undefined variable: time /data/wwwroot/livenew.yunbaozhibo.com/wxshare/Application/Common/Common/function.php 第 34 行.
SQL: SELECT * FROM `cmf_config_private` WHERE ( id='1' ) LIMIT 1   [ RunTime:0.0001s ]
NOTIC: [2] Missing argument 3 for setcaches(), called in /data/wwwroot/livenew.yunbaozhibo.com/wxshare/Application/Common/Common/function.php on line 146 and defined /data/wwwroot/livenew.yunbaozhibo.com/wxshare/Application/Common/Common/function.php 第 30 行.
NOTIC: [8] Undefined variable: time /data/wwwroot/livenew.yunbaozhibo.com/wxshare/Application/Common/Common/function.php 第 34 行.
NOTIC: [8] Undefined variable: userinfo /data/wwwroot/livenew.yunbaozhibo.com/wxshare/Application/Home/Controller/ShareController.class.php 第 95 行.
NOTIC: [8] Undefined variable: userinfo /data/wwwroot/livenew.yunbaozhibo.com/wxshare/Application/Home/Controller/ShareController.class.php 第 96 行.
INFO: [ view_parse ] --START--
INFO: [ template_filter ] --START--
INFO: Run Behavior\ContentReplaceBehavior [ RunTime:0.000133s ]
INFO: [ template_filter ] --END-- [ RunTime:0.000170s ]
INFO: Run Behavior\ParseTemplateBehavior [ RunTime:0.005245s ]
INFO: [ view_parse ] --END-- [ RunTime:0.005269s ]
INFO: [ view_filter ] --START--
INFO: Run Behavior\WriteHtmlCacheBehavior [ RunTime:0.000084s ]
INFO: [ view_filter ] --END-- [ RunTime:0.000096s ]
INFO: [ app_end ] --START--
INFO: Run Behavior\ShowPageTraceBehavior [ RunTime:0.000281s ]
INFO: [ app_end ] --END-- [ RunTime:0.000299s ]

[ 2019-02-19T09:25:01+08:00 ] 180.97.118.223 /wxshare/index.php/Share/wxLogin?roomnum=21784
INFO: [ app_init ] --START--
INFO: Run Behavior\BuildLiteBehavior [ RunTime:0.000007s ]
INFO: [ app_init ] --END-- [ RunTime:0.000031s ]
INFO: [ app_begin ] --START--
INFO: Run Behavior\ReadHtmlCacheBehavior [ RunTime:0.000208s ]
INFO: [ app_begin ] --END-- [ RunTime:0.000227s ]
NOTIC: [2] Declaration of Home\Controller\ShareController::show() should be compatible with Think\Controller::show($content, $charset = '', $contentType = '', $prefix = '') /data/wwwroot/livenew.yunbaozhibo.com/wxshare/Application/Home/Controller/ShareController.class.php 第 611 行.
SQL: SHOW COLUMNS FROM `cmf_config_private` [ RunTime:0.0014s ]
SQL: SELECT * FROM `cmf_config_private` WHERE ( id='1' ) LIMIT 1   [ RunTime:0.0003s ]
NOTIC: [2] Missing argument 3 for setcaches(), called in /data/wwwroot/livenew.yunbaozhibo.com/wxshare/Application/Common/Common/function.php on line 146 and defined /data/wwwroot/livenew.yunbaozhibo.com/wxshare/Application/Common/Common/function.php 第 30 行.
NOTIC: [8] Undefined variable: time /data/wwwroot/livenew.yunbaozhibo.com/wxshare/Application/Common/Common/function.php 第 34 行.
NOTIC: [8] A session had already been started - ignoring session_start() /data/wwwroot/livenew.yunbaozhibo.com/wxshare/Application/Home/Controller/ShareController.class.php 第 108 行.
INFO: [ app_end ] --START--
INFO: Run Behavior\ShowPageTraceBehavior [ RunTime:0.000314s ]
INFO: [ app_end ] --END-- [ RunTime:0.000333s ]

[ 2019-02-19T09:49:38+08:00 ] 147.92.137.186 /wxshare/index.php/Share/show?roomnum=21908
INFO: [ app_init ] --START--
INFO: Run Behavior\BuildLiteBehavior [ RunTime:0.000007s ]
INFO: [ app_init ] --END-- [ RunTime:0.000029s ]
INFO: [ app_begin ] --START--
INFO: Run Behavior\ReadHtmlCacheBehavior [ RunTime:0.000229s ]
INFO: [ app_begin ] --END-- [ RunTime:0.000259s ]
NOTIC: [2] Declaration of Home\Controller\ShareController::show() should be compatible with Think\Controller::show($content, $charset = '', $contentType = '', $prefix = '') /data/wwwroot/livenew.yunbaozhibo.com/wxshare/Application/Home/Controller/ShareController.class.php 第 611 行.
SQL: SHOW COLUMNS FROM `cmf_users` [ RunTime:0.0007s ]
SQL: SHOW COLUMNS FROM `cmf_users_live` [ RunTime:0.0004s ]
SQL: SHOW COLUMNS FROM `cmf_config_private` [ RunTime:0.0010s ]
SQL: SELECT * FROM `cmf_config_private` WHERE ( id='1' ) LIMIT 1   [ RunTime:0.0005s ]
NOTIC: [2] Missing argument 3 for setcaches(), called in /data/wwwroot/livenew.yunbaozhibo.com/wxshare/Application/Common/Common/function.php on line 146 and defined /data/wwwroot/livenew.yunbaozhibo.com/wxshare/Application/Common/Common/function.php 第 30 行.
NOTIC: [8] Undefined variable: time /data/wwwroot/livenew.yunbaozhibo.com/wxshare/Application/Common/Common/function.php 第 34 行.
SQL: SELECT `uid`,`user_nicename`,`avatar`,`avatar_thumb`,`islive`,`stream`,`pull`,`isvideo`,`type`,`goodnum`,`wy_cid` FROM `cmf_users_live` WHERE ( uid='21908' and islive='1' ) LIMIT 1   [ RunTime:0.0003s ]
SQL: SELECT `id`,`user_nicename`,`avatar`,`avatar_thumb` FROM `cmf_users` WHERE ( id='21908' ) LIMIT 1   [ RunTime:0.0002s ]
SQL: SHOW COLUMNS FROM `cmf_liang` [ RunTime:0.0004s ]
SQL: SELECT * FROM `cmf_liang` WHERE ( uid=21908 and status=1 and state=1 ) LIMIT 1   [ RunTime:0.0002s ]
NOTIC: [8] Undefined index: isvideo /data/wwwroot/livenew.yunbaozhibo.com/wxshare/Application/Home/Controller/ShareController.class.php 第 61 行.
NOTIC: [8] Undefined index: type /data/wwwroot/livenew.yunbaozhibo.com/wxshare/Application/Home/Controller/ShareController.class.php 第 76 行.
NOTIC: [8] Undefined variable: userinfo /data/wwwroot/livenew.yunbaozhibo.com/wxshare/Application/Home/Controller/ShareController.class.php 第 95 行.
NOTIC: [8] Undefined variable: userinfo /data/wwwroot/livenew.yunbaozhibo.com/wxshare/Application/Home/Controller/ShareController.class.php 第 96 行.
INFO: [ view_parse ] --START--
INFO: [ template_filter ] --START--
INFO: Run Behavior\ContentReplaceBehavior [ RunTime:0.000132s ]
INFO: [ template_filter ] --END-- [ RunTime:0.000151s ]
NOTIC: [8] Undefined index: stream /data/wwwroot/livenew.yunbaozhibo.com/wxshare/Application/Runtime/Cache/Home/fc1b44603069baeed8bb5c39d030251e.php 第 24 行.
NOTIC: [8] Undefined index: type /data/wwwroot/livenew.yunbaozhibo.com/wxshare/Application/Runtime/Cache/Home/fc1b44603069baeed8bb5c39d030251e.php 第 123 行.
NOTIC: [8] Undefined index: type /data/wwwroot/livenew.yunbaozhibo.com/wxshare/Application/Runtime/Cache/Home/fc1b44603069baeed8bb5c39d030251e.php 第 124 行.
INFO: Run Behavior\ParseTemplateBehavior [ RunTime:0.005519s ]
INFO: [ view_parse ] --END-- [ RunTime:0.005535s ]
INFO: [ view_filter ] --START--
INFO: Run Behavior\WriteHtmlCacheBehavior [ RunTime:0.000102s ]
INFO: [ view_filter ] --END-- [ RunTime:0.000117s ]
INFO: [ app_end ] --START--
INFO: Run Behavior\ShowPageTraceBehavior [ RunTime:0.000286s ]
INFO: [ app_end ] --END-- [ RunTime:0.000307s ]

[ 2019-02-19T09:49:39+08:00 ] 147.92.137.160 /wxshare/index.php/Share/show?roomnum=21908
INFO: [ app_init ] --START--
INFO: Run Behavior\BuildLiteBehavior [ RunTime:0.000006s ]
INFO: [ app_init ] --END-- [ RunTime:0.000030s ]
INFO: [ app_begin ] --START--
INFO: Run Behavior\ReadHtmlCacheBehavior [ RunTime:0.000239s ]
INFO: [ app_begin ] --END-- [ RunTime:0.000260s ]
NOTIC: [2] Declaration of Home\Controller\ShareController::show() should be compatible with Think\Controller::show($content, $charset = '', $contentType = '', $prefix = '') /data/wwwroot/livenew.yunbaozhibo.com/wxshare/Application/Home/Controller/ShareController.class.php 第 611 行.
SQL: SHOW COLUMNS FROM `cmf_users` [ RunTime:0.0006s ]
SQL: SHOW COLUMNS FROM `cmf_users_live` [ RunTime:0.0004s ]
SQL: SHOW COLUMNS FROM `cmf_config_private` [ RunTime:0.0009s ]
SQL: SELECT * FROM `cmf_config_private` WHERE ( id='1' ) LIMIT 1   [ RunTime:0.0002s ]
NOTIC: [2] Missing argument 3 for setcaches(), called in /data/wwwroot/livenew.yunbaozhibo.com/wxshare/Application/Common/Common/function.php on line 146 and defined /data/wwwroot/livenew.yunbaozhibo.com/wxshare/Application/Common/Common/function.php 第 30 行.
NOTIC: [8] Undefined variable: time /data/wwwroot/livenew.yunbaozhibo.com/wxshare/Application/Common/Common/function.php 第 34 行.
SQL: SELECT `uid`,`user_nicename`,`avatar`,`avatar_thumb`,`islive`,`stream`,`pull`,`isvideo`,`type`,`goodnum`,`wy_cid` FROM `cmf_users_live` WHERE ( uid='21908' and islive='1' ) LIMIT 1   [ RunTime:0.0001s ]
SQL: SELECT `id`,`user_nicename`,`avatar`,`avatar_thumb` FROM `cmf_users` WHERE ( id='21908' ) LIMIT 1   [ RunTime:0.0001s ]
SQL: SHOW COLUMNS FROM `cmf_liang` [ RunTime:0.0003s ]
SQL: SELECT * FROM `cmf_liang` WHERE ( uid=21908 and status=1 and state=1 ) LIMIT 1   [ RunTime:0.0001s ]
NOTIC: [8] Undefined index: isvideo /data/wwwroot/livenew.yunbaozhibo.com/wxshare/Application/Home/Controller/ShareController.class.php 第 61 行.
NOTIC: [8] Undefined index: type /data/wwwroot/livenew.yunbaozhibo.com/wxshare/Application/Home/Controller/ShareController.class.php 第 76 行.
NOTIC: [8] Undefined variable: userinfo /data/wwwroot/livenew.yunbaozhibo.com/wxshare/Application/Home/Controller/ShareController.class.php 第 95 行.
NOTIC: [8] Undefined variable: userinfo /data/wwwroot/livenew.yunbaozhibo.com/wxshare/Application/Home/Controller/ShareController.class.php 第 96 行.
INFO: [ view_parse ] --START--
INFO: [ template_filter ] --START--
INFO: Run Behavior\ContentReplaceBehavior [ RunTime:0.000132s ]
INFO: [ template_filter ] --END-- [ RunTime:0.000152s ]
NOTIC: [8] Undefined index: stream /data/wwwroot/livenew.yunbaozhibo.com/wxshare/Application/Runtime/Cache/Home/fc1b44603069baeed8bb5c39d030251e.php 第 24 行.
NOTIC: [8] Undefined index: type /data/wwwroot/livenew.yunbaozhibo.com/wxshare/Application/Runtime/Cache/Home/fc1b44603069baeed8bb5c39d030251e.php 第 123 行.
NOTIC: [8] Undefined index: type /data/wwwroot/livenew.yunbaozhibo.com/wxshare/Application/Runtime/Cache/Home/fc1b44603069baeed8bb5c39d030251e.php 第 124 行.
INFO: Run Behavior\ParseTemplateBehavior [ RunTime:0.005431s ]
INFO: [ view_parse ] --END-- [ RunTime:0.005446s ]
INFO: [ view_filter ] --START--
INFO: Run Behavior\WriteHtmlCacheBehavior [ RunTime:0.000084s ]
INFO: [ view_filter ] --END-- [ RunTime:0.000095s ]
INFO: [ app_end ] --START--
INFO: Run Behavior\ShowPageTraceBehavior [ RunTime:0.000492s ]
INFO: [ app_end ] --END-- [ RunTime:0.000510s ]

[ 2019-02-19T11:41:36+08:00 ] 61.129.6.225 /wxshare/index.php/Share/index
INFO: [ app_init ] --START--
INFO: Run Behavior\BuildLiteBehavior [ RunTime:0.000006s ]
INFO: [ app_init ] --END-- [ RunTime:0.000030s ]
INFO: [ app_begin ] --START--
INFO: Run Behavior\ReadHtmlCacheBehavior [ RunTime:0.000211s ]
INFO: [ app_begin ] --END-- [ RunTime:0.000230s ]
NOTIC: [2] Declaration of Home\Controller\ShareController::show() should be compatible with Think\Controller::show($content, $charset = '', $contentType = '', $prefix = '') /data/wwwroot/livenew.yunbaozhibo.com/wxshare/Application/Home/Controller/ShareController.class.php 第 611 行.
SQL: select l.uid,l.avatar,l.avatar_thumb,l.user_nicename,l.title,l.city,l.stream,l.pull,l.thumb from cmf_users_live l left join cmf_users u on l.uid=u.id where l.islive= '1'  order by u.isrecommend desc,l.starttime desc limit 0,20 [ RunTime:0.0007s ]
INFO: [ view_parse ] --START--
INFO: [ template_filter ] --START--
INFO: Run Behavior\ContentReplaceBehavior [ RunTime:0.000028s ]
INFO: [ template_filter ] --END-- [ RunTime:0.000046s ]
INFO: Run Behavior\ParseTemplateBehavior [ RunTime:0.003330s ]
INFO: [ view_parse ] --END-- [ RunTime:0.003350s ]
INFO: [ view_filter ] --START--
INFO: Run Behavior\WriteHtmlCacheBehavior [ RunTime:0.000079s ]
INFO: [ view_filter ] --END-- [ RunTime:0.000091s ]
INFO: [ app_end ] --START--
INFO: Run Behavior\ShowPageTraceBehavior [ RunTime:0.000310s ]
INFO: [ app_end ] --END-- [ RunTime:0.000330s ]

[ 2019-02-19T12:05:56+08:00 ] 223.104.63.146 /wxshare/index.php/Share/show?roomnum=23377&from=singlemessage
INFO: [ app_init ] --START--
INFO: Run Behavior\BuildLiteBehavior [ RunTime:0.000006s ]
INFO: [ app_init ] --END-- [ RunTime:0.000030s ]
INFO: [ app_begin ] --START--
INFO: Run Behavior\ReadHtmlCacheBehavior [ RunTime:0.000217s ]
INFO: [ app_begin ] --END-- [ RunTime:0.000237s ]
NOTIC: [2] Declaration of Home\Controller\ShareController::show() should be compatible with Think\Controller::show($content, $charset = '', $contentType = '', $prefix = '') /data/wwwroot/livenew.yunbaozhibo.com/wxshare/Application/Home/Controller/ShareController.class.php 第 611 行.
SQL: SHOW COLUMNS FROM `cmf_users` [ RunTime:0.0007s ]
SQL: SHOW COLUMNS FROM `cmf_users_live` [ RunTime:0.0006s ]
SQL: SHOW COLUMNS FROM `cmf_config_private` [ RunTime:0.0011s ]
SQL: SELECT * FROM `cmf_config_private` WHERE ( id='1' ) LIMIT 1   [ RunTime:0.0005s ]
NOTIC: [2] Missing argument 3 for setcaches(), called in /data/wwwroot/livenew.yunbaozhibo.com/wxshare/Application/Common/Common/function.php on line 146 and defined /data/wwwroot/livenew.yunbaozhibo.com/wxshare/Application/Common/Common/function.php 第 30 行.
NOTIC: [8] Undefined variable: time /data/wwwroot/livenew.yunbaozhibo.com/wxshare/Application/Common/Common/function.php 第 34 行.
SQL: SELECT `uid`,`user_nicename`,`avatar`,`avatar_thumb`,`islive`,`stream`,`pull`,`isvideo`,`type`,`goodnum`,`wy_cid` FROM `cmf_users_live` WHERE ( uid='23377' and islive='1' ) LIMIT 1   [ RunTime:0.0003s ]
SQL: SELECT `id`,`user_nicename`,`avatar`,`avatar_thumb` FROM `cmf_users` WHERE ( id='23377' ) LIMIT 1   [ RunTime:0.0002s ]
SQL: SHOW COLUMNS FROM `cmf_liang` [ RunTime:0.0003s ]
SQL: SELECT * FROM `cmf_liang` WHERE ( uid=23377 and status=1 and state=1 ) LIMIT 1   [ RunTime:0.0002s ]
NOTIC: [8] Undefined index: isvideo /data/wwwroot/livenew.yunbaozhibo.com/wxshare/Application/Home/Controller/ShareController.class.php 第 61 行.
NOTIC: [8] Undefined index: type /data/wwwroot/livenew.yunbaozhibo.com/wxshare/Application/Home/Controller/ShareController.class.php 第 76 行.
NOTIC: [8] Undefined variable: userinfo /data/wwwroot/livenew.yunbaozhibo.com/wxshare/Application/Home/Controller/ShareController.class.php 第 95 行.
NOTIC: [8] Undefined variable: userinfo /data/wwwroot/livenew.yunbaozhibo.com/wxshare/Application/Home/Controller/ShareController.class.php 第 96 行.
INFO: [ view_parse ] --START--
INFO: [ template_filter ] --START--
INFO: Run Behavior\ContentReplaceBehavior [ RunTime:0.000132s ]
INFO: [ template_filter ] --END-- [ RunTime:0.000153s ]
NOTIC: [8] Undefined index: stream /data/wwwroot/livenew.yunbaozhibo.com/wxshare/Application/Runtime/Cache/Home/fc1b44603069baeed8bb5c39d030251e.php 第 24 行.
NOTIC: [8] Undefined index: type /data/wwwroot/livenew.yunbaozhibo.com/wxshare/Application/Runtime/Cache/Home/fc1b44603069baeed8bb5c39d030251e.php 第 123 行.
NOTIC: [8] Undefined index: type /data/wwwroot/livenew.yunbaozhibo.com/wxshare/Application/Runtime/Cache/Home/fc1b44603069baeed8bb5c39d030251e.php 第 124 行.
INFO: Run Behavior\ParseTemplateBehavior [ RunTime:0.005622s ]
INFO: [ view_parse ] --END-- [ RunTime:0.005641s ]
INFO: [ view_filter ] --START--
INFO: Run Behavior\WriteHtmlCacheBehavior [ RunTime:0.000084s ]
INFO: [ view_filter ] --END-- [ RunTime:0.000096s ]
INFO: [ app_end ] --START--
INFO: Run Behavior\ShowPageTraceBehavior [ RunTime:0.000266s ]
INFO: [ app_end ] --END-- [ RunTime:0.000283s ]

[ 2019-02-19T12:05:58+08:00 ] 223.104.63.146 /wxshare/index.php/Share/wxLogin?roomnum=23377
INFO: [ app_init ] --START--
INFO: Run Behavior\BuildLiteBehavior [ RunTime:0.000005s ]
INFO: [ app_init ] --END-- [ RunTime:0.000029s ]
INFO: [ app_begin ] --START--
INFO: Run Behavior\ReadHtmlCacheBehavior [ RunTime:0.000223s ]
INFO: [ app_begin ] --END-- [ RunTime:0.000245s ]
NOTIC: [2] Declaration of Home\Controller\ShareController::show() should be compatible with Think\Controller::show($content, $charset = '', $contentType = '', $prefix = '') /data/wwwroot/livenew.yunbaozhibo.com/wxshare/Application/Home/Controller/ShareController.class.php 第 611 行.
SQL: SHOW COLUMNS FROM `cmf_config_private` [ RunTime:0.0011s ]
SQL: SELECT * FROM `cmf_config_private` WHERE ( id='1' ) LIMIT 1   [ RunTime:0.0002s ]
NOTIC: [2] Missing argument 3 for setcaches(), called in /data/wwwroot/livenew.yunbaozhibo.com/wxshare/Application/Common/Common/function.php on line 146 and defined /data/wwwroot/livenew.yunbaozhibo.com/wxshare/Application/Common/Common/function.php 第 30 行.
NOTIC: [8] Undefined variable: time /data/wwwroot/livenew.yunbaozhibo.com/wxshare/Application/Common/Common/function.php 第 34 行.
NOTIC: [8] A session had already been started - ignoring session_start() /data/wwwroot/livenew.yunbaozhibo.com/wxshare/Application/Home/Controller/ShareController.class.php 第 108 行.
INFO: [ app_end ] --START--
INFO: Run Behavior\ShowPageTraceBehavior [ RunTime:0.000279s ]
INFO: [ app_end ] --END-- [ RunTime:0.000300s ]

[ 2019-02-19T12:06:01+08:00 ] 223.104.63.146 /wxshare/index.php/Share/wxLoginCallback?roomnum=23377&code=081AwMwa0usnIy1dFMya0WDwwa0AwMwM&state=ca5ed5c6bfabc2096b62afc6aa1e32c3
INFO: [ app_init ] --START--
INFO: Run Behavior\BuildLiteBehavior [ RunTime:0.000006s ]
INFO: [ app_init ] --END-- [ RunTime:0.000030s ]
INFO: [ app_begin ] --START--
INFO: Run Behavior\ReadHtmlCacheBehavior [ RunTime:0.000214s ]
INFO: [ app_begin ] --END-- [ RunTime:0.000234s ]
NOTIC: [2] Declaration of Home\Controller\ShareController::show() should be compatible with Think\Controller::show($content, $charset = '', $contentType = '', $prefix = '') /data/wwwroot/livenew.yunbaozhibo.com/wxshare/Application/Home/Controller/ShareController.class.php 第 611 行.
SQL: SHOW COLUMNS FROM `cmf_config_private` [ RunTime:0.0012s ]
SQL: SELECT * FROM `cmf_config_private` WHERE ( id='1' ) LIMIT 1   [ RunTime:0.0002s ]
NOTIC: [2] Missing argument 3 for setcaches(), called in /data/wwwroot/livenew.yunbaozhibo.com/wxshare/Application/Common/Common/function.php on line 146 and defined /data/wwwroot/livenew.yunbaozhibo.com/wxshare/Application/Common/Common/function.php 第 30 行.
NOTIC: [8] Undefined variable: time /data/wwwroot/livenew.yunbaozhibo.com/wxshare/Application/Common/Common/function.php 第 34 行.
SQL: SHOW COLUMNS FROM `cmf_users` [ RunTime:0.0008s ]
SQL: SELECT `id`,`user_login`,`user_nicename`,`avatar`,`avatar_thumb`,`sex`,`signature`,`consumption`,`votestotal`,`province`,`city`,`coin`,`votes`,`birthday`,`issuper` FROM `cmf_users` WHERE ( openid!='' and openid='oAPK4wXIYZsYPJUQFebf1GmV7bRo' ) LIMIT 1   [ RunTime:0.0019s ]
SQL: UPDATE `cmf_users` SET `token`='a6a83af98caa634e7c0916d5e2c5eef8',`expiretime`='1576469161' WHERE ( id='23377' ) [ RunTime:0.0029s ]
INFO: [ app_end ] --START--
INFO: Run Behavior\ShowPageTraceBehavior [ RunTime:0.000479s ]
INFO: [ app_end ] --END-- [ RunTime:0.000503s ]

[ 2019-02-19T12:06:01+08:00 ] 223.104.63.146 /wxshare/index.php/Share/show?roomnum=23377
INFO: [ app_init ] --START--
INFO: Run Behavior\BuildLiteBehavior [ RunTime:0.000006s ]
INFO: [ app_init ] --END-- [ RunTime:0.000027s ]
INFO: [ app_begin ] --START--
INFO: Run Behavior\ReadHtmlCacheBehavior [ RunTime:0.000222s ]
INFO: [ app_begin ] --END-- [ RunTime:0.000243s ]
NOTIC: [2] Declaration of Home\Controller\ShareController::show() should be compatible with Think\Controller::show($content, $charset = '', $contentType = '', $prefix = '') /data/wwwroot/livenew.yunbaozhibo.com/wxshare/Application/Home/Controller/ShareController.class.php 第 611 行.
SQL: SHOW COLUMNS FROM `cmf_users` [ RunTime:0.0006s ]
SQL: SHOW COLUMNS FROM `cmf_users_live` [ RunTime:0.0004s ]
SQL: SHOW COLUMNS FROM `cmf_config_private` [ RunTime:0.0009s ]
SQL: SELECT * FROM `cmf_config_private` WHERE ( id='1' ) LIMIT 1   [ RunTime:0.0002s ]
NOTIC: [2] Missing argument 3 for setcaches(), called in /data/wwwroot/livenew.yunbaozhibo.com/wxshare/Application/Common/Common/function.php on line 146 and defined /data/wwwroot/livenew.yunbaozhibo.com/wxshare/Application/Common/Common/function.php 第 30 行.
NOTIC: [8] Undefined variable: time /data/wwwroot/livenew.yunbaozhibo.com/wxshare/Application/Common/Common/function.php 第 34 行.
SQL: SELECT `uid`,`user_nicename`,`avatar`,`avatar_thumb`,`islive`,`stream`,`pull`,`isvideo`,`type`,`goodnum`,`wy_cid` FROM `cmf_users_live` WHERE ( uid='23377' and islive='1' ) LIMIT 1   [ RunTime:0.0001s ]
SQL: SELECT `id`,`user_nicename`,`avatar`,`avatar_thumb` FROM `cmf_users` WHERE ( id='23377' ) LIMIT 1   [ RunTime:0.0004s ]
SQL: SHOW COLUMNS FROM `cmf_liang` [ RunTime:0.0003s ]
SQL: SELECT * FROM `cmf_liang` WHERE ( uid=23377 and status=1 and state=1 ) LIMIT 1   [ RunTime:0.0001s ]
NOTIC: [8] Undefined index: isvideo /data/wwwroot/livenew.yunbaozhibo.com/wxshare/Application/Home/Controller/ShareController.class.php 第 61 行.
NOTIC: [8] Undefined index: type /data/wwwroot/livenew.yunbaozhibo.com/wxshare/Application/Home/Controller/ShareController.class.php 第 76 行.
SQL: SELECT `id`,`user_login`,`user_nicename`,`avatar`,`avatar_thumb`,`sex`,`signature`,`consumption`,`votestotal`,`province`,`city`,`coin`,`votes`,`token`,`birthday`,`issuper` FROM `cmf_users` WHERE ( id='23377' ) LIMIT 1   [ RunTime:0.0002s ]
SQL: SHOW COLUMNS FROM `cmf_users_vip` [ RunTime:0.0003s ]
SQL: SELECT * FROM `cmf_users_vip` WHERE ( uid=23377 and endtime>1550549161 ) LIMIT 1   [ RunTime:0.0003s ]
NOTIC: [8] Undefined index: type /data/wwwroot/livenew.yunbaozhibo.com/wxshare/Application/Common/Common/function.php 第 1005 行.
SQL: SELECT * FROM `cmf_liang` WHERE ( uid=23377 and status=1 and state=1 ) LIMIT 1   [ RunTime:0.0001s ]
SQL: SHOW COLUMNS FROM `cmf_users_attention` [ RunTime:0.0003s ]
SQL: SELECT * FROM `cmf_users_attention` WHERE ( uid='23377' and touid='23377' ) LIMIT 1   [ RunTime:0.0002s ]
INFO: [ view_parse ] --START--
INFO: [ template_filter ] --START--
INFO: Run Behavior\ContentReplaceBehavior [ RunTime:0.000131s ]
INFO: [ template_filter ] --END-- [ RunTime:0.000149s ]
NOTIC: [8] Undefined index: stream /data/wwwroot/livenew.yunbaozhibo.com/wxshare/Application/Runtime/Cache/Home/fc1b44603069baeed8bb5c39d030251e.php 第 24 行.
NOTIC: [8] Undefined index: type /data/wwwroot/livenew.yunbaozhibo.com/wxshare/Application/Runtime/Cache/Home/fc1b44603069baeed8bb5c39d030251e.php 第 123 行.
NOTIC: [8] Undefined index: type /data/wwwroot/livenew.yunbaozhibo.com/wxshare/Application/Runtime/Cache/Home/fc1b44603069baeed8bb5c39d030251e.php 第 124 行.
INFO: Run Behavior\ParseTemplateBehavior [ RunTime:0.005338s ]
INFO: [ view_parse ] --END-- [ RunTime:0.005353s ]
INFO: [ view_filter ] --START--
INFO: Run Behavior\WriteHtmlCacheBehavior [ RunTime:0.000093s ]
INFO: [ view_filter ] --END-- [ RunTime:0.000106s ]
INFO: [ app_end ] --START--
INFO: Run Behavior\ShowPageTraceBehavior [ RunTime:0.000303s ]
INFO: [ app_end ] --END-- [ RunTime:0.000320s ]

[ 2019-02-19T12:06:02+08:00 ] 223.104.63.146 /wxshare/index.php/Share/getGift
INFO: [ app_init ] --START--
INFO: Run Behavior\BuildLiteBehavior [ RunTime:0.000006s ]
INFO: [ app_init ] --END-- [ RunTime:0.000032s ]
INFO: [ app_begin ] --START--
INFO: Run Behavior\ReadHtmlCacheBehavior [ RunTime:0.000263s ]
INFO: [ app_begin ] --END-- [ RunTime:0.000285s ]
NOTIC: [2] Declaration of Home\Controller\ShareController::show() should be compatible with Think\Controller::show($content, $charset = '', $contentType = '', $prefix = '') /data/wwwroot/livenew.yunbaozhibo.com/wxshare/Application/Home/Controller/ShareController.class.php 第 611 行.
SQL: SHOW COLUMNS FROM `cmf_gift` [ RunTime:0.0007s ]
SQL: SELECT `id`,`type`,`giftname`,`needcoin`,`gifticon` FROM `cmf_gift` ORDER BY orderno asc  [ RunTime:0.0004s ]

[ 2019-02-19T12:06:02+08:00 ] 223.104.63.146 /wxshare/index.php/Share/show?roomnum=23377
INFO: [ app_init ] --START--
INFO: Run Behavior\BuildLiteBehavior [ RunTime:0.000007s ]
INFO: [ app_init ] --END-- [ RunTime:0.000031s ]
INFO: [ app_begin ] --START--
INFO: Run Behavior\ReadHtmlCacheBehavior [ RunTime:0.000228s ]
INFO: [ app_begin ] --END-- [ RunTime:0.000274s ]
NOTIC: [2] Declaration of Home\Controller\ShareController::show() should be compatible with Think\Controller::show($content, $charset = '', $contentType = '', $prefix = '') /data/wwwroot/livenew.yunbaozhibo.com/wxshare/Application/Home/Controller/ShareController.class.php 第 611 行.
SQL: SHOW COLUMNS FROM `cmf_users` [ RunTime:0.0006s ]
SQL: SHOW COLUMNS FROM `cmf_users_live` [ RunTime:0.0005s ]
SQL: SHOW COLUMNS FROM `cmf_config_private` [ RunTime:0.0009s ]
SQL: SELECT * FROM `cmf_config_private` WHERE ( id='1' ) LIMIT 1   [ RunTime:0.0002s ]
NOTIC: [2] Missing argument 3 for setcaches(), called in /data/wwwroot/livenew.yunbaozhibo.com/wxshare/Application/Common/Common/function.php on line 146 and defined /data/wwwroot/livenew.yunbaozhibo.com/wxshare/Application/Common/Common/function.php 第 30 行.
NOTIC: [8] Undefined variable: time /data/wwwroot/livenew.yunbaozhibo.com/wxshare/Application/Common/Common/function.php 第 34 行.
SQL: SELECT `uid`,`user_nicename`,`avatar`,`avatar_thumb`,`islive`,`stream`,`pull`,`isvideo`,`type`,`goodnum`,`wy_cid` FROM `cmf_users_live` WHERE ( uid='23377' and islive='1' ) LIMIT 1   [ RunTime:0.0001s ]
SQL: SELECT `id`,`user_nicename`,`avatar`,`avatar_thumb` FROM `cmf_users` WHERE ( id='23377' ) LIMIT 1   [ RunTime:0.0001s ]
SQL: SHOW COLUMNS FROM `cmf_liang` [ RunTime:0.0004s ]
SQL: SELECT * FROM `cmf_liang` WHERE ( uid=23377 and status=1 and state=1 ) LIMIT 1   [ RunTime:0.0001s ]
NOTIC: [8] Undefined index: isvideo /data/wwwroot/livenew.yunbaozhibo.com/wxshare/Application/Home/Controller/ShareController.class.php 第 61 行.
NOTIC: [8] Undefined index: type /data/wwwroot/livenew.yunbaozhibo.com/wxshare/Application/Home/Controller/ShareController.class.php 第 76 行.
SQL: SELECT `id`,`user_login`,`user_nicename`,`avatar`,`avatar_thumb`,`sex`,`signature`,`consumption`,`votestotal`,`province`,`city`,`coin`,`votes`,`token`,`birthday`,`issuper` FROM `cmf_users` WHERE ( id='23377' ) LIMIT 1   [ RunTime:0.0001s ]
SQL: SHOW COLUMNS FROM `cmf_users_vip` [ RunTime:0.0003s ]
SQL: SELECT * FROM `cmf_users_vip` WHERE ( uid=23377 and endtime>1550549162 ) LIMIT 1   [ RunTime:0.0005s ]
NOTIC: [8] Undefined index: type /data/wwwroot/livenew.yunbaozhibo.com/wxshare/Application/Common/Common/function.php 第 1005 行.
SQL: SELECT * FROM `cmf_liang` WHERE ( uid=23377 and status=1 and state=1 ) LIMIT 1   [ RunTime:0.0001s ]
SQL: SHOW COLUMNS FROM `cmf_users_attention` [ RunTime:0.0003s ]
SQL: SELECT * FROM `cmf_users_attention` WHERE ( uid='23377' and touid='23377' ) LIMIT 1   [ RunTime:0.0001s ]
INFO: [ view_parse ] --START--
INFO: [ template_filter ] --START--
INFO: Run Behavior\ContentReplaceBehavior [ RunTime:0.000139s ]
INFO: [ template_filter ] --END-- [ RunTime:0.000161s ]
NOTIC: [8] Undefined index: stream /data/wwwroot/livenew.yunbaozhibo.com/wxshare/Application/Runtime/Cache/Home/fc1b44603069baeed8bb5c39d030251e.php 第 24 行.
NOTIC: [8] Undefined index: type /data/wwwroot/livenew.yunbaozhibo.com/wxshare/Application/Runtime/Cache/Home/fc1b44603069baeed8bb5c39d030251e.php 第 123 行.
NOTIC: [8] Undefined index: type /data/wwwroot/livenew.yunbaozhibo.com/wxshare/Application/Runtime/Cache/Home/fc1b44603069baeed8bb5c39d030251e.php 第 124 行.
INFO: Run Behavior\ParseTemplateBehavior [ RunTime:0.005555s ]
INFO: [ view_parse ] --END-- [ RunTime:0.005577s ]
INFO: [ view_filter ] --START--
INFO: Run Behavior\WriteHtmlCacheBehavior [ RunTime:0.000099s ]
INFO: [ view_filter ] --END-- [ RunTime:0.000113s ]
INFO: [ app_end ] --START--
INFO: Run Behavior\ShowPageTraceBehavior [ RunTime:0.000246s ]
INFO: [ app_end ] --END-- [ RunTime:0.000263s ]

[ 2019-02-19T12:06:16+08:00 ] 223.104.63.146 /wxshare/index.php/Share/wxLogin?roomnum=23377
INFO: [ app_init ] --START--
INFO: Run Behavior\BuildLiteBehavior [ RunTime:0.000007s ]
INFO: [ app_init ] --END-- [ RunTime:0.000029s ]
INFO: [ app_begin ] --START--
INFO: Run Behavior\ReadHtmlCacheBehavior [ RunTime:0.000210s ]
INFO: [ app_begin ] --END-- [ RunTime:0.000229s ]
NOTIC: [2] Declaration of Home\Controller\ShareController::show() should be compatible with Think\Controller::show($content, $charset = '', $contentType = '', $prefix = '') /data/wwwroot/livenew.yunbaozhibo.com/wxshare/Application/Home/Controller/ShareController.class.php 第 611 行.
SQL: SHOW COLUMNS FROM `cmf_config_private` [ RunTime:0.0011s ]
SQL: SELECT * FROM `cmf_config_private` WHERE ( id='1' ) LIMIT 1   [ RunTime:0.0002s ]
NOTIC: [2] Missing argument 3 for setcaches(), called in /data/wwwroot/livenew.yunbaozhibo.com/wxshare/Application/Common/Common/function.php on line 146 and defined /data/wwwroot/livenew.yunbaozhibo.com/wxshare/Application/Common/Common/function.php 第 30 行.
NOTIC: [8] Undefined variable: time /data/wwwroot/livenew.yunbaozhibo.com/wxshare/Application/Common/Common/function.php 第 34 行.
NOTIC: [8] A session had already been started - ignoring session_start() /data/wwwroot/livenew.yunbaozhibo.com/wxshare/Application/Home/Controller/ShareController.class.php 第 108 行.
INFO: [ app_end ] --START--
INFO: Run Behavior\ShowPageTraceBehavior [ RunTime:0.000330s ]
INFO: [ app_end ] --END-- [ RunTime:0.000358s ]

[ 2019-02-19T12:06:17+08:00 ] 223.104.63.146 /wxshare/index.php/Share/wxLoginCallback?roomnum=23377&code=011zpy992v9LKK0VwUb92dox992zpy9-&state=d9e71b22cee1dda7fc4f76e2f6e39528
INFO: [ app_init ] --START--
INFO: Run Behavior\BuildLiteBehavior [ RunTime:0.000006s ]
INFO: [ app_init ] --END-- [ RunTime:0.000034s ]
INFO: [ app_begin ] --START--
INFO: Run Behavior\ReadHtmlCacheBehavior [ RunTime:0.000204s ]
INFO: [ app_begin ] --END-- [ RunTime:0.000223s ]
NOTIC: [2] Declaration of Home\Controller\ShareController::show() should be compatible with Think\Controller::show($content, $charset = '', $contentType = '', $prefix = '') /data/wwwroot/livenew.yunbaozhibo.com/wxshare/Application/Home/Controller/ShareController.class.php 第 611 行.
SQL: SHOW COLUMNS FROM `cmf_config_private` [ RunTime:0.0010s ]
SQL: SELECT * FROM `cmf_config_private` WHERE ( id='1' ) LIMIT 1   [ RunTime:0.0002s ]
NOTIC: [2] Missing argument 3 for setcaches(), called in /data/wwwroot/livenew.yunbaozhibo.com/wxshare/Application/Common/Common/function.php on line 146 and defined /data/wwwroot/livenew.yunbaozhibo.com/wxshare/Application/Common/Common/function.php 第 30 行.
NOTIC: [8] Undefined variable: time /data/wwwroot/livenew.yunbaozhibo.com/wxshare/Application/Common/Common/function.php 第 34 行.
SQL: SHOW COLUMNS FROM `cmf_users` [ RunTime:0.0008s ]
SQL: SELECT `id`,`user_login`,`user_nicename`,`avatar`,`avatar_thumb`,`sex`,`signature`,`consumption`,`votestotal`,`province`,`city`,`coin`,`votes`,`birthday`,`issuper` FROM `cmf_users` WHERE ( openid!='' and openid='oAPK4wXIYZsYPJUQFebf1GmV7bRo' ) LIMIT 1   [ RunTime:0.0017s ]
SQL: UPDATE `cmf_users` SET `token`='fb88872279ff0adc7218e4a0c6a21394',`expiretime`='1576469177' WHERE ( id='23377' ) [ RunTime:0.0029s ]
INFO: [ app_end ] --START--
INFO: Run Behavior\ShowPageTraceBehavior [ RunTime:0.000410s ]
INFO: [ app_end ] --END-- [ RunTime:0.000434s ]

[ 2019-02-19T12:06:17+08:00 ] 223.104.63.146 /wxshare/index.php/Share/show?roomnum=23377
INFO: [ app_init ] --START--
INFO: Run Behavior\BuildLiteBehavior [ RunTime:0.000007s ]
INFO: [ app_init ] --END-- [ RunTime:0.000029s ]
INFO: [ app_begin ] --START--
INFO: Run Behavior\ReadHtmlCacheBehavior [ RunTime:0.000209s ]
INFO: [ app_begin ] --END-- [ RunTime:0.000227s ]
NOTIC: [2] Declaration of Home\Controller\ShareController::show() should be compatible with Think\Controller::show($content, $charset = '', $contentType = '', $prefix = '') /data/wwwroot/livenew.yunbaozhibo.com/wxshare/Application/Home/Controller/ShareController.class.php 第 611 行.
SQL: SHOW COLUMNS FROM `cmf_users` [ RunTime:0.0007s ]
SQL: SHOW COLUMNS FROM `cmf_users_live` [ RunTime:0.0004s ]
SQL: SHOW COLUMNS FROM `cmf_config_private` [ RunTime:0.0009s ]
SQL: SELECT * FROM `cmf_config_private` WHERE ( id='1' ) LIMIT 1   [ RunTime:0.0005s ]
NOTIC: [2] Missing argument 3 for setcaches(), called in /data/wwwroot/livenew.yunbaozhibo.com/wxshare/Application/Common/Common/function.php on line 146 and defined /data/wwwroot/livenew.yunbaozhibo.com/wxshare/Application/Common/Common/function.php 第 30 行.
NOTIC: [8] Undefined variable: time /data/wwwroot/livenew.yunbaozhibo.com/wxshare/Application/Common/Common/function.php 第 34 行.
SQL: SELECT `uid`,`user_nicename`,`avatar`,`avatar_thumb`,`islive`,`stream`,`pull`,`isvideo`,`type`,`goodnum`,`wy_cid` FROM `cmf_users_live` WHERE ( uid='23377' and islive='1' ) LIMIT 1   [ RunTime:0.0001s ]
SQL: SELECT `id`,`user_nicename`,`avatar`,`avatar_thumb` FROM `cmf_users` WHERE ( id='23377' ) LIMIT 1   [ RunTime:0.0004s ]
SQL: SHOW COLUMNS FROM `cmf_liang` [ RunTime:0.0003s ]
SQL: SELECT * FROM `cmf_liang` WHERE ( uid=23377 and status=1 and state=1 ) LIMIT 1   [ RunTime:0.0001s ]
NOTIC: [8] Undefined index: isvideo /data/wwwroot/livenew.yunbaozhibo.com/wxshare/Application/Home/Controller/ShareController.class.php 第 61 行.
NOTIC: [8] Undefined index: type /data/wwwroot/livenew.yunbaozhibo.com/wxshare/Application/Home/Controller/ShareController.class.php 第 76 行.
SQL: SELECT `id`,`user_login`,`user_nicename`,`avatar`,`avatar_thumb`,`sex`,`signature`,`consumption`,`votestotal`,`province`,`city`,`coin`,`votes`,`token`,`birthday`,`issuper` FROM `cmf_users` WHERE ( id='23377' ) LIMIT 1   [ RunTime:0.0003s ]
SQL: SHOW COLUMNS FROM `cmf_users_vip` [ RunTime:0.0003s ]
SQL: SELECT * FROM `cmf_users_vip` WHERE ( uid=23377 and endtime>1550549177 ) LIMIT 1   [ RunTime:0.0003s ]
NOTIC: [8] Undefined index: type /data/wwwroot/livenew.yunbaozhibo.com/wxshare/Application/Common/Common/function.php 第 1005 行.
SQL: SELECT * FROM `cmf_liang` WHERE ( uid=23377 and status=1 and state=1 ) LIMIT 1   [ RunTime:0.0001s ]
SQL: SHOW COLUMNS FROM `cmf_users_attention` [ RunTime:0.0003s ]
SQL: SELECT * FROM `cmf_users_attention` WHERE ( uid='23377' and touid='23377' ) LIMIT 1   [ RunTime:0.0001s ]
INFO: [ view_parse ] --START--
INFO: [ template_filter ] --START--
INFO: Run Behavior\ContentReplaceBehavior [ RunTime:0.000146s ]
INFO: [ template_filter ] --END-- [ RunTime:0.000171s ]
NOTIC: [8] Undefined index: stream /data/wwwroot/livenew.yunbaozhibo.com/wxshare/Application/Runtime/Cache/Home/fc1b44603069baeed8bb5c39d030251e.php 第 24 行.
NOTIC: [8] Undefined index: type /data/wwwroot/livenew.yunbaozhibo.com/wxshare/Application/Runtime/Cache/Home/fc1b44603069baeed8bb5c39d030251e.php 第 123 行.
NOTIC: [8] Undefined index: type /data/wwwroot/livenew.yunbaozhibo.com/wxshare/Application/Runtime/Cache/Home/fc1b44603069baeed8bb5c39d030251e.php 第 124 行.
INFO: Run Behavior\ParseTemplateBehavior [ RunTime:0.005580s ]
INFO: [ view_parse ] --END-- [ RunTime:0.005595s ]
INFO: [ view_filter ] --START--
INFO: Run Behavior\WriteHtmlCacheBehavior [ RunTime:0.000082s ]
INFO: [ view_filter ] --END-- [ RunTime:0.000095s ]
INFO: [ app_end ] --START--
INFO: Run Behavior\ShowPageTraceBehavior [ RunTime:0.000261s ]
INFO: [ app_end ] --END-- [ RunTime:0.000280s ]

[ 2019-02-19T12:06:18+08:00 ] 223.104.63.146 /wxshare/index.php/Share/getGift
INFO: [ app_init ] --START--
INFO: Run Behavior\BuildLiteBehavior [ RunTime:0.000008s ]
INFO: [ app_init ] --END-- [ RunTime:0.000035s ]
INFO: [ app_begin ] --START--
INFO: Run Behavior\ReadHtmlCacheBehavior [ RunTime:0.000234s ]
INFO: [ app_begin ] --END-- [ RunTime:0.000258s ]
NOTIC: [2] Declaration of Home\Controller\ShareController::show() should be compatible with Think\Controller::show($content, $charset = '', $contentType = '', $prefix = '') /data/wwwroot/livenew.yunbaozhibo.com/wxshare/Application/Home/Controller/ShareController.class.php 第 611 行.
SQL: SHOW COLUMNS FROM `cmf_gift` [ RunTime:0.0006s ]
SQL: SELECT `id`,`type`,`giftname`,`needcoin`,`gifticon` FROM `cmf_gift` ORDER BY orderno asc  [ RunTime:0.0001s ]

[ 2019-02-19T12:06:18+08:00 ] 223.104.63.146 /wxshare/index.php/Share/show?roomnum=23377
INFO: [ app_init ] --START--
INFO: Run Behavior\BuildLiteBehavior [ RunTime:0.000007s ]
INFO: [ app_init ] --END-- [ RunTime:0.000039s ]
INFO: [ app_begin ] --START--
INFO: Run Behavior\ReadHtmlCacheBehavior [ RunTime:0.000274s ]
INFO: [ app_begin ] --END-- [ RunTime:0.000295s ]
NOTIC: [2] Declaration of Home\Controller\ShareController::show() should be compatible with Think\Controller::show($content, $charset = '', $contentType = '', $prefix = '') /data/wwwroot/livenew.yunbaozhibo.com/wxshare/Application/Home/Controller/ShareController.class.php 第 611 行.
SQL: SHOW COLUMNS FROM `cmf_users` [ RunTime:0.0006s ]
SQL: SHOW COLUMNS FROM `cmf_users_live` [ RunTime:0.0004s ]
SQL: SHOW COLUMNS FROM `cmf_config_private` [ RunTime:0.0009s ]
SQL: SELECT * FROM `cmf_config_private` WHERE ( id='1' ) LIMIT 1   [ RunTime:0.0002s ]
NOTIC: [2] Missing argument 3 for setcaches(), called in /data/wwwroot/livenew.yunbaozhibo.com/wxshare/Application/Common/Common/function.php on line 146 and defined /data/wwwroot/livenew.yunbaozhibo.com/wxshare/Application/Common/Common/function.php 第 30 行.
NOTIC: [8] Undefined variable: time /data/wwwroot/livenew.yunbaozhibo.com/wxshare/Application/Common/Common/function.php 第 34 行.
SQL: SELECT `uid`,`user_nicename`,`avatar`,`avatar_thumb`,`islive`,`stream`,`pull`,`isvideo`,`type`,`goodnum`,`wy_cid` FROM `cmf_users_live` WHERE ( uid='23377' and islive='1' ) LIMIT 1   [ RunTime:0.0001s ]
SQL: SELECT `id`,`user_nicename`,`avatar`,`avatar_thumb` FROM `cmf_users` WHERE ( id='23377' ) LIMIT 1   [ RunTime:0.0001s ]
SQL: SHOW COLUMNS FROM `cmf_liang` [ RunTime:0.0004s ]
SQL: SELECT * FROM `cmf_liang` WHERE ( uid=23377 and status=1 and state=1 ) LIMIT 1   [ RunTime:0.0001s ]
NOTIC: [8] Undefined index: isvideo /data/wwwroot/livenew.yunbaozhibo.com/wxshare/Application/Home/Controller/ShareController.class.php 第 61 行.
NOTIC: [8] Undefined index: type /data/wwwroot/livenew.yunbaozhibo.com/wxshare/Application/Home/Controller/ShareController.class.php 第 76 行.
SQL: SELECT `id`,`user_login`,`user_nicename`,`avatar`,`avatar_thumb`,`sex`,`signature`,`consumption`,`votestotal`,`province`,`city`,`coin`,`votes`,`token`,`birthday`,`issuper` FROM `cmf_users` WHERE ( id='23377' ) LIMIT 1   [ RunTime:0.0001s ]
SQL: SHOW COLUMNS FROM `cmf_users_vip` [ RunTime:0.0003s ]
SQL: SELECT * FROM `cmf_users_vip` WHERE ( uid=23377 and endtime>1550549178 ) LIMIT 1   [ RunTime:0.0004s ]
NOTIC: [8] Undefined index: type /data/wwwroot/livenew.yunbaozhibo.com/wxshare/Application/Common/Common/function.php 第 1005 行.
SQL: SELECT * FROM `cmf_liang` WHERE ( uid=23377 and status=1 and state=1 ) LIMIT 1   [ RunTime:0.0001s ]
SQL: SHOW COLUMNS FROM `cmf_users_attention` [ RunTime:0.0003s ]
SQL: SELECT * FROM `cmf_users_attention` WHERE ( uid='23377' and touid='23377' ) LIMIT 1   [ RunTime:0.0001s ]
INFO: [ view_parse ] --START--
INFO: [ template_filter ] --START--
INFO: Run Behavior\ContentReplaceBehavior [ RunTime:0.000142s ]
INFO: [ template_filter ] --END-- [ RunTime:0.000162s ]
NOTIC: [8] Undefined index: stream /data/wwwroot/livenew.yunbaozhibo.com/wxshare/Application/Runtime/Cache/Home/fc1b44603069baeed8bb5c39d030251e.php 第 24 行.
NOTIC: [8] Undefined index: type /data/wwwroot/livenew.yunbaozhibo.com/wxshare/Application/Runtime/Cache/Home/fc1b44603069baeed8bb5c39d030251e.php 第 123 行.
NOTIC: [8] Undefined index: type /data/wwwroot/livenew.yunbaozhibo.com/wxshare/Application/Runtime/Cache/Home/fc1b44603069baeed8bb5c39d030251e.php 第 124 行.
INFO: Run Behavior\ParseTemplateBehavior [ RunTime:0.005135s ]
INFO: [ view_parse ] --END-- [ RunTime:0.005151s ]
INFO: [ view_filter ] --START--
INFO: Run Behavior\WriteHtmlCacheBehavior [ RunTime:0.000080s ]
INFO: [ view_filter ] --END-- [ RunTime:0.000092s ]
INFO: [ app_end ] --START--
INFO: Run Behavior\ShowPageTraceBehavior [ RunTime:0.000255s ]
INFO: [ app_end ] --END-- [ RunTime:0.000272s ]

[ 2019-02-19T12:06:18+08:00 ] 223.104.63.146 /wxshare/index.php/Share/wxLogin?roomnum=23377
INFO: [ app_init ] --START--
INFO: Run Behavior\BuildLiteBehavior [ RunTime:0.000006s ]
INFO: [ app_init ] --END-- [ RunTime:0.000028s ]
INFO: [ app_begin ] --START--
INFO: Run Behavior\ReadHtmlCacheBehavior [ RunTime:0.000207s ]
INFO: [ app_begin ] --END-- [ RunTime:0.000233s ]
NOTIC: [2] Declaration of Home\Controller\ShareController::show() should be compatible with Think\Controller::show($content, $charset = '', $contentType = '', $prefix = '') /data/wwwroot/livenew.yunbaozhibo.com/wxshare/Application/Home/Controller/ShareController.class.php 第 611 行.
SQL: SHOW COLUMNS FROM `cmf_config_private` [ RunTime:0.0011s ]
SQL: SELECT * FROM `cmf_config_private` WHERE ( id='1' ) LIMIT 1   [ RunTime:0.0002s ]
NOTIC: [2] Missing argument 3 for setcaches(), called in /data/wwwroot/livenew.yunbaozhibo.com/wxshare/Application/Common/Common/function.php on line 146 and defined /data/wwwroot/livenew.yunbaozhibo.com/wxshare/Application/Common/Common/function.php 第 30 行.
NOTIC: [8] Undefined variable: time /data/wwwroot/livenew.yunbaozhibo.com/wxshare/Application/Common/Common/function.php 第 34 行.
NOTIC: [8] A session had already been started - ignoring session_start() /data/wwwroot/livenew.yunbaozhibo.com/wxshare/Application/Home/Controller/ShareController.class.php 第 108 行.
INFO: [ app_end ] --START--
INFO: Run Behavior\ShowPageTraceBehavior [ RunTime:0.000293s ]
INFO: [ app_end ] --END-- [ RunTime:0.000312s ]

[ 2019-02-19T14:20:26+08:00 ] 117.136.125.156 /wxshare/index.php/Share/show?roomnum=21781&from=singlemessage
INFO: [ app_init ] --START--
INFO: Run Behavior\BuildLiteBehavior [ RunTime:0.000006s ]
INFO: [ app_init ] --END-- [ RunTime:0.000028s ]
INFO: [ app_begin ] --START--
INFO: Run Behavior\ReadHtmlCacheBehavior [ RunTime:0.000229s ]
INFO: [ app_begin ] --END-- [ RunTime:0.000248s ]
NOTIC: [2] Declaration of Home\Controller\ShareController::show() should be compatible with Think\Controller::show($content, $charset = '', $contentType = '', $prefix = '') /data/wwwroot/livenew.yunbaozhibo.com/wxshare/Application/Home/Controller/ShareController.class.php 第 611 行.
SQL: SHOW COLUMNS FROM `cmf_users` [ RunTime:0.0007s ]
SQL: SHOW COLUMNS FROM `cmf_users_live` [ RunTime:0.0004s ]
SQL: SHOW COLUMNS FROM `cmf_config_private` [ RunTime:0.0009s ]
SQL: SELECT * FROM `cmf_config_private` WHERE ( id='1' ) LIMIT 1   [ RunTime:0.0002s ]
NOTIC: [2] Missing argument 3 for setcaches(), called in /data/wwwroot/livenew.yunbaozhibo.com/wxshare/Application/Common/Common/function.php on line 146 and defined /data/wwwroot/livenew.yunbaozhibo.com/wxshare/Application/Common/Common/function.php 第 30 行.
NOTIC: [8] Undefined variable: time /data/wwwroot/livenew.yunbaozhibo.com/wxshare/Application/Common/Common/function.php 第 34 行.
SQL: SELECT `uid`,`user_nicename`,`avatar`,`avatar_thumb`,`islive`,`stream`,`pull`,`isvideo`,`type`,`goodnum`,`wy_cid` FROM `cmf_users_live` WHERE ( uid='21781' and islive='1' ) LIMIT 1   [ RunTime:0.0003s ]
NOTIC: [8] Undefined variable: userinfo /data/wwwroot/livenew.yunbaozhibo.com/wxshare/Application/Home/Controller/ShareController.class.php 第 95 行.
NOTIC: [8] Undefined variable: userinfo /data/wwwroot/livenew.yunbaozhibo.com/wxshare/Application/Home/Controller/ShareController.class.php 第 96 行.
INFO: [ view_parse ] --START--
INFO: [ template_filter ] --START--
INFO: Run Behavior\ContentReplaceBehavior [ RunTime:0.000131s ]
INFO: [ template_filter ] --END-- [ RunTime:0.000149s ]
INFO: Run Behavior\ParseTemplateBehavior [ RunTime:0.005158s ]
INFO: [ view_parse ] --END-- [ RunTime:0.005179s ]
INFO: [ view_filter ] --START--
INFO: Run Behavior\WriteHtmlCacheBehavior [ RunTime:0.000081s ]
INFO: [ view_filter ] --END-- [ RunTime:0.000093s ]
INFO: [ app_end ] --START--
INFO: Run Behavior\ShowPageTraceBehavior [ RunTime:0.000253s ]
INFO: [ app_end ] --END-- [ RunTime:0.000271s ]

[ 2019-02-19T14:20:26+08:00 ] 117.136.125.156 /wxshare/index.php/Share/wxLogin?roomnum=21781
INFO: [ app_init ] --START--
INFO: Run Behavior\BuildLiteBehavior [ RunTime:0.000007s ]
INFO: [ app_init ] --END-- [ RunTime:0.000031s ]
INFO: [ app_begin ] --START--
INFO: Run Behavior\ReadHtmlCacheBehavior [ RunTime:0.000237s ]
INFO: [ app_begin ] --END-- [ RunTime:0.000259s ]
NOTIC: [2] Declaration of Home\Controller\ShareController::show() should be compatible with Think\Controller::show($content, $charset = '', $contentType = '', $prefix = '') /data/wwwroot/livenew.yunbaozhibo.com/wxshare/Application/Home/Controller/ShareController.class.php 第 611 行.
SQL: SHOW COLUMNS FROM `cmf_config_private` [ RunTime:0.0012s ]
SQL: SELECT * FROM `cmf_config_private` WHERE ( id='1' ) LIMIT 1   [ RunTime:0.0002s ]
NOTIC: [2] Missing argument 3 for setcaches(), called in /data/wwwroot/livenew.yunbaozhibo.com/wxshare/Application/Common/Common/function.php on line 146 and defined /data/wwwroot/livenew.yunbaozhibo.com/wxshare/Application/Common/Common/function.php 第 30 行.
NOTIC: [8] Undefined variable: time /data/wwwroot/livenew.yunbaozhibo.com/wxshare/Application/Common/Common/function.php 第 34 行.
NOTIC: [8] A session had already been started - ignoring session_start() /data/wwwroot/livenew.yunbaozhibo.com/wxshare/Application/Home/Controller/ShareController.class.php 第 108 行.
INFO: [ app_end ] --START--
INFO: Run Behavior\ShowPageTraceBehavior [ RunTime:0.000320s ]
INFO: [ app_end ] --END-- [ RunTime:0.000339s ]

