[ 2019-08-31T09:23:06+08:00 ] 112.64.68.152 /wxshare/index.php/Share/show?roomnum=21799
INFO: [ app_init ] --START--
INFO: Run Behavior\BuildLiteBehavior [ RunTime:0.000008s ]
INFO: [ app_init ] --END-- [ RunTime:0.000042s ]
INFO: [ app_begin ] --START--
INFO: Run Behavior\ReadHtmlCacheBehavior [ RunTime:0.000942s ]
INFO: [ app_begin ] --END-- [ RunTime:0.000982s ]
NOTIC: [2] Declaration of Home\Controller\ShareController::show() should be compatible with Think\Controller::show($content, $charset = '', $contentType = '', $prefix = '') /data/wwwroot/livenew.yunbaozhibo.com/wxshare/Application/Home/Controller/ShareController.class.php 第 900 行.
SQL: SHOW COLUMNS FROM `cmf_users_live` [ RunTime:0.0007s ]
SQL: SHOW COLUMNS FROM `cmf_users` [ RunTime:0.0007s ]
SQL: SELECT `id`,`user_nicename`,`avatar`,`avatar_thumb`,`sex`,`signature`,`consumption`,`votestotal`,`province`,`city`,`birthday`,`issuper` FROM `cmf_users` WHERE ( id='21799' ) LIMIT 1   [ RunTime:0.0005s ]
NOTIC: [8] Undefined variable: level_a /data/wwwroot/livenew.yunbaozhibo.com/wxshare/Application/Common/Common/function.php 第 219 行.
SQL: SHOW COLUMNS FROM `cmf_users_vip` [ RunTime:0.0004s ]
SQL: SELECT * FROM `cmf_users_vip` WHERE ( uid=21799 ) LIMIT 1   [ RunTime:0.0004s ]
SQL: SHOW COLUMNS FROM `cmf_liang` [ RunTime:0.0004s ]
SQL: SELECT * FROM `cmf_liang` WHERE ( uid=21799 and status=1 and state=1 ) LIMIT 1   [ RunTime:0.0003s ]
SQL: SELECT `uid`,`islive`,`stream`,`pull`,`isvideo`,`type`,`goodnum`,`wy_cid` FROM `cmf_users_live` WHERE ( uid='21799' and islive='1' ) LIMIT 1   [ RunTime:0.0003s ]
NOTIC: [8] Undefined variable: userinfo /data/wwwroot/livenew.yunbaozhibo.com/wxshare/Application/Home/Controller/ShareController.class.php 第 102 行.
NOTIC: [8] Undefined variable: userinfo /data/wwwroot/livenew.yunbaozhibo.com/wxshare/Application/Home/Controller/ShareController.class.php 第 103 行.
INFO: [ view_parse ] --START--
INFO: [ template_filter ] --START--
INFO: Run Behavior\ContentReplaceBehavior [ RunTime:0.000152s ]
INFO: [ template_filter ] --END-- [ RunTime:0.000187s ]
INFO: Run Behavior\ParseTemplateBehavior [ RunTime:0.044122s ]
INFO: [ view_parse ] --END-- [ RunTime:0.044293s ]
INFO: [ view_filter ] --START--
INFO: Run Behavior\WriteHtmlCacheBehavior [ RunTime:0.002647s ]
INFO: [ view_filter ] --END-- [ RunTime:0.002699s ]
INFO: [ app_end ] --START--
INFO: Run Behavior\ShowPageTraceBehavior [ RunTime:0.001072s ]
INFO: [ app_end ] --END-- [ RunTime:0.001099s ]

[ 2019-08-31T12:22:53+08:00 ] 14.112.228.233 /wxshare/index.php/Share/show?roomnum=21790
INFO: [ app_init ] --START--
INFO: Run Behavior\BuildLiteBehavior [ RunTime:0.000008s ]
INFO: [ app_init ] --END-- [ RunTime:0.000034s ]
INFO: [ app_begin ] --START--
INFO: Run Behavior\ReadHtmlCacheBehavior [ RunTime:0.000370s ]
INFO: [ app_begin ] --END-- [ RunTime:0.000404s ]
NOTIC: [2] Declaration of Home\Controller\ShareController::show() should be compatible with Think\Controller::show($content, $charset = '', $contentType = '', $prefix = '') /data/wwwroot/livenew.yunbaozhibo.com/wxshare/Application/Home/Controller/ShareController.class.php 第 900 行.
SQL: SHOW COLUMNS FROM `cmf_users_live` [ RunTime:0.0008s ]
SQL: SHOW COLUMNS FROM `cmf_users` [ RunTime:0.0006s ]
SQL: SELECT `id`,`user_nicename`,`avatar`,`avatar_thumb`,`sex`,`signature`,`consumption`,`votestotal`,`province`,`city`,`birthday`,`issuper` FROM `cmf_users` WHERE ( id='21790' ) LIMIT 1   [ RunTime:0.0004s ]
NOTIC: [8] Undefined variable: level_a /data/wwwroot/livenew.yunbaozhibo.com/wxshare/Application/Common/Common/function.php 第 219 行.
SQL: SHOW COLUMNS FROM `cmf_users_vip` [ RunTime:0.0003s ]
SQL: SELECT * FROM `cmf_users_vip` WHERE ( uid=21790 ) LIMIT 1   [ RunTime:0.0003s ]
SQL: SHOW COLUMNS FROM `cmf_liang` [ RunTime:0.0004s ]
SQL: SELECT * FROM `cmf_liang` WHERE ( uid=21790 and status=1 and state=1 ) LIMIT 1   [ RunTime:0.0002s ]
SQL: SELECT `uid`,`islive`,`stream`,`pull`,`isvideo`,`type`,`goodnum`,`wy_cid` FROM `cmf_users_live` WHERE ( uid='21790' and islive='1' ) LIMIT 1   [ RunTime:0.0002s ]
NOTIC: [8] Undefined variable: userinfo /data/wwwroot/livenew.yunbaozhibo.com/wxshare/Application/Home/Controller/ShareController.class.php 第 102 行.
NOTIC: [8] Undefined variable: userinfo /data/wwwroot/livenew.yunbaozhibo.com/wxshare/Application/Home/Controller/ShareController.class.php 第 103 行.
INFO: [ view_parse ] --START--
INFO: [ template_filter ] --START--
INFO: Run Behavior\ContentReplaceBehavior [ RunTime:0.000150s ]
INFO: [ template_filter ] --END-- [ RunTime:0.000219s ]
INFO: Run Behavior\ParseTemplateBehavior [ RunTime:0.029166s ]
INFO: [ view_parse ] --END-- [ RunTime:0.029205s ]
INFO: [ view_filter ] --START--
INFO: Run Behavior\WriteHtmlCacheBehavior [ RunTime:0.000126s ]
INFO: [ view_filter ] --END-- [ RunTime:0.000139s ]
INFO: [ app_end ] --START--
INFO: Run Behavior\ShowPageTraceBehavior [ RunTime:0.000542s ]
INFO: [ app_end ] --END-- [ RunTime:0.000568s ]

[ 2019-08-31T12:35:23+08:00 ] 14.112.228.233 /wxshare/index.php/Share/show?roomnum=21797
INFO: [ app_init ] --START--
INFO: Run Behavior\BuildLiteBehavior [ RunTime:0.000010s ]
INFO: [ app_init ] --END-- [ RunTime:0.000055s ]
INFO: [ app_begin ] --START--
INFO: Run Behavior\ReadHtmlCacheBehavior [ RunTime:0.001089s ]
INFO: [ app_begin ] --END-- [ RunTime:0.001122s ]
NOTIC: [2] Declaration of Home\Controller\ShareController::show() should be compatible with Think\Controller::show($content, $charset = '', $contentType = '', $prefix = '') /data/wwwroot/livenew.yunbaozhibo.com/wxshare/Application/Home/Controller/ShareController.class.php 第 900 行.
SQL: SHOW COLUMNS FROM `cmf_users_live` [ RunTime:0.0007s ]
SQL: SHOW COLUMNS FROM `cmf_users` [ RunTime:0.0007s ]
SQL: SELECT `id`,`user_nicename`,`avatar`,`avatar_thumb`,`sex`,`signature`,`consumption`,`votestotal`,`province`,`city`,`birthday`,`issuper` FROM `cmf_users` WHERE ( id='21797' ) LIMIT 1   [ RunTime:0.0003s ]
NOTIC: [8] Undefined variable: level_a /data/wwwroot/livenew.yunbaozhibo.com/wxshare/Application/Common/Common/function.php 第 219 行.
SQL: SHOW COLUMNS FROM `cmf_users_vip` [ RunTime:0.0004s ]
SQL: SELECT * FROM `cmf_users_vip` WHERE ( uid=21797 ) LIMIT 1   [ RunTime:0.0004s ]
SQL: SHOW COLUMNS FROM `cmf_liang` [ RunTime:0.0004s ]
SQL: SELECT * FROM `cmf_liang` WHERE ( uid=21797 and status=1 and state=1 ) LIMIT 1   [ RunTime:0.0003s ]
SQL: SELECT `uid`,`islive`,`stream`,`pull`,`isvideo`,`type`,`goodnum`,`wy_cid` FROM `cmf_users_live` WHERE ( uid='21797' and islive='1' ) LIMIT 1   [ RunTime:0.0002s ]
NOTIC: [8] Undefined variable: userinfo /data/wwwroot/livenew.yunbaozhibo.com/wxshare/Application/Home/Controller/ShareController.class.php 第 102 行.
NOTIC: [8] Undefined variable: userinfo /data/wwwroot/livenew.yunbaozhibo.com/wxshare/Application/Home/Controller/ShareController.class.php 第 103 行.
INFO: [ view_parse ] --START--
INFO: [ template_filter ] --START--
INFO: Run Behavior\ContentReplaceBehavior [ RunTime:0.000177s ]
INFO: [ template_filter ] --END-- [ RunTime:0.000208s ]
INFO: Run Behavior\ParseTemplateBehavior [ RunTime:0.008756s ]
INFO: [ view_parse ] --END-- [ RunTime:0.008779s ]
INFO: [ view_filter ] --START--
INFO: Run Behavior\WriteHtmlCacheBehavior [ RunTime:0.000829s ]
INFO: [ view_filter ] --END-- [ RunTime:0.000871s ]
INFO: [ app_end ] --START--
INFO: Run Behavior\ShowPageTraceBehavior [ RunTime:0.001102s ]
INFO: [ app_end ] --END-- [ RunTime:0.001131s ]

[ 2019-08-31T12:35:49+08:00 ] 14.112.228.233 /wxshare/index.php/Share/show?roomnum=21797
INFO: [ app_init ] --START--
INFO: Run Behavior\BuildLiteBehavior [ RunTime:0.000008s ]
INFO: [ app_init ] --END-- [ RunTime:0.000037s ]
INFO: [ app_begin ] --START--
INFO: Run Behavior\ReadHtmlCacheBehavior [ RunTime:0.000303s ]
INFO: [ app_begin ] --END-- [ RunTime:0.000322s ]
NOTIC: [2] Declaration of Home\Controller\ShareController::show() should be compatible with Think\Controller::show($content, $charset = '', $contentType = '', $prefix = '') /data/wwwroot/livenew.yunbaozhibo.com/wxshare/Application/Home/Controller/ShareController.class.php 第 900 行.
SQL: SHOW COLUMNS FROM `cmf_users_live` [ RunTime:0.0007s ]
SQL: SHOW COLUMNS FROM `cmf_users` [ RunTime:0.0006s ]
SQL: SELECT `id`,`user_nicename`,`avatar`,`avatar_thumb`,`sex`,`signature`,`consumption`,`votestotal`,`province`,`city`,`birthday`,`issuper` FROM `cmf_users` WHERE ( id='21797' ) LIMIT 1   [ RunTime:0.0001s ]
NOTIC: [8] Undefined variable: level_a /data/wwwroot/livenew.yunbaozhibo.com/wxshare/Application/Common/Common/function.php 第 219 行.
SQL: SHOW COLUMNS FROM `cmf_users_vip` [ RunTime:0.0004s ]
SQL: SELECT * FROM `cmf_users_vip` WHERE ( uid=21797 ) LIMIT 1   [ RunTime:0.0001s ]
SQL: SHOW COLUMNS FROM `cmf_liang` [ RunTime:0.0003s ]
SQL: SELECT * FROM `cmf_liang` WHERE ( uid=21797 and status=1 and state=1 ) LIMIT 1   [ RunTime:0.0001s ]
SQL: SELECT `uid`,`islive`,`stream`,`pull`,`isvideo`,`type`,`goodnum`,`wy_cid` FROM `cmf_users_live` WHERE ( uid='21797' and islive='1' ) LIMIT 1   [ RunTime:0.0001s ]
NOTIC: [8] Undefined variable: userinfo /data/wwwroot/livenew.yunbaozhibo.com/wxshare/Application/Home/Controller/ShareController.class.php 第 102 行.
NOTIC: [8] Undefined variable: userinfo /data/wwwroot/livenew.yunbaozhibo.com/wxshare/Application/Home/Controller/ShareController.class.php 第 103 行.
INFO: [ view_parse ] --START--
INFO: [ template_filter ] --START--
INFO: Run Behavior\ContentReplaceBehavior [ RunTime:0.000144s ]
INFO: [ template_filter ] --END-- [ RunTime:0.000171s ]
INFO: Run Behavior\ParseTemplateBehavior [ RunTime:0.006414s ]
INFO: [ view_parse ] --END-- [ RunTime:0.006445s ]
INFO: [ view_filter ] --START--
INFO: Run Behavior\WriteHtmlCacheBehavior [ RunTime:0.000138s ]
INFO: [ view_filter ] --END-- [ RunTime:0.000152s ]
INFO: [ app_end ] --START--
INFO: Run Behavior\ShowPageTraceBehavior [ RunTime:0.000330s ]
INFO: [ app_end ] --END-- [ RunTime:0.000345s ]

[ 2019-08-31T12:36:19+08:00 ] 14.112.228.233 /wxshare/index.php/Share/show?roomnum=21797
INFO: [ app_init ] --START--
INFO: Run Behavior\BuildLiteBehavior [ RunTime:0.000008s ]
INFO: [ app_init ] --END-- [ RunTime:0.000074s ]
INFO: [ app_begin ] --START--
INFO: Run Behavior\ReadHtmlCacheBehavior [ RunTime:0.000259s ]
INFO: [ app_begin ] --END-- [ RunTime:0.000278s ]
NOTIC: [2] Declaration of Home\Controller\ShareController::show() should be compatible with Think\Controller::show($content, $charset = '', $contentType = '', $prefix = '') /data/wwwroot/livenew.yunbaozhibo.com/wxshare/Application/Home/Controller/ShareController.class.php 第 900 行.
SQL: SHOW COLUMNS FROM `cmf_users_live` [ RunTime:0.0008s ]
SQL: SHOW COLUMNS FROM `cmf_users` [ RunTime:0.0006s ]
SQL: SELECT `id`,`user_nicename`,`avatar`,`avatar_thumb`,`sex`,`signature`,`consumption`,`votestotal`,`province`,`city`,`birthday`,`issuper` FROM `cmf_users` WHERE ( id='21797' ) LIMIT 1   [ RunTime:0.0001s ]
NOTIC: [8] Undefined variable: level_a /data/wwwroot/livenew.yunbaozhibo.com/wxshare/Application/Common/Common/function.php 第 219 行.
SQL: SHOW COLUMNS FROM `cmf_users_vip` [ RunTime:0.0003s ]
SQL: SELECT * FROM `cmf_users_vip` WHERE ( uid=21797 ) LIMIT 1   [ RunTime:0.0001s ]
SQL: SHOW COLUMNS FROM `cmf_liang` [ RunTime:0.0003s ]
SQL: SELECT * FROM `cmf_liang` WHERE ( uid=21797 and status=1 and state=1 ) LIMIT 1   [ RunTime:0.0001s ]
SQL: SELECT `uid`,`islive`,`stream`,`pull`,`isvideo`,`type`,`goodnum`,`wy_cid` FROM `cmf_users_live` WHERE ( uid='21797' and islive='1' ) LIMIT 1   [ RunTime:0.0001s ]
NOTIC: [8] Undefined variable: userinfo /data/wwwroot/livenew.yunbaozhibo.com/wxshare/Application/Home/Controller/ShareController.class.php 第 102 行.
NOTIC: [8] Undefined variable: userinfo /data/wwwroot/livenew.yunbaozhibo.com/wxshare/Application/Home/Controller/ShareController.class.php 第 103 行.
INFO: [ view_parse ] --START--
INFO: [ template_filter ] --START--
INFO: Run Behavior\ContentReplaceBehavior [ RunTime:0.000153s ]
INFO: [ template_filter ] --END-- [ RunTime:0.000183s ]
INFO: Run Behavior\ParseTemplateBehavior [ RunTime:0.006074s ]
INFO: [ view_parse ] --END-- [ RunTime:0.006099s ]
INFO: [ view_filter ] --START--
INFO: Run Behavior\WriteHtmlCacheBehavior [ RunTime:0.000161s ]
INFO: [ view_filter ] --END-- [ RunTime:0.000173s ]
INFO: [ app_end ] --START--
INFO: Run Behavior\ShowPageTraceBehavior [ RunTime:0.000469s ]
INFO: [ app_end ] --END-- [ RunTime:0.000491s ]

[ 2019-08-31T12:41:49+08:00 ] 14.112.228.233 /wxshare/index.php/Share/show?roomnum=21790
INFO: [ app_init ] --START--
INFO: Run Behavior\BuildLiteBehavior [ RunTime:0.000008s ]
INFO: [ app_init ] --END-- [ RunTime:0.000036s ]
INFO: [ app_begin ] --START--
INFO: Run Behavior\ReadHtmlCacheBehavior [ RunTime:0.000263s ]
INFO: [ app_begin ] --END-- [ RunTime:0.000284s ]
NOTIC: [2] Declaration of Home\Controller\ShareController::show() should be compatible with Think\Controller::show($content, $charset = '', $contentType = '', $prefix = '') /data/wwwroot/livenew.yunbaozhibo.com/wxshare/Application/Home/Controller/ShareController.class.php 第 900 行.
SQL: SHOW COLUMNS FROM `cmf_users_live` [ RunTime:0.0008s ]
SQL: SHOW COLUMNS FROM `cmf_users` [ RunTime:0.0007s ]
SQL: SELECT `id`,`user_nicename`,`avatar`,`avatar_thumb`,`sex`,`signature`,`consumption`,`votestotal`,`province`,`city`,`birthday`,`issuper` FROM `cmf_users` WHERE ( id='21790' ) LIMIT 1   [ RunTime:0.0004s ]
NOTIC: [8] Undefined variable: level_a /data/wwwroot/livenew.yunbaozhibo.com/wxshare/Application/Common/Common/function.php 第 219 行.
SQL: SHOW COLUMNS FROM `cmf_users_vip` [ RunTime:0.0004s ]
SQL: SELECT * FROM `cmf_users_vip` WHERE ( uid=21790 ) LIMIT 1   [ RunTime:0.0001s ]
SQL: SHOW COLUMNS FROM `cmf_liang` [ RunTime:0.0004s ]
SQL: SELECT * FROM `cmf_liang` WHERE ( uid=21790 and status=1 and state=1 ) LIMIT 1   [ RunTime:0.0001s ]
SQL: SELECT `uid`,`islive`,`stream`,`pull`,`isvideo`,`type`,`goodnum`,`wy_cid` FROM `cmf_users_live` WHERE ( uid='21790' and islive='1' ) LIMIT 1   [ RunTime:0.0001s ]
NOTIC: [8] Undefined variable: userinfo /data/wwwroot/livenew.yunbaozhibo.com/wxshare/Application/Home/Controller/ShareController.class.php 第 102 行.
NOTIC: [8] Undefined variable: userinfo /data/wwwroot/livenew.yunbaozhibo.com/wxshare/Application/Home/Controller/ShareController.class.php 第 103 行.
INFO: [ view_parse ] --START--
INFO: [ template_filter ] --START--
INFO: Run Behavior\ContentReplaceBehavior [ RunTime:0.000182s ]
INFO: [ template_filter ] --END-- [ RunTime:0.000212s ]
INFO: Run Behavior\ParseTemplateBehavior [ RunTime:0.006712s ]
INFO: [ view_parse ] --END-- [ RunTime:0.006764s ]
INFO: [ view_filter ] --START--
INFO: Run Behavior\WriteHtmlCacheBehavior [ RunTime:0.000105s ]
INFO: [ view_filter ] --END-- [ RunTime:0.000116s ]
INFO: [ app_end ] --START--
INFO: Run Behavior\ShowPageTraceBehavior [ RunTime:0.000341s ]
INFO: [ app_end ] --END-- [ RunTime:0.000360s ]

[ 2019-08-31T12:41:50+08:00 ] 14.112.228.233 /wxshare/index.php/Share/wxLogin?roomnum=21790
INFO: [ app_init ] --START--
INFO: Run Behavior\BuildLiteBehavior [ RunTime:0.000007s ]
INFO: [ app_init ] --END-- [ RunTime:0.000030s ]
INFO: [ app_begin ] --START--
INFO: Run Behavior\ReadHtmlCacheBehavior [ RunTime:0.000303s ]
INFO: [ app_begin ] --END-- [ RunTime:0.000328s ]
NOTIC: [2] Declaration of Home\Controller\ShareController::show() should be compatible with Think\Controller::show($content, $charset = '', $contentType = '', $prefix = '') /data/wwwroot/livenew.yunbaozhibo.com/wxshare/Application/Home/Controller/ShareController.class.php 第 900 行.
NOTIC: [8] A session had already been started - ignoring session_start() /data/wwwroot/livenew.yunbaozhibo.com/wxshare/Application/Home/Controller/ShareController.class.php 第 133 行.
INFO: [ app_end ] --START--
INFO: Run Behavior\ShowPageTraceBehavior [ RunTime:0.000302s ]
INFO: [ app_end ] --END-- [ RunTime:0.000322s ]

[ 2019-08-31T12:41:54+08:00 ] 14.112.228.233 /wxshare/index.php/Share/wxLoginCallback?roomnum=21790&code=001jirs80ztYiE1FV0s80Xjos80jirsR&state=89ffd3b447c169d3ae897b2a642829f9
INFO: [ app_init ] --START--
INFO: Run Behavior\BuildLiteBehavior [ RunTime:0.000007s ]
INFO: [ app_init ] --END-- [ RunTime:0.000032s ]
INFO: [ app_begin ] --START--
INFO: Run Behavior\ReadHtmlCacheBehavior [ RunTime:0.000283s ]
INFO: [ app_begin ] --END-- [ RunTime:0.000305s ]
NOTIC: [2] Declaration of Home\Controller\ShareController::show() should be compatible with Think\Controller::show($content, $charset = '', $contentType = '', $prefix = '') /data/wwwroot/livenew.yunbaozhibo.com/wxshare/Application/Home/Controller/ShareController.class.php 第 900 行.
SQL: SHOW COLUMNS FROM `cmf_users` [ RunTime:0.0007s ]
SQL: SELECT `id`,`user_login`,`user_nicename`,`avatar`,`avatar_thumb`,`sex`,`signature`,`consumption`,`votestotal`,`province`,`city`,`coin`,`votes`,`birthday`,`issuper` FROM `cmf_users` WHERE ( openid!='' and openid='oAPK4wQBZtFm-a3zmQ5-_Eg2Fta0' ) LIMIT 1   [ RunTime:0.0252s ]
NOTIC: [8] Undefined variable: level_a /data/wwwroot/livenew.yunbaozhibo.com/wxshare/Application/Common/Common/function.php 第 219 行.
SQL: UPDATE `cmf_users` SET `token`='061225ac0ba6053b94ac61c059403068',`expiretime`='1593146514' WHERE ( id='31655' ) [ RunTime:0.0044s ]
INFO: [ app_end ] --START--
INFO: Run Behavior\ShowPageTraceBehavior [ RunTime:0.000449s ]
INFO: [ app_end ] --END-- [ RunTime:0.000475s ]

[ 2019-08-31T12:41:54+08:00 ] 14.112.228.233 /wxshare/index.php/Share/show?roomnum=21790
INFO: [ app_init ] --START--
INFO: Run Behavior\BuildLiteBehavior [ RunTime:0.000008s ]
INFO: [ app_init ] --END-- [ RunTime:0.000037s ]
INFO: [ app_begin ] --START--
INFO: Run Behavior\ReadHtmlCacheBehavior [ RunTime:0.000298s ]
INFO: [ app_begin ] --END-- [ RunTime:0.000316s ]
NOTIC: [2] Declaration of Home\Controller\ShareController::show() should be compatible with Think\Controller::show($content, $charset = '', $contentType = '', $prefix = '') /data/wwwroot/livenew.yunbaozhibo.com/wxshare/Application/Home/Controller/ShareController.class.php 第 900 行.
SQL: SHOW COLUMNS FROM `cmf_users_live` [ RunTime:0.0007s ]
SQL: SHOW COLUMNS FROM `cmf_users` [ RunTime:0.0007s ]
SQL: SELECT `id`,`user_nicename`,`avatar`,`avatar_thumb`,`sex`,`signature`,`consumption`,`votestotal`,`province`,`city`,`birthday`,`issuper` FROM `cmf_users` WHERE ( id='21790' ) LIMIT 1   [ RunTime:0.0004s ]
NOTIC: [8] Undefined variable: level_a /data/wwwroot/livenew.yunbaozhibo.com/wxshare/Application/Common/Common/function.php 第 219 行.
SQL: SHOW COLUMNS FROM `cmf_users_vip` [ RunTime:0.0004s ]
SQL: SELECT * FROM `cmf_users_vip` WHERE ( uid=21790 ) LIMIT 1   [ RunTime:0.0001s ]
SQL: SHOW COLUMNS FROM `cmf_liang` [ RunTime:0.0004s ]
SQL: SELECT * FROM `cmf_liang` WHERE ( uid=21790 and status=1 and state=1 ) LIMIT 1   [ RunTime:0.0001s ]
SQL: SELECT `uid`,`islive`,`stream`,`pull`,`isvideo`,`type`,`goodnum`,`wy_cid` FROM `cmf_users_live` WHERE ( uid='21790' and islive='1' ) LIMIT 1   [ RunTime:0.0001s ]
SQL: SELECT `id`,`user_login`,`user_nicename`,`avatar`,`avatar_thumb`,`sex`,`signature`,`consumption`,`votestotal`,`province`,`city`,`coin`,`votes`,`token`,`birthday`,`issuper` FROM `cmf_users` WHERE ( id='31655' ) LIMIT 1   [ RunTime:0.0003s ]
NOTIC: [8] Undefined variable: level_a /data/wwwroot/livenew.yunbaozhibo.com/wxshare/Application/Common/Common/function.php 第 219 行.
NOTIC: [8] Undefined variable: level_a /data/wwwroot/livenew.yunbaozhibo.com/wxshare/Application/Common/Common/function.php 第 250 行.
SQL: SELECT * FROM `cmf_users_vip` WHERE ( uid=31655 ) LIMIT 1   [ RunTime:0.0005s ]
SQL: SELECT * FROM `cmf_liang` WHERE ( uid=31655 and status=1 and state=1 ) LIMIT 1   [ RunTime:0.0003s ]
SQL: SHOW COLUMNS FROM `cmf_users_attention` [ RunTime:0.0003s ]
SQL: SELECT * FROM `cmf_users_attention` WHERE ( uid='31655' and touid='21790' ) LIMIT 1   [ RunTime:0.0003s ]
INFO: [ view_parse ] --START--
INFO: [ template_filter ] --START--
INFO: Run Behavior\ContentReplaceBehavior [ RunTime:0.000178s ]
INFO: [ template_filter ] --END-- [ RunTime:0.000207s ]
INFO: Run Behavior\ParseTemplateBehavior [ RunTime:0.005899s ]
INFO: [ view_parse ] --END-- [ RunTime:0.005923s ]
INFO: [ view_filter ] --START--
INFO: Run Behavior\WriteHtmlCacheBehavior [ RunTime:0.000115s ]
INFO: [ view_filter ] --END-- [ RunTime:0.000127s ]
INFO: [ app_end ] --START--
INFO: Run Behavior\ShowPageTraceBehavior [ RunTime:0.000433s ]
INFO: [ app_end ] --END-- [ RunTime:0.000451s ]

[ 2019-08-31T12:41:56+08:00 ] 14.112.228.233 /wxshare/index.php/Share/getGift
INFO: [ app_init ] --START--
INFO: Run Behavior\BuildLiteBehavior [ RunTime:0.000008s ]
INFO: [ app_init ] --END-- [ RunTime:0.000038s ]
INFO: [ app_begin ] --START--
INFO: Run Behavior\ReadHtmlCacheBehavior [ RunTime:0.000326s ]
INFO: [ app_begin ] --END-- [ RunTime:0.000362s ]
NOTIC: [2] Declaration of Home\Controller\ShareController::show() should be compatible with Think\Controller::show($content, $charset = '', $contentType = '', $prefix = '') /data/wwwroot/livenew.yunbaozhibo.com/wxshare/Application/Home/Controller/ShareController.class.php 第 900 行.
SQL: SHOW COLUMNS FROM `cmf_gift` [ RunTime:0.0008s ]
SQL: SELECT `id`,`type`,`giftname`,`needcoin`,`gifticon` FROM `cmf_gift` ORDER BY orderno asc  [ RunTime:0.0004s ]

[ 2019-08-31T12:41:56+08:00 ] 14.112.228.233 /wxshare/index.php/Share/show?roomnum=21790
INFO: [ app_init ] --START--
INFO: Run Behavior\BuildLiteBehavior [ RunTime:0.000008s ]
INFO: [ app_init ] --END-- [ RunTime:0.000034s ]
INFO: [ app_begin ] --START--
INFO: Run Behavior\ReadHtmlCacheBehavior [ RunTime:0.000281s ]
INFO: [ app_begin ] --END-- [ RunTime:0.000302s ]
NOTIC: [2] Declaration of Home\Controller\ShareController::show() should be compatible with Think\Controller::show($content, $charset = '', $contentType = '', $prefix = '') /data/wwwroot/livenew.yunbaozhibo.com/wxshare/Application/Home/Controller/ShareController.class.php 第 900 行.
SQL: SHOW COLUMNS FROM `cmf_users_live` [ RunTime:0.0007s ]
SQL: SHOW COLUMNS FROM `cmf_users` [ RunTime:0.0006s ]
SQL: SELECT `id`,`user_nicename`,`avatar`,`avatar_thumb`,`sex`,`signature`,`consumption`,`votestotal`,`province`,`city`,`birthday`,`issuper` FROM `cmf_users` WHERE ( id='21790' ) LIMIT 1   [ RunTime:0.0001s ]
NOTIC: [8] Undefined variable: level_a /data/wwwroot/livenew.yunbaozhibo.com/wxshare/Application/Common/Common/function.php 第 219 行.
SQL: SHOW COLUMNS FROM `cmf_users_vip` [ RunTime:0.0004s ]
SQL: SELECT * FROM `cmf_users_vip` WHERE ( uid=21790 ) LIMIT 1   [ RunTime:0.0001s ]
SQL: SHOW COLUMNS FROM `cmf_liang` [ RunTime:0.0003s ]
SQL: SELECT * FROM `cmf_liang` WHERE ( uid=21790 and status=1 and state=1 ) LIMIT 1   [ RunTime:0.0001s ]
SQL: SELECT `uid`,`islive`,`stream`,`pull`,`isvideo`,`type`,`goodnum`,`wy_cid` FROM `cmf_users_live` WHERE ( uid='21790' and islive='1' ) LIMIT 1   [ RunTime:0.0001s ]
SQL: SELECT `id`,`user_login`,`user_nicename`,`avatar`,`avatar_thumb`,`sex`,`signature`,`consumption`,`votestotal`,`province`,`city`,`coin`,`votes`,`token`,`birthday`,`issuper` FROM `cmf_users` WHERE ( id='31655' ) LIMIT 1   [ RunTime:0.0001s ]
NOTIC: [8] Undefined variable: level_a /data/wwwroot/livenew.yunbaozhibo.com/wxshare/Application/Common/Common/function.php 第 219 行.
NOTIC: [8] Undefined variable: level_a /data/wwwroot/livenew.yunbaozhibo.com/wxshare/Application/Common/Common/function.php 第 250 行.
SQL: SELECT * FROM `cmf_users_vip` WHERE ( uid=31655 ) LIMIT 1   [ RunTime:0.0001s ]
SQL: SELECT * FROM `cmf_liang` WHERE ( uid=31655 and status=1 and state=1 ) LIMIT 1   [ RunTime:0.0001s ]
SQL: SHOW COLUMNS FROM `cmf_users_attention` [ RunTime:0.0003s ]
SQL: SELECT * FROM `cmf_users_attention` WHERE ( uid='31655' and touid='21790' ) LIMIT 1   [ RunTime:0.0001s ]
INFO: [ view_parse ] --START--
INFO: [ template_filter ] --START--
INFO: Run Behavior\ContentReplaceBehavior [ RunTime:0.000181s ]
INFO: [ template_filter ] --END-- [ RunTime:0.000209s ]
INFO: Run Behavior\ParseTemplateBehavior [ RunTime:0.006371s ]
INFO: [ view_parse ] --END-- [ RunTime:0.006404s ]
INFO: [ view_filter ] --START--
INFO: Run Behavior\WriteHtmlCacheBehavior [ RunTime:0.000113s ]
INFO: [ view_filter ] --END-- [ RunTime:0.000125s ]
INFO: [ app_end ] --START--
INFO: Run Behavior\ShowPageTraceBehavior [ RunTime:0.000441s ]
INFO: [ app_end ] --END-- [ RunTime:0.000458s ]

[ 2019-08-31T12:41:59+08:00 ] 14.112.228.233 /wxshare/index.php/Share/setNodeInfo?liveuid=21790
INFO: [ app_init ] --START--
INFO: Run Behavior\BuildLiteBehavior [ RunTime:0.000006s ]
INFO: [ app_init ] --END-- [ RunTime:0.000031s ]
INFO: [ app_begin ] --START--
INFO: Run Behavior\ReadHtmlCacheBehavior [ RunTime:0.000233s ]
INFO: [ app_begin ] --END-- [ RunTime:0.000249s ]
NOTIC: [2] Declaration of Home\Controller\ShareController::show() should be compatible with Think\Controller::show($content, $charset = '', $contentType = '', $prefix = '') /data/wwwroot/livenew.yunbaozhibo.com/wxshare/Application/Home/Controller/ShareController.class.php 第 900 行.
SQL: SHOW COLUMNS FROM `cmf_users` [ RunTime:0.0007s ]
SQL: SELECT `id`,`user_nicename`,`avatar`,`avatar_thumb`,`sex`,`signature`,`consumption`,`votestotal`,`province`,`city`,`birthday`,`issuper` FROM `cmf_users` WHERE ( id='31655' ) LIMIT 1   [ RunTime:0.0003s ]
NOTIC: [8] Undefined variable: level_a /data/wwwroot/livenew.yunbaozhibo.com/wxshare/Application/Common/Common/function.php 第 219 行.
NOTIC: [8] Undefined variable: level_a /data/wwwroot/livenew.yunbaozhibo.com/wxshare/Application/Common/Common/function.php 第 250 行.
SQL: SHOW COLUMNS FROM `cmf_users_vip` [ RunTime:0.0003s ]
SQL: SELECT * FROM `cmf_users_vip` WHERE ( uid=31655 ) LIMIT 1   [ RunTime:0.0001s ]
SQL: SHOW COLUMNS FROM `cmf_liang` [ RunTime:0.0003s ]
SQL: SELECT * FROM `cmf_liang` WHERE ( uid=31655 and status=1 and state=1 ) LIMIT 1   [ RunTime:0.0001s ]
SQL: SHOW COLUMNS FROM `cmf_users_car` [ RunTime:0.0004s ]
SQL: SELECT * FROM `cmf_users_car` WHERE ( uid=31655 and status=1 ) LIMIT 1   [ RunTime:0.0005s ]
SQL: SHOW COLUMNS FROM `cmf_users_super` [ RunTime:0.0004s ]
SQL: SELECT * FROM `cmf_users_super` WHERE ( uid='31655' ) LIMIT 1   [ RunTime:0.0002s ]
SQL: SHOW COLUMNS FROM `cmf_users_livemanager` [ RunTime:0.0003s ]
SQL: SELECT * FROM `cmf_users_livemanager` WHERE ( uid = '31655' and liveuid = '21790' ) LIMIT 1   [ RunTime:0.0002s ]
SQL: SHOW COLUMNS FROM `cmf_guard_users` [ RunTime:0.0003s ]
SQL: SELECT `type`,`endtime` FROM `cmf_guard_users` WHERE ( uid = 31655 and liveuid=21790 ) LIMIT 1   [ RunTime:0.0003s ]
INFO: [ app_end ] --START--
INFO: Run Behavior\ShowPageTraceBehavior [ RunTime:0.000469s ]
INFO: [ app_end ] --END-- [ RunTime:0.000489s ]

[ 2019-08-31T12:42:40+08:00 ] 14.112.228.233 /wxshare/index.php/Share/follow
INFO: [ app_init ] --START--
INFO: Run Behavior\BuildLiteBehavior [ RunTime:0.000009s ]
INFO: [ app_init ] --END-- [ RunTime:0.000047s ]
INFO: [ app_begin ] --START--
INFO: Run Behavior\ReadHtmlCacheBehavior [ RunTime:0.000400s ]
INFO: [ app_begin ] --END-- [ RunTime:0.000430s ]
NOTIC: [2] Declaration of Home\Controller\ShareController::show() should be compatible with Think\Controller::show($content, $charset = '', $contentType = '', $prefix = '') /data/wwwroot/livenew.yunbaozhibo.com/wxshare/Application/Home/Controller/ShareController.class.php 第 900 行.
SQL: SHOW COLUMNS FROM `cmf_users_attention` [ RunTime:0.0014s ]
SQL: INSERT INTO `cmf_users_attention` (`uid`,`touid`) VALUES ('31655','21790') [ RunTime:0.0215s ]

[ 2019-08-31T12:43:01+08:00 ] 61.151.178.236 /wxshare/index.php/Share/wxLogin?roomnum=21790
INFO: [ app_init ] --START--
INFO: Run Behavior\BuildLiteBehavior [ RunTime:0.000007s ]
INFO: [ app_init ] --END-- [ RunTime:0.000033s ]
INFO: [ app_begin ] --START--
INFO: Run Behavior\ReadHtmlCacheBehavior [ RunTime:0.000272s ]
INFO: [ app_begin ] --END-- [ RunTime:0.000315s ]
NOTIC: [2] Declaration of Home\Controller\ShareController::show() should be compatible with Think\Controller::show($content, $charset = '', $contentType = '', $prefix = '') /data/wwwroot/livenew.yunbaozhibo.com/wxshare/Application/Home/Controller/ShareController.class.php 第 900 行.
NOTIC: [8] A session had already been started - ignoring session_start() /data/wwwroot/livenew.yunbaozhibo.com/wxshare/Application/Home/Controller/ShareController.class.php 第 133 行.
INFO: [ app_end ] --START--
INFO: Run Behavior\ShowPageTraceBehavior [ RunTime:0.000338s ]
INFO: [ app_end ] --END-- [ RunTime:0.000369s ]

[ 2019-08-31T13:35:37+08:00 ] 222.77.242.180 /wxshare/index.php/Share/index
INFO: [ app_init ] --START--
INFO: Run Behavior\BuildLiteBehavior [ RunTime:0.000007s ]
INFO: [ app_init ] --END-- [ RunTime:0.000030s ]
INFO: [ app_begin ] --START--
INFO: Run Behavior\ReadHtmlCacheBehavior [ RunTime:0.000228s ]
INFO: [ app_begin ] --END-- [ RunTime:0.000244s ]
NOTIC: [2] Declaration of Home\Controller\ShareController::show() should be compatible with Think\Controller::show($content, $charset = '', $contentType = '', $prefix = '') /data/wwwroot/livenew.yunbaozhibo.com/wxshare/Application/Home/Controller/ShareController.class.php 第 900 行.
SQL: select uid,title,city,stream,pull,thumb from cmf_users_live  where islive= '1'  order by isrecommend desc,starttime desc limit 0,20 [ RunTime:0.0007s ]
SQL: SHOW COLUMNS FROM `cmf_users` [ RunTime:0.0007s ]
SQL: SELECT `id`,`user_nicename`,`avatar`,`avatar_thumb`,`sex`,`signature`,`consumption`,`votestotal`,`province`,`city`,`birthday`,`issuper` FROM `cmf_users` WHERE ( id='21777' ) LIMIT 1   [ RunTime:0.0003s ]
NOTIC: [8] Undefined variable: level_a /data/wwwroot/livenew.yunbaozhibo.com/wxshare/Application/Common/Common/function.php 第 219 行.
SQL: SHOW COLUMNS FROM `cmf_users_vip` [ RunTime:0.0004s ]
SQL: SELECT * FROM `cmf_users_vip` WHERE ( uid=21777 ) LIMIT 1   [ RunTime:0.0004s ]
SQL: SHOW COLUMNS FROM `cmf_liang` [ RunTime:0.0004s ]
SQL: SELECT * FROM `cmf_liang` WHERE ( uid=21777 and status=1 and state=1 ) LIMIT 1   [ RunTime:0.0004s ]
SQL: SELECT `id`,`user_nicename`,`avatar`,`avatar_thumb`,`sex`,`signature`,`consumption`,`votestotal`,`province`,`city`,`birthday`,`issuper` FROM `cmf_users` WHERE ( id='21799' ) LIMIT 1   [ RunTime:0.0002s ]
NOTIC: [8] Undefined variable: level_a /data/wwwroot/livenew.yunbaozhibo.com/wxshare/Application/Common/Common/function.php 第 219 行.
SQL: SELECT * FROM `cmf_users_vip` WHERE ( uid=21799 ) LIMIT 1   [ RunTime:0.0003s ]
SQL: SELECT * FROM `cmf_liang` WHERE ( uid=21799 and status=1 and state=1 ) LIMIT 1   [ RunTime:0.0003s ]
SQL: SELECT `id`,`user_nicename`,`avatar`,`avatar_thumb`,`sex`,`signature`,`consumption`,`votestotal`,`province`,`city`,`birthday`,`issuper` FROM `cmf_users` WHERE ( id='21790' ) LIMIT 1   [ RunTime:0.0002s ]
NOTIC: [8] Undefined variable: level_a /data/wwwroot/livenew.yunbaozhibo.com/wxshare/Application/Common/Common/function.php 第 219 行.
SQL: SELECT * FROM `cmf_users_vip` WHERE ( uid=21790 ) LIMIT 1   [ RunTime:0.0001s ]
SQL: SELECT * FROM `cmf_liang` WHERE ( uid=21790 and status=1 and state=1 ) LIMIT 1   [ RunTime:0.0001s ]
SQL: SELECT `id`,`user_nicename`,`avatar`,`avatar_thumb`,`sex`,`signature`,`consumption`,`votestotal`,`province`,`city`,`birthday`,`issuper` FROM `cmf_users` WHERE ( id='21778' ) LIMIT 1   [ RunTime:0.0002s ]
NOTIC: [8] Undefined variable: level_a /data/wwwroot/livenew.yunbaozhibo.com/wxshare/Application/Common/Common/function.php 第 219 行.
SQL: SELECT * FROM `cmf_users_vip` WHERE ( uid=21778 ) LIMIT 1   [ RunTime:0.0003s ]
SQL: SELECT * FROM `cmf_liang` WHERE ( uid=21778 and status=1 and state=1 ) LIMIT 1   [ RunTime:0.0002s ]
SQL: SELECT `id`,`user_nicename`,`avatar`,`avatar_thumb`,`sex`,`signature`,`consumption`,`votestotal`,`province`,`city`,`birthday`,`issuper` FROM `cmf_users` WHERE ( id='21789' ) LIMIT 1   [ RunTime:0.0002s ]
NOTIC: [8] Undefined variable: level_a /data/wwwroot/livenew.yunbaozhibo.com/wxshare/Application/Common/Common/function.php 第 219 行.
SQL: SELECT * FROM `cmf_users_vip` WHERE ( uid=21789 ) LIMIT 1   [ RunTime:0.0005s ]
SQL: SELECT * FROM `cmf_liang` WHERE ( uid=21789 and status=1 and state=1 ) LIMIT 1   [ RunTime:0.0003s ]
SQL: SELECT `id`,`user_nicename`,`avatar`,`avatar_thumb`,`sex`,`signature`,`consumption`,`votestotal`,`province`,`city`,`birthday`,`issuper` FROM `cmf_users` WHERE ( id='21776' ) LIMIT 1   [ RunTime:0.0003s ]
NOTIC: [8] Undefined variable: level_a /data/wwwroot/livenew.yunbaozhibo.com/wxshare/Application/Common/Common/function.php 第 219 行.
SQL: SELECT * FROM `cmf_users_vip` WHERE ( uid=21776 ) LIMIT 1   [ RunTime:0.0003s ]
SQL: SELECT * FROM `cmf_liang` WHERE ( uid=21776 and status=1 and state=1 ) LIMIT 1   [ RunTime:0.0003s ]
SQL: SELECT `id`,`user_nicename`,`avatar`,`avatar_thumb`,`sex`,`signature`,`consumption`,`votestotal`,`province`,`city`,`birthday`,`issuper` FROM `cmf_users` WHERE ( id='21797' ) LIMIT 1   [ RunTime:0.0002s ]
NOTIC: [8] Undefined variable: level_a /data/wwwroot/livenew.yunbaozhibo.com/wxshare/Application/Common/Common/function.php 第 219 行.
SQL: SELECT * FROM `cmf_users_vip` WHERE ( uid=21797 ) LIMIT 1   [ RunTime:0.0001s ]
SQL: SELECT * FROM `cmf_liang` WHERE ( uid=21797 and status=1 and state=1 ) LIMIT 1   [ RunTime:0.0001s ]
SQL: SELECT `id`,`user_nicename`,`avatar`,`avatar_thumb`,`sex`,`signature`,`consumption`,`votestotal`,`province`,`city`,`birthday`,`issuper` FROM `cmf_users` WHERE ( id='21781' ) LIMIT 1   [ RunTime:0.0002s ]
NOTIC: [8] Undefined variable: level_a /data/wwwroot/livenew.yunbaozhibo.com/wxshare/Application/Common/Common/function.php 第 219 行.
SQL: SELECT * FROM `cmf_users_vip` WHERE ( uid=21781 ) LIMIT 1   [ RunTime:0.0003s ]
SQL: SELECT * FROM `cmf_liang` WHERE ( uid=21781 and status=1 and state=1 ) LIMIT 1   [ RunTime:0.0003s ]
SQL: SELECT `id`,`user_nicename`,`avatar`,`avatar_thumb`,`sex`,`signature`,`consumption`,`votestotal`,`province`,`city`,`birthday`,`issuper` FROM `cmf_users` WHERE ( id='21833' ) LIMIT 1   [ RunTime:0.0002s ]
NOTIC: [8] Undefined variable: level_a /data/wwwroot/livenew.yunbaozhibo.com/wxshare/Application/Common/Common/function.php 第 219 行.
SQL: SELECT * FROM `cmf_users_vip` WHERE ( uid=21833 ) LIMIT 1   [ RunTime:0.0003s ]
SQL: SELECT * FROM `cmf_liang` WHERE ( uid=21833 and status=1 and state=1 ) LIMIT 1   [ RunTime:0.0003s ]
SQL: SELECT `id`,`user_nicename`,`avatar`,`avatar_thumb`,`sex`,`signature`,`consumption`,`votestotal`,`province`,`city`,`birthday`,`issuper` FROM `cmf_users` WHERE ( id='25688' ) LIMIT 1   [ RunTime:0.0002s ]
NOTIC: [8] Undefined variable: level_a /data/wwwroot/livenew.yunbaozhibo.com/wxshare/Application/Common/Common/function.php 第 219 行.
SQL: SELECT * FROM `cmf_users_vip` WHERE ( uid=25688 ) LIMIT 1   [ RunTime:0.0004s ]
SQL: SELECT * FROM `cmf_liang` WHERE ( uid=25688 and status=1 and state=1 ) LIMIT 1   [ RunTime:0.0003s ]
SQL: SELECT `id`,`user_nicename`,`avatar`,`avatar_thumb`,`sex`,`signature`,`consumption`,`votestotal`,`province`,`city`,`birthday`,`issuper` FROM `cmf_users` WHERE ( id='21779' ) LIMIT 1   [ RunTime:0.0002s ]
NOTIC: [8] Undefined variable: level_a /data/wwwroot/livenew.yunbaozhibo.com/wxshare/Application/Common/Common/function.php 第 219 行.
SQL: SELECT * FROM `cmf_users_vip` WHERE ( uid=21779 ) LIMIT 1   [ RunTime:0.0003s ]
SQL: SELECT * FROM `cmf_liang` WHERE ( uid=21779 and status=1 and state=1 ) LIMIT 1   [ RunTime:0.0003s ]
SQL: SELECT `id`,`user_nicename`,`avatar`,`avatar_thumb`,`sex`,`signature`,`consumption`,`votestotal`,`province`,`city`,`birthday`,`issuper` FROM `cmf_users` WHERE ( id='21788' ) LIMIT 1   [ RunTime:0.0002s ]
NOTIC: [8] Undefined variable: level_a /data/wwwroot/livenew.yunbaozhibo.com/wxshare/Application/Common/Common/function.php 第 219 行.
SQL: SELECT * FROM `cmf_users_vip` WHERE ( uid=21788 ) LIMIT 1   [ RunTime:0.0004s ]
SQL: SELECT * FROM `cmf_liang` WHERE ( uid=21788 and status=1 and state=1 ) LIMIT 1   [ RunTime:0.0002s ]
INFO: [ view_parse ] --START--
INFO: [ template_filter ] --START--
INFO: Run Behavior\ContentReplaceBehavior [ RunTime:0.000035s ]
INFO: [ template_filter ] --END-- [ RunTime:0.000068s ]
INFO: Run Behavior\ParseTemplateBehavior [ RunTime:0.049775s ]
INFO: [ view_parse ] --END-- [ RunTime:0.049829s ]
INFO: [ view_filter ] --START--
INFO: Run Behavior\WriteHtmlCacheBehavior [ RunTime:0.000147s ]
INFO: [ view_filter ] --END-- [ RunTime:0.000162s ]
INFO: [ app_end ] --START--
INFO: Run Behavior\ShowPageTraceBehavior [ RunTime:0.000558s ]
INFO: [ app_end ] --END-- [ RunTime:0.000581s ]

[ 2019-08-31T13:35:46+08:00 ] 222.77.242.180 /wxshare/index.php/Share/show?roomnum=21777
INFO: [ app_init ] --START--
INFO: Run Behavior\BuildLiteBehavior [ RunTime:0.000008s ]
INFO: [ app_init ] --END-- [ RunTime:0.000032s ]
INFO: [ app_begin ] --START--
INFO: Run Behavior\ReadHtmlCacheBehavior [ RunTime:0.000225s ]
INFO: [ app_begin ] --END-- [ RunTime:0.000241s ]
NOTIC: [2] Declaration of Home\Controller\ShareController::show() should be compatible with Think\Controller::show($content, $charset = '', $contentType = '', $prefix = '') /data/wwwroot/livenew.yunbaozhibo.com/wxshare/Application/Home/Controller/ShareController.class.php 第 900 行.
SQL: SHOW COLUMNS FROM `cmf_users_live` [ RunTime:0.0006s ]
SQL: SHOW COLUMNS FROM `cmf_users` [ RunTime:0.0006s ]
SQL: SELECT `id`,`user_nicename`,`avatar`,`avatar_thumb`,`sex`,`signature`,`consumption`,`votestotal`,`province`,`city`,`birthday`,`issuper` FROM `cmf_users` WHERE ( id='21777' ) LIMIT 1   [ RunTime:0.0001s ]
NOTIC: [8] Undefined variable: level_a /data/wwwroot/livenew.yunbaozhibo.com/wxshare/Application/Common/Common/function.php 第 219 行.
SQL: SHOW COLUMNS FROM `cmf_users_vip` [ RunTime:0.0003s ]
SQL: SELECT * FROM `cmf_users_vip` WHERE ( uid=21777 ) LIMIT 1   [ RunTime:0.0001s ]
SQL: SHOW COLUMNS FROM `cmf_liang` [ RunTime:0.0003s ]
SQL: SELECT * FROM `cmf_liang` WHERE ( uid=21777 and status=1 and state=1 ) LIMIT 1   [ RunTime:0.0001s ]
SQL: SELECT `uid`,`islive`,`stream`,`pull`,`isvideo`,`type`,`goodnum`,`wy_cid` FROM `cmf_users_live` WHERE ( uid='21777' and islive='1' ) LIMIT 1   [ RunTime:0.0004s ]
NOTIC: [8] Undefined variable: userinfo /data/wwwroot/livenew.yunbaozhibo.com/wxshare/Application/Home/Controller/ShareController.class.php 第 102 行.
NOTIC: [8] Undefined variable: userinfo /data/wwwroot/livenew.yunbaozhibo.com/wxshare/Application/Home/Controller/ShareController.class.php 第 103 行.
INFO: [ view_parse ] --START--
INFO: [ template_filter ] --START--
INFO: Run Behavior\ContentReplaceBehavior [ RunTime:0.000144s ]
INFO: [ template_filter ] --END-- [ RunTime:0.000170s ]
INFO: Run Behavior\ParseTemplateBehavior [ RunTime:0.006459s ]
INFO: [ view_parse ] --END-- [ RunTime:0.006482s ]
INFO: [ view_filter ] --START--
INFO: Run Behavior\WriteHtmlCacheBehavior [ RunTime:0.000098s ]
INFO: [ view_filter ] --END-- [ RunTime:0.000109s ]
INFO: [ app_end ] --START--
INFO: Run Behavior\ShowPageTraceBehavior [ RunTime:0.000275s ]
INFO: [ app_end ] --END-- [ RunTime:0.000288s ]

[ 2019-08-31T13:35:47+08:00 ] 222.77.242.180 /wxshare/index.php/Share/wxLogin?roomnum=21777
INFO: [ app_init ] --START--
INFO: Run Behavior\BuildLiteBehavior [ RunTime:0.000007s ]
INFO: [ app_init ] --END-- [ RunTime:0.000032s ]
INFO: [ app_begin ] --START--
INFO: Run Behavior\ReadHtmlCacheBehavior [ RunTime:0.000277s ]
INFO: [ app_begin ] --END-- [ RunTime:0.000297s ]
NOTIC: [2] Declaration of Home\Controller\ShareController::show() should be compatible with Think\Controller::show($content, $charset = '', $contentType = '', $prefix = '') /data/wwwroot/livenew.yunbaozhibo.com/wxshare/Application/Home/Controller/ShareController.class.php 第 900 行.
NOTIC: [8] A session had already been started - ignoring session_start() /data/wwwroot/livenew.yunbaozhibo.com/wxshare/Application/Home/Controller/ShareController.class.php 第 133 行.
INFO: [ app_end ] --START--
INFO: Run Behavior\ShowPageTraceBehavior [ RunTime:0.000294s ]
INFO: [ app_end ] --END-- [ RunTime:0.000312s ]

[ 2019-08-31T13:35:48+08:00 ] 222.77.242.180 /wxshare/index.php/Share/wxLoginCallback?roomnum=21777&code=0710nUvC0btKmh2bHpuC0noEvC00nUvL&state=3f8352b429d3a0c0b7b149bc8942efcb
INFO: [ app_init ] --START--
INFO: Run Behavior\BuildLiteBehavior [ RunTime:0.000007s ]
INFO: [ app_init ] --END-- [ RunTime:0.000031s ]
INFO: [ app_begin ] --START--
INFO: Run Behavior\ReadHtmlCacheBehavior [ RunTime:0.000305s ]
INFO: [ app_begin ] --END-- [ RunTime:0.000323s ]
NOTIC: [2] Declaration of Home\Controller\ShareController::show() should be compatible with Think\Controller::show($content, $charset = '', $contentType = '', $prefix = '') /data/wwwroot/livenew.yunbaozhibo.com/wxshare/Application/Home/Controller/ShareController.class.php 第 900 行.
SQL: SHOW COLUMNS FROM `cmf_users` [ RunTime:0.0007s ]
SQL: SELECT `id`,`user_login`,`user_nicename`,`avatar`,`avatar_thumb`,`sex`,`signature`,`consumption`,`votestotal`,`province`,`city`,`coin`,`votes`,`birthday`,`issuper` FROM `cmf_users` WHERE ( openid!='' and openid='oAPK4wa6CtBKD-QORfwKSN_EIVgk' ) LIMIT 1   [ RunTime:0.0095s ]
SQL: INSERT INTO `cmf_users` (`openid`,`user_login`,`user_pass`,`user_nicename`,`sex`,`avatar`,`avatar_thumb`,`login_type`,`last_login_ip`,`create_time`,`last_login_time`,`user_status`,`user_type`,`signature`) VALUES ('oAPK4wa6CtBKD-QORfwKSN_EIVgk','wx_1567229748IVgk','###73b13b8b4d767f6c3c2953f123d1a721','焕哥．','1','http://thirdwx.qlogo.cn/mmopen/vi_32/Q0j4TwGTfTLFUrRbmhveLoCBdPy3E4j8S49q838iaqkqic7ON604Vg41L3xJdIyLE0LFibFx77Vicicc2QxaOucibYwg/132','http://thirdwx.qlogo.cn/mmopen/vi_32/Q0j4TwGTfTLFUrRbmhveLoCBdPy3E4j8S49q838iaqkqic7ON604Vg41L3xJdIyLE0LFibFx77Vicicc2QxaOucibYwg/132','wx','222.77.242.180','2019-08-31 13:35:48','2019-08-31 13:35:48','1','2','这家伙很懒，什么都没留下') [ RunTime:0.0049s ]
SQL: SELECT `id`,`user_login`,`user_nicename`,`avatar`,`avatar_thumb`,`sex`,`signature`,`consumption`,`votestotal`,`province`,`city`,`coin`,`votes`,`birthday`,`issuper` FROM `cmf_users` WHERE ( id='32221' ) LIMIT 1   [ RunTime:0.0006s ]
NOTIC: [8] Undefined variable: level_a /data/wwwroot/livenew.yunbaozhibo.com/wxshare/Application/Common/Common/function.php 第 219 行.
SQL: UPDATE `cmf_users` SET `token`='9eced54063b2080e25ca1dd7c5a85e05',`expiretime`='1593149748' WHERE ( id='32221' ) [ RunTime:0.0038s ]
INFO: [ app_end ] --START--
INFO: Run Behavior\ShowPageTraceBehavior [ RunTime:0.000569s ]
INFO: [ app_end ] --END-- [ RunTime:0.000598s ]

[ 2019-08-31T13:35:48+08:00 ] 222.77.242.180 /wxshare/index.php/Share/show?roomnum=21777
INFO: [ app_init ] --START--
INFO: Run Behavior\BuildLiteBehavior [ RunTime:0.000006s ]
INFO: [ app_init ] --END-- [ RunTime:0.000032s ]
INFO: [ app_begin ] --START--
INFO: Run Behavior\ReadHtmlCacheBehavior [ RunTime:0.000273s ]
INFO: [ app_begin ] --END-- [ RunTime:0.000295s ]
NOTIC: [2] Declaration of Home\Controller\ShareController::show() should be compatible with Think\Controller::show($content, $charset = '', $contentType = '', $prefix = '') /data/wwwroot/livenew.yunbaozhibo.com/wxshare/Application/Home/Controller/ShareController.class.php 第 900 行.
SQL: SHOW COLUMNS FROM `cmf_users_live` [ RunTime:0.0007s ]
SQL: SHOW COLUMNS FROM `cmf_users` [ RunTime:0.0006s ]
SQL: SELECT `id`,`user_nicename`,`avatar`,`avatar_thumb`,`sex`,`signature`,`consumption`,`votestotal`,`province`,`city`,`birthday`,`issuper` FROM `cmf_users` WHERE ( id='21777' ) LIMIT 1   [ RunTime:0.0003s ]
NOTIC: [8] Undefined variable: level_a /data/wwwroot/livenew.yunbaozhibo.com/wxshare/Application/Common/Common/function.php 第 219 行.
SQL: SHOW COLUMNS FROM `cmf_users_vip` [ RunTime:0.0003s ]
SQL: SELECT * FROM `cmf_users_vip` WHERE ( uid=21777 ) LIMIT 1   [ RunTime:0.0001s ]
SQL: SHOW COLUMNS FROM `cmf_liang` [ RunTime:0.0004s ]
SQL: SELECT * FROM `cmf_liang` WHERE ( uid=21777 and status=1 and state=1 ) LIMIT 1   [ RunTime:0.0001s ]
SQL: SELECT `uid`,`islive`,`stream`,`pull`,`isvideo`,`type`,`goodnum`,`wy_cid` FROM `cmf_users_live` WHERE ( uid='21777' and islive='1' ) LIMIT 1   [ RunTime:0.0001s ]
SQL: SELECT `id`,`user_login`,`user_nicename`,`avatar`,`avatar_thumb`,`sex`,`signature`,`consumption`,`votestotal`,`province`,`city`,`coin`,`votes`,`token`,`birthday`,`issuper` FROM `cmf_users` WHERE ( id='32221' ) LIMIT 1   [ RunTime:0.0003s ]
NOTIC: [8] Undefined variable: level_a /data/wwwroot/livenew.yunbaozhibo.com/wxshare/Application/Common/Common/function.php 第 219 行.
NOTIC: [8] Undefined variable: level_a /data/wwwroot/livenew.yunbaozhibo.com/wxshare/Application/Common/Common/function.php 第 250 行.
SQL: SELECT * FROM `cmf_users_vip` WHERE ( uid=32221 ) LIMIT 1   [ RunTime:0.0005s ]
SQL: SELECT * FROM `cmf_liang` WHERE ( uid=32221 and status=1 and state=1 ) LIMIT 1   [ RunTime:0.0003s ]
SQL: SHOW COLUMNS FROM `cmf_users_attention` [ RunTime:0.0003s ]
SQL: SELECT * FROM `cmf_users_attention` WHERE ( uid='32221' and touid='21777' ) LIMIT 1   [ RunTime:0.0003s ]
INFO: [ view_parse ] --START--
INFO: [ template_filter ] --START--
INFO: Run Behavior\ContentReplaceBehavior [ RunTime:0.000146s ]
INFO: [ template_filter ] --END-- [ RunTime:0.000169s ]
INFO: Run Behavior\ParseTemplateBehavior [ RunTime:0.006320s ]
INFO: [ view_parse ] --END-- [ RunTime:0.006355s ]
INFO: [ view_filter ] --START--
INFO: Run Behavior\WriteHtmlCacheBehavior [ RunTime:0.000101s ]
INFO: [ view_filter ] --END-- [ RunTime:0.000111s ]
INFO: [ app_end ] --START--
INFO: Run Behavior\ShowPageTraceBehavior [ RunTime:0.000567s ]
INFO: [ app_end ] --END-- [ RunTime:0.000589s ]

[ 2019-08-31T13:35:51+08:00 ] 222.77.242.180 /wxshare/index.php/Share/show?roomnum=21777
INFO: [ app_init ] --START--
INFO: Run Behavior\BuildLiteBehavior [ RunTime:0.000006s ]
INFO: [ app_init ] --END-- [ RunTime:0.000030s ]
INFO: [ app_begin ] --START--
INFO: Run Behavior\ReadHtmlCacheBehavior [ RunTime:0.000221s ]
INFO: [ app_begin ] --END-- [ RunTime:0.000237s ]
NOTIC: [2] Declaration of Home\Controller\ShareController::show() should be compatible with Think\Controller::show($content, $charset = '', $contentType = '', $prefix = '') /data/wwwroot/livenew.yunbaozhibo.com/wxshare/Application/Home/Controller/ShareController.class.php 第 900 行.
SQL: SHOW COLUMNS FROM `cmf_users_live` [ RunTime:0.0007s ]
SQL: SHOW COLUMNS FROM `cmf_users` [ RunTime:0.0006s ]
SQL: SELECT `id`,`user_nicename`,`avatar`,`avatar_thumb`,`sex`,`signature`,`consumption`,`votestotal`,`province`,`city`,`birthday`,`issuper` FROM `cmf_users` WHERE ( id='21777' ) LIMIT 1   [ RunTime:0.0001s ]
NOTIC: [8] Undefined variable: level_a /data/wwwroot/livenew.yunbaozhibo.com/wxshare/Application/Common/Common/function.php 第 219 行.
SQL: SHOW COLUMNS FROM `cmf_users_vip` [ RunTime:0.0004s ]
SQL: SELECT * FROM `cmf_users_vip` WHERE ( uid=21777 ) LIMIT 1   [ RunTime:0.0001s ]
SQL: SHOW COLUMNS FROM `cmf_liang` [ RunTime:0.0003s ]
SQL: SELECT * FROM `cmf_liang` WHERE ( uid=21777 and status=1 and state=1 ) LIMIT 1   [ RunTime:0.0001s ]
SQL: SELECT `uid`,`islive`,`stream`,`pull`,`isvideo`,`type`,`goodnum`,`wy_cid` FROM `cmf_users_live` WHERE ( uid='21777' and islive='1' ) LIMIT 1   [ RunTime:0.0001s ]
SQL: SELECT `id`,`user_login`,`user_nicename`,`avatar`,`avatar_thumb`,`sex`,`signature`,`consumption`,`votestotal`,`province`,`city`,`coin`,`votes`,`token`,`birthday`,`issuper` FROM `cmf_users` WHERE ( id='32221' ) LIMIT 1   [ RunTime:0.0001s ]
NOTIC: [8] Undefined variable: level_a /data/wwwroot/livenew.yunbaozhibo.com/wxshare/Application/Common/Common/function.php 第 219 行.
NOTIC: [8] Undefined variable: level_a /data/wwwroot/livenew.yunbaozhibo.com/wxshare/Application/Common/Common/function.php 第 250 行.
SQL: SELECT * FROM `cmf_users_vip` WHERE ( uid=32221 ) LIMIT 1   [ RunTime:0.0001s ]
SQL: SELECT * FROM `cmf_liang` WHERE ( uid=32221 and status=1 and state=1 ) LIMIT 1   [ RunTime:0.0001s ]
SQL: SHOW COLUMNS FROM `cmf_users_attention` [ RunTime:0.0003s ]
SQL: SELECT * FROM `cmf_users_attention` WHERE ( uid='32221' and touid='21777' ) LIMIT 1   [ RunTime:0.0001s ]
INFO: [ view_parse ] --START--
INFO: [ template_filter ] --START--
INFO: Run Behavior\ContentReplaceBehavior [ RunTime:0.000142s ]
INFO: [ template_filter ] --END-- [ RunTime:0.000167s ]
INFO: Run Behavior\ParseTemplateBehavior [ RunTime:0.006211s ]
INFO: [ view_parse ] --END-- [ RunTime:0.006247s ]
INFO: [ view_filter ] --START--
INFO: Run Behavior\WriteHtmlCacheBehavior [ RunTime:0.000124s ]
INFO: [ view_filter ] --END-- [ RunTime:0.000142s ]
INFO: [ app_end ] --START--
INFO: Run Behavior\ShowPageTraceBehavior [ RunTime:0.000334s ]
INFO: [ app_end ] --END-- [ RunTime:0.000350s ]

[ 2019-08-31T13:35:52+08:00 ] 222.77.242.180 /wxshare/index.php/Share/getGift
INFO: [ app_init ] --START--
INFO: Run Behavior\BuildLiteBehavior [ RunTime:0.000007s ]
INFO: [ app_init ] --END-- [ RunTime:0.000030s ]
INFO: [ app_begin ] --START--
INFO: Run Behavior\ReadHtmlCacheBehavior [ RunTime:0.000260s ]
INFO: [ app_begin ] --END-- [ RunTime:0.000284s ]
NOTIC: [2] Declaration of Home\Controller\ShareController::show() should be compatible with Think\Controller::show($content, $charset = '', $contentType = '', $prefix = '') /data/wwwroot/livenew.yunbaozhibo.com/wxshare/Application/Home/Controller/ShareController.class.php 第 900 行.
SQL: SHOW COLUMNS FROM `cmf_gift` [ RunTime:0.0008s ]
SQL: SELECT `id`,`type`,`giftname`,`needcoin`,`gifticon` FROM `cmf_gift` ORDER BY orderno asc  [ RunTime:0.0002s ]

[ 2019-08-31T13:36:17+08:00 ] 222.77.242.180 /wxshare/index.php/Share/index
INFO: [ app_init ] --START--
INFO: Run Behavior\BuildLiteBehavior [ RunTime:0.000008s ]
INFO: [ app_init ] --END-- [ RunTime:0.000032s ]
INFO: [ app_begin ] --START--
INFO: Run Behavior\ReadHtmlCacheBehavior [ RunTime:0.000260s ]
INFO: [ app_begin ] --END-- [ RunTime:0.000281s ]
NOTIC: [2] Declaration of Home\Controller\ShareController::show() should be compatible with Think\Controller::show($content, $charset = '', $contentType = '', $prefix = '') /data/wwwroot/livenew.yunbaozhibo.com/wxshare/Application/Home/Controller/ShareController.class.php 第 900 行.
SQL: select uid,title,city,stream,pull,thumb from cmf_users_live  where islive= '1'  order by isrecommend desc,starttime desc limit 0,20 [ RunTime:0.0001s ]
SQL: SHOW COLUMNS FROM `cmf_users` [ RunTime:0.0007s ]
SQL: SELECT `id`,`user_nicename`,`avatar`,`avatar_thumb`,`sex`,`signature`,`consumption`,`votestotal`,`province`,`city`,`birthday`,`issuper` FROM `cmf_users` WHERE ( id='21777' ) LIMIT 1   [ RunTime:0.0001s ]
NOTIC: [8] Undefined variable: level_a /data/wwwroot/livenew.yunbaozhibo.com/wxshare/Application/Common/Common/function.php 第 219 行.
SQL: SHOW COLUMNS FROM `cmf_users_vip` [ RunTime:0.0004s ]
SQL: SELECT * FROM `cmf_users_vip` WHERE ( uid=21777 ) LIMIT 1   [ RunTime:0.0002s ]
SQL: SHOW COLUMNS FROM `cmf_liang` [ RunTime:0.0004s ]
SQL: SELECT * FROM `cmf_liang` WHERE ( uid=21777 and status=1 and state=1 ) LIMIT 1   [ RunTime:0.0001s ]
SQL: SELECT `id`,`user_nicename`,`avatar`,`avatar_thumb`,`sex`,`signature`,`consumption`,`votestotal`,`province`,`city`,`birthday`,`issuper` FROM `cmf_users` WHERE ( id='21799' ) LIMIT 1   [ RunTime:0.0003s ]
NOTIC: [8] Undefined variable: level_a /data/wwwroot/livenew.yunbaozhibo.com/wxshare/Application/Common/Common/function.php 第 219 行.
SQL: SELECT * FROM `cmf_users_vip` WHERE ( uid=21799 ) LIMIT 1   [ RunTime:0.0001s ]
SQL: SELECT * FROM `cmf_liang` WHERE ( uid=21799 and status=1 and state=1 ) LIMIT 1   [ RunTime:0.0001s ]
SQL: SELECT `id`,`user_nicename`,`avatar`,`avatar_thumb`,`sex`,`signature`,`consumption`,`votestotal`,`province`,`city`,`birthday`,`issuper` FROM `cmf_users` WHERE ( id='21790' ) LIMIT 1   [ RunTime:0.0003s ]
NOTIC: [8] Undefined variable: level_a /data/wwwroot/livenew.yunbaozhibo.com/wxshare/Application/Common/Common/function.php 第 219 行.
SQL: SELECT * FROM `cmf_users_vip` WHERE ( uid=21790 ) LIMIT 1   [ RunTime:0.0001s ]
SQL: SELECT * FROM `cmf_liang` WHERE ( uid=21790 and status=1 and state=1 ) LIMIT 1   [ RunTime:0.0001s ]
SQL: SELECT `id`,`user_nicename`,`avatar`,`avatar_thumb`,`sex`,`signature`,`consumption`,`votestotal`,`province`,`city`,`birthday`,`issuper` FROM `cmf_users` WHERE ( id='21778' ) LIMIT 1   [ RunTime:0.0003s ]
NOTIC: [8] Undefined variable: level_a /data/wwwroot/livenew.yunbaozhibo.com/wxshare/Application/Common/Common/function.php 第 219 行.
SQL: SELECT * FROM `cmf_users_vip` WHERE ( uid=21778 ) LIMIT 1   [ RunTime:0.0001s ]
SQL: SELECT * FROM `cmf_liang` WHERE ( uid=21778 and status=1 and state=1 ) LIMIT 1   [ RunTime:0.0001s ]
SQL: SELECT `id`,`user_nicename`,`avatar`,`avatar_thumb`,`sex`,`signature`,`consumption`,`votestotal`,`province`,`city`,`birthday`,`issuper` FROM `cmf_users` WHERE ( id='21789' ) LIMIT 1   [ RunTime:0.0003s ]
NOTIC: [8] Undefined variable: level_a /data/wwwroot/livenew.yunbaozhibo.com/wxshare/Application/Common/Common/function.php 第 219 行.
SQL: SELECT * FROM `cmf_users_vip` WHERE ( uid=21789 ) LIMIT 1   [ RunTime:0.0001s ]
SQL: SELECT * FROM `cmf_liang` WHERE ( uid=21789 and status=1 and state=1 ) LIMIT 1   [ RunTime:0.0001s ]
SQL: SELECT `id`,`user_nicename`,`avatar`,`avatar_thumb`,`sex`,`signature`,`consumption`,`votestotal`,`province`,`city`,`birthday`,`issuper` FROM `cmf_users` WHERE ( id='21776' ) LIMIT 1   [ RunTime:0.0003s ]
NOTIC: [8] Undefined variable: level_a /data/wwwroot/livenew.yunbaozhibo.com/wxshare/Application/Common/Common/function.php 第 219 行.
SQL: SELECT * FROM `cmf_users_vip` WHERE ( uid=21776 ) LIMIT 1   [ RunTime:0.0001s ]
SQL: SELECT * FROM `cmf_liang` WHERE ( uid=21776 and status=1 and state=1 ) LIMIT 1   [ RunTime:0.0001s ]
SQL: SELECT `id`,`user_nicename`,`avatar`,`avatar_thumb`,`sex`,`signature`,`consumption`,`votestotal`,`province`,`city`,`birthday`,`issuper` FROM `cmf_users` WHERE ( id='21797' ) LIMIT 1   [ RunTime:0.0002s ]
NOTIC: [8] Undefined variable: level_a /data/wwwroot/livenew.yunbaozhibo.com/wxshare/Application/Common/Common/function.php 第 219 行.
SQL: SELECT * FROM `cmf_users_vip` WHERE ( uid=21797 ) LIMIT 1   [ RunTime:0.0001s ]
SQL: SELECT * FROM `cmf_liang` WHERE ( uid=21797 and status=1 and state=1 ) LIMIT 1   [ RunTime:0.0001s ]
SQL: SELECT `id`,`user_nicename`,`avatar`,`avatar_thumb`,`sex`,`signature`,`consumption`,`votestotal`,`province`,`city`,`birthday`,`issuper` FROM `cmf_users` WHERE ( id='21781' ) LIMIT 1   [ RunTime:0.0003s ]
NOTIC: [8] Undefined variable: level_a /data/wwwroot/livenew.yunbaozhibo.com/wxshare/Application/Common/Common/function.php 第 219 行.
SQL: SELECT * FROM `cmf_users_vip` WHERE ( uid=21781 ) LIMIT 1   [ RunTime:0.0001s ]
SQL: SELECT * FROM `cmf_liang` WHERE ( uid=21781 and status=1 and state=1 ) LIMIT 1   [ RunTime:0.0001s ]
SQL: SELECT `id`,`user_nicename`,`avatar`,`avatar_thumb`,`sex`,`signature`,`consumption`,`votestotal`,`province`,`city`,`birthday`,`issuper` FROM `cmf_users` WHERE ( id='21833' ) LIMIT 1   [ RunTime:0.0002s ]
NOTIC: [8] Undefined variable: level_a /data/wwwroot/livenew.yunbaozhibo.com/wxshare/Application/Common/Common/function.php 第 219 行.
SQL: SELECT * FROM `cmf_users_vip` WHERE ( uid=21833 ) LIMIT 1   [ RunTime:0.0001s ]
SQL: SELECT * FROM `cmf_liang` WHERE ( uid=21833 and status=1 and state=1 ) LIMIT 1   [ RunTime:0.0001s ]
SQL: SELECT `id`,`user_nicename`,`avatar`,`avatar_thumb`,`sex`,`signature`,`consumption`,`votestotal`,`province`,`city`,`birthday`,`issuper` FROM `cmf_users` WHERE ( id='25688' ) LIMIT 1   [ RunTime:0.0003s ]
NOTIC: [8] Undefined variable: level_a /data/wwwroot/livenew.yunbaozhibo.com/wxshare/Application/Common/Common/function.php 第 219 行.
SQL: SELECT * FROM `cmf_users_vip` WHERE ( uid=25688 ) LIMIT 1   [ RunTime:0.0001s ]
SQL: SELECT * FROM `cmf_liang` WHERE ( uid=25688 and status=1 and state=1 ) LIMIT 1   [ RunTime:0.0001s ]
SQL: SELECT `id`,`user_nicename`,`avatar`,`avatar_thumb`,`sex`,`signature`,`consumption`,`votestotal`,`province`,`city`,`birthday`,`issuper` FROM `cmf_users` WHERE ( id='21779' ) LIMIT 1   [ RunTime:0.0002s ]
NOTIC: [8] Undefined variable: level_a /data/wwwroot/livenew.yunbaozhibo.com/wxshare/Application/Common/Common/function.php 第 219 行.
SQL: SELECT * FROM `cmf_users_vip` WHERE ( uid=21779 ) LIMIT 1   [ RunTime:0.0001s ]
SQL: SELECT * FROM `cmf_liang` WHERE ( uid=21779 and status=1 and state=1 ) LIMIT 1   [ RunTime:0.0001s ]
SQL: SELECT `id`,`user_nicename`,`avatar`,`avatar_thumb`,`sex`,`signature`,`consumption`,`votestotal`,`province`,`city`,`birthday`,`issuper` FROM `cmf_users` WHERE ( id='21788' ) LIMIT 1   [ RunTime:0.0002s ]
NOTIC: [8] Undefined variable: level_a /data/wwwroot/livenew.yunbaozhibo.com/wxshare/Application/Common/Common/function.php 第 219 行.
SQL: SELECT * FROM `cmf_users_vip` WHERE ( uid=21788 ) LIMIT 1   [ RunTime:0.0001s ]
SQL: SELECT * FROM `cmf_liang` WHERE ( uid=21788 and status=1 and state=1 ) LIMIT 1   [ RunTime:0.0001s ]
INFO: [ view_parse ] --START--
INFO: [ template_filter ] --START--
INFO: Run Behavior\ContentReplaceBehavior [ RunTime:0.000034s ]
INFO: [ template_filter ] --END-- [ RunTime:0.000054s ]
INFO: Run Behavior\ParseTemplateBehavior [ RunTime:0.003699s ]
INFO: [ view_parse ] --END-- [ RunTime:0.003720s ]
INFO: [ view_filter ] --START--
INFO: Run Behavior\WriteHtmlCacheBehavior [ RunTime:0.000108s ]
INFO: [ view_filter ] --END-- [ RunTime:0.000119s ]
INFO: [ app_end ] --START--
INFO: Run Behavior\ShowPageTraceBehavior [ RunTime:0.000299s ]
INFO: [ app_end ] --END-- [ RunTime:0.000313s ]

[ 2019-08-31T13:36:33+08:00 ] 222.77.242.180 /wxshare/index.php/Share/show?roomnum=21776
INFO: [ app_init ] --START--
INFO: Run Behavior\BuildLiteBehavior [ RunTime:0.000006s ]
INFO: [ app_init ] --END-- [ RunTime:0.000030s ]
INFO: [ app_begin ] --START--
INFO: Run Behavior\ReadHtmlCacheBehavior [ RunTime:0.000226s ]
INFO: [ app_begin ] --END-- [ RunTime:0.000242s ]
NOTIC: [2] Declaration of Home\Controller\ShareController::show() should be compatible with Think\Controller::show($content, $charset = '', $contentType = '', $prefix = '') /data/wwwroot/livenew.yunbaozhibo.com/wxshare/Application/Home/Controller/ShareController.class.php 第 900 行.
SQL: SHOW COLUMNS FROM `cmf_users_live` [ RunTime:0.0006s ]
SQL: SHOW COLUMNS FROM `cmf_users` [ RunTime:0.0006s ]
SQL: SELECT `id`,`user_nicename`,`avatar`,`avatar_thumb`,`sex`,`signature`,`consumption`,`votestotal`,`province`,`city`,`birthday`,`issuper` FROM `cmf_users` WHERE ( id='21776' ) LIMIT 1   [ RunTime:0.0001s ]
NOTIC: [8] Undefined variable: level_a /data/wwwroot/livenew.yunbaozhibo.com/wxshare/Application/Common/Common/function.php 第 219 行.
SQL: SHOW COLUMNS FROM `cmf_users_vip` [ RunTime:0.0003s ]
SQL: SELECT * FROM `cmf_users_vip` WHERE ( uid=21776 ) LIMIT 1   [ RunTime:0.0001s ]
SQL: SHOW COLUMNS FROM `cmf_liang` [ RunTime:0.0003s ]
SQL: SELECT * FROM `cmf_liang` WHERE ( uid=21776 and status=1 and state=1 ) LIMIT 1   [ RunTime:0.0001s ]
SQL: SELECT `uid`,`islive`,`stream`,`pull`,`isvideo`,`type`,`goodnum`,`wy_cid` FROM `cmf_users_live` WHERE ( uid='21776' and islive='1' ) LIMIT 1   [ RunTime:0.0003s ]
SQL: SELECT `id`,`user_login`,`user_nicename`,`avatar`,`avatar_thumb`,`sex`,`signature`,`consumption`,`votestotal`,`province`,`city`,`coin`,`votes`,`token`,`birthday`,`issuper` FROM `cmf_users` WHERE ( id='32221' ) LIMIT 1   [ RunTime:0.0001s ]
NOTIC: [8] Undefined variable: level_a /data/wwwroot/livenew.yunbaozhibo.com/wxshare/Application/Common/Common/function.php 第 219 行.
NOTIC: [8] Undefined variable: level_a /data/wwwroot/livenew.yunbaozhibo.com/wxshare/Application/Common/Common/function.php 第 250 行.
SQL: SELECT * FROM `cmf_users_vip` WHERE ( uid=32221 ) LIMIT 1   [ RunTime:0.0001s ]
SQL: SELECT * FROM `cmf_liang` WHERE ( uid=32221 and status=1 and state=1 ) LIMIT 1   [ RunTime:0.0001s ]
SQL: SHOW COLUMNS FROM `cmf_users_attention` [ RunTime:0.0003s ]
SQL: SELECT * FROM `cmf_users_attention` WHERE ( uid='32221' and touid='21776' ) LIMIT 1   [ RunTime:0.0002s ]
INFO: [ view_parse ] --START--
INFO: [ template_filter ] --START--
INFO: Run Behavior\ContentReplaceBehavior [ RunTime:0.000169s ]
INFO: [ template_filter ] --END-- [ RunTime:0.000197s ]
INFO: Run Behavior\ParseTemplateBehavior [ RunTime:0.006113s ]
INFO: [ view_parse ] --END-- [ RunTime:0.006145s ]
INFO: [ view_filter ] --START--
INFO: Run Behavior\WriteHtmlCacheBehavior [ RunTime:0.000099s ]
INFO: [ view_filter ] --END-- [ RunTime:0.000110s ]
INFO: [ app_end ] --START--
INFO: Run Behavior\ShowPageTraceBehavior [ RunTime:0.000297s ]
INFO: [ app_end ] --END-- [ RunTime:0.000311s ]

[ 2019-08-31T13:36:36+08:00 ] 222.77.242.180 /wxshare/index.php/Share/show?roomnum=21789
INFO: [ app_init ] --START--
INFO: Run Behavior\BuildLiteBehavior [ RunTime:0.000007s ]
INFO: [ app_init ] --END-- [ RunTime:0.000030s ]
INFO: [ app_begin ] --START--
INFO: Run Behavior\ReadHtmlCacheBehavior [ RunTime:0.000301s ]
INFO: [ app_begin ] --END-- [ RunTime:0.000324s ]
NOTIC: [2] Declaration of Home\Controller\ShareController::show() should be compatible with Think\Controller::show($content, $charset = '', $contentType = '', $prefix = '') /data/wwwroot/livenew.yunbaozhibo.com/wxshare/Application/Home/Controller/ShareController.class.php 第 900 行.
SQL: SHOW COLUMNS FROM `cmf_users_live` [ RunTime:0.0016s ]
SQL: SHOW COLUMNS FROM `cmf_users` [ RunTime:0.0007s ]
SQL: SELECT `id`,`user_nicename`,`avatar`,`avatar_thumb`,`sex`,`signature`,`consumption`,`votestotal`,`province`,`city`,`birthday`,`issuper` FROM `cmf_users` WHERE ( id='21789' ) LIMIT 1   [ RunTime:0.0001s ]
NOTIC: [8] Undefined variable: level_a /data/wwwroot/livenew.yunbaozhibo.com/wxshare/Application/Common/Common/function.php 第 219 行.
SQL: SHOW COLUMNS FROM `cmf_users_vip` [ RunTime:0.0003s ]
SQL: SELECT * FROM `cmf_users_vip` WHERE ( uid=21789 ) LIMIT 1   [ RunTime:0.0001s ]
SQL: SHOW COLUMNS FROM `cmf_liang` [ RunTime:0.0003s ]
SQL: SELECT * FROM `cmf_liang` WHERE ( uid=21789 and status=1 and state=1 ) LIMIT 1   [ RunTime:0.0001s ]
SQL: SELECT `uid`,`islive`,`stream`,`pull`,`isvideo`,`type`,`goodnum`,`wy_cid` FROM `cmf_users_live` WHERE ( uid='21789' and islive='1' ) LIMIT 1   [ RunTime:0.0003s ]
SQL: SELECT `id`,`user_login`,`user_nicename`,`avatar`,`avatar_thumb`,`sex`,`signature`,`consumption`,`votestotal`,`province`,`city`,`coin`,`votes`,`token`,`birthday`,`issuper` FROM `cmf_users` WHERE ( id='32221' ) LIMIT 1   [ RunTime:0.0001s ]
NOTIC: [8] Undefined variable: level_a /data/wwwroot/livenew.yunbaozhibo.com/wxshare/Application/Common/Common/function.php 第 219 行.
NOTIC: [8] Undefined variable: level_a /data/wwwroot/livenew.yunbaozhibo.com/wxshare/Application/Common/Common/function.php 第 250 行.
SQL: SELECT * FROM `cmf_users_vip` WHERE ( uid=32221 ) LIMIT 1   [ RunTime:0.0001s ]
SQL: SELECT * FROM `cmf_liang` WHERE ( uid=32221 and status=1 and state=1 ) LIMIT 1   [ RunTime:0.0001s ]
SQL: SHOW COLUMNS FROM `cmf_users_attention` [ RunTime:0.0005s ]
SQL: SELECT * FROM `cmf_users_attention` WHERE ( uid='32221' and touid='21789' ) LIMIT 1   [ RunTime:0.0003s ]
INFO: [ view_parse ] --START--
INFO: [ template_filter ] --START--
INFO: Run Behavior\ContentReplaceBehavior [ RunTime:0.000146s ]
INFO: [ template_filter ] --END-- [ RunTime:0.000175s ]
INFO: Run Behavior\ParseTemplateBehavior [ RunTime:0.006495s ]
INFO: [ view_parse ] --END-- [ RunTime:0.006532s ]
INFO: [ view_filter ] --START--
INFO: Run Behavior\WriteHtmlCacheBehavior [ RunTime:0.000105s ]
INFO: [ view_filter ] --END-- [ RunTime:0.000115s ]

[ 2019-08-31T13:36:36+08:00 ] 222.77.242.180 /wxshare/index.php/Share/show?roomnum=21789
INFO: [ app_init ] --START--
INFO: Run Behavior\BuildLiteBehavior [ RunTime:0.000007s ]
INFO: [ app_init ] --END-- [ RunTime:0.000042s ]
INFO: [ app_begin ] --START--
INFO: Run Behavior\ReadHtmlCacheBehavior [ RunTime:0.000385s ]
INFO: [ app_begin ] --END-- [ RunTime:0.000406s ]
NOTIC: [2] Declaration of Home\Controller\ShareController::show() should be compatible with Think\Controller::show($content, $charset = '', $contentType = '', $prefix = '') /data/wwwroot/livenew.yunbaozhibo.com/wxshare/Application/Home/Controller/ShareController.class.php 第 900 行.
SQL: SHOW COLUMNS FROM `cmf_users_live` [ RunTime:0.0007s ]
SQL: SHOW COLUMNS FROM `cmf_users` [ RunTime:0.0006s ]
SQL: SELECT `id`,`user_nicename`,`avatar`,`avatar_thumb`,`sex`,`signature`,`consumption`,`votestotal`,`province`,`city`,`birthday`,`issuper` FROM `cmf_users` WHERE ( id='21789' ) LIMIT 1   [ RunTime:0.0001s ]
NOTIC: [8] Undefined variable: level_a /data/wwwroot/livenew.yunbaozhibo.com/wxshare/Application/Common/Common/function.php 第 219 行.
SQL: SHOW COLUMNS FROM `cmf_users_vip` [ RunTime:0.0004s ]
SQL: SELECT * FROM `cmf_users_vip` WHERE ( uid=21789 ) LIMIT 1   [ RunTime:0.0001s ]
SQL: SHOW COLUMNS FROM `cmf_liang` [ RunTime:0.0003s ]
SQL: SELECT * FROM `cmf_liang` WHERE ( uid=21789 and status=1 and state=1 ) LIMIT 1   [ RunTime:0.0001s ]
SQL: SELECT `uid`,`islive`,`stream`,`pull`,`isvideo`,`type`,`goodnum`,`wy_cid` FROM `cmf_users_live` WHERE ( uid='21789' and islive='1' ) LIMIT 1   [ RunTime:0.0001s ]
SQL: SELECT `id`,`user_login`,`user_nicename`,`avatar`,`avatar_thumb`,`sex`,`signature`,`consumption`,`votestotal`,`province`,`city`,`coin`,`votes`,`token`,`birthday`,`issuper` FROM `cmf_users` WHERE ( id='32221' ) LIMIT 1   [ RunTime:0.0001s ]
NOTIC: [8] Undefined variable: level_a /data/wwwroot/livenew.yunbaozhibo.com/wxshare/Application/Common/Common/function.php 第 219 行.
NOTIC: [8] Undefined variable: level_a /data/wwwroot/livenew.yunbaozhibo.com/wxshare/Application/Common/Common/function.php 第 250 行.
SQL: SELECT * FROM `cmf_users_vip` WHERE ( uid=32221 ) LIMIT 1   [ RunTime:0.0001s ]
SQL: SELECT * FROM `cmf_liang` WHERE ( uid=32221 and status=1 and state=1 ) LIMIT 1   [ RunTime:0.0001s ]
SQL: SHOW COLUMNS FROM `cmf_users_attention` [ RunTime:0.0003s ]
SQL: SELECT * FROM `cmf_users_attention` WHERE ( uid='32221' and touid='21789' ) LIMIT 1   [ RunTime:0.0001s ]
INFO: [ view_parse ] --START--
INFO: [ template_filter ] --START--
INFO: Run Behavior\ContentReplaceBehavior [ RunTime:0.000153s ]
INFO: [ template_filter ] --END-- [ RunTime:0.000180s ]
INFO: Run Behavior\ParseTemplateBehavior [ RunTime:0.006406s ]
INFO: [ view_parse ] --END-- [ RunTime:0.006440s ]
INFO: [ view_filter ] --START--
INFO: Run Behavior\WriteHtmlCacheBehavior [ RunTime:0.000116s ]
INFO: [ view_filter ] --END-- [ RunTime:0.000127s ]
INFO: [ app_end ] --START--
INFO: Run Behavior\ShowPageTraceBehavior [ RunTime:0.000423s ]
INFO: [ app_end ] --END-- [ RunTime:0.000440s ]

[ 2019-08-31T13:36:39+08:00 ] 222.77.242.180 /wxshare/index.php/Share/getGift
INFO: [ app_init ] --START--
INFO: Run Behavior\BuildLiteBehavior [ RunTime:0.000008s ]
INFO: [ app_init ] --END-- [ RunTime:0.000035s ]
INFO: [ app_begin ] --START--
INFO: Run Behavior\ReadHtmlCacheBehavior [ RunTime:0.000239s ]
INFO: [ app_begin ] --END-- [ RunTime:0.000256s ]
NOTIC: [2] Declaration of Home\Controller\ShareController::show() should be compatible with Think\Controller::show($content, $charset = '', $contentType = '', $prefix = '') /data/wwwroot/livenew.yunbaozhibo.com/wxshare/Application/Home/Controller/ShareController.class.php 第 900 行.
SQL: SHOW COLUMNS FROM `cmf_gift` [ RunTime:0.0006s ]
SQL: SELECT `id`,`type`,`giftname`,`needcoin`,`gifticon` FROM `cmf_gift` ORDER BY orderno asc  [ RunTime:0.0002s ]

[ 2019-08-31T13:36:40+08:00 ] 222.77.242.180 /wxshare/index.php/Share/show?roomnum=21789
INFO: [ app_init ] --START--
INFO: Run Behavior\BuildLiteBehavior [ RunTime:0.000009s ]
INFO: [ app_init ] --END-- [ RunTime:0.000043s ]
INFO: [ app_begin ] --START--
INFO: Run Behavior\ReadHtmlCacheBehavior [ RunTime:0.000285s ]
INFO: [ app_begin ] --END-- [ RunTime:0.000304s ]
NOTIC: [2] Declaration of Home\Controller\ShareController::show() should be compatible with Think\Controller::show($content, $charset = '', $contentType = '', $prefix = '') /data/wwwroot/livenew.yunbaozhibo.com/wxshare/Application/Home/Controller/ShareController.class.php 第 900 行.
SQL: SHOW COLUMNS FROM `cmf_users_live` [ RunTime:0.0007s ]
SQL: SHOW COLUMNS FROM `cmf_users` [ RunTime:0.0007s ]
SQL: SELECT `id`,`user_nicename`,`avatar`,`avatar_thumb`,`sex`,`signature`,`consumption`,`votestotal`,`province`,`city`,`birthday`,`issuper` FROM `cmf_users` WHERE ( id='21789' ) LIMIT 1   [ RunTime:0.0001s ]
NOTIC: [8] Undefined variable: level_a /data/wwwroot/livenew.yunbaozhibo.com/wxshare/Application/Common/Common/function.php 第 219 行.
SQL: SHOW COLUMNS FROM `cmf_users_vip` [ RunTime:0.0004s ]
SQL: SELECT * FROM `cmf_users_vip` WHERE ( uid=21789 ) LIMIT 1   [ RunTime:0.0001s ]
SQL: SHOW COLUMNS FROM `cmf_liang` [ RunTime:0.0003s ]
SQL: SELECT * FROM `cmf_liang` WHERE ( uid=21789 and status=1 and state=1 ) LIMIT 1   [ RunTime:0.0001s ]
SQL: SELECT `uid`,`islive`,`stream`,`pull`,`isvideo`,`type`,`goodnum`,`wy_cid` FROM `cmf_users_live` WHERE ( uid='21789' and islive='1' ) LIMIT 1   [ RunTime:0.0001s ]
SQL: SELECT `id`,`user_login`,`user_nicename`,`avatar`,`avatar_thumb`,`sex`,`signature`,`consumption`,`votestotal`,`province`,`city`,`coin`,`votes`,`token`,`birthday`,`issuper` FROM `cmf_users` WHERE ( id='32221' ) LIMIT 1   [ RunTime:0.0001s ]
NOTIC: [8] Undefined variable: level_a /data/wwwroot/livenew.yunbaozhibo.com/wxshare/Application/Common/Common/function.php 第 219 行.
NOTIC: [8] Undefined variable: level_a /data/wwwroot/livenew.yunbaozhibo.com/wxshare/Application/Common/Common/function.php 第 250 行.
SQL: SELECT * FROM `cmf_users_vip` WHERE ( uid=32221 ) LIMIT 1   [ RunTime:0.0001s ]
SQL: SELECT * FROM `cmf_liang` WHERE ( uid=32221 and status=1 and state=1 ) LIMIT 1   [ RunTime:0.0001s ]
SQL: SHOW COLUMNS FROM `cmf_users_attention` [ RunTime:0.0005s ]
SQL: SELECT * FROM `cmf_users_attention` WHERE ( uid='32221' and touid='21789' ) LIMIT 1   [ RunTime:0.0001s ]
INFO: [ view_parse ] --START--
INFO: [ template_filter ] --START--
INFO: Run Behavior\ContentReplaceBehavior [ RunTime:0.000151s ]
INFO: [ template_filter ] --END-- [ RunTime:0.000180s ]
INFO: Run Behavior\ParseTemplateBehavior [ RunTime:0.006462s ]
INFO: [ view_parse ] --END-- [ RunTime:0.006498s ]
INFO: [ view_filter ] --START--
INFO: Run Behavior\WriteHtmlCacheBehavior [ RunTime:0.000118s ]
INFO: [ view_filter ] --END-- [ RunTime:0.000129s ]
INFO: [ app_end ] --START--
INFO: Run Behavior\ShowPageTraceBehavior [ RunTime:0.000349s ]
INFO: [ app_end ] --END-- [ RunTime:0.000368s ]

[ 2019-08-31T13:37:03+08:00 ] 61.151.178.175 /wxshare/index.php/Share/wxLogin?roomnum=21777
INFO: [ app_init ] --START--
INFO: Run Behavior\BuildLiteBehavior [ RunTime:0.000009s ]
INFO: [ app_init ] --END-- [ RunTime:0.000036s ]
INFO: [ app_begin ] --START--
INFO: Run Behavior\ReadHtmlCacheBehavior [ RunTime:0.000288s ]
INFO: [ app_begin ] --END-- [ RunTime:0.000308s ]
NOTIC: [2] Declaration of Home\Controller\ShareController::show() should be compatible with Think\Controller::show($content, $charset = '', $contentType = '', $prefix = '') /data/wwwroot/livenew.yunbaozhibo.com/wxshare/Application/Home/Controller/ShareController.class.php 第 900 行.
NOTIC: [8] A session had already been started - ignoring session_start() /data/wwwroot/livenew.yunbaozhibo.com/wxshare/Application/Home/Controller/ShareController.class.php 第 133 行.
INFO: [ app_end ] --START--
INFO: Run Behavior\ShowPageTraceBehavior [ RunTime:0.000372s ]
INFO: [ app_end ] --END-- [ RunTime:0.000399s ]

[ 2019-08-31T15:29:51+08:00 ] 27.200.248.137 /wxshare/index.php/Share/show?roomnum=21797
INFO: [ app_init ] --START--
INFO: Run Behavior\BuildLiteBehavior [ RunTime:0.000010s ]
INFO: [ app_init ] --END-- [ RunTime:0.000047s ]
INFO: [ app_begin ] --START--
INFO: Run Behavior\ReadHtmlCacheBehavior [ RunTime:0.001945s ]
INFO: [ app_begin ] --END-- [ RunTime:0.002001s ]
NOTIC: [2] Declaration of Home\Controller\ShareController::show() should be compatible with Think\Controller::show($content, $charset = '', $contentType = '', $prefix = '') /data/wwwroot/livenew.yunbaozhibo.com/wxshare/Application/Home/Controller/ShareController.class.php 第 900 行.
SQL: SHOW COLUMNS FROM `cmf_users_live` [ RunTime:0.0007s ]
SQL: SHOW COLUMNS FROM `cmf_users` [ RunTime:0.0007s ]
SQL: SELECT `id`,`user_nicename`,`avatar`,`avatar_thumb`,`sex`,`signature`,`consumption`,`votestotal`,`province`,`city`,`birthday`,`issuper` FROM `cmf_users` WHERE ( id='21797' ) LIMIT 1   [ RunTime:0.0003s ]
NOTIC: [8] Undefined variable: level_a /data/wwwroot/livenew.yunbaozhibo.com/wxshare/Application/Common/Common/function.php 第 219 行.
SQL: SHOW COLUMNS FROM `cmf_users_vip` [ RunTime:0.0003s ]
SQL: SELECT * FROM `cmf_users_vip` WHERE ( uid=21797 ) LIMIT 1   [ RunTime:0.0004s ]
SQL: SHOW COLUMNS FROM `cmf_liang` [ RunTime:0.0003s ]
SQL: SELECT * FROM `cmf_liang` WHERE ( uid=21797 and status=1 and state=1 ) LIMIT 1   [ RunTime:0.0003s ]
SQL: SELECT `uid`,`islive`,`stream`,`pull`,`isvideo`,`type`,`goodnum`,`wy_cid` FROM `cmf_users_live` WHERE ( uid='21797' and islive='1' ) LIMIT 1   [ RunTime:0.0002s ]
NOTIC: [8] Undefined variable: userinfo /data/wwwroot/livenew.yunbaozhibo.com/wxshare/Application/Home/Controller/ShareController.class.php 第 102 行.
NOTIC: [8] Undefined variable: userinfo /data/wwwroot/livenew.yunbaozhibo.com/wxshare/Application/Home/Controller/ShareController.class.php 第 103 行.
INFO: [ view_parse ] --START--
INFO: [ template_filter ] --START--
INFO: Run Behavior\ContentReplaceBehavior [ RunTime:0.000164s ]
INFO: [ template_filter ] --END-- [ RunTime:0.000202s ]
INFO: Run Behavior\ParseTemplateBehavior [ RunTime:0.049017s ]
INFO: [ view_parse ] --END-- [ RunTime:0.049082s ]
INFO: [ view_filter ] --START--
INFO: Run Behavior\WriteHtmlCacheBehavior [ RunTime:0.006269s ]
INFO: [ view_filter ] --END-- [ RunTime:0.006331s ]
INFO: [ app_end ] --START--
INFO: Run Behavior\ShowPageTraceBehavior [ RunTime:0.001320s ]
INFO: [ app_end ] --END-- [ RunTime:0.001356s ]

[ 2019-08-31T15:29:52+08:00 ] 27.200.248.137 /wxshare/index.php/Share/wxLogin?roomnum=21797
INFO: [ app_init ] --START--
INFO: Run Behavior\BuildLiteBehavior [ RunTime:0.000007s ]
INFO: [ app_init ] --END-- [ RunTime:0.000032s ]
INFO: [ app_begin ] --START--
INFO: Run Behavior\ReadHtmlCacheBehavior [ RunTime:0.000295s ]
INFO: [ app_begin ] --END-- [ RunTime:0.000317s ]
NOTIC: [2] Declaration of Home\Controller\ShareController::show() should be compatible with Think\Controller::show($content, $charset = '', $contentType = '', $prefix = '') /data/wwwroot/livenew.yunbaozhibo.com/wxshare/Application/Home/Controller/ShareController.class.php 第 900 行.
NOTIC: [8] A session had already been started - ignoring session_start() /data/wwwroot/livenew.yunbaozhibo.com/wxshare/Application/Home/Controller/ShareController.class.php 第 133 行.
INFO: [ app_end ] --START--
INFO: Run Behavior\ShowPageTraceBehavior [ RunTime:0.000325s ]
INFO: [ app_end ] --END-- [ RunTime:0.000344s ]

[ 2019-08-31T15:29:53+08:00 ] 27.200.248.137 /wxshare/index.php/Share/wxLoginCallback?roomnum=21797&code=081hX6861ukRBM1O90861dY3861hX68b&state=e36dd0ed6e4825624a4984478a8a2032
INFO: [ app_init ] --START--
INFO: Run Behavior\BuildLiteBehavior [ RunTime:0.000008s ]
INFO: [ app_init ] --END-- [ RunTime:0.000033s ]
INFO: [ app_begin ] --START--
INFO: Run Behavior\ReadHtmlCacheBehavior [ RunTime:0.000308s ]
INFO: [ app_begin ] --END-- [ RunTime:0.000332s ]
NOTIC: [2] Declaration of Home\Controller\ShareController::show() should be compatible with Think\Controller::show($content, $charset = '', $contentType = '', $prefix = '') /data/wwwroot/livenew.yunbaozhibo.com/wxshare/Application/Home/Controller/ShareController.class.php 第 900 行.
SQL: SHOW COLUMNS FROM `cmf_users` [ RunTime:0.0008s ]
SQL: SELECT `id`,`user_login`,`user_nicename`,`avatar`,`avatar_thumb`,`sex`,`signature`,`consumption`,`votestotal`,`province`,`city`,`coin`,`votes`,`birthday`,`issuper` FROM `cmf_users` WHERE ( openid!='' and openid='oAPK4wQc_gZMYbB8m9eOtF23i9J8' ) LIMIT 1   [ RunTime:0.0057s ]
SQL: UPDATE `cmf_users` SET `token`='4c2d27cc4756383dfc2e1795b8ebfdc7',`expiretime`='1593156593' WHERE ( id='27887' ) [ RunTime:0.0039s ]
INFO: [ app_end ] --START--
INFO: Run Behavior\ShowPageTraceBehavior [ RunTime:0.000405s ]
INFO: [ app_end ] --END-- [ RunTime:0.000431s ]

[ 2019-08-31T15:29:53+08:00 ] 27.200.248.137 /wxshare/index.php/Share/show?roomnum=21797
INFO: [ app_init ] --START--
INFO: Run Behavior\BuildLiteBehavior [ RunTime:0.000007s ]
INFO: [ app_init ] --END-- [ RunTime:0.000036s ]
INFO: [ app_begin ] --START--
INFO: Run Behavior\ReadHtmlCacheBehavior [ RunTime:0.000262s ]
INFO: [ app_begin ] --END-- [ RunTime:0.000282s ]
NOTIC: [2] Declaration of Home\Controller\ShareController::show() should be compatible with Think\Controller::show($content, $charset = '', $contentType = '', $prefix = '') /data/wwwroot/livenew.yunbaozhibo.com/wxshare/Application/Home/Controller/ShareController.class.php 第 900 行.
SQL: SHOW COLUMNS FROM `cmf_users_live` [ RunTime:0.0007s ]
SQL: SHOW COLUMNS FROM `cmf_users` [ RunTime:0.0007s ]
SQL: SELECT `id`,`user_nicename`,`avatar`,`avatar_thumb`,`sex`,`signature`,`consumption`,`votestotal`,`province`,`city`,`birthday`,`issuper` FROM `cmf_users` WHERE ( id='21797' ) LIMIT 1   [ RunTime:0.0004s ]
NOTIC: [8] Undefined variable: level_a /data/wwwroot/livenew.yunbaozhibo.com/wxshare/Application/Common/Common/function.php 第 219 行.
SQL: SHOW COLUMNS FROM `cmf_users_vip` [ RunTime:0.0003s ]
SQL: SELECT * FROM `cmf_users_vip` WHERE ( uid=21797 ) LIMIT 1   [ RunTime:0.0001s ]
SQL: SHOW COLUMNS FROM `cmf_liang` [ RunTime:0.0003s ]
SQL: SELECT * FROM `cmf_liang` WHERE ( uid=21797 and status=1 and state=1 ) LIMIT 1   [ RunTime:0.0001s ]
SQL: SELECT `uid`,`islive`,`stream`,`pull`,`isvideo`,`type`,`goodnum`,`wy_cid` FROM `cmf_users_live` WHERE ( uid='21797' and islive='1' ) LIMIT 1   [ RunTime:0.0001s ]
SQL: SELECT `id`,`user_login`,`user_nicename`,`avatar`,`avatar_thumb`,`sex`,`signature`,`consumption`,`votestotal`,`province`,`city`,`coin`,`votes`,`token`,`birthday`,`issuper` FROM `cmf_users` WHERE ( id='27887' ) LIMIT 1   [ RunTime:0.0003s ]
NOTIC: [8] Undefined variable: level_a /data/wwwroot/livenew.yunbaozhibo.com/wxshare/Application/Common/Common/function.php 第 250 行.
SQL: SELECT * FROM `cmf_liang` WHERE ( uid=27887 and status=1 and state=1 ) LIMIT 1   [ RunTime:0.0003s ]
SQL: SHOW COLUMNS FROM `cmf_users_attention` [ RunTime:0.0003s ]
SQL: SELECT * FROM `cmf_users_attention` WHERE ( uid='27887' and touid='21797' ) LIMIT 1   [ RunTime:0.0003s ]
INFO: [ view_parse ] --START--
INFO: [ template_filter ] --START--
INFO: Run Behavior\ContentReplaceBehavior [ RunTime:0.000146s ]
INFO: [ template_filter ] --END-- [ RunTime:0.000173s ]
INFO: Run Behavior\ParseTemplateBehavior [ RunTime:0.005771s ]
INFO: [ view_parse ] --END-- [ RunTime:0.005796s ]
INFO: [ view_filter ] --START--
INFO: Run Behavior\WriteHtmlCacheBehavior [ RunTime:0.000224s ]
INFO: [ view_filter ] --END-- [ RunTime:0.000237s ]
INFO: [ app_end ] --START--
INFO: Run Behavior\ShowPageTraceBehavior [ RunTime:0.000331s ]
INFO: [ app_end ] --END-- [ RunTime:0.000352s ]

[ 2019-08-31T15:29:55+08:00 ] 27.200.248.137 /wxshare/index.php/Share/getGift
INFO: [ app_init ] --START--
INFO: Run Behavior\BuildLiteBehavior [ RunTime:0.000007s ]
INFO: [ app_init ] --END-- [ RunTime:0.000031s ]
INFO: [ app_begin ] --START--
INFO: Run Behavior\ReadHtmlCacheBehavior [ RunTime:0.000251s ]
INFO: [ app_begin ] --END-- [ RunTime:0.000273s ]
NOTIC: [2] Declaration of Home\Controller\ShareController::show() should be compatible with Think\Controller::show($content, $charset = '', $contentType = '', $prefix = '') /data/wwwroot/livenew.yunbaozhibo.com/wxshare/Application/Home/Controller/ShareController.class.php 第 900 行.
SQL: SHOW COLUMNS FROM `cmf_gift` [ RunTime:0.0008s ]
SQL: SELECT `id`,`type`,`giftname`,`needcoin`,`gifticon` FROM `cmf_gift` ORDER BY orderno asc  [ RunTime:0.0005s ]

[ 2019-08-31T21:53:16+08:00 ] 111.196.214.177 /wxshare/index.php/Share/show?roomnum=21790&from=singlemessage
INFO: [ app_init ] --START--
INFO: Run Behavior\BuildLiteBehavior [ RunTime:0.000009s ]
INFO: [ app_init ] --END-- [ RunTime:0.000039s ]
INFO: [ app_begin ] --START--
INFO: Run Behavior\ReadHtmlCacheBehavior [ RunTime:0.000886s ]
INFO: [ app_begin ] --END-- [ RunTime:0.000910s ]
NOTIC: [2] Declaration of Home\Controller\ShareController::show() should be compatible with Think\Controller::show($content, $charset = '', $contentType = '', $prefix = '') /data/wwwroot/livenew.yunbaozhibo.com/wxshare/Application/Home/Controller/ShareController.class.php 第 900 行.
SQL: SHOW COLUMNS FROM `cmf_users_live` [ RunTime:0.0007s ]
SQL: SHOW COLUMNS FROM `cmf_users` [ RunTime:0.0007s ]
SQL: SELECT `id`,`user_nicename`,`avatar`,`avatar_thumb`,`sex`,`signature`,`consumption`,`votestotal`,`province`,`city`,`birthday`,`issuper` FROM `cmf_users` WHERE ( id='21790' ) LIMIT 1   [ RunTime:0.0005s ]
NOTIC: [8] Undefined variable: level_a /data/wwwroot/livenew.yunbaozhibo.com/wxshare/Application/Common/Common/function.php 第 219 行.
SQL: SHOW COLUMNS FROM `cmf_users_vip` [ RunTime:0.0004s ]
SQL: SELECT * FROM `cmf_users_vip` WHERE ( uid=21790 ) LIMIT 1   [ RunTime:0.0004s ]
SQL: SHOW COLUMNS FROM `cmf_liang` [ RunTime:0.0004s ]
SQL: SELECT * FROM `cmf_liang` WHERE ( uid=21790 and status=1 and state=1 ) LIMIT 1   [ RunTime:0.0002s ]
SQL: SELECT `uid`,`islive`,`stream`,`pull`,`isvideo`,`type`,`goodnum`,`wy_cid` FROM `cmf_users_live` WHERE ( uid='21790' and islive='1' ) LIMIT 1   [ RunTime:0.0002s ]
NOTIC: [8] Undefined variable: userinfo /data/wwwroot/livenew.yunbaozhibo.com/wxshare/Application/Home/Controller/ShareController.class.php 第 102 行.
NOTIC: [8] Undefined variable: userinfo /data/wwwroot/livenew.yunbaozhibo.com/wxshare/Application/Home/Controller/ShareController.class.php 第 103 行.
INFO: [ view_parse ] --START--
INFO: [ template_filter ] --START--
INFO: Run Behavior\ContentReplaceBehavior [ RunTime:0.000149s ]
INFO: [ template_filter ] --END-- [ RunTime:0.000181s ]
INFO: Run Behavior\ParseTemplateBehavior [ RunTime:0.061302s ]
INFO: [ view_parse ] --END-- [ RunTime:0.061340s ]
INFO: [ view_filter ] --START--
INFO: Run Behavior\WriteHtmlCacheBehavior [ RunTime:0.000858s ]
INFO: [ view_filter ] --END-- [ RunTime:0.000880s ]
INFO: [ app_end ] --START--
INFO: Run Behavior\ShowPageTraceBehavior [ RunTime:0.000889s ]
INFO: [ app_end ] --END-- [ RunTime:0.000911s ]

[ 2019-08-31T21:53:16+08:00 ] 111.196.214.177 /wxshare/index.php/Share/wxLogin?roomnum=21790
INFO: [ app_init ] --START--
INFO: Run Behavior\BuildLiteBehavior [ RunTime:0.000007s ]
INFO: [ app_init ] --END-- [ RunTime:0.000032s ]
INFO: [ app_begin ] --START--
INFO: Run Behavior\ReadHtmlCacheBehavior [ RunTime:0.000250s ]
INFO: [ app_begin ] --END-- [ RunTime:0.000269s ]
NOTIC: [2] Declaration of Home\Controller\ShareController::show() should be compatible with Think\Controller::show($content, $charset = '', $contentType = '', $prefix = '') /data/wwwroot/livenew.yunbaozhibo.com/wxshare/Application/Home/Controller/ShareController.class.php 第 900 行.
NOTIC: [8] A session had already been started - ignoring session_start() /data/wwwroot/livenew.yunbaozhibo.com/wxshare/Application/Home/Controller/ShareController.class.php 第 133 行.
INFO: [ app_end ] --START--
INFO: Run Behavior\ShowPageTraceBehavior [ RunTime:0.000317s ]
INFO: [ app_end ] --END-- [ RunTime:0.000336s ]

[ 2019-08-31T21:53:19+08:00 ] 111.196.214.177 /wxshare/index.php/Share/wxLoginCallback?roomnum=21790&code=081wZvIX1lV3IZ0f3FLX1NXgIX1wZvIq&state=7e30520c523dfd7477c59a5efc785d67
INFO: [ app_init ] --START--
INFO: Run Behavior\BuildLiteBehavior [ RunTime:0.000007s ]
INFO: [ app_init ] --END-- [ RunTime:0.000031s ]
INFO: [ app_begin ] --START--
INFO: Run Behavior\ReadHtmlCacheBehavior [ RunTime:0.000233s ]
INFO: [ app_begin ] --END-- [ RunTime:0.000251s ]
NOTIC: [2] Declaration of Home\Controller\ShareController::show() should be compatible with Think\Controller::show($content, $charset = '', $contentType = '', $prefix = '') /data/wwwroot/livenew.yunbaozhibo.com/wxshare/Application/Home/Controller/ShareController.class.php 第 900 行.
SQL: SHOW COLUMNS FROM `cmf_users` [ RunTime:0.0007s ]
SQL: SELECT `id`,`user_login`,`user_nicename`,`avatar`,`avatar_thumb`,`sex`,`signature`,`consumption`,`votestotal`,`province`,`city`,`coin`,`votes`,`birthday`,`issuper` FROM `cmf_users` WHERE ( openid!='' and openid='oAPK4wRiKCuKV5WPm_dXhtD613Pw' ) LIMIT 1   [ RunTime:0.0094s ]
SQL: INSERT INTO `cmf_users` (`openid`,`user_login`,`user_pass`,`user_nicename`,`sex`,`avatar`,`avatar_thumb`,`login_type`,`last_login_ip`,`create_time`,`last_login_time`,`user_status`,`user_type`,`signature`) VALUES ('oAPK4wRiKCuKV5WPm_dXhtD613Pw','wx_156725959913Pw','###73b13b8b4d767f6c3c2953f123d1a721',' 邻家姑娘～','0','http://thirdwx.qlogo.cn/mmopen/vi_32/toDdTIRxRCgUjfOywib7U8LVpbicvQ2hJ1sVd0icKNCksXvNTqLia6Ww7RH1RgBY6sEiaMaEeian7IZah3nNicnSaKHicA/132','http://thirdwx.qlogo.cn/mmopen/vi_32/toDdTIRxRCgUjfOywib7U8LVpbicvQ2hJ1sVd0icKNCksXvNTqLia6Ww7RH1RgBY6sEiaMaEeian7IZah3nNicnSaKHicA/132','wx','111.196.214.177','2019-08-31 21:53:19','2019-08-31 21:53:19','1','2','这家伙很懒，什么都没留下') [ RunTime:0.0044s ]
SQL: SELECT `id`,`user_login`,`user_nicename`,`avatar`,`avatar_thumb`,`sex`,`signature`,`consumption`,`votestotal`,`province`,`city`,`coin`,`votes`,`birthday`,`issuper` FROM `cmf_users` WHERE ( id='32231' ) LIMIT 1   [ RunTime:0.0006s ]
NOTIC: [8] Undefined variable: level_a /data/wwwroot/livenew.yunbaozhibo.com/wxshare/Application/Common/Common/function.php 第 219 行.
SQL: UPDATE `cmf_users` SET `token`='425f52d4bdea89af046cc5cba5e2d25a',`expiretime`='1593179599' WHERE ( id='32231' ) [ RunTime:0.0041s ]
INFO: [ app_end ] --START--
INFO: Run Behavior\ShowPageTraceBehavior [ RunTime:0.000461s ]
INFO: [ app_end ] --END-- [ RunTime:0.000487s ]

[ 2019-08-31T21:53:20+08:00 ] 111.196.214.177 /wxshare/index.php/Share/show?roomnum=21790
INFO: [ app_init ] --START--
INFO: Run Behavior\BuildLiteBehavior [ RunTime:0.000009s ]
INFO: [ app_init ] --END-- [ RunTime:0.000038s ]
INFO: [ app_begin ] --START--
INFO: Run Behavior\ReadHtmlCacheBehavior [ RunTime:0.000258s ]
INFO: [ app_begin ] --END-- [ RunTime:0.000277s ]
NOTIC: [2] Declaration of Home\Controller\ShareController::show() should be compatible with Think\Controller::show($content, $charset = '', $contentType = '', $prefix = '') /data/wwwroot/livenew.yunbaozhibo.com/wxshare/Application/Home/Controller/ShareController.class.php 第 900 行.
SQL: SHOW COLUMNS FROM `cmf_users_live` [ RunTime:0.0007s ]
SQL: SHOW COLUMNS FROM `cmf_users` [ RunTime:0.0007s ]
SQL: SELECT `id`,`user_nicename`,`avatar`,`avatar_thumb`,`sex`,`signature`,`consumption`,`votestotal`,`province`,`city`,`birthday`,`issuper` FROM `cmf_users` WHERE ( id='21790' ) LIMIT 1   [ RunTime:0.0005s ]
NOTIC: [8] Undefined variable: level_a /data/wwwroot/livenew.yunbaozhibo.com/wxshare/Application/Common/Common/function.php 第 219 行.
SQL: SHOW COLUMNS FROM `cmf_users_vip` [ RunTime:0.0004s ]
SQL: SELECT * FROM `cmf_users_vip` WHERE ( uid=21790 ) LIMIT 1   [ RunTime:0.0001s ]
SQL: SHOW COLUMNS FROM `cmf_liang` [ RunTime:0.0004s ]
SQL: SELECT * FROM `cmf_liang` WHERE ( uid=21790 and status=1 and state=1 ) LIMIT 1   [ RunTime:0.0001s ]
SQL: SELECT `uid`,`islive`,`stream`,`pull`,`isvideo`,`type`,`goodnum`,`wy_cid` FROM `cmf_users_live` WHERE ( uid='21790' and islive='1' ) LIMIT 1   [ RunTime:0.0001s ]
SQL: SELECT `id`,`user_login`,`user_nicename`,`avatar`,`avatar_thumb`,`sex`,`signature`,`consumption`,`votestotal`,`province`,`city`,`coin`,`votes`,`token`,`birthday`,`issuper` FROM `cmf_users` WHERE ( id='32231' ) LIMIT 1   [ RunTime:0.0003s ]
NOTIC: [8] Undefined variable: level_a /data/wwwroot/livenew.yunbaozhibo.com/wxshare/Application/Common/Common/function.php 第 219 行.
NOTIC: [8] Undefined variable: level_a /data/wwwroot/livenew.yunbaozhibo.com/wxshare/Application/Common/Common/function.php 第 250 行.
SQL: SELECT * FROM `cmf_users_vip` WHERE ( uid=32231 ) LIMIT 1   [ RunTime:0.0003s ]
SQL: SELECT * FROM `cmf_liang` WHERE ( uid=32231 and status=1 and state=1 ) LIMIT 1   [ RunTime:0.0003s ]
SQL: SHOW COLUMNS FROM `cmf_users_attention` [ RunTime:0.0004s ]
SQL: SELECT * FROM `cmf_users_attention` WHERE ( uid='32231' and touid='21790' ) LIMIT 1   [ RunTime:0.0003s ]
INFO: [ view_parse ] --START--
INFO: [ template_filter ] --START--
INFO: Run Behavior\ContentReplaceBehavior [ RunTime:0.000145s ]
INFO: [ template_filter ] --END-- [ RunTime:0.000173s ]
INFO: Run Behavior\ParseTemplateBehavior [ RunTime:0.006060s ]
INFO: [ view_parse ] --END-- [ RunTime:0.006085s ]
INFO: [ view_filter ] --START--
INFO: Run Behavior\WriteHtmlCacheBehavior [ RunTime:0.000112s ]
INFO: [ view_filter ] --END-- [ RunTime:0.000124s ]
INFO: [ app_end ] --START--
INFO: Run Behavior\ShowPageTraceBehavior [ RunTime:0.000434s ]
INFO: [ app_end ] --END-- [ RunTime:0.000454s ]

[ 2019-08-31T21:53:21+08:00 ] 111.196.214.177 /wxshare/index.php/Share/getGift
INFO: [ app_init ] --START--
INFO: Run Behavior\BuildLiteBehavior [ RunTime:0.000009s ]
INFO: [ app_init ] --END-- [ RunTime:0.000043s ]
INFO: [ app_begin ] --START--
INFO: Run Behavior\ReadHtmlCacheBehavior [ RunTime:0.000255s ]
INFO: [ app_begin ] --END-- [ RunTime:0.000275s ]
NOTIC: [2] Declaration of Home\Controller\ShareController::show() should be compatible with Think\Controller::show($content, $charset = '', $contentType = '', $prefix = '') /data/wwwroot/livenew.yunbaozhibo.com/wxshare/Application/Home/Controller/ShareController.class.php 第 900 行.
SQL: SHOW COLUMNS FROM `cmf_gift` [ RunTime:0.0006s ]
SQL: SELECT `id`,`type`,`giftname`,`needcoin`,`gifticon` FROM `cmf_gift` ORDER BY orderno asc  [ RunTime:0.0005s ]

[ 2019-08-31T21:53:21+08:00 ] 111.196.214.177 /wxshare/index.php/Share/show?roomnum=21790
INFO: [ app_init ] --START--
INFO: Run Behavior\BuildLiteBehavior [ RunTime:0.000007s ]
INFO: [ app_init ] --END-- [ RunTime:0.000032s ]
INFO: [ app_begin ] --START--
INFO: Run Behavior\ReadHtmlCacheBehavior [ RunTime:0.000248s ]
INFO: [ app_begin ] --END-- [ RunTime:0.000273s ]
NOTIC: [2] Declaration of Home\Controller\ShareController::show() should be compatible with Think\Controller::show($content, $charset = '', $contentType = '', $prefix = '') /data/wwwroot/livenew.yunbaozhibo.com/wxshare/Application/Home/Controller/ShareController.class.php 第 900 行.
SQL: SHOW COLUMNS FROM `cmf_users_live` [ RunTime:0.0007s ]
SQL: SHOW COLUMNS FROM `cmf_users` [ RunTime:0.0006s ]
SQL: SELECT `id`,`user_nicename`,`avatar`,`avatar_thumb`,`sex`,`signature`,`consumption`,`votestotal`,`province`,`city`,`birthday`,`issuper` FROM `cmf_users` WHERE ( id='21790' ) LIMIT 1   [ RunTime:0.0001s ]
NOTIC: [8] Undefined variable: level_a /data/wwwroot/livenew.yunbaozhibo.com/wxshare/Application/Common/Common/function.php 第 219 行.
SQL: SHOW COLUMNS FROM `cmf_users_vip` [ RunTime:0.0004s ]
SQL: SELECT * FROM `cmf_users_vip` WHERE ( uid=21790 ) LIMIT 1   [ RunTime:0.0001s ]
SQL: SHOW COLUMNS FROM `cmf_liang` [ RunTime:0.0004s ]
SQL: SELECT * FROM `cmf_liang` WHERE ( uid=21790 and status=1 and state=1 ) LIMIT 1   [ RunTime:0.0001s ]
SQL: SELECT `uid`,`islive`,`stream`,`pull`,`isvideo`,`type`,`goodnum`,`wy_cid` FROM `cmf_users_live` WHERE ( uid='21790' and islive='1' ) LIMIT 1   [ RunTime:0.0001s ]
SQL: SELECT `id`,`user_login`,`user_nicename`,`avatar`,`avatar_thumb`,`sex`,`signature`,`consumption`,`votestotal`,`province`,`city`,`coin`,`votes`,`token`,`birthday`,`issuper` FROM `cmf_users` WHERE ( id='32231' ) LIMIT 1   [ RunTime:0.0001s ]
NOTIC: [8] Undefined variable: level_a /data/wwwroot/livenew.yunbaozhibo.com/wxshare/Application/Common/Common/function.php 第 219 行.
NOTIC: [8] Undefined variable: level_a /data/wwwroot/livenew.yunbaozhibo.com/wxshare/Application/Common/Common/function.php 第 250 行.
SQL: SELECT * FROM `cmf_users_vip` WHERE ( uid=32231 ) LIMIT 1   [ RunTime:0.0001s ]
SQL: SELECT * FROM `cmf_liang` WHERE ( uid=32231 and status=1 and state=1 ) LIMIT 1   [ RunTime:0.0001s ]
SQL: SHOW COLUMNS FROM `cmf_users_attention` [ RunTime:0.0004s ]
SQL: SELECT * FROM `cmf_users_attention` WHERE ( uid='32231' and touid='21790' ) LIMIT 1   [ RunTime:0.0001s ]
INFO: [ view_parse ] --START--
INFO: [ template_filter ] --START--
INFO: Run Behavior\ContentReplaceBehavior [ RunTime:0.000144s ]
INFO: [ template_filter ] --END-- [ RunTime:0.000173s ]
INFO: Run Behavior\ParseTemplateBehavior [ RunTime:0.005794s ]
INFO: [ view_parse ] --END-- [ RunTime:0.005821s ]
INFO: [ view_filter ] --START--
INFO: Run Behavior\WriteHtmlCacheBehavior [ RunTime:0.000109s ]
INFO: [ view_filter ] --END-- [ RunTime:0.000125s ]
INFO: [ app_end ] --START--
INFO: Run Behavior\ShowPageTraceBehavior [ RunTime:0.000282s ]
INFO: [ app_end ] --END-- [ RunTime:0.000296s ]

[ 2019-08-31T21:59:11+08:00 ] 111.196.214.177 /wxshare/index.php/Share/show?roomnum=21790&from=singlemessage
INFO: [ app_init ] --START--
INFO: Run Behavior\BuildLiteBehavior [ RunTime:0.000007s ]
INFO: [ app_init ] --END-- [ RunTime:0.000034s ]
INFO: [ app_begin ] --START--
INFO: Run Behavior\ReadHtmlCacheBehavior [ RunTime:0.000257s ]
INFO: [ app_begin ] --END-- [ RunTime:0.000277s ]
NOTIC: [2] Declaration of Home\Controller\ShareController::show() should be compatible with Think\Controller::show($content, $charset = '', $contentType = '', $prefix = '') /data/wwwroot/livenew.yunbaozhibo.com/wxshare/Application/Home/Controller/ShareController.class.php 第 900 行.
SQL: SHOW COLUMNS FROM `cmf_users_live` [ RunTime:0.0011s ]
SQL: SHOW COLUMNS FROM `cmf_users` [ RunTime:0.0006s ]
SQL: SELECT `id`,`user_nicename`,`avatar`,`avatar_thumb`,`sex`,`signature`,`consumption`,`votestotal`,`province`,`city`,`birthday`,`issuper` FROM `cmf_users` WHERE ( id='21790' ) LIMIT 1   [ RunTime:0.0001s ]
NOTIC: [8] Undefined variable: level_a /data/wwwroot/livenew.yunbaozhibo.com/wxshare/Application/Common/Common/function.php 第 219 行.
SQL: SHOW COLUMNS FROM `cmf_users_vip` [ RunTime:0.0003s ]
SQL: SELECT * FROM `cmf_users_vip` WHERE ( uid=21790 ) LIMIT 1   [ RunTime:0.0001s ]
SQL: SHOW COLUMNS FROM `cmf_liang` [ RunTime:0.0003s ]
SQL: SELECT * FROM `cmf_liang` WHERE ( uid=21790 and status=1 and state=1 ) LIMIT 1   [ RunTime:0.0001s ]
SQL: SELECT `uid`,`islive`,`stream`,`pull`,`isvideo`,`type`,`goodnum`,`wy_cid` FROM `cmf_users_live` WHERE ( uid='21790' and islive='1' ) LIMIT 1   [ RunTime:0.0001s ]
SQL: SELECT `id`,`user_login`,`user_nicename`,`avatar`,`avatar_thumb`,`sex`,`signature`,`consumption`,`votestotal`,`province`,`city`,`coin`,`votes`,`token`,`birthday`,`issuper` FROM `cmf_users` WHERE ( id='32231' ) LIMIT 1   [ RunTime:0.0001s ]
NOTIC: [8] Undefined variable: level_a /data/wwwroot/livenew.yunbaozhibo.com/wxshare/Application/Common/Common/function.php 第 219 行.
NOTIC: [8] Undefined variable: level_a /data/wwwroot/livenew.yunbaozhibo.com/wxshare/Application/Common/Common/function.php 第 250 行.
SQL: SELECT * FROM `cmf_users_vip` WHERE ( uid=32231 ) LIMIT 1   [ RunTime:0.0001s ]
SQL: SELECT * FROM `cmf_liang` WHERE ( uid=32231 and status=1 and state=1 ) LIMIT 1   [ RunTime:0.0001s ]
SQL: SHOW COLUMNS FROM `cmf_users_attention` [ RunTime:0.0003s ]
SQL: SELECT * FROM `cmf_users_attention` WHERE ( uid='32231' and touid='21790' ) LIMIT 1   [ RunTime:0.0001s ]
INFO: [ view_parse ] --START--
INFO: [ template_filter ] --START--
INFO: Run Behavior\ContentReplaceBehavior [ RunTime:0.000144s ]
INFO: [ template_filter ] --END-- [ RunTime:0.000171s ]
INFO: Run Behavior\ParseTemplateBehavior [ RunTime:0.006397s ]
INFO: [ view_parse ] --END-- [ RunTime:0.006431s ]
INFO: [ view_filter ] --START--
INFO: Run Behavior\WriteHtmlCacheBehavior [ RunTime:0.000100s ]
INFO: [ view_filter ] --END-- [ RunTime:0.000110s ]
INFO: [ app_end ] --START--
INFO: Run Behavior\ShowPageTraceBehavior [ RunTime:0.000438s ]
INFO: [ app_end ] --END-- [ RunTime:0.000456s ]

[ 2019-08-31T21:59:12+08:00 ] 111.196.214.177 /wxshare/index.php/Share/getGift
INFO: [ app_init ] --START--
INFO: Run Behavior\BuildLiteBehavior [ RunTime:0.000007s ]
INFO: [ app_init ] --END-- [ RunTime:0.000033s ]
INFO: [ app_begin ] --START--
INFO: Run Behavior\ReadHtmlCacheBehavior [ RunTime:0.000234s ]
INFO: [ app_begin ] --END-- [ RunTime:0.000252s ]
NOTIC: [2] Declaration of Home\Controller\ShareController::show() should be compatible with Think\Controller::show($content, $charset = '', $contentType = '', $prefix = '') /data/wwwroot/livenew.yunbaozhibo.com/wxshare/Application/Home/Controller/ShareController.class.php 第 900 行.
SQL: SHOW COLUMNS FROM `cmf_gift` [ RunTime:0.0006s ]
SQL: SELECT `id`,`type`,`giftname`,`needcoin`,`gifticon` FROM `cmf_gift` ORDER BY orderno asc  [ RunTime:0.0002s ]

[ 2019-08-31T21:59:12+08:00 ] 111.196.214.177 /wxshare/index.php/Share/show?roomnum=21790&from=singlemessage
INFO: [ app_init ] --START--
INFO: Run Behavior\BuildLiteBehavior [ RunTime:0.000006s ]
INFO: [ app_init ] --END-- [ RunTime:0.000029s ]
INFO: [ app_begin ] --START--
INFO: Run Behavior\ReadHtmlCacheBehavior [ RunTime:0.002081s ]
INFO: [ app_begin ] --END-- [ RunTime:0.002105s ]
NOTIC: [2] Declaration of Home\Controller\ShareController::show() should be compatible with Think\Controller::show($content, $charset = '', $contentType = '', $prefix = '') /data/wwwroot/livenew.yunbaozhibo.com/wxshare/Application/Home/Controller/ShareController.class.php 第 900 行.
SQL: SHOW COLUMNS FROM `cmf_users_live` [ RunTime:0.0007s ]
SQL: SHOW COLUMNS FROM `cmf_users` [ RunTime:0.0006s ]
SQL: SELECT `id`,`user_nicename`,`avatar`,`avatar_thumb`,`sex`,`signature`,`consumption`,`votestotal`,`province`,`city`,`birthday`,`issuper` FROM `cmf_users` WHERE ( id='21790' ) LIMIT 1   [ RunTime:0.0001s ]
NOTIC: [8] Undefined variable: level_a /data/wwwroot/livenew.yunbaozhibo.com/wxshare/Application/Common/Common/function.php 第 219 行.
SQL: SHOW COLUMNS FROM `cmf_users_vip` [ RunTime:0.0004s ]
SQL: SELECT * FROM `cmf_users_vip` WHERE ( uid=21790 ) LIMIT 1   [ RunTime:0.0001s ]
SQL: SHOW COLUMNS FROM `cmf_liang` [ RunTime:0.0004s ]
SQL: SELECT * FROM `cmf_liang` WHERE ( uid=21790 and status=1 and state=1 ) LIMIT 1   [ RunTime:0.0001s ]
SQL: SELECT `uid`,`islive`,`stream`,`pull`,`isvideo`,`type`,`goodnum`,`wy_cid` FROM `cmf_users_live` WHERE ( uid='21790' and islive='1' ) LIMIT 1   [ RunTime:0.0001s ]
SQL: SELECT `id`,`user_login`,`user_nicename`,`avatar`,`avatar_thumb`,`sex`,`signature`,`consumption`,`votestotal`,`province`,`city`,`coin`,`votes`,`token`,`birthday`,`issuper` FROM `cmf_users` WHERE ( id='32231' ) LIMIT 1   [ RunTime:0.0001s ]
NOTIC: [8] Undefined variable: level_a /data/wwwroot/livenew.yunbaozhibo.com/wxshare/Application/Common/Common/function.php 第 219 行.
NOTIC: [8] Undefined variable: level_a /data/wwwroot/livenew.yunbaozhibo.com/wxshare/Application/Common/Common/function.php 第 250 行.
SQL: SELECT * FROM `cmf_users_vip` WHERE ( uid=32231 ) LIMIT 1   [ RunTime:0.0001s ]
SQL: SELECT * FROM `cmf_liang` WHERE ( uid=32231 and status=1 and state=1 ) LIMIT 1   [ RunTime:0.0001s ]
SQL: SHOW COLUMNS FROM `cmf_users_attention` [ RunTime:0.0004s ]
SQL: SELECT * FROM `cmf_users_attention` WHERE ( uid='32231' and touid='21790' ) LIMIT 1   [ RunTime:0.0001s ]
INFO: [ view_parse ] --START--
INFO: [ template_filter ] --START--
INFO: Run Behavior\ContentReplaceBehavior [ RunTime:0.000150s ]
INFO: [ template_filter ] --END-- [ RunTime:0.000179s ]
INFO: Run Behavior\ParseTemplateBehavior [ RunTime:0.006410s ]
INFO: [ view_parse ] --END-- [ RunTime:0.006449s ]
INFO: [ view_filter ] --START--
INFO: Run Behavior\WriteHtmlCacheBehavior [ RunTime:0.000102s ]
INFO: [ view_filter ] --END-- [ RunTime:0.000114s ]
INFO: [ app_end ] --START--
INFO: Run Behavior\ShowPageTraceBehavior [ RunTime:0.000344s ]
INFO: [ app_end ] --END-- [ RunTime:0.000361s ]

