[ 2019-10-27T20:51:29+08:00 ] 183.92.249.197 /wxshare/index.php/Share/index
INFO: [ app_init ] --START--
INFO: Run Behavior\BuildLiteBehavior [ RunTime:0.000013s ]
INFO: [ app_init ] --END-- [ RunTime:0.000051s ]
INFO: [ app_begin ] --START--
INFO: Run Behavior\ReadHtmlCacheBehavior [ RunTime:0.000890s ]
INFO: [ app_begin ] --END-- [ RunTime:0.000934s ]
NOTIC: [2] Declaration of Home\Controller\ShareController::show() should be compatible with Think\Controller::show($content, $charset = '', $contentType = '', $prefix = '') /data/wwwroot/livenew.yunbaozb.com/wxshare/Application/Home/Controller/ShareController.class.php 第 904 行.
SQL: select uid,title,city,stream,pull,thumb from cmf_users_live  where islive= '1'  order by isrecommend desc,starttime desc limit 0,20 [ RunTime:0.0004s ]
SQL: SHOW COLUMNS FROM `cmf_users` [ RunTime:0.0006s ]
SQL: SELECT `id`,`user_nicename`,`avatar`,`avatar_thumb`,`sex`,`signature`,`consumption`,`votestotal`,`province`,`city`,`birthday`,`issuper` FROM `cmf_users` WHERE ( id='34044' ) LIMIT 1   [ RunTime:0.0003s ]
NOTIC: [8] Undefined variable: level_a /data/wwwroot/livenew.yunbaozb.com/wxshare/Application/Common/Common/function.php 第 221 行.
SQL: SHOW COLUMNS FROM `cmf_users_vip` [ RunTime:0.0003s ]
SQL: SELECT * FROM `cmf_users_vip` WHERE ( uid=34044 ) LIMIT 1   [ RunTime:0.0003s ]
SQL: SHOW COLUMNS FROM `cmf_liang` [ RunTime:0.0004s ]
SQL: SELECT * FROM `cmf_liang` WHERE ( uid=34044 and status=1 and state=1 ) LIMIT 1   [ RunTime:0.0002s ]
SQL: SELECT `id`,`user_nicename`,`avatar`,`avatar_thumb`,`sex`,`signature`,`consumption`,`votestotal`,`province`,`city`,`birthday`,`issuper` FROM `cmf_users` WHERE ( id='34043' ) LIMIT 1   [ RunTime:0.0002s ]
NOTIC: [8] Undefined variable: level_a /data/wwwroot/livenew.yunbaozb.com/wxshare/Application/Common/Common/function.php 第 221 行.
SQL: SELECT * FROM `cmf_users_vip` WHERE ( uid=34043 ) LIMIT 1   [ RunTime:0.0003s ]
SQL: SELECT * FROM `cmf_liang` WHERE ( uid=34043 and status=1 and state=1 ) LIMIT 1   [ RunTime:0.0003s ]
SQL: SELECT `id`,`user_nicename`,`avatar`,`avatar_thumb`,`sex`,`signature`,`consumption`,`votestotal`,`province`,`city`,`birthday`,`issuper` FROM `cmf_users` WHERE ( id='21788' ) LIMIT 1   [ RunTime:0.0002s ]
NOTIC: [8] Undefined variable: level_a /data/wwwroot/livenew.yunbaozb.com/wxshare/Application/Common/Common/function.php 第 221 行.
SQL: SELECT * FROM `cmf_users_vip` WHERE ( uid=21788 ) LIMIT 1   [ RunTime:0.0003s ]
SQL: SELECT * FROM `cmf_liang` WHERE ( uid=21788 and status=1 and state=1 ) LIMIT 1   [ RunTime:0.0002s ]
SQL: SELECT `id`,`user_nicename`,`avatar`,`avatar_thumb`,`sex`,`signature`,`consumption`,`votestotal`,`province`,`city`,`birthday`,`issuper` FROM `cmf_users` WHERE ( id='21797' ) LIMIT 1   [ RunTime:0.0002s ]
NOTIC: [8] Undefined variable: level_a /data/wwwroot/livenew.yunbaozb.com/wxshare/Application/Common/Common/function.php 第 221 行.
SQL: SELECT * FROM `cmf_users_vip` WHERE ( uid=21797 ) LIMIT 1   [ RunTime:0.0003s ]
SQL: SELECT * FROM `cmf_liang` WHERE ( uid=21797 and status=1 and state=1 ) LIMIT 1   [ RunTime:0.0003s ]
SQL: SELECT `id`,`user_nicename`,`avatar`,`avatar_thumb`,`sex`,`signature`,`consumption`,`votestotal`,`province`,`city`,`birthday`,`issuper` FROM `cmf_users` WHERE ( id='33113' ) LIMIT 1   [ RunTime:0.0002s ]
SQL: SELECT * FROM `cmf_users_vip` WHERE ( uid=33113 ) LIMIT 1   [ RunTime:0.0003s ]
SQL: SELECT * FROM `cmf_liang` WHERE ( uid=33113 and status=1 and state=1 ) LIMIT 1   [ RunTime:0.0002s ]
SQL: SELECT `id`,`user_nicename`,`avatar`,`avatar_thumb`,`sex`,`signature`,`consumption`,`votestotal`,`province`,`city`,`birthday`,`issuper` FROM `cmf_users` WHERE ( id='21770' ) LIMIT 1   [ RunTime:0.0002s ]
SQL: SELECT * FROM `cmf_liang` WHERE ( uid=21770 and status=1 and state=1 ) LIMIT 1   [ RunTime:0.0002s ]
SQL: SELECT `id`,`user_nicename`,`avatar`,`avatar_thumb`,`sex`,`signature`,`consumption`,`votestotal`,`province`,`city`,`birthday`,`issuper` FROM `cmf_users` WHERE ( id='21789' ) LIMIT 1   [ RunTime:0.0002s ]
NOTIC: [8] Undefined variable: level_a /data/wwwroot/livenew.yunbaozb.com/wxshare/Application/Common/Common/function.php 第 221 行.
SQL: SELECT * FROM `cmf_users_vip` WHERE ( uid=21789 ) LIMIT 1   [ RunTime:0.0002s ]
SQL: SELECT * FROM `cmf_liang` WHERE ( uid=21789 and status=1 and state=1 ) LIMIT 1   [ RunTime:0.0003s ]
SQL: SELECT `id`,`user_nicename`,`avatar`,`avatar_thumb`,`sex`,`signature`,`consumption`,`votestotal`,`province`,`city`,`birthday`,`issuper` FROM `cmf_users` WHERE ( id='21777' ) LIMIT 1   [ RunTime:0.0002s ]
NOTIC: [8] Undefined variable: level_a /data/wwwroot/livenew.yunbaozb.com/wxshare/Application/Common/Common/function.php 第 221 行.
SQL: SELECT * FROM `cmf_users_vip` WHERE ( uid=21777 ) LIMIT 1   [ RunTime:0.0003s ]
SQL: SELECT * FROM `cmf_liang` WHERE ( uid=21777 and status=1 and state=1 ) LIMIT 1   [ RunTime:0.0003s ]
SQL: SELECT `id`,`user_nicename`,`avatar`,`avatar_thumb`,`sex`,`signature`,`consumption`,`votestotal`,`province`,`city`,`birthday`,`issuper` FROM `cmf_users` WHERE ( id='21776' ) LIMIT 1   [ RunTime:0.0003s ]
NOTIC: [8] Undefined variable: level_a /data/wwwroot/livenew.yunbaozb.com/wxshare/Application/Common/Common/function.php 第 221 行.
SQL: SELECT * FROM `cmf_users_vip` WHERE ( uid=21776 ) LIMIT 1   [ RunTime:0.0003s ]
SQL: SELECT * FROM `cmf_liang` WHERE ( uid=21776 and status=1 and state=1 ) LIMIT 1   [ RunTime:0.0002s ]
SQL: SELECT `id`,`user_nicename`,`avatar`,`avatar_thumb`,`sex`,`signature`,`consumption`,`votestotal`,`province`,`city`,`birthday`,`issuper` FROM `cmf_users` WHERE ( id='21834' ) LIMIT 1   [ RunTime:0.0002s ]
NOTIC: [8] Undefined variable: level_a /data/wwwroot/livenew.yunbaozb.com/wxshare/Application/Common/Common/function.php 第 221 行.
SQL: SELECT * FROM `cmf_users_vip` WHERE ( uid=21834 ) LIMIT 1   [ RunTime:0.0003s ]
SQL: SELECT * FROM `cmf_liang` WHERE ( uid=21834 and status=1 and state=1 ) LIMIT 1   [ RunTime:0.0002s ]
SQL: SELECT `id`,`user_nicename`,`avatar`,`avatar_thumb`,`sex`,`signature`,`consumption`,`votestotal`,`province`,`city`,`birthday`,`issuper` FROM `cmf_users` WHERE ( id='21790' ) LIMIT 1   [ RunTime:0.0002s ]
NOTIC: [8] Undefined variable: level_a /data/wwwroot/livenew.yunbaozb.com/wxshare/Application/Common/Common/function.php 第 221 行.
SQL: SELECT * FROM `cmf_users_vip` WHERE ( uid=21790 ) LIMIT 1   [ RunTime:0.0003s ]
SQL: SELECT * FROM `cmf_liang` WHERE ( uid=21790 and status=1 and state=1 ) LIMIT 1   [ RunTime:0.0002s ]
SQL: SELECT `id`,`user_nicename`,`avatar`,`avatar_thumb`,`sex`,`signature`,`consumption`,`votestotal`,`province`,`city`,`birthday`,`issuper` FROM `cmf_users` WHERE ( id='21782' ) LIMIT 1   [ RunTime:0.0002s ]
SQL: SELECT * FROM `cmf_users_vip` WHERE ( uid=21782 ) LIMIT 1   [ RunTime:0.0003s ]
SQL: SELECT * FROM `cmf_liang` WHERE ( uid=21782 and status=1 and state=1 ) LIMIT 1   [ RunTime:0.0002s ]
SQL: SELECT `id`,`user_nicename`,`avatar`,`avatar_thumb`,`sex`,`signature`,`consumption`,`votestotal`,`province`,`city`,`birthday`,`issuper` FROM `cmf_users` WHERE ( id='21833' ) LIMIT 1   [ RunTime:0.0002s ]
NOTIC: [8] Undefined variable: level_a /data/wwwroot/livenew.yunbaozb.com/wxshare/Application/Common/Common/function.php 第 221 行.
SQL: SELECT * FROM `cmf_users_vip` WHERE ( uid=21833 ) LIMIT 1   [ RunTime:0.0003s ]
SQL: SELECT * FROM `cmf_liang` WHERE ( uid=21833 and status=1 and state=1 ) LIMIT 1   [ RunTime:0.0002s ]
SQL: SELECT `id`,`user_nicename`,`avatar`,`avatar_thumb`,`sex`,`signature`,`consumption`,`votestotal`,`province`,`city`,`birthday`,`issuper` FROM `cmf_users` WHERE ( id='21778' ) LIMIT 1   [ RunTime:0.0002s ]
NOTIC: [8] Undefined variable: level_a /data/wwwroot/livenew.yunbaozb.com/wxshare/Application/Common/Common/function.php 第 221 行.
SQL: SELECT * FROM `cmf_users_vip` WHERE ( uid=21778 ) LIMIT 1   [ RunTime:0.0003s ]
SQL: SELECT * FROM `cmf_liang` WHERE ( uid=21778 and status=1 and state=1 ) LIMIT 1   [ RunTime:0.0002s ]
INFO: [ view_parse ] --START--
INFO: [ template_filter ] --START--
INFO: Run Behavior\ContentReplaceBehavior [ RunTime:0.000037s ]
INFO: [ template_filter ] --END-- [ RunTime:0.000067s ]
INFO: Run Behavior\ParseTemplateBehavior [ RunTime:0.013726s ]
INFO: [ view_parse ] --END-- [ RunTime:0.013771s ]
INFO: [ view_filter ] --START--
INFO: Run Behavior\WriteHtmlCacheBehavior [ RunTime:0.000562s ]
INFO: [ view_filter ] --END-- [ RunTime:0.000577s ]
INFO: [ app_end ] --START--
INFO: Run Behavior\ShowPageTraceBehavior [ RunTime:0.000891s ]
INFO: [ app_end ] --END-- [ RunTime:0.000910s ]

[ 2019-10-27T20:51:33+08:00 ] 183.92.249.197 /wxshare/index.php/Share/show?roomnum=21782
INFO: [ app_init ] --START--
INFO: Run Behavior\BuildLiteBehavior [ RunTime:0.000008s ]
INFO: [ app_init ] --END-- [ RunTime:0.000034s ]
INFO: [ app_begin ] --START--
INFO: Run Behavior\ReadHtmlCacheBehavior [ RunTime:0.000239s ]
INFO: [ app_begin ] --END-- [ RunTime:0.000260s ]
NOTIC: [2] Declaration of Home\Controller\ShareController::show() should be compatible with Think\Controller::show($content, $charset = '', $contentType = '', $prefix = '') /data/wwwroot/livenew.yunbaozb.com/wxshare/Application/Home/Controller/ShareController.class.php 第 904 行.
SQL: SHOW COLUMNS FROM `cmf_users_live` [ RunTime:0.0006s ]
SQL: SHOW COLUMNS FROM `cmf_users` [ RunTime:0.0006s ]
SQL: SELECT `id`,`user_nicename`,`avatar`,`avatar_thumb`,`sex`,`signature`,`consumption`,`votestotal`,`province`,`city`,`birthday`,`issuper` FROM `cmf_users` WHERE ( id='21782' ) LIMIT 1   [ RunTime:0.0001s ]
SQL: SHOW COLUMNS FROM `cmf_users_vip` [ RunTime:0.0004s ]
SQL: SELECT * FROM `cmf_users_vip` WHERE ( uid=21782 ) LIMIT 1   [ RunTime:0.0001s ]
SQL: SHOW COLUMNS FROM `cmf_liang` [ RunTime:0.0003s ]
SQL: SELECT * FROM `cmf_liang` WHERE ( uid=21782 and status=1 and state=1 ) LIMIT 1   [ RunTime:0.0000s ]
SQL: SELECT `uid`,`islive`,`stream`,`pull`,`isvideo`,`type`,`goodnum`,`wy_cid` FROM `cmf_users_live` WHERE ( uid='21782' and islive='1' ) LIMIT 1   [ RunTime:0.0003s ]
NOTIC: [8] Undefined variable: userinfo /data/wwwroot/livenew.yunbaozb.com/wxshare/Application/Home/Controller/ShareController.class.php 第 102 行.
NOTIC: [8] Undefined variable: userinfo /data/wwwroot/livenew.yunbaozb.com/wxshare/Application/Home/Controller/ShareController.class.php 第 103 行.
INFO: [ view_parse ] --START--
INFO: [ template_filter ] --START--
INFO: Run Behavior\ContentReplaceBehavior [ RunTime:0.000168s ]
INFO: [ template_filter ] --END-- [ RunTime:0.000201s ]
INFO: Run Behavior\ParseTemplateBehavior [ RunTime:0.007298s ]
INFO: [ view_parse ] --END-- [ RunTime:0.007328s ]
INFO: [ view_filter ] --START--
INFO: Run Behavior\WriteHtmlCacheBehavior [ RunTime:0.000089s ]
INFO: [ view_filter ] --END-- [ RunTime:0.000100s ]
INFO: [ app_end ] --START--
INFO: Run Behavior\ShowPageTraceBehavior [ RunTime:0.000330s ]
INFO: [ app_end ] --END-- [ RunTime:0.000346s ]

[ 2019-10-27T20:51:34+08:00 ] 183.92.249.197 /wxshare/index.php/Share/wxLogin?roomnum=21782
INFO: [ app_init ] --START--
INFO: Run Behavior\BuildLiteBehavior [ RunTime:0.000007s ]
INFO: [ app_init ] --END-- [ RunTime:0.000035s ]
INFO: [ app_begin ] --START--
INFO: Run Behavior\ReadHtmlCacheBehavior [ RunTime:0.000241s ]
INFO: [ app_begin ] --END-- [ RunTime:0.000260s ]
NOTIC: [2] Declaration of Home\Controller\ShareController::show() should be compatible with Think\Controller::show($content, $charset = '', $contentType = '', $prefix = '') /data/wwwroot/livenew.yunbaozb.com/wxshare/Application/Home/Controller/ShareController.class.php 第 904 行.
NOTIC: [8] A session had already been started - ignoring session_start() /data/wwwroot/livenew.yunbaozb.com/wxshare/Application/Home/Controller/ShareController.class.php 第 133 行.
INFO: [ app_end ] --START--
INFO: Run Behavior\ShowPageTraceBehavior [ RunTime:0.000267s ]
INFO: [ app_end ] --END-- [ RunTime:0.000288s ]

[ 2019-10-27T20:51:35+08:00 ] 183.92.249.197 /wxshare/index.php/Share/wxLoginCallback?roomnum=21782&code=081LLDor15RcCl0wvnor1Y7Tor1LLDoM&state=10de491dd1c980e5cba06a1d42588fec
INFO: [ app_init ] --START--
INFO: Run Behavior\BuildLiteBehavior [ RunTime:0.000007s ]
INFO: [ app_init ] --END-- [ RunTime:0.000032s ]
INFO: [ app_begin ] --START--
INFO: Run Behavior\ReadHtmlCacheBehavior [ RunTime:0.000235s ]
INFO: [ app_begin ] --END-- [ RunTime:0.000255s ]
NOTIC: [2] Declaration of Home\Controller\ShareController::show() should be compatible with Think\Controller::show($content, $charset = '', $contentType = '', $prefix = '') /data/wwwroot/livenew.yunbaozb.com/wxshare/Application/Home/Controller/ShareController.class.php 第 904 行.
SQL: SHOW COLUMNS FROM `cmf_users` [ RunTime:0.0006s ]
SQL: SELECT `id`,`user_login`,`user_nicename`,`avatar`,`avatar_thumb`,`sex`,`signature`,`consumption`,`votestotal`,`province`,`city`,`coin`,`votes`,`birthday`,`issuper` FROM `cmf_users` WHERE ( openid!='' and openid='oAPK4wWhZzylkDIYqh4EUBQ3s4vk' ) LIMIT 1   [ RunTime:0.0108s ]
SQL: INSERT INTO `cmf_users` (`openid`,`user_login`,`user_pass`,`user_nicename`,`sex`,`avatar`,`avatar_thumb`,`login_type`,`last_login_ip`,`create_time`,`last_login_time`,`user_status`,`user_type`,`signature`) VALUES ('oAPK4wWhZzylkDIYqh4EUBQ3s4vk','wx_1572180695s4vk','###73b13b8b4d767f6c3c2953f123d1a721','Internet mg-健康第一！','1','http://thirdwx.qlogo.cn/mmopen/vi_32/HWxbOaAUg2RBlzl0tzTbGadOp6iaPmR5tjqIdTdZjrkZQ8DIWZDbGcFSltXFW0wDYKScan6zXwbDOK2TR9uSTDg/132','http://thirdwx.qlogo.cn/mmopen/vi_32/HWxbOaAUg2RBlzl0tzTbGadOp6iaPmR5tjqIdTdZjrkZQ8DIWZDbGcFSltXFW0wDYKScan6zXwbDOK2TR9uSTDg/132','wx','183.92.249.197','2019-10-27 20:51:35','2019-10-27 20:51:35','1','2','这家伙很懒，什么都没留下') [ RunTime:0.0033s ]
SQL: SELECT `id`,`user_login`,`user_nicename`,`avatar`,`avatar_thumb`,`sex`,`signature`,`consumption`,`votestotal`,`province`,`city`,`coin`,`votes`,`birthday`,`issuper` FROM `cmf_users` WHERE ( id='34178' ) LIMIT 1   [ RunTime:0.0004s ]
NOTIC: [8] Undefined variable: level_a /data/wwwroot/livenew.yunbaozb.com/wxshare/Application/Common/Common/function.php 第 221 行.
SQL: UPDATE `cmf_users` SET `token`='e8f05882974488b3d00be3bbb20bdd5e',`expiretime`='1598100695' WHERE ( id='34178' ) [ RunTime:0.0022s ]
NOTIC: [8192] Function Redis::delete() is deprecated /data/wwwroot/livenew.yunbaozb.com/wxshare/Application/Home/Controller/ShareController.class.php 第 230 行.
INFO: [ app_end ] --START--
INFO: Run Behavior\ShowPageTraceBehavior [ RunTime:0.000475s ]
INFO: [ app_end ] --END-- [ RunTime:0.000503s ]

[ 2019-10-27T20:51:35+08:00 ] 183.92.249.197 /wxshare/index.php/Share/show?roomnum=21782
INFO: [ app_init ] --START--
INFO: Run Behavior\BuildLiteBehavior [ RunTime:0.000017s ]
INFO: [ app_init ] --END-- [ RunTime:0.000041s ]
INFO: [ app_begin ] --START--
INFO: Run Behavior\ReadHtmlCacheBehavior [ RunTime:0.000204s ]
INFO: [ app_begin ] --END-- [ RunTime:0.000221s ]
NOTIC: [2] Declaration of Home\Controller\ShareController::show() should be compatible with Think\Controller::show($content, $charset = '', $contentType = '', $prefix = '') /data/wwwroot/livenew.yunbaozb.com/wxshare/Application/Home/Controller/ShareController.class.php 第 904 行.
SQL: SHOW COLUMNS FROM `cmf_users_live` [ RunTime:0.0005s ]
SQL: SHOW COLUMNS FROM `cmf_users` [ RunTime:0.0005s ]
SQL: SELECT `id`,`user_nicename`,`avatar`,`avatar_thumb`,`sex`,`signature`,`consumption`,`votestotal`,`province`,`city`,`birthday`,`issuper` FROM `cmf_users` WHERE ( id='21782' ) LIMIT 1   [ RunTime:0.0003s ]
SQL: SHOW COLUMNS FROM `cmf_users_vip` [ RunTime:0.0003s ]
SQL: SELECT * FROM `cmf_users_vip` WHERE ( uid=21782 ) LIMIT 1   [ RunTime:0.0000s ]
SQL: SHOW COLUMNS FROM `cmf_liang` [ RunTime:0.0003s ]
SQL: SELECT * FROM `cmf_liang` WHERE ( uid=21782 and status=1 and state=1 ) LIMIT 1   [ RunTime:0.0000s ]
SQL: SELECT `uid`,`islive`,`stream`,`pull`,`isvideo`,`type`,`goodnum`,`wy_cid` FROM `cmf_users_live` WHERE ( uid='21782' and islive='1' ) LIMIT 1   [ RunTime:0.0000s ]
SQL: SELECT `id`,`user_login`,`user_nicename`,`avatar`,`avatar_thumb`,`sex`,`signature`,`consumption`,`votestotal`,`province`,`city`,`coin`,`votes`,`token`,`birthday`,`issuper` FROM `cmf_users` WHERE ( id='34178' ) LIMIT 1   [ RunTime:0.0002s ]
NOTIC: [8] Undefined variable: level_a /data/wwwroot/livenew.yunbaozb.com/wxshare/Application/Common/Common/function.php 第 221 行.
NOTIC: [8] Undefined variable: level_a /data/wwwroot/livenew.yunbaozb.com/wxshare/Application/Common/Common/function.php 第 252 行.
SQL: SELECT * FROM `cmf_users_vip` WHERE ( uid=34178 ) LIMIT 1   [ RunTime:0.0004s ]
SQL: SELECT * FROM `cmf_liang` WHERE ( uid=34178 and status=1 and state=1 ) LIMIT 1   [ RunTime:0.0002s ]
SQL: SHOW COLUMNS FROM `cmf_users_attention` [ RunTime:0.0002s ]
SQL: SELECT * FROM `cmf_users_attention` WHERE ( uid='34178' and touid='21782' ) LIMIT 1   [ RunTime:0.0002s ]
INFO: [ view_parse ] --START--
INFO: [ template_filter ] --START--
INFO: Run Behavior\ContentReplaceBehavior [ RunTime:0.000145s ]
INFO: [ template_filter ] --END-- [ RunTime:0.000167s ]
INFO: Run Behavior\ParseTemplateBehavior [ RunTime:0.005584s ]
INFO: [ view_parse ] --END-- [ RunTime:0.005616s ]
INFO: [ view_filter ] --START--
INFO: Run Behavior\WriteHtmlCacheBehavior [ RunTime:0.000081s ]
INFO: [ view_filter ] --END-- [ RunTime:0.000092s ]
INFO: [ app_end ] --START--
INFO: Run Behavior\ShowPageTraceBehavior [ RunTime:0.000260s ]
INFO: [ app_end ] --END-- [ RunTime:0.000274s ]

[ 2019-10-27T20:51:35+08:00 ] 183.92.249.197 /wxshare/index.php/Share/getGift
INFO: [ app_init ] --START--
INFO: Run Behavior\BuildLiteBehavior [ RunTime:0.000009s ]
INFO: [ app_init ] --END-- [ RunTime:0.000039s ]
INFO: [ app_begin ] --START--
INFO: Run Behavior\ReadHtmlCacheBehavior [ RunTime:0.000243s ]
INFO: [ app_begin ] --END-- [ RunTime:0.000263s ]
NOTIC: [2] Declaration of Home\Controller\ShareController::show() should be compatible with Think\Controller::show($content, $charset = '', $contentType = '', $prefix = '') /data/wwwroot/livenew.yunbaozb.com/wxshare/Application/Home/Controller/ShareController.class.php 第 904 行.
SQL: SHOW COLUMNS FROM `cmf_gift` [ RunTime:0.0007s ]
SQL: SELECT `id`,`type`,`giftname`,`needcoin`,`gifticon` FROM `cmf_gift` ORDER BY orderno asc  [ RunTime:0.0004s ]
SQL: SHOW COLUMNS FROM `cmf_options` [ RunTime:0.0004s ]
SQL: SELECT `option_value` FROM `cmf_options` WHERE ( option_name='cmf_settings' ) LIMIT 1   [ RunTime:0.0191s ]
SQL: SELECT `option_value` FROM `cmf_options` WHERE ( option_name='cmf_settings' ) LIMIT 1   [ RunTime:0.0001s ]
SQL: SELECT `option_value` FROM `cmf_options` WHERE ( option_name='cmf_settings' ) LIMIT 1   [ RunTime:0.0000s ]
SQL: SELECT `option_value` FROM `cmf_options` WHERE ( option_name='cmf_settings' ) LIMIT 1   [ RunTime:0.0000s ]
SQL: SELECT `option_value` FROM `cmf_options` WHERE ( option_name='cmf_settings' ) LIMIT 1   [ RunTime:0.0001s ]
SQL: SELECT `option_value` FROM `cmf_options` WHERE ( option_name='cmf_settings' ) LIMIT 1   [ RunTime:0.0000s ]
SQL: SELECT `option_value` FROM `cmf_options` WHERE ( option_name='cmf_settings' ) LIMIT 1   [ RunTime:0.0000s ]
SQL: SELECT `option_value` FROM `cmf_options` WHERE ( option_name='cmf_settings' ) LIMIT 1   [ RunTime:0.0000s ]
SQL: SELECT `option_value` FROM `cmf_options` WHERE ( option_name='cmf_settings' ) LIMIT 1   [ RunTime:0.0001s ]
SQL: SELECT `option_value` FROM `cmf_options` WHERE ( option_name='cmf_settings' ) LIMIT 1   [ RunTime:0.0000s ]
SQL: SELECT `option_value` FROM `cmf_options` WHERE ( option_name='cmf_settings' ) LIMIT 1   [ RunTime:0.0012s ]
SQL: SELECT `option_value` FROM `cmf_options` WHERE ( option_name='cmf_settings' ) LIMIT 1   [ RunTime:0.0000s ]
SQL: SELECT `option_value` FROM `cmf_options` WHERE ( option_name='cmf_settings' ) LIMIT 1   [ RunTime:0.0000s ]
SQL: SELECT `option_value` FROM `cmf_options` WHERE ( option_name='cmf_settings' ) LIMIT 1   [ RunTime:0.0000s ]
SQL: SELECT `option_value` FROM `cmf_options` WHERE ( option_name='cmf_settings' ) LIMIT 1   [ RunTime:0.0000s ]
SQL: SELECT `option_value` FROM `cmf_options` WHERE ( option_name='cmf_settings' ) LIMIT 1   [ RunTime:0.0000s ]
SQL: SELECT `option_value` FROM `cmf_options` WHERE ( option_name='cmf_settings' ) LIMIT 1   [ RunTime:0.0000s ]
SQL: SELECT `option_value` FROM `cmf_options` WHERE ( option_name='cmf_settings' ) LIMIT 1   [ RunTime:0.0000s ]
SQL: SELECT `option_value` FROM `cmf_options` WHERE ( option_name='cmf_settings' ) LIMIT 1   [ RunTime:0.0000s ]
SQL: SELECT `option_value` FROM `cmf_options` WHERE ( option_name='cmf_settings' ) LIMIT 1   [ RunTime:0.0000s ]
SQL: SELECT `option_value` FROM `cmf_options` WHERE ( option_name='cmf_settings' ) LIMIT 1   [ RunTime:0.0000s ]
SQL: SELECT `option_value` FROM `cmf_options` WHERE ( option_name='cmf_settings' ) LIMIT 1   [ RunTime:0.0000s ]
SQL: SELECT `option_value` FROM `cmf_options` WHERE ( option_name='cmf_settings' ) LIMIT 1   [ RunTime:0.0000s ]
SQL: SELECT `option_value` FROM `cmf_options` WHERE ( option_name='cmf_settings' ) LIMIT 1   [ RunTime:0.0000s ]
SQL: SELECT `option_value` FROM `cmf_options` WHERE ( option_name='cmf_settings' ) LIMIT 1   [ RunTime:0.0000s ]
SQL: SELECT `option_value` FROM `cmf_options` WHERE ( option_name='cmf_settings' ) LIMIT 1   [ RunTime:0.0000s ]
SQL: SELECT `option_value` FROM `cmf_options` WHERE ( option_name='cmf_settings' ) LIMIT 1   [ RunTime:0.0000s ]
SQL: SELECT `option_value` FROM `cmf_options` WHERE ( option_name='cmf_settings' ) LIMIT 1   [ RunTime:0.0000s ]
SQL: SELECT `option_value` FROM `cmf_options` WHERE ( option_name='cmf_settings' ) LIMIT 1   [ RunTime:0.0000s ]
SQL: SELECT `option_value` FROM `cmf_options` WHERE ( option_name='cmf_settings' ) LIMIT 1   [ RunTime:0.0000s ]

[ 2019-10-27T20:52:34+08:00 ] 61.151.178.174 /wxshare/index.php/Share/show?roomnum=21782
INFO: [ app_init ] --START--
INFO: Run Behavior\BuildLiteBehavior [ RunTime:0.000007s ]
INFO: [ app_init ] --END-- [ RunTime:0.000032s ]
INFO: [ app_begin ] --START--
INFO: Run Behavior\ReadHtmlCacheBehavior [ RunTime:0.000206s ]
INFO: [ app_begin ] --END-- [ RunTime:0.000222s ]
NOTIC: [2] Declaration of Home\Controller\ShareController::show() should be compatible with Think\Controller::show($content, $charset = '', $contentType = '', $prefix = '') /data/wwwroot/livenew.yunbaozb.com/wxshare/Application/Home/Controller/ShareController.class.php 第 904 行.
SQL: SHOW COLUMNS FROM `cmf_users_live` [ RunTime:0.0005s ]
SQL: SHOW COLUMNS FROM `cmf_users` [ RunTime:0.0006s ]
SQL: SELECT `id`,`user_nicename`,`avatar`,`avatar_thumb`,`sex`,`signature`,`consumption`,`votestotal`,`province`,`city`,`birthday`,`issuper` FROM `cmf_users` WHERE ( id='21782' ) LIMIT 1   [ RunTime:0.0001s ]
SQL: SHOW COLUMNS FROM `cmf_users_vip` [ RunTime:0.0003s ]
SQL: SELECT * FROM `cmf_users_vip` WHERE ( uid=21782 ) LIMIT 1   [ RunTime:0.0000s ]
SQL: SHOW COLUMNS FROM `cmf_liang` [ RunTime:0.0003s ]
SQL: SELECT * FROM `cmf_liang` WHERE ( uid=21782 and status=1 and state=1 ) LIMIT 1   [ RunTime:0.0000s ]
SQL: SELECT `uid`,`islive`,`stream`,`pull`,`isvideo`,`type`,`goodnum`,`wy_cid` FROM `cmf_users_live` WHERE ( uid='21782' and islive='1' ) LIMIT 1   [ RunTime:0.0000s ]
NOTIC: [8] Undefined variable: userinfo /data/wwwroot/livenew.yunbaozb.com/wxshare/Application/Home/Controller/ShareController.class.php 第 102 行.
NOTIC: [8] Undefined variable: userinfo /data/wwwroot/livenew.yunbaozb.com/wxshare/Application/Home/Controller/ShareController.class.php 第 103 行.
INFO: [ view_parse ] --START--
INFO: [ template_filter ] --START--
INFO: Run Behavior\ContentReplaceBehavior [ RunTime:0.000143s ]
INFO: [ template_filter ] --END-- [ RunTime:0.000169s ]
INFO: Run Behavior\ParseTemplateBehavior [ RunTime:0.005221s ]
INFO: [ view_parse ] --END-- [ RunTime:0.005243s ]
INFO: [ view_filter ] --START--
INFO: Run Behavior\WriteHtmlCacheBehavior [ RunTime:0.000084s ]
INFO: [ view_filter ] --END-- [ RunTime:0.000094s ]
INFO: [ app_end ] --START--
INFO: Run Behavior\ShowPageTraceBehavior [ RunTime:0.000253s ]
INFO: [ app_end ] --END-- [ RunTime:0.000266s ]

[ 2019-10-27T20:52:34+08:00 ] 61.129.6.251 /wxshare/index.php/Share/wxLogin?roomnum=21782
INFO: [ app_init ] --START--
INFO: Run Behavior\BuildLiteBehavior [ RunTime:0.000009s ]
INFO: [ app_init ] --END-- [ RunTime:0.000043s ]
INFO: [ app_begin ] --START--
INFO: Run Behavior\ReadHtmlCacheBehavior [ RunTime:0.000339s ]
INFO: [ app_begin ] --END-- [ RunTime:0.000365s ]
NOTIC: [2] Declaration of Home\Controller\ShareController::show() should be compatible with Think\Controller::show($content, $charset = '', $contentType = '', $prefix = '') /data/wwwroot/livenew.yunbaozb.com/wxshare/Application/Home/Controller/ShareController.class.php 第 904 行.
NOTIC: [8] A session had already been started - ignoring session_start() /data/wwwroot/livenew.yunbaozb.com/wxshare/Application/Home/Controller/ShareController.class.php 第 133 行.
INFO: [ app_end ] --START--
INFO: Run Behavior\ShowPageTraceBehavior [ RunTime:0.000359s ]
INFO: [ app_end ] --END-- [ RunTime:0.000406s ]

[ 2019-10-27T22:29:47+08:00 ] 113.57.182.199 /wxshare/index.php/Share/show?roomnum=21833&from=singlemessage
INFO: [ app_init ] --START--
INFO: Run Behavior\BuildLiteBehavior [ RunTime:0.000013s ]
INFO: [ app_init ] --END-- [ RunTime:0.000072s ]
INFO: [ app_begin ] --START--
INFO: Run Behavior\ReadHtmlCacheBehavior [ RunTime:0.001837s ]
INFO: [ app_begin ] --END-- [ RunTime:0.001902s ]
NOTIC: [2] Declaration of Home\Controller\ShareController::show() should be compatible with Think\Controller::show($content, $charset = '', $contentType = '', $prefix = '') /data/wwwroot/livenew.yunbaozb.com/wxshare/Application/Home/Controller/ShareController.class.php 第 904 行.
SQL: SHOW COLUMNS FROM `cmf_users_live` [ RunTime:0.0009s ]
SQL: SHOW COLUMNS FROM `cmf_users` [ RunTime:0.0008s ]
SQL: SELECT `id`,`user_nicename`,`avatar`,`avatar_thumb`,`sex`,`signature`,`consumption`,`votestotal`,`province`,`city`,`birthday`,`issuper` FROM `cmf_users` WHERE ( id='21833' ) LIMIT 1   [ RunTime:0.0149s ]
NOTIC: [8] Undefined variable: level_a /data/wwwroot/livenew.yunbaozb.com/wxshare/Application/Common/Common/function.php 第 221 行.
SQL: SHOW COLUMNS FROM `cmf_users_vip` [ RunTime:0.0006s ]
SQL: SELECT * FROM `cmf_users_vip` WHERE ( uid=21833 ) LIMIT 1   [ RunTime:0.0001s ]
SQL: SHOW COLUMNS FROM `cmf_liang` [ RunTime:0.0005s ]
SQL: SELECT * FROM `cmf_liang` WHERE ( uid=21833 and status=1 and state=1 ) LIMIT 1   [ RunTime:0.0001s ]
SQL: SELECT `uid`,`islive`,`stream`,`pull`,`isvideo`,`type`,`goodnum`,`wy_cid` FROM `cmf_users_live` WHERE ( uid='21833' and islive='1' ) LIMIT 1   [ RunTime:0.0004s ]
NOTIC: [8] Undefined variable: userinfo /data/wwwroot/livenew.yunbaozb.com/wxshare/Application/Home/Controller/ShareController.class.php 第 102 行.
NOTIC: [8] Undefined variable: userinfo /data/wwwroot/livenew.yunbaozb.com/wxshare/Application/Home/Controller/ShareController.class.php 第 103 行.
INFO: [ view_parse ] --START--
INFO: [ template_filter ] --START--
INFO: Run Behavior\ContentReplaceBehavior [ RunTime:0.000157s ]
INFO: [ template_filter ] --END-- [ RunTime:0.000198s ]
INFO: Run Behavior\ParseTemplateBehavior [ RunTime:0.133948s ]
INFO: [ view_parse ] --END-- [ RunTime:0.134040s ]
INFO: [ view_filter ] --START--
INFO: Run Behavior\WriteHtmlCacheBehavior [ RunTime:0.022588s ]
INFO: [ view_filter ] --END-- [ RunTime:0.022634s ]
INFO: [ app_end ] --START--
INFO: Run Behavior\ShowPageTraceBehavior [ RunTime:0.018976s ]
INFO: [ app_end ] --END-- [ RunTime:0.019025s ]

[ 2019-10-27T22:29:52+08:00 ] 113.57.182.199 /wxshare/index.php/Share/wxLogin?roomnum=21833
INFO: [ app_init ] --START--
INFO: Run Behavior\BuildLiteBehavior [ RunTime:0.000019s ]
INFO: [ app_init ] --END-- [ RunTime:0.000054s ]
INFO: [ app_begin ] --START--
INFO: Run Behavior\ReadHtmlCacheBehavior [ RunTime:0.000212s ]
INFO: [ app_begin ] --END-- [ RunTime:0.000227s ]
NOTIC: [2] Declaration of Home\Controller\ShareController::show() should be compatible with Think\Controller::show($content, $charset = '', $contentType = '', $prefix = '') /data/wwwroot/livenew.yunbaozb.com/wxshare/Application/Home/Controller/ShareController.class.php 第 904 行.
NOTIC: [8] A session had already been started - ignoring session_start() /data/wwwroot/livenew.yunbaozb.com/wxshare/Application/Home/Controller/ShareController.class.php 第 133 行.
INFO: [ app_end ] --START--
INFO: Run Behavior\ShowPageTraceBehavior [ RunTime:0.000459s ]
INFO: [ app_end ] --END-- [ RunTime:0.000486s ]

[ 2019-10-27T22:30:01+08:00 ] 113.57.182.199 /wxshare/index.php/Share/wxLoginCallback?roomnum=21833&code=061099VQ0PeVK62FvQVQ0NvkVQ0099V8&state=1671e641a415a0cc0fe1f4c4fa624735
INFO: [ app_init ] --START--
INFO: Run Behavior\BuildLiteBehavior [ RunTime:0.000009s ]
INFO: [ app_init ] --END-- [ RunTime:0.000049s ]
INFO: [ app_begin ] --START--
INFO: Run Behavior\ReadHtmlCacheBehavior [ RunTime:0.000290s ]
INFO: [ app_begin ] --END-- [ RunTime:0.000316s ]
NOTIC: [2] Declaration of Home\Controller\ShareController::show() should be compatible with Think\Controller::show($content, $charset = '', $contentType = '', $prefix = '') /data/wwwroot/livenew.yunbaozb.com/wxshare/Application/Home/Controller/ShareController.class.php 第 904 行.
SQL: SHOW COLUMNS FROM `cmf_users` [ RunTime:0.0008s ]
SQL: SELECT `id`,`user_login`,`user_nicename`,`avatar`,`avatar_thumb`,`sex`,`signature`,`consumption`,`votestotal`,`province`,`city`,`coin`,`votes`,`birthday`,`issuper` FROM `cmf_users` WHERE ( openid!='' and openid='oAPK4wbXZ02Areli57T3oWzsx2VM' ) LIMIT 1   [ RunTime:0.0120s ]
SQL: INSERT INTO `cmf_users` (`openid`,`user_login`,`user_pass`,`user_nicename`,`sex`,`avatar`,`avatar_thumb`,`login_type`,`last_login_ip`,`create_time`,`last_login_time`,`user_status`,`user_type`,`signature`) VALUES ('oAPK4wbXZ02Areli57T3oWzsx2VM','wx_1572186601x2VM','###73b13b8b4d767f6c3c2953f123d1a721','一生一世','1','http://thirdwx.qlogo.cn/mmopen/vi_32/tw3PnbnYYcCo3QQp5pZ6kCHleQRb2H3PAlvzh7YxkKQe8XmxZicSmeDCKTQxhhfS0drwiaoU83OBfHOJiaZwtjcAg/132','http://thirdwx.qlogo.cn/mmopen/vi_32/tw3PnbnYYcCo3QQp5pZ6kCHleQRb2H3PAlvzh7YxkKQe8XmxZicSmeDCKTQxhhfS0drwiaoU83OBfHOJiaZwtjcAg/132','wx','113.57.182.199','2019-10-27 22:30:01','2019-10-27 22:30:01','1','2','这家伙很懒，什么都没留下') [ RunTime:0.1124s ]
SQL: SELECT `id`,`user_login`,`user_nicename`,`avatar`,`avatar_thumb`,`sex`,`signature`,`consumption`,`votestotal`,`province`,`city`,`coin`,`votes`,`birthday`,`issuper` FROM `cmf_users` WHERE ( id='34182' ) LIMIT 1   [ RunTime:0.0004s ]
NOTIC: [8] Undefined variable: level_a /data/wwwroot/livenew.yunbaozb.com/wxshare/Application/Common/Common/function.php 第 221 行.
SQL: UPDATE `cmf_users` SET `token`='bf475441cab82ea96bbbfbcecff82a75',`expiretime`='1598106601' WHERE ( id='34182' ) [ RunTime:0.0410s ]
NOTIC: [8192] Function Redis::delete() is deprecated /data/wwwroot/livenew.yunbaozb.com/wxshare/Application/Home/Controller/ShareController.class.php 第 230 行.
INFO: [ app_end ] --START--
INFO: Run Behavior\ShowPageTraceBehavior [ RunTime:0.000565s ]
INFO: [ app_end ] --END-- [ RunTime:0.000601s ]

[ 2019-10-27T22:30:01+08:00 ] 113.57.182.199 /wxshare/index.php/Share/show?roomnum=21833
INFO: [ app_init ] --START--
INFO: Run Behavior\BuildLiteBehavior [ RunTime:0.000008s ]
INFO: [ app_init ] --END-- [ RunTime:0.000042s ]
INFO: [ app_begin ] --START--
INFO: Run Behavior\ReadHtmlCacheBehavior [ RunTime:0.000262s ]
INFO: [ app_begin ] --END-- [ RunTime:0.000285s ]
NOTIC: [2] Declaration of Home\Controller\ShareController::show() should be compatible with Think\Controller::show($content, $charset = '', $contentType = '', $prefix = '') /data/wwwroot/livenew.yunbaozb.com/wxshare/Application/Home/Controller/ShareController.class.php 第 904 行.
SQL: SHOW COLUMNS FROM `cmf_users_live` [ RunTime:0.0006s ]
SQL: SHOW COLUMNS FROM `cmf_users` [ RunTime:0.0006s ]
SQL: SELECT `id`,`user_nicename`,`avatar`,`avatar_thumb`,`sex`,`signature`,`consumption`,`votestotal`,`province`,`city`,`birthday`,`issuper` FROM `cmf_users` WHERE ( id='21833' ) LIMIT 1   [ RunTime:0.0003s ]
NOTIC: [8] Undefined variable: level_a /data/wwwroot/livenew.yunbaozb.com/wxshare/Application/Common/Common/function.php 第 221 行.
SQL: SHOW COLUMNS FROM `cmf_users_vip` [ RunTime:0.0127s ]
SQL: SELECT * FROM `cmf_users_vip` WHERE ( uid=21833 ) LIMIT 1   [ RunTime:0.0001s ]
SQL: SHOW COLUMNS FROM `cmf_liang` [ RunTime:0.0005s ]
SQL: SELECT * FROM `cmf_liang` WHERE ( uid=21833 and status=1 and state=1 ) LIMIT 1   [ RunTime:0.0001s ]
SQL: SELECT `uid`,`islive`,`stream`,`pull`,`isvideo`,`type`,`goodnum`,`wy_cid` FROM `cmf_users_live` WHERE ( uid='21833' and islive='1' ) LIMIT 1   [ RunTime:0.0000s ]
SQL: SELECT `id`,`user_login`,`user_nicename`,`avatar`,`avatar_thumb`,`sex`,`signature`,`consumption`,`votestotal`,`province`,`city`,`coin`,`votes`,`token`,`birthday`,`issuper` FROM `cmf_users` WHERE ( id='34182' ) LIMIT 1   [ RunTime:0.0003s ]
NOTIC: [8] Undefined variable: level_a /data/wwwroot/livenew.yunbaozb.com/wxshare/Application/Common/Common/function.php 第 221 行.
NOTIC: [8] Undefined variable: level_a /data/wwwroot/livenew.yunbaozb.com/wxshare/Application/Common/Common/function.php 第 252 行.
SQL: SELECT * FROM `cmf_users_vip` WHERE ( uid=34182 ) LIMIT 1   [ RunTime:0.0005s ]
SQL: SELECT * FROM `cmf_liang` WHERE ( uid=34182 and status=1 and state=1 ) LIMIT 1   [ RunTime:0.0003s ]
SQL: SHOW COLUMNS FROM `cmf_users_attention` [ RunTime:0.0004s ]
SQL: SELECT * FROM `cmf_users_attention` WHERE ( uid='34182' and touid='21833' ) LIMIT 1   [ RunTime:0.0003s ]
INFO: [ view_parse ] --START--
INFO: [ template_filter ] --START--
INFO: Run Behavior\ContentReplaceBehavior [ RunTime:0.000167s ]
INFO: [ template_filter ] --END-- [ RunTime:0.000216s ]
INFO: Run Behavior\ParseTemplateBehavior [ RunTime:0.020620s ]
INFO: [ view_parse ] --END-- [ RunTime:0.020682s ]
INFO: [ view_filter ] --START--
INFO: Run Behavior\WriteHtmlCacheBehavior [ RunTime:0.000137s ]
INFO: [ view_filter ] --END-- [ RunTime:0.000150s ]
INFO: [ app_end ] --START--
INFO: Run Behavior\ShowPageTraceBehavior [ RunTime:0.000327s ]
INFO: [ app_end ] --END-- [ RunTime:0.000350s ]

[ 2019-10-27T22:30:02+08:00 ] 113.57.182.199 /wxshare/index.php/Share/getGift
INFO: [ app_init ] --START--
INFO: Run Behavior\BuildLiteBehavior [ RunTime:0.000009s ]
INFO: [ app_init ] --END-- [ RunTime:0.000046s ]
INFO: [ app_begin ] --START--
INFO: Run Behavior\ReadHtmlCacheBehavior [ RunTime:0.000244s ]
INFO: [ app_begin ] --END-- [ RunTime:0.000282s ]
NOTIC: [2] Declaration of Home\Controller\ShareController::show() should be compatible with Think\Controller::show($content, $charset = '', $contentType = '', $prefix = '') /data/wwwroot/livenew.yunbaozb.com/wxshare/Application/Home/Controller/ShareController.class.php 第 904 行.
SQL: SHOW COLUMNS FROM `cmf_gift` [ RunTime:0.0799s ]
SQL: SELECT `id`,`type`,`giftname`,`needcoin`,`gifticon` FROM `cmf_gift` ORDER BY orderno asc  [ RunTime:0.0009s ]
SQL: SHOW COLUMNS FROM `cmf_options` [ RunTime:0.0007s ]
SQL: SELECT `option_value` FROM `cmf_options` WHERE ( option_name='cmf_settings' ) LIMIT 1   [ RunTime:0.0001s ]
SQL: SELECT `option_value` FROM `cmf_options` WHERE ( option_name='cmf_settings' ) LIMIT 1   [ RunTime:0.0001s ]
SQL: SELECT `option_value` FROM `cmf_options` WHERE ( option_name='cmf_settings' ) LIMIT 1   [ RunTime:0.0000s ]
SQL: SELECT `option_value` FROM `cmf_options` WHERE ( option_name='cmf_settings' ) LIMIT 1   [ RunTime:0.0000s ]
SQL: SELECT `option_value` FROM `cmf_options` WHERE ( option_name='cmf_settings' ) LIMIT 1   [ RunTime:0.0000s ]
SQL: SELECT `option_value` FROM `cmf_options` WHERE ( option_name='cmf_settings' ) LIMIT 1   [ RunTime:0.0002s ]
SQL: SELECT `option_value` FROM `cmf_options` WHERE ( option_name='cmf_settings' ) LIMIT 1   [ RunTime:0.0002s ]
SQL: SELECT `option_value` FROM `cmf_options` WHERE ( option_name='cmf_settings' ) LIMIT 1   [ RunTime:0.0000s ]
SQL: SELECT `option_value` FROM `cmf_options` WHERE ( option_name='cmf_settings' ) LIMIT 1   [ RunTime:0.0000s ]
SQL: SELECT `option_value` FROM `cmf_options` WHERE ( option_name='cmf_settings' ) LIMIT 1   [ RunTime:0.0000s ]
SQL: SELECT `option_value` FROM `cmf_options` WHERE ( option_name='cmf_settings' ) LIMIT 1   [ RunTime:0.0000s ]
SQL: SELECT `option_value` FROM `cmf_options` WHERE ( option_name='cmf_settings' ) LIMIT 1   [ RunTime:0.0000s ]
SQL: SELECT `option_value` FROM `cmf_options` WHERE ( option_name='cmf_settings' ) LIMIT 1   [ RunTime:0.0000s ]
SQL: SELECT `option_value` FROM `cmf_options` WHERE ( option_name='cmf_settings' ) LIMIT 1   [ RunTime:0.0000s ]
SQL: SELECT `option_value` FROM `cmf_options` WHERE ( option_name='cmf_settings' ) LIMIT 1   [ RunTime:0.0002s ]
SQL: SELECT `option_value` FROM `cmf_options` WHERE ( option_name='cmf_settings' ) LIMIT 1   [ RunTime:0.0001s ]
SQL: SELECT `option_value` FROM `cmf_options` WHERE ( option_name='cmf_settings' ) LIMIT 1   [ RunTime:0.0000s ]
SQL: SELECT `option_value` FROM `cmf_options` WHERE ( option_name='cmf_settings' ) LIMIT 1   [ RunTime:0.0008s ]
SQL: SELECT `option_value` FROM `cmf_options` WHERE ( option_name='cmf_settings' ) LIMIT 1   [ RunTime:0.0000s ]
SQL: SELECT `option_value` FROM `cmf_options` WHERE ( option_name='cmf_settings' ) LIMIT 1   [ RunTime:0.0000s ]
SQL: SELECT `option_value` FROM `cmf_options` WHERE ( option_name='cmf_settings' ) LIMIT 1   [ RunTime:0.0000s ]
SQL: SELECT `option_value` FROM `cmf_options` WHERE ( option_name='cmf_settings' ) LIMIT 1   [ RunTime:0.0000s ]
SQL: SELECT `option_value` FROM `cmf_options` WHERE ( option_name='cmf_settings' ) LIMIT 1   [ RunTime:0.0001s ]
SQL: SELECT `option_value` FROM `cmf_options` WHERE ( option_name='cmf_settings' ) LIMIT 1   [ RunTime:0.0000s ]
SQL: SELECT `option_value` FROM `cmf_options` WHERE ( option_name='cmf_settings' ) LIMIT 1   [ RunTime:0.0004s ]
SQL: SELECT `option_value` FROM `cmf_options` WHERE ( option_name='cmf_settings' ) LIMIT 1   [ RunTime:0.0000s ]
SQL: SELECT `option_value` FROM `cmf_options` WHERE ( option_name='cmf_settings' ) LIMIT 1   [ RunTime:0.0000s ]
SQL: SELECT `option_value` FROM `cmf_options` WHERE ( option_name='cmf_settings' ) LIMIT 1   [ RunTime:0.0000s ]
SQL: SELECT `option_value` FROM `cmf_options` WHERE ( option_name='cmf_settings' ) LIMIT 1   [ RunTime:0.0001s ]
SQL: SELECT `option_value` FROM `cmf_options` WHERE ( option_name='cmf_settings' ) LIMIT 1   [ RunTime:0.0000s ]

[ 2019-10-27T22:30:02+08:00 ] 113.57.182.199 /wxshare/index.php/Share/show?roomnum=21833
INFO: [ app_init ] --START--
INFO: Run Behavior\BuildLiteBehavior [ RunTime:0.000008s ]
INFO: [ app_init ] --END-- [ RunTime:0.000040s ]
INFO: [ app_begin ] --START--
INFO: Run Behavior\ReadHtmlCacheBehavior [ RunTime:0.000232s ]
INFO: [ app_begin ] --END-- [ RunTime:0.000253s ]
NOTIC: [2] Declaration of Home\Controller\ShareController::show() should be compatible with Think\Controller::show($content, $charset = '', $contentType = '', $prefix = '') /data/wwwroot/livenew.yunbaozb.com/wxshare/Application/Home/Controller/ShareController.class.php 第 904 行.
SQL: SHOW COLUMNS FROM `cmf_users_live` [ RunTime:0.0007s ]
SQL: SHOW COLUMNS FROM `cmf_users` [ RunTime:0.0007s ]
SQL: SELECT `id`,`user_nicename`,`avatar`,`avatar_thumb`,`sex`,`signature`,`consumption`,`votestotal`,`province`,`city`,`birthday`,`issuper` FROM `cmf_users` WHERE ( id='21833' ) LIMIT 1   [ RunTime:0.0001s ]
NOTIC: [8] Undefined variable: level_a /data/wwwroot/livenew.yunbaozb.com/wxshare/Application/Common/Common/function.php 第 221 行.
SQL: SHOW COLUMNS FROM `cmf_users_vip` [ RunTime:0.0005s ]
SQL: SELECT * FROM `cmf_users_vip` WHERE ( uid=21833 ) LIMIT 1   [ RunTime:0.0011s ]
SQL: SHOW COLUMNS FROM `cmf_liang` [ RunTime:0.0005s ]
SQL: SELECT * FROM `cmf_liang` WHERE ( uid=21833 and status=1 and state=1 ) LIMIT 1   [ RunTime:0.0001s ]
SQL: SELECT `uid`,`islive`,`stream`,`pull`,`isvideo`,`type`,`goodnum`,`wy_cid` FROM `cmf_users_live` WHERE ( uid='21833' and islive='1' ) LIMIT 1   [ RunTime:0.0001s ]
SQL: SELECT `id`,`user_login`,`user_nicename`,`avatar`,`avatar_thumb`,`sex`,`signature`,`consumption`,`votestotal`,`province`,`city`,`coin`,`votes`,`token`,`birthday`,`issuper` FROM `cmf_users` WHERE ( id='34182' ) LIMIT 1   [ RunTime:0.0001s ]
NOTIC: [8] Undefined variable: level_a /data/wwwroot/livenew.yunbaozb.com/wxshare/Application/Common/Common/function.php 第 221 行.
NOTIC: [8] Undefined variable: level_a /data/wwwroot/livenew.yunbaozb.com/wxshare/Application/Common/Common/function.php 第 252 行.
SQL: SELECT * FROM `cmf_users_vip` WHERE ( uid=34182 ) LIMIT 1   [ RunTime:0.0000s ]
SQL: SELECT * FROM `cmf_liang` WHERE ( uid=34182 and status=1 and state=1 ) LIMIT 1   [ RunTime:0.0000s ]
SQL: SHOW COLUMNS FROM `cmf_users_attention` [ RunTime:0.0008s ]
SQL: SELECT * FROM `cmf_users_attention` WHERE ( uid='34182' and touid='21833' ) LIMIT 1   [ RunTime:0.0001s ]
INFO: [ view_parse ] --START--
INFO: [ template_filter ] --START--
INFO: Run Behavior\ContentReplaceBehavior [ RunTime:0.000165s ]
INFO: [ template_filter ] --END-- [ RunTime:0.000211s ]
INFO: Run Behavior\ParseTemplateBehavior [ RunTime:0.005955s ]
INFO: [ view_parse ] --END-- [ RunTime:0.005992s ]
INFO: [ view_filter ] --START--
INFO: Run Behavior\WriteHtmlCacheBehavior [ RunTime:0.000123s ]
INFO: [ view_filter ] --END-- [ RunTime:0.000139s ]
INFO: [ app_end ] --START--
INFO: Run Behavior\ShowPageTraceBehavior [ RunTime:0.000289s ]
INFO: [ app_end ] --END-- [ RunTime:0.000306s ]

[ 2019-10-27T22:30:10+08:00 ] 113.57.182.199 /wxshare/index.php/Share/setNodeInfo?liveuid=21833
INFO: [ app_init ] --START--
INFO: Run Behavior\BuildLiteBehavior [ RunTime:0.000007s ]
INFO: [ app_init ] --END-- [ RunTime:0.000038s ]
INFO: [ app_begin ] --START--
INFO: Run Behavior\ReadHtmlCacheBehavior [ RunTime:0.000293s ]
INFO: [ app_begin ] --END-- [ RunTime:0.000315s ]
NOTIC: [2] Declaration of Home\Controller\ShareController::show() should be compatible with Think\Controller::show($content, $charset = '', $contentType = '', $prefix = '') /data/wwwroot/livenew.yunbaozb.com/wxshare/Application/Home/Controller/ShareController.class.php 第 904 行.
SQL: SHOW COLUMNS FROM `cmf_users` [ RunTime:0.0007s ]
SQL: SELECT `id`,`user_nicename`,`avatar`,`avatar_thumb`,`sex`,`signature`,`consumption`,`votestotal`,`province`,`city`,`birthday`,`issuper` FROM `cmf_users` WHERE ( id='34182' ) LIMIT 1   [ RunTime:0.0003s ]
NOTIC: [8] Undefined variable: level_a /data/wwwroot/livenew.yunbaozb.com/wxshare/Application/Common/Common/function.php 第 221 行.
NOTIC: [8] Undefined variable: level_a /data/wwwroot/livenew.yunbaozb.com/wxshare/Application/Common/Common/function.php 第 252 行.
SQL: SHOW COLUMNS FROM `cmf_users_vip` [ RunTime:0.0005s ]
SQL: SELECT * FROM `cmf_users_vip` WHERE ( uid=34182 ) LIMIT 1   [ RunTime:0.0001s ]
SQL: SHOW COLUMNS FROM `cmf_liang` [ RunTime:0.0004s ]
SQL: SELECT * FROM `cmf_liang` WHERE ( uid=34182 and status=1 and state=1 ) LIMIT 1   [ RunTime:0.0000s ]
SQL: SHOW COLUMNS FROM `cmf_users_car` [ RunTime:0.0403s ]
SQL: SELECT * FROM `cmf_users_car` WHERE ( uid=34182 and status=1 ) LIMIT 1   [ RunTime:0.0006s ]
SQL: SHOW COLUMNS FROM `cmf_users_super` [ RunTime:0.0005s ]
SQL: SELECT * FROM `cmf_users_super` WHERE ( uid='34182' ) LIMIT 1   [ RunTime:0.0002s ]
SQL: SHOW COLUMNS FROM `cmf_users_livemanager` [ RunTime:0.0003s ]
SQL: SELECT * FROM `cmf_users_livemanager` WHERE ( uid = '34182' and liveuid = '21833' ) LIMIT 1   [ RunTime:0.0002s ]
SQL: SHOW COLUMNS FROM `cmf_guard_users` [ RunTime:0.0003s ]
SQL: SELECT `type`,`endtime` FROM `cmf_guard_users` WHERE ( uid = 34182 and liveuid=21833 ) LIMIT 1   [ RunTime:0.0003s ]
INFO: [ app_end ] --START--
INFO: Run Behavior\ShowPageTraceBehavior [ RunTime:0.000418s ]
INFO: [ app_end ] --END-- [ RunTime:0.000441s ]

[ 2019-10-27T22:30:41+08:00 ] 113.57.182.199 /wxshare/index.php/Share/index
INFO: [ app_init ] --START--
INFO: Run Behavior\BuildLiteBehavior [ RunTime:0.000008s ]
INFO: [ app_init ] --END-- [ RunTime:0.000041s ]
INFO: [ app_begin ] --START--
INFO: Run Behavior\ReadHtmlCacheBehavior [ RunTime:0.000225s ]
INFO: [ app_begin ] --END-- [ RunTime:0.000242s ]
NOTIC: [2] Declaration of Home\Controller\ShareController::show() should be compatible with Think\Controller::show($content, $charset = '', $contentType = '', $prefix = '') /data/wwwroot/livenew.yunbaozb.com/wxshare/Application/Home/Controller/ShareController.class.php 第 904 行.
SQL: select uid,title,city,stream,pull,thumb from cmf_users_live  where islive= '1'  order by isrecommend desc,starttime desc limit 0,20 [ RunTime:0.0449s ]
SQL: SHOW COLUMNS FROM `cmf_users` [ RunTime:0.0006s ]
SQL: SELECT `id`,`user_nicename`,`avatar`,`avatar_thumb`,`sex`,`signature`,`consumption`,`votestotal`,`province`,`city`,`birthday`,`issuper` FROM `cmf_users` WHERE ( id='34044' ) LIMIT 1   [ RunTime:0.0003s ]
NOTIC: [8] Undefined variable: level_a /data/wwwroot/livenew.yunbaozb.com/wxshare/Application/Common/Common/function.php 第 221 行.
SQL: SHOW COLUMNS FROM `cmf_users_vip` [ RunTime:0.0003s ]
SQL: SELECT * FROM `cmf_users_vip` WHERE ( uid=34044 ) LIMIT 1   [ RunTime:0.0000s ]
SQL: SHOW COLUMNS FROM `cmf_liang` [ RunTime:0.0003s ]
SQL: SELECT * FROM `cmf_liang` WHERE ( uid=34044 and status=1 and state=1 ) LIMIT 1   [ RunTime:0.0001s ]
SQL: SELECT `id`,`user_nicename`,`avatar`,`avatar_thumb`,`sex`,`signature`,`consumption`,`votestotal`,`province`,`city`,`birthday`,`issuper` FROM `cmf_users` WHERE ( id='34043' ) LIMIT 1   [ RunTime:0.0002s ]
NOTIC: [8] Undefined variable: level_a /data/wwwroot/livenew.yunbaozb.com/wxshare/Application/Common/Common/function.php 第 221 行.
SQL: SELECT * FROM `cmf_users_vip` WHERE ( uid=34043 ) LIMIT 1   [ RunTime:0.0000s ]
SQL: SELECT * FROM `cmf_liang` WHERE ( uid=34043 and status=1 and state=1 ) LIMIT 1   [ RunTime:0.0000s ]
SQL: SELECT `id`,`user_nicename`,`avatar`,`avatar_thumb`,`sex`,`signature`,`consumption`,`votestotal`,`province`,`city`,`birthday`,`issuper` FROM `cmf_users` WHERE ( id='21788' ) LIMIT 1   [ RunTime:0.0003s ]
NOTIC: [8] Undefined variable: level_a /data/wwwroot/livenew.yunbaozb.com/wxshare/Application/Common/Common/function.php 第 221 行.
SQL: SELECT * FROM `cmf_users_vip` WHERE ( uid=21788 ) LIMIT 1   [ RunTime:0.0000s ]
SQL: SELECT * FROM `cmf_liang` WHERE ( uid=21788 and status=1 and state=1 ) LIMIT 1   [ RunTime:0.0000s ]
SQL: SELECT `id`,`user_nicename`,`avatar`,`avatar_thumb`,`sex`,`signature`,`consumption`,`votestotal`,`province`,`city`,`birthday`,`issuper` FROM `cmf_users` WHERE ( id='21797' ) LIMIT 1   [ RunTime:0.0002s ]
NOTIC: [8] Undefined variable: level_a /data/wwwroot/livenew.yunbaozb.com/wxshare/Application/Common/Common/function.php 第 221 行.
SQL: SELECT * FROM `cmf_users_vip` WHERE ( uid=21797 ) LIMIT 1   [ RunTime:0.0176s ]
SQL: SELECT * FROM `cmf_liang` WHERE ( uid=21797 and status=1 and state=1 ) LIMIT 1   [ RunTime:0.0000s ]
SQL: SELECT `id`,`user_nicename`,`avatar`,`avatar_thumb`,`sex`,`signature`,`consumption`,`votestotal`,`province`,`city`,`birthday`,`issuper` FROM `cmf_users` WHERE ( id='33113' ) LIMIT 1   [ RunTime:0.0003s ]
SQL: SELECT * FROM `cmf_users_vip` WHERE ( uid=33113 ) LIMIT 1   [ RunTime:0.0000s ]
SQL: SELECT * FROM `cmf_liang` WHERE ( uid=33113 and status=1 and state=1 ) LIMIT 1   [ RunTime:0.0000s ]
SQL: SELECT `id`,`user_nicename`,`avatar`,`avatar_thumb`,`sex`,`signature`,`consumption`,`votestotal`,`province`,`city`,`birthday`,`issuper` FROM `cmf_users` WHERE ( id='21770' ) LIMIT 1   [ RunTime:0.0003s ]
SQL: SELECT * FROM `cmf_liang` WHERE ( uid=21770 and status=1 and state=1 ) LIMIT 1   [ RunTime:0.0000s ]
SQL: SELECT `id`,`user_nicename`,`avatar`,`avatar_thumb`,`sex`,`signature`,`consumption`,`votestotal`,`province`,`city`,`birthday`,`issuper` FROM `cmf_users` WHERE ( id='21789' ) LIMIT 1   [ RunTime:0.0003s ]
NOTIC: [8] Undefined variable: level_a /data/wwwroot/livenew.yunbaozb.com/wxshare/Application/Common/Common/function.php 第 221 行.
SQL: SELECT * FROM `cmf_users_vip` WHERE ( uid=21789 ) LIMIT 1   [ RunTime:0.0000s ]
SQL: SELECT * FROM `cmf_liang` WHERE ( uid=21789 and status=1 and state=1 ) LIMIT 1   [ RunTime:0.0000s ]
SQL: SELECT `id`,`user_nicename`,`avatar`,`avatar_thumb`,`sex`,`signature`,`consumption`,`votestotal`,`province`,`city`,`birthday`,`issuper` FROM `cmf_users` WHERE ( id='21777' ) LIMIT 1   [ RunTime:0.0002s ]
NOTIC: [8] Undefined variable: level_a /data/wwwroot/livenew.yunbaozb.com/wxshare/Application/Common/Common/function.php 第 221 行.
SQL: SELECT * FROM `cmf_users_vip` WHERE ( uid=21777 ) LIMIT 1   [ RunTime:0.0000s ]
SQL: SELECT * FROM `cmf_liang` WHERE ( uid=21777 and status=1 and state=1 ) LIMIT 1   [ RunTime:0.0000s ]
SQL: SELECT `id`,`user_nicename`,`avatar`,`avatar_thumb`,`sex`,`signature`,`consumption`,`votestotal`,`province`,`city`,`birthday`,`issuper` FROM `cmf_users` WHERE ( id='21776' ) LIMIT 1   [ RunTime:0.0002s ]
NOTIC: [8] Undefined variable: level_a /data/wwwroot/livenew.yunbaozb.com/wxshare/Application/Common/Common/function.php 第 221 行.
SQL: SELECT * FROM `cmf_users_vip` WHERE ( uid=21776 ) LIMIT 1   [ RunTime:0.0000s ]
SQL: SELECT * FROM `cmf_liang` WHERE ( uid=21776 and status=1 and state=1 ) LIMIT 1   [ RunTime:0.0000s ]
SQL: SELECT `id`,`user_nicename`,`avatar`,`avatar_thumb`,`sex`,`signature`,`consumption`,`votestotal`,`province`,`city`,`birthday`,`issuper` FROM `cmf_users` WHERE ( id='21834' ) LIMIT 1   [ RunTime:0.0002s ]
NOTIC: [8] Undefined variable: level_a /data/wwwroot/livenew.yunbaozb.com/wxshare/Application/Common/Common/function.php 第 221 行.
SQL: SELECT * FROM `cmf_users_vip` WHERE ( uid=21834 ) LIMIT 1   [ RunTime:0.0001s ]
SQL: SELECT * FROM `cmf_liang` WHERE ( uid=21834 and status=1 and state=1 ) LIMIT 1   [ RunTime:0.0000s ]
SQL: SELECT `id`,`user_nicename`,`avatar`,`avatar_thumb`,`sex`,`signature`,`consumption`,`votestotal`,`province`,`city`,`birthday`,`issuper` FROM `cmf_users` WHERE ( id='21790' ) LIMIT 1   [ RunTime:0.0004s ]
NOTIC: [8] Undefined variable: level_a /data/wwwroot/livenew.yunbaozb.com/wxshare/Application/Common/Common/function.php 第 221 行.
SQL: SELECT * FROM `cmf_users_vip` WHERE ( uid=21790 ) LIMIT 1   [ RunTime:0.0000s ]
SQL: SELECT * FROM `cmf_liang` WHERE ( uid=21790 and status=1 and state=1 ) LIMIT 1   [ RunTime:0.0000s ]
SQL: SELECT `id`,`user_nicename`,`avatar`,`avatar_thumb`,`sex`,`signature`,`consumption`,`votestotal`,`province`,`city`,`birthday`,`issuper` FROM `cmf_users` WHERE ( id='21782' ) LIMIT 1   [ RunTime:0.0002s ]
SQL: SELECT * FROM `cmf_users_vip` WHERE ( uid=21782 ) LIMIT 1   [ RunTime:0.0000s ]
SQL: SELECT * FROM `cmf_liang` WHERE ( uid=21782 and status=1 and state=1 ) LIMIT 1   [ RunTime:0.0001s ]
SQL: SELECT `id`,`user_nicename`,`avatar`,`avatar_thumb`,`sex`,`signature`,`consumption`,`votestotal`,`province`,`city`,`birthday`,`issuper` FROM `cmf_users` WHERE ( id='21833' ) LIMIT 1   [ RunTime:0.0000s ]
NOTIC: [8] Undefined variable: level_a /data/wwwroot/livenew.yunbaozb.com/wxshare/Application/Common/Common/function.php 第 221 行.
SQL: SELECT * FROM `cmf_users_vip` WHERE ( uid=21833 ) LIMIT 1   [ RunTime:0.0001s ]
SQL: SELECT * FROM `cmf_liang` WHERE ( uid=21833 and status=1 and state=1 ) LIMIT 1   [ RunTime:0.0000s ]
SQL: SELECT `id`,`user_nicename`,`avatar`,`avatar_thumb`,`sex`,`signature`,`consumption`,`votestotal`,`province`,`city`,`birthday`,`issuper` FROM `cmf_users` WHERE ( id='21778' ) LIMIT 1   [ RunTime:0.0002s ]
NOTIC: [8] Undefined variable: level_a /data/wwwroot/livenew.yunbaozb.com/wxshare/Application/Common/Common/function.php 第 221 行.
SQL: SELECT * FROM `cmf_users_vip` WHERE ( uid=21778 ) LIMIT 1   [ RunTime:0.0001s ]
SQL: SELECT * FROM `cmf_liang` WHERE ( uid=21778 and status=1 and state=1 ) LIMIT 1   [ RunTime:0.0000s ]
INFO: [ view_parse ] --START--
INFO: [ template_filter ] --START--
INFO: Run Behavior\ContentReplaceBehavior [ RunTime:0.000042s ]
INFO: [ template_filter ] --END-- [ RunTime:0.000075s ]
INFO: Run Behavior\ParseTemplateBehavior [ RunTime:0.066217s ]
INFO: [ view_parse ] --END-- [ RunTime:0.066288s ]
INFO: [ view_filter ] --START--
INFO: Run Behavior\WriteHtmlCacheBehavior [ RunTime:0.000140s ]
INFO: [ view_filter ] --END-- [ RunTime:0.000157s ]
INFO: [ app_end ] --START--
INFO: Run Behavior\ShowPageTraceBehavior [ RunTime:0.000335s ]
INFO: [ app_end ] --END-- [ RunTime:0.000353s ]

[ 2019-10-27T22:30:53+08:00 ] 113.57.182.199 /wxshare/index.php/Share/wxLogin?roomnum=21833
INFO: [ app_init ] --START--
INFO: Run Behavior\BuildLiteBehavior [ RunTime:0.000007s ]
INFO: [ app_init ] --END-- [ RunTime:0.000041s ]
INFO: [ app_begin ] --START--
INFO: Run Behavior\ReadHtmlCacheBehavior [ RunTime:0.000207s ]
INFO: [ app_begin ] --END-- [ RunTime:0.000223s ]
NOTIC: [2] Declaration of Home\Controller\ShareController::show() should be compatible with Think\Controller::show($content, $charset = '', $contentType = '', $prefix = '') /data/wwwroot/livenew.yunbaozb.com/wxshare/Application/Home/Controller/ShareController.class.php 第 904 行.
NOTIC: [8] A session had already been started - ignoring session_start() /data/wwwroot/livenew.yunbaozb.com/wxshare/Application/Home/Controller/ShareController.class.php 第 133 行.
INFO: [ app_end ] --START--
INFO: Run Behavior\ShowPageTraceBehavior [ RunTime:0.000290s ]
INFO: [ app_end ] --END-- [ RunTime:0.000313s ]

[ 2019-10-27T22:30:54+08:00 ] 101.227.139.172 /wxshare/index.php/Share/wxLogin?roomnum=21833
INFO: [ app_init ] --START--
INFO: Run Behavior\BuildLiteBehavior [ RunTime:0.000096s ]
INFO: [ app_init ] --END-- [ RunTime:0.000128s ]
INFO: [ app_begin ] --START--
INFO: Run Behavior\ReadHtmlCacheBehavior [ RunTime:0.000258s ]
INFO: [ app_begin ] --END-- [ RunTime:0.000276s ]
NOTIC: [2] Declaration of Home\Controller\ShareController::show() should be compatible with Think\Controller::show($content, $charset = '', $contentType = '', $prefix = '') /data/wwwroot/livenew.yunbaozb.com/wxshare/Application/Home/Controller/ShareController.class.php 第 904 行.
NOTIC: [8] A session had already been started - ignoring session_start() /data/wwwroot/livenew.yunbaozb.com/wxshare/Application/Home/Controller/ShareController.class.php 第 133 行.
INFO: [ app_end ] --START--
INFO: Run Behavior\ShowPageTraceBehavior [ RunTime:0.000338s ]
INFO: [ app_end ] --END-- [ RunTime:0.000392s ]

[ 2019-10-27T22:48:45+08:00 ] 219.139.22.240 /wxshare/index.php/Share/show?roomnum=
INFO: [ app_init ] --START--
INFO: Run Behavior\BuildLiteBehavior [ RunTime:0.000009s ]
INFO: [ app_init ] --END-- [ RunTime:0.000047s ]
INFO: [ app_begin ] --START--
INFO: Run Behavior\ReadHtmlCacheBehavior [ RunTime:0.000875s ]
INFO: [ app_begin ] --END-- [ RunTime:0.000922s ]
NOTIC: [2] Declaration of Home\Controller\ShareController::show() should be compatible with Think\Controller::show($content, $charset = '', $contentType = '', $prefix = '') /data/wwwroot/livenew.yunbaozb.com/wxshare/Application/Home/Controller/ShareController.class.php 第 904 行.
SQL: SHOW COLUMNS FROM `cmf_users_live` [ RunTime:0.0005s ]
SQL: SHOW COLUMNS FROM `cmf_users` [ RunTime:0.0005s ]
SQL: SELECT `id`,`user_nicename`,`avatar`,`avatar_thumb`,`sex`,`signature`,`consumption`,`votestotal`,`province`,`city`,`birthday`,`issuper` FROM `cmf_users` WHERE ( id='0' ) LIMIT 1   [ RunTime:0.0023s ]
SQL: SELECT `uid`,`islive`,`stream`,`pull`,`isvideo`,`type`,`goodnum`,`wy_cid` FROM `cmf_users_live` WHERE ( uid='0' and islive='1' ) LIMIT 1   [ RunTime:0.0003s ]
SQL: SHOW COLUMNS FROM `cmf_liang` [ RunTime:0.0004s ]
SQL: SELECT * FROM `cmf_liang` WHERE ( uid=0 and status=1 and state=1 ) LIMIT 1   [ RunTime:0.0003s ]
NOTIC: [8] Undefined index: uid /data/wwwroot/livenew.yunbaozb.com/wxshare/Application/Home/Controller/ShareController.class.php 第 60 行.
NOTIC: [8] Undefined index: isvideo /data/wwwroot/livenew.yunbaozb.com/wxshare/Application/Home/Controller/ShareController.class.php 第 63 行.
NOTIC: [8] Undefined index: type /data/wwwroot/livenew.yunbaozb.com/wxshare/Application/Home/Controller/ShareController.class.php 第 77 行.
INFO: [ view_parse ] --START--
INFO: [ template_filter ] --START--
INFO: Run Behavior\ContentReplaceBehavior [ RunTime:0.000030s ]
INFO: [ template_filter ] --END-- [ RunTime:0.000078s ]
INFO: Run Behavior\ParseTemplateBehavior [ RunTime:0.013771s ]
INFO: [ view_parse ] --END-- [ RunTime:0.013789s ]
INFO: [ view_filter ] --START--
INFO: Run Behavior\WriteHtmlCacheBehavior [ RunTime:0.004940s ]
INFO: [ view_filter ] --END-- [ RunTime:0.004954s ]

